2019-04-30 04:10:37,771 INFO o.a.j.u.JMeterUtils: Setting Locale to en_US
2019-04-30 04:10:37,788 INFO o.a.j.JMeter: Loading user properties from: /mnt/data/benchmark/apache-jmeter-4.0/bin/user.properties
2019-04-30 04:10:37,788 INFO o.a.j.JMeter: Loading system properties from: /mnt/data/benchmark/apache-jmeter-4.0/bin/system.properties
2019-04-30 04:10:37,795 INFO o.a.j.JMeter: Copyright (c) 1998-2018 The Apache Software Foundation
2019-04-30 04:10:37,795 INFO o.a.j.JMeter: Version 4.0 r1823414
2019-04-30 04:10:37,795 INFO o.a.j.JMeter: java.version=1.8.0_191
2019-04-30 04:10:37,795 INFO o.a.j.JMeter: java.vm.name=OpenJDK 64-Bit Server VM
2019-04-30 04:10:37,795 INFO o.a.j.JMeter: os.name=Linux
2019-04-30 04:10:37,796 INFO o.a.j.JMeter: os.arch=amd64
2019-04-30 04:10:37,796 INFO o.a.j.JMeter: os.version=4.15.0-1041-azure
2019-04-30 04:10:37,796 INFO o.a.j.JMeter: file.encoding=UTF-8
2019-04-30 04:10:37,796 INFO o.a.j.JMeter: Max memory     =1860698112
2019-04-30 04:10:37,796 INFO o.a.j.JMeter: Available Processors =2
2019-04-30 04:10:37,802 INFO o.a.j.JMeter: Default Locale=English (United States)
2019-04-30 04:10:37,802 INFO o.a.j.JMeter: JMeter  Locale=English (United States)
2019-04-30 04:10:37,802 INFO o.a.j.JMeter: JMeterHome=/mnt/data/benchmark/apache-jmeter-4.0
2019-04-30 04:10:37,802 INFO o.a.j.JMeter: user.dir  =/home/vinaya/sunbird-perf-tests/sunbird-platform
2019-04-30 04:10:37,802 INFO o.a.j.JMeter: PWD       =/home/vinaya/sunbird-perf-tests/sunbird-platform
2019-04-30 04:10:37,952 INFO o.a.j.JMeter: IP: 28.0.0.23 Name: jmeter-lms-1 FullName: 28.0.0.23
2019-04-30 04:10:37,956 INFO o.a.j.s.FileServer: Default base='/home/vinaya/sunbird-perf-tests/sunbird-platform'
2019-04-30 04:10:37,961 INFO o.a.j.s.FileServer: Set new base='/home/vinaya/current_scenario'
2019-04-30 04:10:38,123 INFO o.a.j.s.SaveService: Testplan (JMX) version: 2.2. Testlog (JTL) version: 2.2
2019-04-30 04:10:38,140 INFO o.a.j.s.SaveService: Using SaveService properties file encoding UTF-8
2019-04-30 04:10:38,145 INFO o.a.j.s.SaveService: Using SaveService properties version 4.0
2019-04-30 04:10:38,152 INFO o.a.j.s.SaveService: Loading file: /home/vinaya/current_scenario/page-assemble.jmx
2019-04-30 04:10:38,213 INFO o.a.j.p.h.s.HTTPSamplerBase: Parser for text/html is org.apache.jmeter.protocol.http.parser.LagartoBasedHtmlParser
2019-04-30 04:10:38,213 INFO o.a.j.p.h.s.HTTPSamplerBase: Parser for application/xhtml+xml is org.apache.jmeter.protocol.http.parser.LagartoBasedHtmlParser
2019-04-30 04:10:38,213 INFO o.a.j.p.h.s.HTTPSamplerBase: Parser for application/xml is org.apache.jmeter.protocol.http.parser.LagartoBasedHtmlParser
2019-04-30 04:10:38,214 INFO o.a.j.p.h.s.HTTPSamplerBase: Parser for text/xml is org.apache.jmeter.protocol.http.parser.LagartoBasedHtmlParser
2019-04-30 04:10:38,214 INFO o.a.j.p.h.s.HTTPSamplerBase: Parser for text/vnd.wap.wml is org.apache.jmeter.protocol.http.parser.RegexpHTMLParser
2019-04-30 04:10:38,214 INFO o.a.j.p.h.s.HTTPSamplerBase: Parser for text/css is org.apache.jmeter.protocol.http.parser.CssParser
2019-04-30 04:10:38,246 INFO o.a.j.JMeter: Creating summariser <summary>
2019-04-30 04:10:38,249 INFO o.a.j.e.DistributedRunner: Configuring remote engine: 28.0.0.24
2019-04-30 04:10:38,250 INFO o.a.j.r.RmiUtils: Disabling SSL for RMI as server.rmi.ssl.disable is set to 'true'
2019-04-30 04:10:38,340 INFO o.a.j.e.DistributedRunner: Configuring remote engine: 28.0.0.25
2019-04-30 04:10:38,341 INFO o.a.j.r.RmiUtils: Disabling SSL for RMI as server.rmi.ssl.disable is set to 'true'
2019-04-30 04:10:38,353 INFO o.a.j.e.DistributedRunner: Configuring remote engine: 28.0.0.27
2019-04-30 04:10:38,353 INFO o.a.j.r.RmiUtils: Disabling SSL for RMI as server.rmi.ssl.disable is set to 'true'
2019-04-30 04:10:38,404 INFO o.a.j.e.DistributedRunner: Configuring remote engine: 28.0.0.29
2019-04-30 04:10:38,404 INFO o.a.j.r.RmiUtils: Disabling SSL for RMI as server.rmi.ssl.disable is set to 'true'
2019-04-30 04:10:38,442 INFO o.a.j.e.DistributedRunner: Starting remote engines
2019-04-30 04:10:38,443 INFO o.a.j.e.DistributedRunner: Starting the test @ Tue Apr 30 04:10:38 UTC 2019 (1556597438442)
2019-04-30 04:10:38,444 INFO o.a.j.e.ClientJMeterEngine: running clientengine run method
2019-04-30 04:10:38,447 INFO o.a.j.e.u.CompoundVariable: Note: Function class names must contain the string: '.functions.'
2019-04-30 04:10:38,448 INFO o.a.j.e.u.CompoundVariable: Note: Function class names must not contain the string: '.gui.'
2019-04-30 04:10:38,856 INFO o.a.j.r.RmiUtils: Disabling SSL for RMI as server.rmi.ssl.disable is set to 'true'
2019-04-30 04:10:38,856 INFO o.a.j.r.RmiUtils: Disabling SSL for RMI as server.rmi.ssl.disable is set to 'true'
2019-04-30 04:10:38,859 INFO o.a.j.s.SampleEvent: List of sample_variables: []
2019-04-30 04:10:38,868 INFO o.a.j.s.BatchSampleSender: Using batching (client settings) for this run. Thresholds: num=100, time=60000
2019-04-30 04:10:38,869 INFO o.a.j.s.DataStrippingSampleSender: Using DataStrippingSampleSender for this run
2019-04-30 04:10:38,869 INFO o.a.j.r.RmiUtils: Disabling SSL for RMI as server.rmi.ssl.disable is set to 'true'
2019-04-30 04:10:38,869 INFO o.a.j.r.RmiUtils: Disabling SSL for RMI as server.rmi.ssl.disable is set to 'true'
2019-04-30 04:10:38,869 INFO o.a.j.s.BatchSampleSender: Using batching (client settings) for this run. Thresholds: num=100, time=60000
2019-04-30 04:10:38,869 INFO o.a.j.s.DataStrippingSampleSender: Using DataStrippingSampleSender for this run
2019-04-30 04:10:38,870 INFO o.a.j.r.RmiUtils: Disabling SSL for RMI as server.rmi.ssl.disable is set to 'true'
2019-04-30 04:10:38,870 INFO o.a.j.r.RmiUtils: Disabling SSL for RMI as server.rmi.ssl.disable is set to 'true'
2019-04-30 04:10:39,220 INFO o.a.j.r.RmiUtils: Disabling SSL for RMI as server.rmi.ssl.disable is set to 'true'
2019-04-30 04:10:39,220 INFO o.a.j.r.RmiUtils: Disabling SSL for RMI as server.rmi.ssl.disable is set to 'true'
2019-04-30 04:10:39,294 INFO o.a.j.e.ClientJMeterEngine: sent test to 28.0.0.25 basedir='.'
2019-04-30 04:10:39,295 INFO o.a.j.e.ClientJMeterEngine: Sending properties {}
2019-04-30 04:10:39,299 INFO o.a.j.e.ClientJMeterEngine: sent run command to 28.0.0.25
2019-04-30 04:10:39,299 INFO o.a.j.e.ClientJMeterEngine: running clientengine run method
2019-04-30 04:10:39,300 INFO o.a.j.r.RmiUtils: Disabling SSL for RMI as server.rmi.ssl.disable is set to 'true'
2019-04-30 04:10:39,300 INFO o.a.j.r.RmiUtils: Disabling SSL for RMI as server.rmi.ssl.disable is set to 'true'
2019-04-30 04:10:39,300 INFO o.a.j.s.BatchSampleSender: Using batching (client settings) for this run. Thresholds: num=100, time=60000
2019-04-30 04:10:39,300 INFO o.a.j.s.DataStrippingSampleSender: Using DataStrippingSampleSender for this run
2019-04-30 04:10:39,300 INFO o.a.j.r.RmiUtils: Disabling SSL for RMI as server.rmi.ssl.disable is set to 'true'
2019-04-30 04:10:39,300 INFO o.a.j.r.RmiUtils: Disabling SSL for RMI as server.rmi.ssl.disable is set to 'true'
2019-04-30 04:10:39,301 INFO o.a.j.s.BatchSampleSender: Using batching (client settings) for this run. Thresholds: num=100, time=60000
2019-04-30 04:10:39,301 INFO o.a.j.s.DataStrippingSampleSender: Using DataStrippingSampleSender for this run
2019-04-30 04:10:39,301 INFO o.a.j.r.RmiUtils: Disabling SSL for RMI as server.rmi.ssl.disable is set to 'true'
2019-04-30 04:10:39,301 INFO o.a.j.r.RmiUtils: Disabling SSL for RMI as server.rmi.ssl.disable is set to 'true'
2019-04-30 04:10:39,312 INFO o.a.j.JMeter: Started remote host:  28.0.0.25 (1556597439312)
2019-04-30 04:10:39,320 INFO o.a.j.r.RmiUtils: Disabling SSL for RMI as server.rmi.ssl.disable is set to 'true'
2019-04-30 04:10:39,320 INFO o.a.j.r.RmiUtils: Disabling SSL for RMI as server.rmi.ssl.disable is set to 'true'
2019-04-30 04:10:39,351 INFO o.a.j.e.ClientJMeterEngine: sent test to 28.0.0.24 basedir='.'
2019-04-30 04:10:39,352 INFO o.a.j.e.ClientJMeterEngine: Sending properties {}
2019-04-30 04:10:39,353 INFO o.a.j.e.ClientJMeterEngine: sent run command to 28.0.0.24
2019-04-30 04:10:39,353 INFO o.a.j.e.ClientJMeterEngine: running clientengine run method
2019-04-30 04:10:39,354 INFO o.a.j.r.RmiUtils: Disabling SSL for RMI as server.rmi.ssl.disable is set to 'true'
2019-04-30 04:10:39,354 INFO o.a.j.r.RmiUtils: Disabling SSL for RMI as server.rmi.ssl.disable is set to 'true'
2019-04-30 04:10:39,354 INFO o.a.j.s.BatchSampleSender: Using batching (client settings) for this run. Thresholds: num=100, time=60000
2019-04-30 04:10:39,354 INFO o.a.j.s.DataStrippingSampleSender: Using DataStrippingSampleSender for this run
2019-04-30 04:10:39,354 INFO o.a.j.r.RmiUtils: Disabling SSL for RMI as server.rmi.ssl.disable is set to 'true'
2019-04-30 04:10:39,354 INFO o.a.j.r.RmiUtils: Disabling SSL for RMI as server.rmi.ssl.disable is set to 'true'
2019-04-30 04:10:39,355 INFO o.a.j.s.BatchSampleSender: Using batching (client settings) for this run. Thresholds: num=100, time=60000
2019-04-30 04:10:39,355 INFO o.a.j.s.DataStrippingSampleSender: Using DataStrippingSampleSender for this run
2019-04-30 04:10:39,355 INFO o.a.j.r.RmiUtils: Disabling SSL for RMI as server.rmi.ssl.disable is set to 'true'
2019-04-30 04:10:39,355 INFO o.a.j.r.RmiUtils: Disabling SSL for RMI as server.rmi.ssl.disable is set to 'true'
2019-04-30 04:10:39,369 INFO o.a.j.r.RmiUtils: Disabling SSL for RMI as server.rmi.ssl.disable is set to 'true'
2019-04-30 04:10:39,369 INFO o.a.j.r.RmiUtils: Disabling SSL for RMI as server.rmi.ssl.disable is set to 'true'
2019-04-30 04:10:39,369 INFO o.a.j.JMeter: Started remote host:  28.0.0.24 (1556597439369)
2019-04-30 04:10:39,542 INFO o.a.j.e.ClientJMeterEngine: sent test to 28.0.0.27 basedir='.'
2019-04-30 04:10:39,543 INFO o.a.j.e.ClientJMeterEngine: Sending properties {}
2019-04-30 04:10:39,550 INFO o.a.j.e.ClientJMeterEngine: sent run command to 28.0.0.27
2019-04-30 04:10:39,550 INFO o.a.j.e.ClientJMeterEngine: running clientengine run method
2019-04-30 04:10:39,551 INFO o.a.j.r.RmiUtils: Disabling SSL for RMI as server.rmi.ssl.disable is set to 'true'
2019-04-30 04:10:39,551 INFO o.a.j.r.RmiUtils: Disabling SSL for RMI as server.rmi.ssl.disable is set to 'true'
2019-04-30 04:10:39,551 INFO o.a.j.s.BatchSampleSender: Using batching (client settings) for this run. Thresholds: num=100, time=60000
2019-04-30 04:10:39,551 INFO o.a.j.s.DataStrippingSampleSender: Using DataStrippingSampleSender for this run
2019-04-30 04:10:39,551 INFO o.a.j.r.RmiUtils: Disabling SSL for RMI as server.rmi.ssl.disable is set to 'true'
2019-04-30 04:10:39,551 INFO o.a.j.r.RmiUtils: Disabling SSL for RMI as server.rmi.ssl.disable is set to 'true'
2019-04-30 04:10:39,552 INFO o.a.j.s.BatchSampleSender: Using batching (client settings) for this run. Thresholds: num=100, time=60000
2019-04-30 04:10:39,552 INFO o.a.j.s.DataStrippingSampleSender: Using DataStrippingSampleSender for this run
2019-04-30 04:10:39,552 INFO o.a.j.r.RmiUtils: Disabling SSL for RMI as server.rmi.ssl.disable is set to 'true'
2019-04-30 04:10:39,552 INFO o.a.j.r.RmiUtils: Disabling SSL for RMI as server.rmi.ssl.disable is set to 'true'
2019-04-30 04:10:39,567 INFO o.a.j.r.RmiUtils: Disabling SSL for RMI as server.rmi.ssl.disable is set to 'true'
2019-04-30 04:10:39,567 INFO o.a.j.r.RmiUtils: Disabling SSL for RMI as server.rmi.ssl.disable is set to 'true'
2019-04-30 04:10:39,753 INFO o.a.j.e.ClientJMeterEngine: sent test to 28.0.0.29 basedir='.'
2019-04-30 04:10:39,753 INFO o.a.j.e.ClientJMeterEngine: Sending properties {}
2019-04-30 04:10:39,761 INFO o.a.j.e.ClientJMeterEngine: sent run command to 28.0.0.29
2019-04-30 04:10:39,762 INFO o.a.j.e.DistributedRunner: Remote engines have been started
2019-04-30 04:10:40,021 INFO o.a.j.JMeter: Started remote host:  28.0.0.27 (1556597440020)
2019-04-30 04:10:40,211 INFO o.a.j.JMeter: Started remote host:  28.0.0.29 (1556597440211)
2019-04-30 04:10:40,227 INFO o.a.j.s.SampleResult: Note: Sample TimeStamps are START times
2019-04-30 04:10:40,227 INFO o.a.j.s.SampleResult: sampleresult.default.encoding is set to ISO-8859-1
2019-04-30 04:10:40,227 INFO o.a.j.s.SampleResult: sampleresult.useNanoTime=true
2019-04-30 04:10:40,227 INFO o.a.j.s.SampleResult: sampleresult.nanoThreadSleep=5000
2019-04-30 04:11:04,254 INFO o.a.j.r.Summariser: summary +    405 in 00:00:25 =   16.2/s Avg:  2937 Min:   125 Max: 10305 Err:    24 (5.93%) Active: 100 Started: 62 Finished: 0
2019-04-30 04:11:31,761 INFO o.a.j.r.Summariser: summary +   1100 in 00:00:28 =   40.0/s Avg:  2658 Min:   122 Max: 10843 Err:   201 (18.27%) Active: 100 Started: 62 Finished: 0
2019-04-30 04:11:31,765 INFO o.a.j.r.Summariser: summary =   1505 in 00:00:52 =   28.7/s Avg:  2733 Min:   122 Max: 10843 Err:   225 (14.95%)
2019-04-30 04:12:01,809 INFO o.a.j.r.Summariser: summary +   1100 in 00:00:30 =   36.6/s Avg:  2857 Min:   100 Max: 10776 Err:   127 (11.55%) Active: 100 Started: 62 Finished: 0
2019-04-30 04:12:01,809 INFO o.a.j.r.Summariser: summary =   2605 in 00:01:22 =   31.6/s Avg:  2785 Min:   100 Max: 10843 Err:   352 (13.51%)
2019-04-30 04:12:33,114 INFO o.a.j.r.Summariser: summary +   1200 in 00:00:31 =   38.3/s Avg:  2582 Min:   101 Max: 10342 Err:    15 (1.25%) Active: 100 Started: 62 Finished: 0
2019-04-30 04:12:33,114 INFO o.a.j.r.Summariser: summary =   3805 in 00:01:54 =   33.4/s Avg:  2721 Min:   100 Max: 10843 Err:   367 (9.65%)
2019-04-30 04:13:04,422 INFO o.a.j.r.Summariser: summary +    900 in 00:00:31 =   28.7/s Avg:  3154 Min:   103 Max: 10473 Err:    15 (1.67%) Active: 100 Started: 62 Finished: 0
2019-04-30 04:13:04,423 INFO o.a.j.r.Summariser: summary =   4705 in 00:02:25 =   32.4/s Avg:  2804 Min:   100 Max: 10843 Err:   382 (8.12%)
2019-04-30 04:13:30,189 INFO o.a.j.r.Summariser: summary +    900 in 00:00:26 =   34.9/s Avg:  2992 Min:    87 Max: 10433 Err:    18 (2.00%) Active: 100 Started: 62 Finished: 0
2019-04-30 04:13:30,189 INFO o.a.j.r.Summariser: summary =   5605 in 00:02:51 =   32.8/s Avg:  2834 Min:    87 Max: 10843 Err:   400 (7.14%)
2019-04-30 04:14:04,135 INFO o.a.j.r.Summariser: summary +   1100 in 00:00:34 =   32.4/s Avg:  3182 Min:   109 Max: 10249 Err:    35 (3.18%) Active: 100 Started: 62 Finished: 0
2019-04-30 04:14:04,135 INFO o.a.j.r.Summariser: summary =   6705 in 00:03:25 =   32.7/s Avg:  2891 Min:    87 Max: 10843 Err:   435 (6.49%)
2019-04-30 04:14:31,952 INFO o.a.j.r.Summariser: summary +    900 in 00:00:28 =   32.4/s Avg:  3035 Min:    93 Max: 10341 Err:     7 (0.78%) Active: 100 Started: 62 Finished: 0
2019-04-30 04:14:31,953 INFO o.a.j.r.Summariser: summary =   7605 in 00:03:53 =   32.7/s Avg:  2908 Min:    87 Max: 10843 Err:   442 (5.81%)
2019-04-30 04:15:03,040 INFO o.a.j.r.Summariser: summary +   1100 in 00:00:31 =   35.4/s Avg:  2916 Min:    82 Max: 10664 Err:    10 (0.91%) Active: 100 Started: 62 Finished: 0
2019-04-30 04:15:03,040 INFO o.a.j.r.Summariser: summary =   8705 in 00:04:24 =   33.0/s Avg:  2909 Min:    82 Max: 10843 Err:   452 (5.19%)
2019-04-30 04:15:32,301 INFO o.a.j.r.Summariser: summary +   1000 in 00:00:29 =   34.2/s Avg:  2913 Min:    97 Max: 10113 Err:     5 (0.50%) Active: 100 Started: 62 Finished: 0
2019-04-30 04:15:32,301 INFO o.a.j.r.Summariser: summary =   9705 in 00:04:53 =   33.1/s Avg:  2910 Min:    82 Max: 10843 Err:   457 (4.71%)
2019-04-30 04:16:02,456 INFO o.a.j.r.Summariser: summary +   1000 in 00:00:30 =   33.2/s Avg:  2952 Min:    93 Max: 10233 Err:     6 (0.60%) Active: 100 Started: 62 Finished: 0
2019-04-30 04:16:02,456 INFO o.a.j.r.Summariser: summary =  10705 in 00:05:23 =   33.1/s Avg:  2914 Min:    82 Max: 10843 Err:   463 (4.33%)
2019-04-30 04:16:30,850 INFO o.a.j.r.Summariser: summary +    900 in 00:00:28 =   31.7/s Avg:  3006 Min:    87 Max: 10261 Err:     4 (0.44%) Active: 100 Started: 62 Finished: 0
2019-04-30 04:16:30,850 INFO o.a.j.r.Summariser: summary =  11605 in 00:05:52 =   33.0/s Avg:  2921 Min:    82 Max: 10843 Err:   467 (4.02%)
2019-04-30 04:17:05,834 INFO o.a.j.r.Summariser: summary +   1100 in 00:00:35 =   31.4/s Avg:  3065 Min:   109 Max: 10247 Err:    16 (1.45%) Active: 100 Started: 62 Finished: 0
2019-04-30 04:17:05,834 INFO o.a.j.r.Summariser: summary =  12705 in 00:06:27 =   32.9/s Avg:  2933 Min:    82 Max: 10843 Err:   483 (3.80%)
2019-04-30 04:17:30,064 INFO o.a.j.r.Summariser: summary +    900 in 00:00:24 =   37.1/s Avg:  2875 Min:    86 Max: 10206 Err:     1 (0.11%) Active: 100 Started: 62 Finished: 0
2019-04-30 04:17:30,065 INFO o.a.j.r.Summariser: summary =  13605 in 00:06:51 =   33.1/s Avg:  2929 Min:    82 Max: 10843 Err:   484 (3.56%)
2019-04-30 04:18:01,160 INFO o.a.j.r.Summariser: summary +   1100 in 00:00:31 =   35.4/s Avg:  2943 Min:    93 Max: 10978 Err:     4 (0.36%) Active: 100 Started: 62 Finished: 0
2019-04-30 04:18:01,161 INFO o.a.j.r.Summariser: summary =  14705 in 00:07:22 =   33.3/s Avg:  2930 Min:    82 Max: 10978 Err:   488 (3.32%)
2019-04-30 04:18:30,739 INFO o.a.j.r.Summariser: summary +   1100 in 00:00:30 =   37.2/s Avg:  2826 Min:   101 Max: 10143 Err:     1 (0.09%) Active: 100 Started: 62 Finished: 0
2019-04-30 04:18:30,739 INFO o.a.j.r.Summariser: summary =  15805 in 00:07:51 =   33.5/s Avg:  2923 Min:    82 Max: 10978 Err:   489 (3.09%)
2019-04-30 04:19:00,288 INFO o.a.j.r.Summariser: summary +   1000 in 00:00:30 =   33.8/s Avg:  2929 Min:    99 Max: 10279 Err:     5 (0.50%) Active: 100 Started: 62 Finished: 0
2019-04-30 04:19:00,288 INFO o.a.j.r.Summariser: summary =  16805 in 00:08:21 =   33.5/s Avg:  2923 Min:    82 Max: 10978 Err:   494 (2.94%)
2019-04-30 04:19:31,158 INFO o.a.j.r.Summariser: summary +    900 in 00:00:31 =   29.2/s Avg:  3010 Min:   116 Max: 10098 Err:     2 (0.22%) Active: 100 Started: 62 Finished: 0
2019-04-30 04:19:31,159 INFO o.a.j.r.Summariser: summary =  17705 in 00:08:52 =   33.3/s Avg:  2928 Min:    82 Max: 10978 Err:   496 (2.80%)
2019-04-30 04:20:05,817 INFO o.a.j.r.Summariser: summary +   1200 in 00:00:35 =   34.6/s Avg:  2917 Min:    85 Max: 10854 Err:     2 (0.17%) Active: 100 Started: 62 Finished: 0
2019-04-30 04:20:05,818 INFO o.a.j.r.Summariser: summary =  18905 in 00:09:27 =   33.4/s Avg:  2927 Min:    82 Max: 10978 Err:   498 (2.63%)
2019-04-30 04:20:30,561 INFO o.a.j.r.Summariser: summary +    800 in 00:00:25 =   32.3/s Avg:  2882 Min:   110 Max: 10132 Err:     1 (0.12%) Active: 100 Started: 62 Finished: 0
2019-04-30 04:20:30,562 INFO o.a.j.r.Summariser: summary =  19705 in 00:09:51 =   33.3/s Avg:  2925 Min:    82 Max: 10978 Err:   499 (2.53%)
2019-04-30 04:21:02,090 INFO o.a.j.r.Summariser: summary +   1200 in 00:00:32 =   38.1/s Avg:  2974 Min:   103 Max: 10360 Err:     8 (0.67%) Active: 100 Started: 62 Finished: 0
2019-04-30 04:21:02,090 INFO o.a.j.r.Summariser: summary =  20905 in 00:10:23 =   33.6/s Avg:  2928 Min:    82 Max: 10978 Err:   507 (2.43%)
2019-04-30 04:21:30,016 INFO o.a.j.r.Summariser: summary +    900 in 00:00:28 =   32.2/s Avg:  2819 Min:   107 Max: 10227 Err:     1 (0.11%) Active: 100 Started: 62 Finished: 0
2019-04-30 04:21:30,017 INFO o.a.j.r.Summariser: summary =  21805 in 00:10:51 =   33.5/s Avg:  2924 Min:    82 Max: 10978 Err:   508 (2.33%)
2019-04-30 04:22:00,919 INFO o.a.j.r.Summariser: summary +   1200 in 00:00:31 =   38.8/s Avg:  2785 Min:   101 Max: 10224 Err:     1 (0.08%) Active: 100 Started: 62 Finished: 0
2019-04-30 04:22:00,919 INFO o.a.j.r.Summariser: summary =  23005 in 00:11:22 =   33.8/s Avg:  2916 Min:    82 Max: 10978 Err:   509 (2.21%)
2019-04-30 04:22:30,172 INFO o.a.j.r.Summariser: summary +   1000 in 00:00:29 =   34.2/s Avg:  2867 Min:   109 Max: 10658 Err:     1 (0.10%) Active: 100 Started: 62 Finished: 0
2019-04-30 04:22:30,173 INFO o.a.j.r.Summariser: summary =  24005 in 00:11:51 =   33.8/s Avg:  2914 Min:    82 Max: 10978 Err:   510 (2.12%)
2019-04-30 04:23:00,227 INFO o.a.j.r.Summariser: summary +   1100 in 00:00:30 =   36.6/s Avg:  2908 Min:    97 Max: 10159 Err:     3 (0.27%) Active: 100 Started: 62 Finished: 0
2019-04-30 04:23:00,228 INFO o.a.j.r.Summariser: summary =  25105 in 00:12:21 =   33.9/s Avg:  2914 Min:    82 Max: 10978 Err:   513 (2.04%)
2019-04-30 04:23:30,866 INFO o.a.j.r.Summariser: summary +   1000 in 00:00:31 =   32.6/s Avg:  2857 Min:   100 Max: 10095 Err:     2 (0.20%) Active: 100 Started: 62 Finished: 0
2019-04-30 04:23:30,867 INFO o.a.j.r.Summariser: summary =  26105 in 00:12:52 =   33.8/s Avg:  2912 Min:    82 Max: 10978 Err:   515 (1.97%)
2019-04-30 04:24:00,196 INFO o.a.j.r.Summariser: summary +   1000 in 00:00:29 =   34.1/s Avg:  2918 Min:    91 Max: 10084 Err:     2 (0.20%) Active: 100 Started: 62 Finished: 0
2019-04-30 04:24:00,197 INFO o.a.j.r.Summariser: summary =  27105 in 00:13:21 =   33.8/s Avg:  2912 Min:    82 Max: 10978 Err:   517 (1.91%)
2019-04-30 04:24:33,604 INFO o.a.j.r.Summariser: summary +   1100 in 00:00:33 =   32.9/s Avg:  2910 Min:    87 Max: 10118 Err:     3 (0.27%) Active: 100 Started: 62 Finished: 0
2019-04-30 04:24:33,604 INFO o.a.j.r.Summariser: summary =  28205 in 00:13:54 =   33.8/s Avg:  2912 Min:    82 Max: 10978 Err:   520 (1.84%)
2019-04-30 04:25:00,103 INFO o.a.j.r.Summariser: summary +   1100 in 00:00:27 =   41.5/s Avg:  2768 Min:    96 Max:  9974 Err:     0 (0.00%) Active: 100 Started: 62 Finished: 0
2019-04-30 04:25:00,104 INFO o.a.j.r.Summariser: summary =  29305 in 00:14:21 =   34.0/s Avg:  2907 Min:    82 Max: 10978 Err:   520 (1.77%)
2019-04-30 04:25:31,051 INFO o.a.j.r.Summariser: summary +   1000 in 00:00:31 =   32.3/s Avg:  2792 Min:   100 Max: 10135 Err:     1 (0.10%) Active: 100 Started: 62 Finished: 0
2019-04-30 04:25:31,051 INFO o.a.j.r.Summariser: summary =  30305 in 00:14:52 =   34.0/s Avg:  2903 Min:    82 Max: 10978 Err:   521 (1.72%)
2019-04-30 04:26:04,299 INFO o.a.j.r.Summariser: summary +   1100 in 00:00:33 =   33.1/s Avg:  2830 Min:    83 Max: 10252 Err:     2 (0.18%) Active: 100 Started: 62 Finished: 0
2019-04-30 04:26:04,300 INFO o.a.j.r.Summariser: summary =  31405 in 00:15:25 =   34.0/s Avg:  2900 Min:    82 Max: 10978 Err:   523 (1.67%)
2019-04-30 04:26:31,731 INFO o.a.j.r.Summariser: summary +   1000 in 00:00:27 =   36.5/s Avg:  2895 Min:   100 Max: 10125 Err:     2 (0.20%) Active: 100 Started: 62 Finished: 0
2019-04-30 04:26:31,732 INFO o.a.j.r.Summariser: summary =  32405 in 00:15:52 =   34.0/s Avg:  2900 Min:    82 Max: 10978 Err:   525 (1.62%)
2019-04-30 04:27:01,185 INFO o.a.j.r.Summariser: summary +   1000 in 00:00:29 =   34.0/s Avg:  2854 Min:    99 Max:  9753 Err:     0 (0.00%) Active: 100 Started: 62 Finished: 0
2019-04-30 04:27:01,185 INFO o.a.j.r.Summariser: summary =  33405 in 00:16:22 =   34.0/s Avg:  2899 Min:    82 Max: 10978 Err:   525 (1.57%)
2019-04-30 04:27:33,421 INFO o.a.j.r.Summariser: summary +   1100 in 00:00:32 =   34.1/s Avg:  2994 Min:    83 Max: 219851 Err:     1 (0.09%) Active: 100 Started: 62 Finished: 0
2019-04-30 04:27:33,422 INFO o.a.j.r.Summariser: summary =  34505 in 00:16:54 =   34.0/s Avg:  2902 Min:    82 Max: 219851 Err:   526 (1.52%)
2019-04-30 04:28:01,404 INFO o.a.j.r.Summariser: summary +   1000 in 00:00:28 =   35.7/s Avg:  2803 Min:   115 Max:  9615 Err:     0 (0.00%) Active: 100 Started: 62 Finished: 0
2019-04-30 04:28:01,404 INFO o.a.j.r.Summariser: summary =  35505 in 00:17:22 =   34.1/s Avg:  2899 Min:    82 Max: 219851 Err:   526 (1.48%)
2019-04-30 04:28:32,309 INFO o.a.j.r.Summariser: summary +   1100 in 00:00:31 =   35.6/s Avg:  2794 Min:    99 Max: 10134 Err:     0 (0.00%) Active: 100 Started: 62 Finished: 0
2019-04-30 04:28:32,309 INFO o.a.j.r.Summariser: summary =  36605 in 00:17:53 =   34.1/s Avg:  2896 Min:    82 Max: 219851 Err:   526 (1.44%)
2019-04-30 04:29:31,856 INFO o.a.j.r.Summariser: summary +   2100 in 00:01:00 =   35.3/s Avg:  2783 Min:    89 Max:  9941 Err:     2 (0.10%) Active: 100 Started: 62 Finished: 0
2019-04-30 04:29:31,857 INFO o.a.j.r.Summariser: summary =  38705 in 00:18:53 =   34.2/s Avg:  2890 Min:    82 Max: 219851 Err:   528 (1.36%)
2019-04-30 04:30:03,328 INFO o.a.j.r.Summariser: summary +   1000 in 00:00:31 =   31.8/s Avg:  2807 Min:   116 Max:  9951 Err:     0 (0.00%) Active: 100 Started: 62 Finished: 0
2019-04-30 04:30:03,329 INFO o.a.j.r.Summariser: summary =  39705 in 00:19:24 =   34.1/s Avg:  2888 Min:    82 Max: 219851 Err:   528 (1.33%)
2019-04-30 04:30:30,765 INFO o.a.j.r.Summariser: summary +   1100 in 00:00:27 =   40.1/s Avg:  3114 Min:   102 Max: 223205 Err:     2 (0.18%) Active: 100 Started: 62 Finished: 0
2019-04-30 04:30:30,765 INFO o.a.j.r.Summariser: summary =  40805 in 00:19:51 =   34.2/s Avg:  2894 Min:    82 Max: 223205 Err:   530 (1.30%)
2019-04-30 04:31:00,093 INFO o.a.j.r.Summariser: summary +   1100 in 00:00:29 =   37.5/s Avg:  2769 Min:    95 Max:  9950 Err:     1 (0.09%) Active: 100 Started: 62 Finished: 0
2019-04-30 04:31:00,094 INFO o.a.j.r.Summariser: summary =  41905 in 00:20:21 =   34.3/s Avg:  2890 Min:    82 Max: 223205 Err:   531 (1.27%)
2019-04-30 04:31:30,429 INFO o.a.j.r.Summariser: summary +   1000 in 00:00:30 =   33.0/s Avg:  2930 Min:   111 Max: 10140 Err:     3 (0.30%) Active: 100 Started: 62 Finished: 0
2019-04-30 04:31:30,429 INFO o.a.j.r.Summariser: summary =  42905 in 00:20:51 =   34.3/s Avg:  2891 Min:    82 Max: 223205 Err:   534 (1.24%)
2019-04-30 04:32:02,787 INFO o.a.j.r.Summariser: summary +   1100 in 00:00:32 =   34.0/s Avg:  2937 Min:    99 Max: 10102 Err:     2 (0.18%) Active: 100 Started: 62 Finished: 0
2019-04-30 04:32:02,787 INFO o.a.j.r.Summariser: summary =  44005 in 00:21:23 =   34.3/s Avg:  2892 Min:    82 Max: 223205 Err:   536 (1.22%)
2019-04-30 04:32:31,177 INFO o.a.j.r.Summariser: summary +   1000 in 00:00:28 =   35.2/s Avg:  2859 Min:    96 Max: 10138 Err:     1 (0.10%) Active: 100 Started: 62 Finished: 0
2019-04-30 04:32:31,178 INFO o.a.j.r.Summariser: summary =  45005 in 00:21:52 =   34.3/s Avg:  2892 Min:    82 Max: 223205 Err:   537 (1.19%)
2019-04-30 04:33:00,992 INFO o.a.j.r.Summariser: summary +   1000 in 00:00:30 =   33.5/s Avg:  2915 Min:   100 Max: 10158 Err:     3 (0.30%) Active: 100 Started: 62 Finished: 0
2019-04-30 04:33:00,992 INFO o.a.j.r.Summariser: summary =  46005 in 00:22:22 =   34.3/s Avg:  2892 Min:    82 Max: 223205 Err:   540 (1.17%)
2019-04-30 04:33:35,362 INFO o.a.j.r.Summariser: summary +   1100 in 00:00:34 =   32.0/s Avg:  2909 Min:   101 Max: 10333 Err:     6 (0.55%) Active: 100 Started: 62 Finished: 0
2019-04-30 04:33:35,362 INFO o.a.j.r.Summariser: summary =  47105 in 00:22:56 =   34.2/s Avg:  2893 Min:    82 Max: 223205 Err:   546 (1.16%)
2019-04-30 04:34:01,791 INFO o.a.j.r.Summariser: summary +   1100 in 00:00:26 =   41.6/s Avg:  2901 Min:   103 Max: 10113 Err:     1 (0.09%) Active: 100 Started: 62 Finished: 0
2019-04-30 04:34:01,791 INFO o.a.j.r.Summariser: summary =  48205 in 00:23:22 =   34.4/s Avg:  2893 Min:    82 Max: 223205 Err:   547 (1.13%)
2019-04-30 04:34:30,306 INFO o.a.j.r.Summariser: summary +    900 in 00:00:29 =   31.6/s Avg:  2716 Min:    87 Max: 10175 Err:     1 (0.11%) Active: 100 Started: 62 Finished: 0
2019-04-30 04:34:30,306 INFO o.a.j.r.Summariser: summary =  49105 in 00:23:51 =   34.3/s Avg:  2890 Min:    82 Max: 223205 Err:   548 (1.12%)
2019-04-30 04:35:30,119 INFO o.a.j.r.Summariser: summary +   2000 in 00:01:00 =   33.4/s Avg:  2879 Min:    90 Max: 10459 Err:     9 (0.45%) Active: 100 Started: 62 Finished: 0
2019-04-30 04:35:30,119 INFO o.a.j.r.Summariser: summary =  51105 in 00:24:51 =   34.3/s Avg:  2889 Min:    82 Max: 223205 Err:   557 (1.09%)
2019-04-30 04:36:03,452 INFO o.a.j.r.Summariser: summary +   1200 in 00:00:33 =   36.0/s Avg:  2861 Min:    87 Max: 10132 Err:     8 (0.67%) Active: 100 Started: 62 Finished: 0
2019-04-30 04:36:03,452 INFO o.a.j.r.Summariser: summary =  52305 in 00:25:24 =   34.3/s Avg:  2889 Min:    82 Max: 223205 Err:   565 (1.08%)
2019-04-30 04:36:30,231 INFO o.a.j.r.Summariser: summary +   1000 in 00:00:27 =   37.3/s Avg:  2831 Min:    95 Max: 10126 Err:     4 (0.40%) Active: 100 Started: 62 Finished: 0
2019-04-30 04:36:30,231 INFO o.a.j.r.Summariser: summary =  53305 in 00:25:51 =   34.4/s Avg:  2887 Min:    82 Max: 223205 Err:   569 (1.07%)
2019-04-30 04:37:02,354 INFO o.a.j.r.Summariser: summary +   1100 in 00:00:32 =   34.2/s Avg:  2937 Min:    96 Max: 10128 Err:     6 (0.55%) Active: 100 Started: 62 Finished: 0
2019-04-30 04:37:02,355 INFO o.a.j.r.Summariser: summary =  54405 in 00:26:23 =   34.4/s Avg:  2888 Min:    82 Max: 223205 Err:   575 (1.06%)
2019-04-30 04:37:33,597 INFO o.a.j.r.Summariser: summary +   1100 in 00:00:31 =   35.2/s Avg:  2823 Min:    84 Max: 10115 Err:     1 (0.09%) Active: 100 Started: 62 Finished: 0
2019-04-30 04:37:33,597 INFO o.a.j.r.Summariser: summary =  55505 in 00:26:54 =   34.4/s Avg:  2887 Min:    82 Max: 223205 Err:   576 (1.04%)
2019-04-30 04:38:00,249 INFO o.a.j.r.Summariser: summary +   1000 in 00:00:27 =   37.5/s Avg:  2823 Min:    95 Max: 10106 Err:     6 (0.60%) Active: 100 Started: 62 Finished: 0
2019-04-30 04:38:00,249 INFO o.a.j.r.Summariser: summary =  56505 in 00:27:21 =   34.4/s Avg:  2886 Min:    82 Max: 223205 Err:   582 (1.03%)
2019-04-30 04:38:33,267 INFO o.a.j.r.Summariser: summary +   1100 in 00:00:33 =   33.3/s Avg:  2873 Min:   104 Max: 10257 Err:     6 (0.55%) Active: 100 Started: 62 Finished: 0
2019-04-30 04:38:33,267 INFO o.a.j.r.Summariser: summary =  57605 in 00:27:54 =   34.4/s Avg:  2886 Min:    82 Max: 223205 Err:   588 (1.02%)
2019-04-30 04:39:01,352 INFO o.a.j.r.Summariser: summary +   1000 in 00:00:28 =   35.6/s Avg:  2945 Min:    64 Max: 10348 Err:    10 (1.00%) Active: 100 Started: 62 Finished: 0
2019-04-30 04:39:01,352 INFO o.a.j.r.Summariser: summary =  58605 in 00:28:22 =   34.4/s Avg:  2887 Min:    64 Max: 223205 Err:   598 (1.02%)
2019-04-30 04:39:32,847 INFO o.a.j.r.Summariser: summary +   1000 in 00:00:31 =   31.8/s Avg:  2874 Min:    89 Max: 10140 Err:     3 (0.30%) Active: 100 Started: 62 Finished: 0
2019-04-30 04:39:32,848 INFO o.a.j.r.Summariser: summary =  59605 in 00:28:54 =   34.4/s Avg:  2887 Min:    64 Max: 223205 Err:   601 (1.01%)
2019-04-30 04:40:30,559 INFO o.a.j.r.Summariser: summary +   2200 in 00:00:58 =   38.1/s Avg:  2832 Min:   105 Max: 10214 Err:     6 (0.27%) Active: 100 Started: 62 Finished: 0
2019-04-30 04:40:30,559 INFO o.a.j.r.Summariser: summary =  61805 in 00:29:51 =   34.5/s Avg:  2885 Min:    64 Max: 223205 Err:   607 (0.98%)
2019-04-30 04:41:02,785 INFO o.a.j.r.Summariser: summary +   1000 in 00:00:32 =   31.0/s Avg:  2912 Min:   107 Max: 10121 Err:     5 (0.50%) Active: 100 Started: 62 Finished: 0
2019-04-30 04:41:02,786 INFO o.a.j.r.Summariser: summary =  62805 in 00:30:23 =   34.4/s Avg:  2885 Min:    64 Max: 223205 Err:   612 (0.97%)
2019-04-30 04:41:30,868 INFO o.a.j.r.Summariser: summary +   1100 in 00:00:28 =   39.2/s Avg:  2804 Min:   103 Max:  9742 Err:     0 (0.00%) Active: 100 Started: 62 Finished: 0
2019-04-30 04:41:30,868 INFO o.a.j.r.Summariser: summary =  63905 in 00:30:52 =   34.5/s Avg:  2884 Min:    64 Max: 223205 Err:   612 (0.96%)
2019-04-30 04:42:03,962 INFO o.a.j.r.Summariser: summary +   1100 in 00:00:33 =   33.2/s Avg:  2734 Min:    92 Max: 10271 Err:     2 (0.18%) Active: 100 Started: 62 Finished: 0
2019-04-30 04:42:03,963 INFO o.a.j.r.Summariser: summary =  65005 in 00:31:25 =   34.5/s Avg:  2881 Min:    64 Max: 223205 Err:   614 (0.94%)
2019-04-30 04:42:30,972 INFO o.a.j.r.Summariser: summary +   1000 in 00:00:27 =   37.0/s Avg:  2847 Min:    92 Max: 11100 Err:     2 (0.20%) Active: 100 Started: 62 Finished: 0
2019-04-30 04:42:30,973 INFO o.a.j.r.Summariser: summary =  66005 in 00:31:52 =   34.5/s Avg:  2881 Min:    64 Max: 223205 Err:   616 (0.93%)
2019-04-30 04:43:02,801 INFO o.a.j.r.Summariser: summary +   1000 in 00:00:32 =   31.4/s Avg:  2941 Min:   107 Max: 10151 Err:     4 (0.40%) Active: 100 Started: 62 Finished: 0
2019-04-30 04:43:02,801 INFO o.a.j.r.Summariser: summary =  67005 in 00:32:23 =   34.5/s Avg:  2882 Min:    64 Max: 223205 Err:   620 (0.93%)
2019-04-30 04:43:30,150 INFO o.a.j.r.Summariser: summary +   1000 in 00:00:27 =   36.6/s Avg:  2892 Min:    94 Max: 10095 Err:     1 (0.10%) Active: 100 Started: 62 Finished: 0
2019-04-30 04:43:30,150 INFO o.a.j.r.Summariser: summary =  68005 in 00:32:51 =   34.5/s Avg:  2882 Min:    64 Max: 223205 Err:   621 (0.91%)
2019-04-30 04:44:00,274 INFO o.a.j.r.Summariser: summary +   1100 in 00:00:30 =   36.5/s Avg:  2772 Min:    78 Max: 10121 Err:     2 (0.18%) Active: 100 Started: 62 Finished: 0
2019-04-30 04:44:00,274 INFO o.a.j.r.Summariser: summary =  69105 in 00:33:21 =   34.5/s Avg:  2880 Min:    64 Max: 223205 Err:   623 (0.90%)
2019-04-30 04:44:31,634 INFO o.a.j.r.Summariser: summary +   1100 in 00:00:31 =   35.1/s Avg:  2722 Min:    87 Max:  9250 Err:     0 (0.00%) Active: 100 Started: 62 Finished: 0
2019-04-30 04:44:31,634 INFO o.a.j.r.Summariser: summary =  70205 in 00:33:52 =   34.5/s Avg:  2877 Min:    64 Max: 223205 Err:   623 (0.89%)
2019-04-30 04:45:04,653 INFO o.a.j.r.Summariser: summary +   1200 in 00:00:33 =   36.3/s Avg:  2783 Min:    97 Max: 10519 Err:     1 (0.08%) Active: 100 Started: 62 Finished: 0
2019-04-30 04:45:04,653 INFO o.a.j.r.Summariser: summary =  71405 in 00:34:25 =   34.6/s Avg:  2876 Min:    64 Max: 223205 Err:   624 (0.87%)
2019-04-30 04:45:31,726 INFO o.a.j.r.Summariser: summary +   1000 in 00:00:27 =   36.9/s Avg:  2782 Min:   101 Max:  9902 Err:     0 (0.00%) Active: 100 Started: 62 Finished: 0
2019-04-30 04:45:31,726 INFO o.a.j.r.Summariser: summary =  72405 in 00:34:52 =   34.6/s Avg:  2875 Min:    64 Max: 223205 Err:   624 (0.86%)
2019-04-30 04:46:33,055 INFO o.a.j.r.Summariser: summary +   2300 in 00:01:01 =   37.5/s Avg:  2717 Min:    93 Max:  9755 Err:     0 (0.00%) Active: 100 Started: 62 Finished: 0
2019-04-30 04:46:33,055 INFO o.a.j.r.Summariser: summary =  74705 in 00:35:54 =   34.7/s Avg:  2870 Min:    64 Max: 223205 Err:   624 (0.84%)
2019-04-30 04:47:04,218 INFO o.a.j.r.Summariser: summary +   1100 in 00:00:31 =   35.3/s Avg:  2686 Min:    85 Max:  9719 Err:     0 (0.00%) Active: 100 Started: 62 Finished: 0
2019-04-30 04:47:04,218 INFO o.a.j.r.Summariser: summary =  75805 in 00:36:25 =   34.7/s Avg:  2867 Min:    64 Max: 223205 Err:   624 (0.82%)
2019-04-30 04:47:33,198 INFO o.a.j.r.Summariser: summary +   1100 in 00:00:29 =   38.0/s Avg:  2719 Min:    89 Max: 10398 Err:     1 (0.09%) Active: 100 Started: 62 Finished: 0
2019-04-30 04:47:33,198 INFO o.a.j.r.Summariser: summary =  76905 in 00:36:54 =   34.7/s Avg:  2865 Min:    64 Max: 223205 Err:   625 (0.81%)
2019-04-30 04:48:00,117 INFO o.a.j.r.Summariser: summary +   1000 in 00:00:27 =   37.1/s Avg:  2798 Min:   106 Max:  9578 Err:     0 (0.00%) Active: 100 Started: 62 Finished: 0
2019-04-30 04:48:00,118 INFO o.a.j.r.Summariser: summary =  77905 in 00:37:21 =   34.8/s Avg:  2864 Min:    64 Max: 223205 Err:   625 (0.80%)
2019-04-30 04:48:31,802 INFO o.a.j.r.Summariser: summary +   1000 in 00:00:32 =   31.6/s Avg:  2782 Min:   102 Max:  9966 Err:     0 (0.00%) Active: 100 Started: 62 Finished: 0
2019-04-30 04:48:31,802 INFO o.a.j.r.Summariser: summary =  78905 in 00:37:52 =   34.7/s Avg:  2863 Min:    64 Max: 223205 Err:   625 (0.79%)
2019-04-30 04:49:04,365 INFO o.a.j.r.Summariser: summary +   1200 in 00:00:33 =   36.9/s Avg:  2754 Min:   105 Max: 10121 Err:     2 (0.17%) Active: 100 Started: 62 Finished: 0
2019-04-30 04:49:04,365 INFO o.a.j.r.Summariser: summary =  80105 in 00:38:25 =   34.8/s Avg:  2861 Min:    64 Max: 223205 Err:   627 (0.78%)
2019-04-30 04:49:32,427 INFO o.a.j.r.Summariser: summary +   1100 in 00:00:28 =   39.2/s Avg:  2839 Min:    85 Max: 10204 Err:     3 (0.27%) Active: 100 Started: 62 Finished: 0
2019-04-30 04:49:32,427 INFO o.a.j.r.Summariser: summary =  81205 in 00:38:53 =   34.8/s Avg:  2861 Min:    64 Max: 223205 Err:   630 (0.78%)
2019-04-30 04:50:00,282 INFO o.a.j.r.Summariser: summary +    900 in 00:00:28 =   32.3/s Avg:  2744 Min:    99 Max:  9528 Err:     1 (0.11%) Active: 100 Started: 62 Finished: 0
2019-04-30 04:50:00,283 INFO o.a.j.r.Summariser: summary =  82105 in 00:39:21 =   34.8/s Avg:  2860 Min:    64 Max: 223205 Err:   631 (0.77%)
2019-04-30 04:50:32,314 INFO o.a.j.r.Summariser: summary +   1200 in 00:00:32 =   37.5/s Avg:  2856 Min:    91 Max: 10118 Err:     4 (0.33%) Active: 100 Started: 62 Finished: 0
2019-04-30 04:50:32,314 INFO o.a.j.r.Summariser: summary =  83305 in 00:39:53 =   34.8/s Avg:  2860 Min:    64 Max: 223205 Err:   635 (0.76%)
2019-04-30 04:51:01,084 INFO o.a.j.r.Summariser: summary +   1100 in 00:00:29 =   38.2/s Avg:  2724 Min:    91 Max: 10121 Err:     2 (0.18%) Active: 100 Started: 62 Finished: 0
2019-04-30 04:51:01,084 INFO o.a.j.r.Summariser: summary =  84405 in 00:40:22 =   34.9/s Avg:  2858 Min:    64 Max: 223205 Err:   637 (0.75%)
2019-04-30 04:51:32,484 INFO o.a.j.r.Summariser: summary +   1000 in 00:00:31 =   31.8/s Avg:  2952 Min:   100 Max: 10269 Err:     7 (0.70%) Active: 100 Started: 62 Finished: 0
2019-04-30 04:51:32,485 INFO o.a.j.r.Summariser: summary =  85405 in 00:40:53 =   34.8/s Avg:  2859 Min:    64 Max: 223205 Err:   644 (0.75%)
2019-04-30 04:52:02,468 INFO o.a.j.r.Summariser: summary +   1100 in 00:00:30 =   36.7/s Avg:  2744 Min:   104 Max: 10051 Err:     0 (0.00%) Active: 100 Started: 62 Finished: 0
2019-04-30 04:52:02,468 INFO o.a.j.r.Summariser: summary =  86505 in 00:41:23 =   34.8/s Avg:  2858 Min:    64 Max: 223205 Err:   644 (0.74%)
2019-04-30 04:52:31,618 INFO o.a.j.r.Summariser: summary +   1000 in 00:00:29 =   34.3/s Avg:  2814 Min:   105 Max: 10111 Err:     1 (0.10%) Active: 100 Started: 62 Finished: 0
2019-04-30 04:52:31,618 INFO o.a.j.r.Summariser: summary =  87505 in 00:41:52 =   34.8/s Avg:  2857 Min:    64 Max: 223205 Err:   645 (0.74%)
2019-04-30 04:53:00,328 INFO o.a.j.r.Summariser: summary +   1100 in 00:00:29 =   38.3/s Avg:  2810 Min:    93 Max:  9496 Err:     0 (0.00%) Active: 100 Started: 62 Finished: 0
2019-04-30 04:53:00,329 INFO o.a.j.r.Summariser: summary =  88605 in 00:42:21 =   34.9/s Avg:  2857 Min:    64 Max: 223205 Err:   645 (0.73%)
2019-04-30 04:53:30,626 INFO o.a.j.r.Summariser: summary +   1100 in 00:00:30 =   36.3/s Avg:  2771 Min:    88 Max:  9781 Err:     0 (0.00%) Active: 100 Started: 62 Finished: 0
2019-04-30 04:53:30,627 INFO o.a.j.r.Summariser: summary =  89705 in 00:42:51 =   34.9/s Avg:  2855 Min:    64 Max: 223205 Err:   645 (0.72%)
2019-04-30 04:54:01,358 INFO o.a.j.r.Summariser: summary +   1000 in 00:00:31 =   32.5/s Avg:  2802 Min:   111 Max:  9582 Err:     0 (0.00%) Active: 100 Started: 62 Finished: 0
2019-04-30 04:54:01,358 INFO o.a.j.r.Summariser: summary =  90705 in 00:43:22 =   34.9/s Avg:  2855 Min:    64 Max: 223205 Err:   645 (0.71%)
2019-04-30 04:54:30,913 INFO o.a.j.r.Summariser: summary +   1100 in 00:00:30 =   37.2/s Avg:  2861 Min:    47 Max: 10110 Err:    11 (1.00%) Active: 99 Started: 62 Finished: 1
2019-04-30 04:54:30,913 INFO o.a.j.r.Summariser: summary =  91805 in 00:43:52 =   34.9/s Avg:  2855 Min:    47 Max: 223205 Err:   656 (0.71%)
2019-04-30 04:55:01,265 INFO o.a.j.r.Summariser: summary +   1000 in 00:00:30 =   32.9/s Avg:  2776 Min:   102 Max: 10133 Err:     5 (0.50%) Active: 99 Started: 62 Finished: 1
2019-04-30 04:55:01,266 INFO o.a.j.r.Summariser: summary =  92805 in 00:44:22 =   34.9/s Avg:  2854 Min:    47 Max: 223205 Err:   661 (0.71%)
2019-04-30 04:55:31,994 INFO o.a.j.r.Summariser: summary +   1000 in 00:00:31 =   32.5/s Avg:  2988 Min:    96 Max: 10248 Err:     9 (0.90%) Active: 94 Started: 62 Finished: 6
2019-04-30 04:55:31,994 INFO o.a.j.r.Summariser: summary =  93805 in 00:44:53 =   34.8/s Avg:  2856 Min:    47 Max: 223205 Err:   670 (0.71%)
2019-04-30 04:56:31,746 INFO o.a.j.r.Summariser: summary +   2100 in 00:01:00 =   35.1/s Avg:  2614 Min:    96 Max: 10129 Err:     1 (0.05%) Active: 77 Started: 62 Finished: 23
2019-04-30 04:56:31,746 INFO o.a.j.r.Summariser: summary =  95905 in 00:45:52 =   34.8/s Avg:  2850 Min:    47 Max: 223205 Err:   671 (0.70%)
2019-04-30 04:57:03,132 INFO o.a.j.r.Summariser: summary +   1100 in 00:00:31 =   35.0/s Avg:  2230 Min:    96 Max:  7021 Err:     0 (0.00%) Active: 70 Started: 62 Finished: 30
2019-04-30 04:57:03,133 INFO o.a.j.r.Summariser: summary =  97005 in 00:46:24 =   34.8/s Avg:  2843 Min:    47 Max: 223205 Err:   671 (0.69%)
2019-04-30 04:57:35,902 INFO o.a.j.r.Summariser: summary +   1100 in 00:00:33 =   33.6/s Avg:  2027 Min:    85 Max:  6092 Err:     0 (0.00%) Active: 53 Started: 62 Finished: 47
2019-04-30 04:57:35,902 INFO o.a.j.r.Summariser: summary =  98105 in 00:46:57 =   34.8/s Avg:  2834 Min:    47 Max: 223205 Err:   671 (0.68%)
2019-04-30 04:58:29,216 INFO o.a.j.JMeter: Finished remote host: 28.0.0.24 (1556600309216)
2019-04-30 04:58:32,127 INFO o.a.j.r.Summariser: summary +   1599 in 00:00:56 =   28.4/s Avg:  1438 Min:    84 Max:  4529 Err:     0 (0.00%) Active: 4 Started: 62 Finished: 96
2019-04-30 04:58:32,127 INFO o.a.j.r.Summariser: summary =  99704 in 00:47:53 =   34.7/s Avg:  2812 Min:    47 Max: 223205 Err:   671 (0.67%)
2019-04-30 04:58:32,129 INFO o.a.j.JMeter: Finished remote host: 28.0.0.27 (1556600312129)
2019-04-30 04:58:47,602 INFO o.a.j.JMeter: Finished remote host: 28.0.0.29 (1556600327602)
2019-04-30 04:58:49,462 INFO o.a.j.r.Summariser: summary +    296 in 00:00:17 =   17.1/s Avg:   351 Min:    79 Max:  2378 Err:     0 (0.00%) Active: 0 Started: 62 Finished: 100
2019-04-30 04:58:49,463 INFO o.a.j.r.Summariser: summary = 100000 in 00:48:10 =   34.6/s Avg:  2804 Min:    47 Max: 223205 Err:   671 (0.67%)
2019-04-30 04:58:49,463 INFO o.a.j.JMeter: Finished remote host: 28.0.0.25 (1556600329463)
2019-04-30 04:58:54,465 INFO o.a.j.JMeter: Interrupting RMI Reaper
