2019-05-07 12:29:43,672 INFO o.a.j.u.JMeterUtils: Setting Locale to en_GB
2019-05-07 12:29:43,692 INFO o.a.j.JMeter: Loading user properties from: /Users/anmolgupta/apache-jmeter-5.1.1/bin/user.properties
2019-05-07 12:29:43,693 INFO o.a.j.JMeter: Loading system properties from: /Users/anmolgupta/apache-jmeter-5.1.1/bin/system.properties
2019-05-07 12:29:43,699 INFO o.a.j.JMeter: Copyright (c) 1998-2019 The Apache Software Foundation
2019-05-07 12:29:43,699 INFO o.a.j.JMeter: Version 5.1.1 r1855137
2019-05-07 12:29:43,699 INFO o.a.j.JMeter: java.version=1.8.0_202
2019-05-07 12:29:43,699 INFO o.a.j.JMeter: java.vm.name=Java HotSpot(TM) 64-Bit Server VM
2019-05-07 12:29:43,699 INFO o.a.j.JMeter: os.name=Mac OS X
2019-05-07 12:29:43,699 INFO o.a.j.JMeter: os.arch=x86_64
2019-05-07 12:29:43,699 INFO o.a.j.JMeter: os.version=10.14.4
2019-05-07 12:29:43,699 INFO o.a.j.JMeter: file.encoding=UTF-8
2019-05-07 12:29:43,699 INFO o.a.j.JMeter: java.awt.headless=true
2019-05-07 12:29:43,699 INFO o.a.j.JMeter: Max memory     =1908932608
2019-05-07 12:29:43,699 INFO o.a.j.JMeter: Available Processors =4
2019-05-07 12:29:43,703 INFO o.a.j.JMeter: Default Locale=English (United Kingdom)
2019-05-07 12:29:43,703 INFO o.a.j.JMeter: JMeter  Locale=English (United Kingdom)
2019-05-07 12:29:43,703 INFO o.a.j.JMeter: JMeterHome=/Users/anmolgupta/apache-jmeter-5.1.1
2019-05-07 12:29:43,704 INFO o.a.j.JMeter: user.dir  =/Users/anmolgupta/sunbird-perf-tests/sunbird-platform/bin
2019-05-07 12:29:43,704 INFO o.a.j.JMeter: PWD       =/Users/anmolgupta/sunbird-perf-tests/sunbird-platform/bin
2019-05-07 12:29:48,712 INFO o.a.j.JMeter: IP: 172.16.0.105 Name: Anmols-MacBook-Pro.local FullName: 172.16.0.105
2019-05-07 12:29:48,716 INFO o.a.j.s.FileServer: Default base='/Users/anmolgupta/sunbird-perf-tests/sunbird-platform/bin'
2019-05-07 12:29:48,722 INFO o.a.j.s.FileServer: Set new base='/Users/anmolgupta/current_scenario'
2019-05-07 12:29:48,886 INFO o.a.j.s.SaveService: Testplan (JMX) version: 2.2. Testlog (JTL) version: 2.2
2019-05-07 12:29:48,903 INFO o.a.j.s.SaveService: Using SaveService properties file encoding UTF-8
2019-05-07 12:29:48,916 INFO o.a.j.s.SaveService: Using SaveService properties version 5.0
2019-05-07 12:29:48,921 INFO o.a.j.s.SaveService: Loading file: /Users/anmolgupta/current_scenario/user-read-with-same-access-token.jmx
2019-05-07 12:29:48,965 INFO o.a.j.p.h.s.HTTPSamplerBase: Parser for text/html is org.apache.jmeter.protocol.http.parser.LagartoBasedHtmlParser
2019-05-07 12:29:48,965 INFO o.a.j.p.h.s.HTTPSamplerBase: Parser for application/xhtml+xml is org.apache.jmeter.protocol.http.parser.LagartoBasedHtmlParser
2019-05-07 12:29:48,965 INFO o.a.j.p.h.s.HTTPSamplerBase: Parser for application/xml is org.apache.jmeter.protocol.http.parser.LagartoBasedHtmlParser
2019-05-07 12:29:48,965 INFO o.a.j.p.h.s.HTTPSamplerBase: Parser for text/xml is org.apache.jmeter.protocol.http.parser.LagartoBasedHtmlParser
2019-05-07 12:29:48,965 INFO o.a.j.p.h.s.HTTPSamplerBase: Parser for text/vnd.wap.wml is org.apache.jmeter.protocol.http.parser.RegexpHTMLParser
2019-05-07 12:29:48,965 INFO o.a.j.p.h.s.HTTPSamplerBase: Parser for text/css is org.apache.jmeter.protocol.http.parser.CssParser
2019-05-07 12:29:48,990 INFO o.a.j.JMeter: Creating summariser <summary>
2019-05-07 12:29:48,993 INFO o.a.j.e.DistributedRunner: Configuring remote engine: 127.0.0.1
2019-05-07 12:29:48,994 INFO o.a.j.r.RmiUtils: Disabling SSL for RMI as server.rmi.ssl.disable is set to 'true'
2019-05-07 12:29:54,077 INFO o.a.j.e.DistributedRunner: Starting remote engines
2019-05-07 12:29:54,079 INFO o.a.j.e.DistributedRunner: Starting the test @ Tue May 07 12:29:54 IST 2019 (1557212394078)
2019-05-07 12:29:54,079 INFO o.a.j.e.ClientJMeterEngine: running clientengine run method
2019-05-07 12:29:54,084 INFO o.a.j.e.u.CompoundVariable: Note: Function class names must contain the string: '.functions.'
2019-05-07 12:29:54,084 INFO o.a.j.e.u.CompoundVariable: Note: Function class names must not contain the string: '.gui.'
2019-05-07 12:29:54,336 INFO o.a.j.r.RmiUtils: Disabling SSL for RMI as server.rmi.ssl.disable is set to 'true'
2019-05-07 12:29:54,336 INFO o.a.j.r.RmiUtils: Disabling SSL for RMI as server.rmi.ssl.disable is set to 'true'
2019-05-07 12:29:54,338 INFO o.a.j.s.SampleEvent: List of sample_variables: []
2019-05-07 12:29:54,343 INFO o.a.j.s.BatchSampleSender: Using batching (client settings) for this run. Thresholds: num=100, time=60000
2019-05-07 12:29:54,343 INFO o.a.j.s.DataStrippingSampleSender: Using DataStrippingSampleSender for this run
2019-05-07 12:29:54,344 INFO o.a.j.r.RmiUtils: Disabling SSL for RMI as server.rmi.ssl.disable is set to 'true'
2019-05-07 12:29:54,344 INFO o.a.j.r.RmiUtils: Disabling SSL for RMI as server.rmi.ssl.disable is set to 'true'
2019-05-07 12:29:54,611 INFO o.a.j.r.RmiUtils: Disabling SSL for RMI as server.rmi.ssl.disable is set to 'true'
2019-05-07 12:29:54,611 INFO o.a.j.r.RmiUtils: Disabling SSL for RMI as server.rmi.ssl.disable is set to 'true'
2019-05-07 12:29:54,611 INFO o.a.j.r.RmiUtils: Disabling SSL for RMI as server.rmi.ssl.disable is set to 'true'
2019-05-07 12:29:54,611 INFO o.a.j.r.RmiUtils: Disabling SSL for RMI as server.rmi.ssl.disable is set to 'true'
2019-05-07 12:29:54,612 INFO o.a.j.s.BatchSampleSender: Using batching (client settings) for this run. Thresholds: num=100, time=60000
2019-05-07 12:29:54,612 INFO o.a.j.s.DataStrippingSampleSender: Using DataStrippingSampleSender for this run
2019-05-07 12:29:54,665 INFO o.a.j.e.ClientJMeterEngine: sent test to 127.0.0.1 basedir='.'
2019-05-07 12:29:54,665 INFO o.a.j.e.ClientJMeterEngine: Sending properties {}
2019-05-07 12:29:54,670 INFO o.a.j.e.ClientJMeterEngine: sent run command to 127.0.0.1
2019-05-07 12:29:54,670 INFO o.a.j.e.DistributedRunner: Remote engines have been started
2019-05-07 12:29:54,683 INFO o.a.j.JMeter: Started remote host:  127.0.0.1 (1557212394683)
2019-05-07 12:29:55,090 INFO o.a.j.s.SampleResult: Note: Sample TimeStamps are START times
2019-05-07 12:29:55,090 INFO o.a.j.s.SampleResult: sampleresult.default.encoding is set to ISO-8859-1
2019-05-07 12:29:55,090 INFO o.a.j.s.SampleResult: sampleresult.useNanoTime=true
2019-05-07 12:29:55,090 INFO o.a.j.s.SampleResult: sampleresult.nanoThreadSleep=5000
2019-05-07 12:29:56,657 INFO o.a.j.r.Summariser: summary =      7 in 00:00:02 =    3.5/s Avg:   224 Min:   158 Max:   380 Err:     7 (100.00%)
2019-05-07 12:29:56,659 INFO o.a.j.JMeter: Finished remote host: 127.0.0.1 (1557212396659)
2019-05-07 12:30:01,662 INFO o.a.j.JMeter: Interrupting RMI Reaper
