2019-05-03 11:52:40,451 INFO o.a.j.u.JMeterUtils: Setting Locale to en_US
2019-05-03 11:52:40,468 INFO o.a.j.JMeter: Loading user properties from: /mnt/data/benchmark/apache-jmeter-4.0/bin/user.properties
2019-05-03 11:52:40,469 INFO o.a.j.JMeter: Loading system properties from: /mnt/data/benchmark/apache-jmeter-4.0/bin/system.properties
2019-05-03 11:52:40,476 INFO o.a.j.JMeter: Copyright (c) 1998-2018 The Apache Software Foundation
2019-05-03 11:52:40,476 INFO o.a.j.JMeter: Version 4.0 r1823414
2019-05-03 11:52:40,476 INFO o.a.j.JMeter: java.version=1.8.0_191
2019-05-03 11:52:40,477 INFO o.a.j.JMeter: java.vm.name=OpenJDK 64-Bit Server VM
2019-05-03 11:52:40,477 INFO o.a.j.JMeter: os.name=Linux
2019-05-03 11:52:40,477 INFO o.a.j.JMeter: os.arch=amd64
2019-05-03 11:52:40,477 INFO o.a.j.JMeter: os.version=4.15.0-1041-azure
2019-05-03 11:52:40,477 INFO o.a.j.JMeter: file.encoding=UTF-8
2019-05-03 11:52:40,477 INFO o.a.j.JMeter: Max memory     =1860698112
2019-05-03 11:52:40,477 INFO o.a.j.JMeter: Available Processors =2
2019-05-03 11:52:40,482 INFO o.a.j.JMeter: Default Locale=English (United States)
2019-05-03 11:52:40,483 INFO o.a.j.JMeter: JMeter  Locale=English (United States)
2019-05-03 11:52:40,483 INFO o.a.j.JMeter: JMeterHome=/mnt/data/benchmark/apache-jmeter-4.0
2019-05-03 11:52:40,483 INFO o.a.j.JMeter: user.dir  =/home/vinaya/sunbird-perf-tests/sunbird-platform
2019-05-03 11:52:40,483 INFO o.a.j.JMeter: PWD       =/home/vinaya/sunbird-perf-tests/sunbird-platform
2019-05-03 11:52:40,486 INFO o.a.j.JMeter: IP: 28.0.0.23 Name: jmeter-lms-1 FullName: 28.0.0.23
2019-05-03 11:52:40,490 INFO o.a.j.s.FileServer: Default base='/home/vinaya/sunbird-perf-tests/sunbird-platform'
2019-05-03 11:52:40,495 INFO o.a.j.s.FileServer: Set new base='/home/vinaya/current_scenario'
2019-05-03 11:52:40,654 INFO o.a.j.s.SaveService: Testplan (JMX) version: 2.2. Testlog (JTL) version: 2.2
2019-05-03 11:52:40,674 INFO o.a.j.s.SaveService: Using SaveService properties file encoding UTF-8
2019-05-03 11:52:40,680 INFO o.a.j.s.SaveService: Using SaveService properties version 4.0
2019-05-03 11:52:40,688 INFO o.a.j.s.SaveService: Loading file: /home/vinaya/current_scenario/system-settings.jmx
2019-05-03 11:52:40,766 INFO o.a.j.p.h.s.HTTPSamplerBase: Parser for text/html is org.apache.jmeter.protocol.http.parser.LagartoBasedHtmlParser
2019-05-03 11:52:40,766 INFO o.a.j.p.h.s.HTTPSamplerBase: Parser for application/xhtml+xml is org.apache.jmeter.protocol.http.parser.LagartoBasedHtmlParser
2019-05-03 11:52:40,766 INFO o.a.j.p.h.s.HTTPSamplerBase: Parser for application/xml is org.apache.jmeter.protocol.http.parser.LagartoBasedHtmlParser
2019-05-03 11:52:40,767 INFO o.a.j.p.h.s.HTTPSamplerBase: Parser for text/xml is org.apache.jmeter.protocol.http.parser.LagartoBasedHtmlParser
2019-05-03 11:52:40,767 INFO o.a.j.p.h.s.HTTPSamplerBase: Parser for text/vnd.wap.wml is org.apache.jmeter.protocol.http.parser.RegexpHTMLParser
2019-05-03 11:52:40,767 INFO o.a.j.p.h.s.HTTPSamplerBase: Parser for text/css is org.apache.jmeter.protocol.http.parser.CssParser
2019-05-03 11:52:40,796 INFO o.a.j.JMeter: Creating summariser <summary>
2019-05-03 11:52:40,800 INFO o.a.j.e.DistributedRunner: Configuring remote engine: 28.0.0.24
2019-05-03 11:52:40,803 INFO o.a.j.r.RmiUtils: Disabling SSL for RMI as server.rmi.ssl.disable is set to 'true'
2019-05-03 11:52:40,897 INFO o.a.j.e.DistributedRunner: Configuring remote engine: 28.0.0.25
2019-05-03 11:52:40,897 INFO o.a.j.r.RmiUtils: Disabling SSL for RMI as server.rmi.ssl.disable is set to 'true'
2019-05-03 11:52:40,908 INFO o.a.j.e.DistributedRunner: Configuring remote engine: 28.0.0.27
2019-05-03 11:52:40,908 INFO o.a.j.r.RmiUtils: Disabling SSL for RMI as server.rmi.ssl.disable is set to 'true'
2019-05-03 11:52:40,919 INFO o.a.j.e.DistributedRunner: Configuring remote engine: 28.0.0.29
2019-05-03 11:52:40,919 INFO o.a.j.r.RmiUtils: Disabling SSL for RMI as server.rmi.ssl.disable is set to 'true'
2019-05-03 11:52:40,928 INFO o.a.j.e.DistributedRunner: Starting remote engines
2019-05-03 11:52:40,930 INFO o.a.j.e.DistributedRunner: Starting the test @ Fri May 03 11:52:40 UTC 2019 (1556884360928)
2019-05-03 11:52:40,930 INFO o.a.j.e.ClientJMeterEngine: running clientengine run method
2019-05-03 11:52:40,933 INFO o.a.j.e.u.CompoundVariable: Note: Function class names must contain the string: '.functions.'
2019-05-03 11:52:40,933 INFO o.a.j.e.u.CompoundVariable: Note: Function class names must not contain the string: '.gui.'
2019-05-03 11:52:41,353 INFO o.a.j.r.RmiUtils: Disabling SSL for RMI as server.rmi.ssl.disable is set to 'true'
2019-05-03 11:52:41,354 INFO o.a.j.r.RmiUtils: Disabling SSL for RMI as server.rmi.ssl.disable is set to 'true'
2019-05-03 11:52:41,356 INFO o.a.j.s.SampleEvent: List of sample_variables: []
2019-05-03 11:52:41,360 INFO o.a.j.s.BatchSampleSender: Using batching (client settings) for this run. Thresholds: num=100, time=60000
2019-05-03 11:52:41,361 INFO o.a.j.s.DataStrippingSampleSender: Using DataStrippingSampleSender for this run
2019-05-03 11:52:41,361 INFO o.a.j.r.RmiUtils: Disabling SSL for RMI as server.rmi.ssl.disable is set to 'true'
2019-05-03 11:52:41,361 INFO o.a.j.r.RmiUtils: Disabling SSL for RMI as server.rmi.ssl.disable is set to 'true'
2019-05-03 11:52:41,361 INFO o.a.j.s.BatchSampleSender: Using batching (client settings) for this run. Thresholds: num=100, time=60000
2019-05-03 11:52:41,361 INFO o.a.j.s.DataStrippingSampleSender: Using DataStrippingSampleSender for this run
2019-05-03 11:52:41,362 INFO o.a.j.r.RmiUtils: Disabling SSL for RMI as server.rmi.ssl.disable is set to 'true'
2019-05-03 11:52:41,362 INFO o.a.j.r.RmiUtils: Disabling SSL for RMI as server.rmi.ssl.disable is set to 'true'
2019-05-03 11:52:41,693 INFO o.a.j.r.RmiUtils: Disabling SSL for RMI as server.rmi.ssl.disable is set to 'true'
2019-05-03 11:52:41,693 INFO o.a.j.r.RmiUtils: Disabling SSL for RMI as server.rmi.ssl.disable is set to 'true'
2019-05-03 11:52:41,753 INFO o.a.j.e.ClientJMeterEngine: sent test to 28.0.0.25 basedir='.'
2019-05-03 11:52:41,753 INFO o.a.j.e.ClientJMeterEngine: Sending properties {}
2019-05-03 11:52:41,756 INFO o.a.j.e.ClientJMeterEngine: sent run command to 28.0.0.25
2019-05-03 11:52:41,757 INFO o.a.j.e.ClientJMeterEngine: running clientengine run method
2019-05-03 11:52:41,757 INFO o.a.j.r.RmiUtils: Disabling SSL for RMI as server.rmi.ssl.disable is set to 'true'
2019-05-03 11:52:41,757 INFO o.a.j.r.RmiUtils: Disabling SSL for RMI as server.rmi.ssl.disable is set to 'true'
2019-05-03 11:52:41,758 INFO o.a.j.s.BatchSampleSender: Using batching (client settings) for this run. Thresholds: num=100, time=60000
2019-05-03 11:52:41,758 INFO o.a.j.s.DataStrippingSampleSender: Using DataStrippingSampleSender for this run
2019-05-03 11:52:41,758 INFO o.a.j.r.RmiUtils: Disabling SSL for RMI as server.rmi.ssl.disable is set to 'true'
2019-05-03 11:52:41,758 INFO o.a.j.r.RmiUtils: Disabling SSL for RMI as server.rmi.ssl.disable is set to 'true'
2019-05-03 11:52:41,758 INFO o.a.j.s.BatchSampleSender: Using batching (client settings) for this run. Thresholds: num=100, time=60000
2019-05-03 11:52:41,758 INFO o.a.j.s.DataStrippingSampleSender: Using DataStrippingSampleSender for this run
2019-05-03 11:52:41,758 INFO o.a.j.r.RmiUtils: Disabling SSL for RMI as server.rmi.ssl.disable is set to 'true'
2019-05-03 11:52:41,758 INFO o.a.j.r.RmiUtils: Disabling SSL for RMI as server.rmi.ssl.disable is set to 'true'
2019-05-03 11:52:41,773 INFO o.a.j.r.RmiUtils: Disabling SSL for RMI as server.rmi.ssl.disable is set to 'true'
2019-05-03 11:52:41,773 INFO o.a.j.r.RmiUtils: Disabling SSL for RMI as server.rmi.ssl.disable is set to 'true'
2019-05-03 11:52:41,773 INFO o.a.j.JMeter: Started remote host:  28.0.0.25 (1556884361773)
2019-05-03 11:52:41,804 INFO o.a.j.e.ClientJMeterEngine: sent test to 28.0.0.24 basedir='.'
2019-05-03 11:52:41,805 INFO o.a.j.e.ClientJMeterEngine: Sending properties {}
2019-05-03 11:52:41,807 INFO o.a.j.e.ClientJMeterEngine: sent run command to 28.0.0.24
2019-05-03 11:52:41,807 INFO o.a.j.e.ClientJMeterEngine: running clientengine run method
2019-05-03 11:52:41,809 INFO o.a.j.r.RmiUtils: Disabling SSL for RMI as server.rmi.ssl.disable is set to 'true'
2019-05-03 11:52:41,809 INFO o.a.j.r.RmiUtils: Disabling SSL for RMI as server.rmi.ssl.disable is set to 'true'
2019-05-03 11:52:41,810 INFO o.a.j.s.BatchSampleSender: Using batching (client settings) for this run. Thresholds: num=100, time=60000
2019-05-03 11:52:41,810 INFO o.a.j.s.DataStrippingSampleSender: Using DataStrippingSampleSender for this run
2019-05-03 11:52:41,810 INFO o.a.j.r.RmiUtils: Disabling SSL for RMI as server.rmi.ssl.disable is set to 'true'
2019-05-03 11:52:41,810 INFO o.a.j.r.RmiUtils: Disabling SSL for RMI as server.rmi.ssl.disable is set to 'true'
2019-05-03 11:52:41,811 INFO o.a.j.s.BatchSampleSender: Using batching (client settings) for this run. Thresholds: num=100, time=60000
2019-05-03 11:52:41,811 INFO o.a.j.s.DataStrippingSampleSender: Using DataStrippingSampleSender for this run
2019-05-03 11:52:41,811 INFO o.a.j.r.RmiUtils: Disabling SSL for RMI as server.rmi.ssl.disable is set to 'true'
2019-05-03 11:52:41,812 INFO o.a.j.r.RmiUtils: Disabling SSL for RMI as server.rmi.ssl.disable is set to 'true'
2019-05-03 11:52:41,817 INFO o.a.j.JMeter: Started remote host:  28.0.0.24 (1556884361817)
2019-05-03 11:52:41,822 INFO o.a.j.r.RmiUtils: Disabling SSL for RMI as server.rmi.ssl.disable is set to 'true'
2019-05-03 11:52:41,822 INFO o.a.j.r.RmiUtils: Disabling SSL for RMI as server.rmi.ssl.disable is set to 'true'
2019-05-03 11:52:41,841 INFO o.a.j.e.ClientJMeterEngine: sent test to 28.0.0.27 basedir='.'
2019-05-03 11:52:41,841 INFO o.a.j.e.ClientJMeterEngine: Sending properties {}
2019-05-03 11:52:41,843 INFO o.a.j.e.ClientJMeterEngine: sent run command to 28.0.0.27
2019-05-03 11:52:41,843 INFO o.a.j.e.ClientJMeterEngine: running clientengine run method
2019-05-03 11:52:41,843 INFO o.a.j.r.RmiUtils: Disabling SSL for RMI as server.rmi.ssl.disable is set to 'true'
2019-05-03 11:52:41,843 INFO o.a.j.r.RmiUtils: Disabling SSL for RMI as server.rmi.ssl.disable is set to 'true'
2019-05-03 11:52:41,843 INFO o.a.j.s.BatchSampleSender: Using batching (client settings) for this run. Thresholds: num=100, time=60000
2019-05-03 11:52:41,844 INFO o.a.j.s.DataStrippingSampleSender: Using DataStrippingSampleSender for this run
2019-05-03 11:52:41,844 INFO o.a.j.r.RmiUtils: Disabling SSL for RMI as server.rmi.ssl.disable is set to 'true'
2019-05-03 11:52:41,844 INFO o.a.j.r.RmiUtils: Disabling SSL for RMI as server.rmi.ssl.disable is set to 'true'
2019-05-03 11:52:41,844 INFO o.a.j.s.BatchSampleSender: Using batching (client settings) for this run. Thresholds: num=100, time=60000
2019-05-03 11:52:41,844 INFO o.a.j.s.DataStrippingSampleSender: Using DataStrippingSampleSender for this run
2019-05-03 11:52:41,844 INFO o.a.j.r.RmiUtils: Disabling SSL for RMI as server.rmi.ssl.disable is set to 'true'
2019-05-03 11:52:41,844 INFO o.a.j.r.RmiUtils: Disabling SSL for RMI as server.rmi.ssl.disable is set to 'true'
2019-05-03 11:52:41,853 INFO o.a.j.r.RmiUtils: Disabling SSL for RMI as server.rmi.ssl.disable is set to 'true'
2019-05-03 11:52:41,853 INFO o.a.j.r.RmiUtils: Disabling SSL for RMI as server.rmi.ssl.disable is set to 'true'
2019-05-03 11:52:41,854 INFO o.a.j.s.SampleResult: Note: Sample TimeStamps are START times
2019-05-03 11:52:41,854 INFO o.a.j.s.SampleResult: sampleresult.default.encoding is set to ISO-8859-1
2019-05-03 11:52:41,854 INFO o.a.j.s.SampleResult: sampleresult.useNanoTime=true
2019-05-03 11:52:41,854 INFO o.a.j.s.SampleResult: sampleresult.nanoThreadSleep=5000
2019-05-03 11:52:41,856 INFO o.a.j.JMeter: Started remote host:  28.0.0.27 (1556884361856)
2019-05-03 11:52:41,880 INFO o.a.j.e.ClientJMeterEngine: sent test to 28.0.0.29 basedir='.'
2019-05-03 11:52:41,881 INFO o.a.j.e.ClientJMeterEngine: Sending properties {}
2019-05-03 11:52:41,882 INFO o.a.j.e.ClientJMeterEngine: sent run command to 28.0.0.29
2019-05-03 11:52:41,882 INFO o.a.j.e.DistributedRunner: Remote engines have been started
2019-05-03 11:52:41,892 INFO o.a.j.JMeter: Started remote host:  28.0.0.29 (1556884361892)
2019-05-03 11:53:00,128 INFO o.a.j.r.Summariser: summary +   6305 in 00:00:18 =  343.4/s Avg:   240 Min:     0 Max:   482 Err:    45 (0.71%) Active: 100 Started: 99 Finished: 0
2019-05-03 11:53:30,344 INFO o.a.j.r.Summariser: summary +  10600 in 00:00:30 =  350.8/s Avg:   281 Min:     0 Max:   662 Err:    17 (0.16%) Active: 100 Started: 99 Finished: 0
2019-05-03 11:53:30,345 INFO o.a.j.r.Summariser: summary =  16905 in 00:00:49 =  348.0/s Avg:   265 Min:     0 Max:   662 Err:    62 (0.37%)
2019-05-03 11:54:00,742 INFO o.a.j.r.Summariser: summary +  11000 in 00:00:30 =  361.9/s Avg:   276 Min:     0 Max:   600 Err:    29 (0.26%) Active: 100 Started: 99 Finished: 0
2019-05-03 11:54:00,743 INFO o.a.j.r.Summariser: summary =  27905 in 00:01:19 =  353.3/s Avg:   269 Min:     0 Max:   662 Err:    91 (0.33%)
2019-05-03 11:54:30,041 INFO o.a.j.r.Summariser: summary +  10500 in 00:00:29 =  358.4/s Avg:   278 Min:     0 Max:  1241 Err:    20 (0.19%) Active: 100 Started: 99 Finished: 0
2019-05-03 11:54:30,041 INFO o.a.j.r.Summariser: summary =  38405 in 00:01:48 =  354.7/s Avg:   272 Min:     0 Max:  1241 Err:   111 (0.29%)
2019-05-03 11:55:00,260 INFO o.a.j.r.Summariser: summary +  10800 in 00:00:30 =  357.4/s Avg:   279 Min:     0 Max:  1084 Err:    12 (0.11%) Active: 100 Started: 99 Finished: 0
2019-05-03 11:55:00,261 INFO o.a.j.r.Summariser: summary =  49205 in 00:02:18 =  355.3/s Avg:   273 Min:     0 Max:  1241 Err:   123 (0.25%)
2019-05-03 11:55:30,156 INFO o.a.j.r.Summariser: summary +  10600 in 00:00:30 =  354.6/s Avg:   283 Min:     0 Max:  1190 Err:    17 (0.16%) Active: 100 Started: 99 Finished: 0
2019-05-03 11:55:30,157 INFO o.a.j.r.Summariser: summary =  59805 in 00:02:48 =  355.2/s Avg:   275 Min:     0 Max:  1241 Err:   140 (0.23%)
2019-05-03 11:56:00,041 INFO o.a.j.r.Summariser: summary +  10900 in 00:00:30 =  364.7/s Avg:   272 Min:     0 Max:  1103 Err:     4 (0.04%) Active: 100 Started: 99 Finished: 0
2019-05-03 11:56:00,042 INFO o.a.j.r.Summariser: summary =  70705 in 00:03:18 =  356.6/s Avg:   275 Min:     0 Max:  1241 Err:   144 (0.20%)
2019-05-03 11:56:30,220 INFO o.a.j.r.Summariser: summary +  10700 in 00:00:30 =  354.6/s Avg:   282 Min:     0 Max:  1182 Err:    15 (0.14%) Active: 100 Started: 99 Finished: 0
2019-05-03 11:56:30,221 INFO o.a.j.r.Summariser: summary =  81405 in 00:03:48 =  356.3/s Avg:   276 Min:     0 Max:  1241 Err:   159 (0.20%)
2019-05-03 11:57:00,126 INFO o.a.j.r.Summariser: summary +  10600 in 00:00:30 =  354.4/s Avg:   282 Min:     0 Max:   952 Err:    16 (0.15%) Active: 96 Started: 99 Finished: 4
2019-05-03 11:57:00,126 INFO o.a.j.r.Summariser: summary =  92005 in 00:04:18 =  356.1/s Avg:   276 Min:     0 Max:  1241 Err:   175 (0.19%)
2019-05-03 11:57:21,934 INFO o.a.j.JMeter: Finished remote host: 28.0.0.29 (1556884641934)
2019-05-03 11:57:22,171 INFO o.a.j.JMeter: Finished remote host: 28.0.0.27 (1556884642171)
2019-05-03 11:57:22,331 INFO o.a.j.JMeter: Finished remote host: 28.0.0.24 (1556884642331)
2019-05-03 11:57:22,422 INFO o.a.j.r.Summariser: summary +   7995 in 00:00:22 =  358.6/s Avg:   205 Min:    10 Max:   719 Err:     0 (0.00%) Active: 0 Started: 99 Finished: 100
2019-05-03 11:57:22,423 INFO o.a.j.r.Summariser: summary = 100000 in 00:04:41 =  356.3/s Avg:   271 Min:     0 Max:  1241 Err:   175 (0.18%)
2019-05-03 11:57:22,423 INFO o.a.j.JMeter: Finished remote host: 28.0.0.25 (1556884642423)
2019-05-03 11:57:27,425 INFO o.a.j.JMeter: Interrupting RMI Reaper
