2019-05-09 11:48:48,410 INFO o.a.j.u.JMeterUtils: Setting Locale to en_US
2019-05-09 11:48:48,426 INFO o.a.j.JMeter: Loading user properties from: /mnt/data/benchmark/apache-jmeter-4.0/bin/user.properties
2019-05-09 11:48:48,426 INFO o.a.j.JMeter: Loading system properties from: /mnt/data/benchmark/apache-jmeter-4.0/bin/system.properties
2019-05-09 11:48:48,432 INFO o.a.j.JMeter: Copyright (c) 1998-2018 The Apache Software Foundation
2019-05-09 11:48:48,432 INFO o.a.j.JMeter: Version 4.0 r1823414
2019-05-09 11:48:48,432 INFO o.a.j.JMeter: java.version=1.8.0_191
2019-05-09 11:48:48,432 INFO o.a.j.JMeter: java.vm.name=OpenJDK 64-Bit Server VM
2019-05-09 11:48:48,433 INFO o.a.j.JMeter: os.name=Linux
2019-05-09 11:48:48,433 INFO o.a.j.JMeter: os.arch=amd64
2019-05-09 11:48:48,433 INFO o.a.j.JMeter: os.version=4.15.0-1041-azure
2019-05-09 11:48:48,433 INFO o.a.j.JMeter: file.encoding=UTF-8
2019-05-09 11:48:48,433 INFO o.a.j.JMeter: Max memory     =1860698112
2019-05-09 11:48:48,433 INFO o.a.j.JMeter: Available Processors =2
2019-05-09 11:48:48,439 INFO o.a.j.JMeter: Default Locale=English (United States)
2019-05-09 11:48:48,439 INFO o.a.j.JMeter: JMeter  Locale=English (United States)
2019-05-09 11:48:48,439 INFO o.a.j.JMeter: JMeterHome=/mnt/data/benchmark/apache-jmeter-4.0
2019-05-09 11:48:48,439 INFO o.a.j.JMeter: user.dir  =/home/rahul-tarento/sunbird-perf-tests/sunbird-platform
2019-05-09 11:48:48,439 INFO o.a.j.JMeter: PWD       =/home/rahul-tarento/sunbird-perf-tests/sunbird-platform
2019-05-09 11:48:48,444 INFO o.a.j.JMeter: IP: 28.0.0.23 Name: jmeter-lms-1 FullName: 28.0.0.23
2019-05-09 11:48:48,448 INFO o.a.j.s.FileServer: Default base='/home/rahul-tarento/sunbird-perf-tests/sunbird-platform'
2019-05-09 11:48:48,458 INFO o.a.j.s.FileServer: Set new base='/home/rahul-tarento/current_scenario'
2019-05-09 11:48:48,638 INFO o.a.j.s.SaveService: Testplan (JMX) version: 2.2. Testlog (JTL) version: 2.2
2019-05-09 11:48:48,665 INFO o.a.j.s.SaveService: Using SaveService properties file encoding UTF-8
2019-05-09 11:48:48,672 INFO o.a.j.s.SaveService: Using SaveService properties version 4.0
2019-05-09 11:48:48,683 INFO o.a.j.s.SaveService: Loading file: /home/rahul-tarento/current_scenario/page-assemble.jmx
2019-05-09 11:48:48,751 INFO o.a.j.p.h.s.HTTPSamplerBase: Parser for text/html is org.apache.jmeter.protocol.http.parser.LagartoBasedHtmlParser
2019-05-09 11:48:48,751 INFO o.a.j.p.h.s.HTTPSamplerBase: Parser for application/xhtml+xml is org.apache.jmeter.protocol.http.parser.LagartoBasedHtmlParser
2019-05-09 11:48:48,751 INFO o.a.j.p.h.s.HTTPSamplerBase: Parser for application/xml is org.apache.jmeter.protocol.http.parser.LagartoBasedHtmlParser
2019-05-09 11:48:48,751 INFO o.a.j.p.h.s.HTTPSamplerBase: Parser for text/xml is org.apache.jmeter.protocol.http.parser.LagartoBasedHtmlParser
2019-05-09 11:48:48,751 INFO o.a.j.p.h.s.HTTPSamplerBase: Parser for text/vnd.wap.wml is org.apache.jmeter.protocol.http.parser.RegexpHTMLParser
2019-05-09 11:48:48,751 INFO o.a.j.p.h.s.HTTPSamplerBase: Parser for text/css is org.apache.jmeter.protocol.http.parser.CssParser
2019-05-09 11:48:48,785 INFO o.a.j.JMeter: Creating summariser <summary>
2019-05-09 11:48:48,788 INFO o.a.j.e.DistributedRunner: Configuring remote engine: 28.0.0.24
2019-05-09 11:48:48,789 INFO o.a.j.r.RmiUtils: Disabling SSL for RMI as server.rmi.ssl.disable is set to 'true'
2019-05-09 11:48:48,880 INFO o.a.j.e.DistributedRunner: Configuring remote engine: 28.0.0.25
2019-05-09 11:48:48,881 INFO o.a.j.r.RmiUtils: Disabling SSL for RMI as server.rmi.ssl.disable is set to 'true'
2019-05-09 11:48:48,892 INFO o.a.j.e.DistributedRunner: Configuring remote engine: 28.0.0.27
2019-05-09 11:48:48,892 INFO o.a.j.r.RmiUtils: Disabling SSL for RMI as server.rmi.ssl.disable is set to 'true'
2019-05-09 11:48:48,905 INFO o.a.j.e.DistributedRunner: Configuring remote engine: 28.0.0.29
2019-05-09 11:48:48,905 INFO o.a.j.r.RmiUtils: Disabling SSL for RMI as server.rmi.ssl.disable is set to 'true'
2019-05-09 11:48:48,914 INFO o.a.j.e.DistributedRunner: Starting remote engines
2019-05-09 11:48:48,916 INFO o.a.j.e.DistributedRunner: Starting the test @ Thu May 09 11:48:48 UTC 2019 (1557402528914)
2019-05-09 11:48:48,916 INFO o.a.j.e.ClientJMeterEngine: running clientengine run method
2019-05-09 11:48:48,920 INFO o.a.j.e.u.CompoundVariable: Note: Function class names must contain the string: '.functions.'
2019-05-09 11:48:48,920 INFO o.a.j.e.u.CompoundVariable: Note: Function class names must not contain the string: '.gui.'
2019-05-09 11:48:49,359 INFO o.a.j.r.RmiUtils: Disabling SSL for RMI as server.rmi.ssl.disable is set to 'true'
2019-05-09 11:48:49,359 INFO o.a.j.r.RmiUtils: Disabling SSL for RMI as server.rmi.ssl.disable is set to 'true'
2019-05-09 11:48:49,362 INFO o.a.j.s.SampleEvent: List of sample_variables: []
2019-05-09 11:48:49,368 INFO o.a.j.s.BatchSampleSender: Using batching (client settings) for this run. Thresholds: num=100, time=60000
2019-05-09 11:48:49,368 INFO o.a.j.s.DataStrippingSampleSender: Using DataStrippingSampleSender for this run
2019-05-09 11:48:49,368 INFO o.a.j.r.RmiUtils: Disabling SSL for RMI as server.rmi.ssl.disable is set to 'true'
2019-05-09 11:48:49,368 INFO o.a.j.r.RmiUtils: Disabling SSL for RMI as server.rmi.ssl.disable is set to 'true'
2019-05-09 11:48:49,369 INFO o.a.j.s.BatchSampleSender: Using batching (client settings) for this run. Thresholds: num=100, time=60000
2019-05-09 11:48:49,369 INFO o.a.j.s.DataStrippingSampleSender: Using DataStrippingSampleSender for this run
2019-05-09 11:48:49,370 INFO o.a.j.r.RmiUtils: Disabling SSL for RMI as server.rmi.ssl.disable is set to 'true'
2019-05-09 11:48:49,370 INFO o.a.j.r.RmiUtils: Disabling SSL for RMI as server.rmi.ssl.disable is set to 'true'
2019-05-09 11:48:49,724 INFO o.a.j.r.RmiUtils: Disabling SSL for RMI as server.rmi.ssl.disable is set to 'true'
2019-05-09 11:48:49,724 INFO o.a.j.r.RmiUtils: Disabling SSL for RMI as server.rmi.ssl.disable is set to 'true'
2019-05-09 11:48:49,797 INFO o.a.j.e.ClientJMeterEngine: sent test to 28.0.0.25 basedir='.'
2019-05-09 11:48:49,797 INFO o.a.j.e.ClientJMeterEngine: Sending properties {}
2019-05-09 11:48:49,802 INFO o.a.j.e.ClientJMeterEngine: sent run command to 28.0.0.25
2019-05-09 11:48:49,802 INFO o.a.j.e.ClientJMeterEngine: running clientengine run method
2019-05-09 11:48:49,804 INFO o.a.j.r.RmiUtils: Disabling SSL for RMI as server.rmi.ssl.disable is set to 'true'
2019-05-09 11:48:49,804 INFO o.a.j.r.RmiUtils: Disabling SSL for RMI as server.rmi.ssl.disable is set to 'true'
2019-05-09 11:48:49,805 INFO o.a.j.s.BatchSampleSender: Using batching (client settings) for this run. Thresholds: num=100, time=60000
2019-05-09 11:48:49,805 INFO o.a.j.s.DataStrippingSampleSender: Using DataStrippingSampleSender for this run
2019-05-09 11:48:49,805 INFO o.a.j.r.RmiUtils: Disabling SSL for RMI as server.rmi.ssl.disable is set to 'true'
2019-05-09 11:48:49,805 INFO o.a.j.r.RmiUtils: Disabling SSL for RMI as server.rmi.ssl.disable is set to 'true'
2019-05-09 11:48:49,805 INFO o.a.j.s.BatchSampleSender: Using batching (client settings) for this run. Thresholds: num=100, time=60000
2019-05-09 11:48:49,806 INFO o.a.j.s.DataStrippingSampleSender: Using DataStrippingSampleSender for this run
2019-05-09 11:48:49,806 INFO o.a.j.r.RmiUtils: Disabling SSL for RMI as server.rmi.ssl.disable is set to 'true'
2019-05-09 11:48:49,806 INFO o.a.j.r.RmiUtils: Disabling SSL for RMI as server.rmi.ssl.disable is set to 'true'
2019-05-09 11:48:49,812 INFO o.a.j.JMeter: Started remote host:  28.0.0.25 (1557402529812)
2019-05-09 11:48:49,823 INFO o.a.j.r.RmiUtils: Disabling SSL for RMI as server.rmi.ssl.disable is set to 'true'
2019-05-09 11:48:49,823 INFO o.a.j.r.RmiUtils: Disabling SSL for RMI as server.rmi.ssl.disable is set to 'true'
2019-05-09 11:48:49,848 INFO o.a.j.e.ClientJMeterEngine: sent test to 28.0.0.24 basedir='.'
2019-05-09 11:48:49,848 INFO o.a.j.e.ClientJMeterEngine: Sending properties {}
2019-05-09 11:48:49,850 INFO o.a.j.e.ClientJMeterEngine: sent run command to 28.0.0.24
2019-05-09 11:48:49,850 INFO o.a.j.e.ClientJMeterEngine: running clientengine run method
2019-05-09 11:48:49,851 INFO o.a.j.r.RmiUtils: Disabling SSL for RMI as server.rmi.ssl.disable is set to 'true'
2019-05-09 11:48:49,851 INFO o.a.j.r.RmiUtils: Disabling SSL for RMI as server.rmi.ssl.disable is set to 'true'
2019-05-09 11:48:49,851 INFO o.a.j.s.BatchSampleSender: Using batching (client settings) for this run. Thresholds: num=100, time=60000
2019-05-09 11:48:49,851 INFO o.a.j.s.DataStrippingSampleSender: Using DataStrippingSampleSender for this run
2019-05-09 11:48:49,851 INFO o.a.j.r.RmiUtils: Disabling SSL for RMI as server.rmi.ssl.disable is set to 'true'
2019-05-09 11:48:49,852 INFO o.a.j.r.RmiUtils: Disabling SSL for RMI as server.rmi.ssl.disable is set to 'true'
2019-05-09 11:48:49,852 INFO o.a.j.s.BatchSampleSender: Using batching (client settings) for this run. Thresholds: num=100, time=60000
2019-05-09 11:48:49,852 INFO o.a.j.s.DataStrippingSampleSender: Using DataStrippingSampleSender for this run
2019-05-09 11:48:49,852 INFO o.a.j.r.RmiUtils: Disabling SSL for RMI as server.rmi.ssl.disable is set to 'true'
2019-05-09 11:48:49,852 INFO o.a.j.r.RmiUtils: Disabling SSL for RMI as server.rmi.ssl.disable is set to 'true'
2019-05-09 11:48:49,861 INFO o.a.j.JMeter: Started remote host:  28.0.0.24 (1557402529861)
2019-05-09 11:48:49,864 INFO o.a.j.r.RmiUtils: Disabling SSL for RMI as server.rmi.ssl.disable is set to 'true'
2019-05-09 11:48:49,864 INFO o.a.j.r.RmiUtils: Disabling SSL for RMI as server.rmi.ssl.disable is set to 'true'
2019-05-09 11:48:49,882 INFO o.a.j.e.ClientJMeterEngine: sent test to 28.0.0.27 basedir='.'
2019-05-09 11:48:49,882 INFO o.a.j.e.ClientJMeterEngine: Sending properties {}
2019-05-09 11:48:49,885 INFO o.a.j.e.ClientJMeterEngine: sent run command to 28.0.0.27
2019-05-09 11:48:49,885 INFO o.a.j.e.ClientJMeterEngine: running clientengine run method
2019-05-09 11:48:49,885 INFO o.a.j.r.RmiUtils: Disabling SSL for RMI as server.rmi.ssl.disable is set to 'true'
2019-05-09 11:48:49,885 INFO o.a.j.r.RmiUtils: Disabling SSL for RMI as server.rmi.ssl.disable is set to 'true'
2019-05-09 11:48:49,886 INFO o.a.j.s.BatchSampleSender: Using batching (client settings) for this run. Thresholds: num=100, time=60000
2019-05-09 11:48:49,886 INFO o.a.j.s.DataStrippingSampleSender: Using DataStrippingSampleSender for this run
2019-05-09 11:48:49,886 INFO o.a.j.r.RmiUtils: Disabling SSL for RMI as server.rmi.ssl.disable is set to 'true'
2019-05-09 11:48:49,886 INFO o.a.j.r.RmiUtils: Disabling SSL for RMI as server.rmi.ssl.disable is set to 'true'
2019-05-09 11:48:49,886 INFO o.a.j.s.BatchSampleSender: Using batching (client settings) for this run. Thresholds: num=100, time=60000
2019-05-09 11:48:49,886 INFO o.a.j.s.DataStrippingSampleSender: Using DataStrippingSampleSender for this run
2019-05-09 11:48:49,886 INFO o.a.j.r.RmiUtils: Disabling SSL for RMI as server.rmi.ssl.disable is set to 'true'
2019-05-09 11:48:49,886 INFO o.a.j.r.RmiUtils: Disabling SSL for RMI as server.rmi.ssl.disable is set to 'true'
2019-05-09 11:48:49,894 INFO o.a.j.JMeter: Started remote host:  28.0.0.27 (1557402529894)
2019-05-09 11:48:49,902 INFO o.a.j.r.RmiUtils: Disabling SSL for RMI as server.rmi.ssl.disable is set to 'true'
2019-05-09 11:48:49,902 INFO o.a.j.r.RmiUtils: Disabling SSL for RMI as server.rmi.ssl.disable is set to 'true'
2019-05-09 11:48:49,922 INFO o.a.j.e.ClientJMeterEngine: sent test to 28.0.0.29 basedir='.'
2019-05-09 11:48:49,922 INFO o.a.j.e.ClientJMeterEngine: Sending properties {}
2019-05-09 11:48:49,924 INFO o.a.j.e.ClientJMeterEngine: sent run command to 28.0.0.29
2019-05-09 11:48:49,924 INFO o.a.j.e.DistributedRunner: Remote engines have been started
2019-05-09 11:48:49,928 INFO o.a.j.JMeter: Started remote host:  28.0.0.29 (1557402529928)
2019-05-09 11:48:50,189 INFO o.a.j.s.SampleResult: Note: Sample TimeStamps are START times
2019-05-09 11:48:50,189 INFO o.a.j.s.SampleResult: sampleresult.default.encoding is set to ISO-8859-1
2019-05-09 11:48:50,189 INFO o.a.j.s.SampleResult: sampleresult.useNanoTime=true
2019-05-09 11:48:50,189 INFO o.a.j.s.SampleResult: sampleresult.nanoThreadSleep=5000
2019-05-09 11:49:00,062 INFO o.a.j.r.Summariser: summary +   3005 in 00:00:10 =  293.2/s Avg:   152 Min:    16 Max:  8765 Err:     0 (0.00%) Active: 60 Started: 60 Finished: 0
2019-05-09 11:49:30,011 INFO o.a.j.r.Summariser: summary +  12400 in 00:00:30 =  414.0/s Avg:   150 Min:    16 Max:  9297 Err:     0 (0.00%) Active: 60 Started: 60 Finished: 0
2019-05-09 11:49:30,012 INFO o.a.j.r.Summariser: summary =  15405 in 00:00:40 =  383.2/s Avg:   150 Min:    16 Max:  9297 Err:     0 (0.00%)
2019-05-09 11:50:00,332 INFO o.a.j.r.Summariser: summary +  12600 in 00:00:30 =  415.5/s Avg:   144 Min:    15 Max:  4646 Err:     0 (0.00%) Active: 60 Started: 60 Finished: 0
2019-05-09 11:50:00,333 INFO o.a.j.r.Summariser: summary =  28005 in 00:01:11 =  397.1/s Avg:   147 Min:    15 Max:  9297 Err:     0 (0.00%)
2019-05-09 11:50:30,057 INFO o.a.j.r.Summariser: summary +  12700 in 00:00:30 =  427.3/s Avg:   138 Min:    16 Max:  4487 Err:     0 (0.00%) Active: 60 Started: 60 Finished: 0
2019-05-09 11:50:30,058 INFO o.a.j.r.Summariser: summary =  40705 in 00:01:40 =  406.1/s Avg:   145 Min:    15 Max:  9297 Err:     0 (0.00%)
2019-05-09 11:51:00,100 INFO o.a.j.r.Summariser: summary +  12200 in 00:00:30 =  406.1/s Avg:   134 Min:    15 Max:  4351 Err:     1 (0.01%) Active: 40 Started: 60 Finished: 20
2019-05-09 11:51:00,101 INFO o.a.j.r.Summariser: summary =  52905 in 00:02:10 =  406.1/s Avg:   142 Min:    15 Max:  9297 Err:     1 (0.00%)
2019-05-09 11:51:22,260 INFO o.a.j.JMeter: Finished remote host: 28.0.0.24 (1557402682260)
2019-05-09 11:51:22,890 INFO o.a.j.JMeter: Finished remote host: 28.0.0.29 (1557402682890)
2019-05-09 11:51:23,504 INFO o.a.j.JMeter: Finished remote host: 28.0.0.27 (1557402683503)
2019-05-09 11:51:24,819 INFO o.a.j.r.Summariser: summary +   7095 in 00:00:25 =  287.0/s Avg:    92 Min:    14 Max:  3494 Err:     0 (0.00%) Active: 0 Started: 60 Finished: 60
2019-05-09 11:51:24,819 INFO o.a.j.r.Summariser: summary =  60000 in 00:02:35 =  387.1/s Avg:   136 Min:    14 Max:  9297 Err:     1 (0.00%)
2019-05-09 11:51:24,820 INFO o.a.j.JMeter: Finished remote host: 28.0.0.25 (1557402684820)
2019-05-09 11:51:29,822 INFO o.a.j.JMeter: Interrupting RMI Reaper
