2019-05-11 09:59:38,510 INFO o.a.j.u.JMeterUtils: Setting Locale to en_US
2019-05-11 09:59:38,525 INFO o.a.j.JMeter: Loading user properties from: /mnt/data/benchmark/apache-jmeter-4.0/bin/user.properties
2019-05-11 09:59:38,526 INFO o.a.j.JMeter: Loading system properties from: /mnt/data/benchmark/apache-jmeter-4.0/bin/system.properties
2019-05-11 09:59:38,532 INFO o.a.j.JMeter: Copyright (c) 1998-2018 The Apache Software Foundation
2019-05-11 09:59:38,532 INFO o.a.j.JMeter: Version 4.0 r1823414
2019-05-11 09:59:38,532 INFO o.a.j.JMeter: java.version=1.8.0_191
2019-05-11 09:59:38,532 INFO o.a.j.JMeter: java.vm.name=OpenJDK 64-Bit Server VM
2019-05-11 09:59:38,533 INFO o.a.j.JMeter: os.name=Linux
2019-05-11 09:59:38,533 INFO o.a.j.JMeter: os.arch=amd64
2019-05-11 09:59:38,533 INFO o.a.j.JMeter: os.version=4.15.0-1041-azure
2019-05-11 09:59:38,533 INFO o.a.j.JMeter: file.encoding=UTF-8
2019-05-11 09:59:38,533 INFO o.a.j.JMeter: Max memory     =1860698112
2019-05-11 09:59:38,533 INFO o.a.j.JMeter: Available Processors =2
2019-05-11 09:59:38,538 INFO o.a.j.JMeter: Default Locale=English (United States)
2019-05-11 09:59:38,539 INFO o.a.j.JMeter: JMeter  Locale=English (United States)
2019-05-11 09:59:38,539 INFO o.a.j.JMeter: JMeterHome=/mnt/data/benchmark/apache-jmeter-4.0
2019-05-11 09:59:38,539 INFO o.a.j.JMeter: user.dir  =/home/rahul-tarento/sunbird-perf-tests/sunbird-platform
2019-05-11 09:59:38,539 INFO o.a.j.JMeter: PWD       =/home/rahul-tarento/sunbird-perf-tests/sunbird-platform
2019-05-11 09:59:38,897 INFO o.a.j.JMeter: IP: 28.0.0.23 Name: jmeter-lms-1 FullName: 28.0.0.23
2019-05-11 09:59:38,900 INFO o.a.j.s.FileServer: Default base='/home/rahul-tarento/sunbird-perf-tests/sunbird-platform'
2019-05-11 09:59:38,910 INFO o.a.j.s.FileServer: Set new base='/home/rahul-tarento/current_scenario'
2019-05-11 09:59:39,089 INFO o.a.j.s.SaveService: Testplan (JMX) version: 2.2. Testlog (JTL) version: 2.2
2019-05-11 09:59:39,118 INFO o.a.j.s.SaveService: Using SaveService properties file encoding UTF-8
2019-05-11 09:59:39,123 INFO o.a.j.s.SaveService: Using SaveService properties version 4.0
2019-05-11 09:59:39,135 INFO o.a.j.s.SaveService: Loading file: /home/rahul-tarento/current_scenario/user-read-with-same-access-token.jmx
2019-05-11 09:59:39,198 INFO o.a.j.p.h.s.HTTPSamplerBase: Parser for text/html is org.apache.jmeter.protocol.http.parser.LagartoBasedHtmlParser
2019-05-11 09:59:39,198 INFO o.a.j.p.h.s.HTTPSamplerBase: Parser for application/xhtml+xml is org.apache.jmeter.protocol.http.parser.LagartoBasedHtmlParser
2019-05-11 09:59:39,199 INFO o.a.j.p.h.s.HTTPSamplerBase: Parser for application/xml is org.apache.jmeter.protocol.http.parser.LagartoBasedHtmlParser
2019-05-11 09:59:39,199 INFO o.a.j.p.h.s.HTTPSamplerBase: Parser for text/xml is org.apache.jmeter.protocol.http.parser.LagartoBasedHtmlParser
2019-05-11 09:59:39,199 INFO o.a.j.p.h.s.HTTPSamplerBase: Parser for text/vnd.wap.wml is org.apache.jmeter.protocol.http.parser.RegexpHTMLParser
2019-05-11 09:59:39,199 INFO o.a.j.p.h.s.HTTPSamplerBase: Parser for text/css is org.apache.jmeter.protocol.http.parser.CssParser
2019-05-11 09:59:39,234 INFO o.a.j.JMeter: Creating summariser <summary>
2019-05-11 09:59:39,238 INFO o.a.j.e.DistributedRunner: Configuring remote engine: 28.0.0.24
2019-05-11 09:59:39,241 INFO o.a.j.r.RmiUtils: Disabling SSL for RMI as server.rmi.ssl.disable is set to 'true'
2019-05-11 09:59:39,331 INFO o.a.j.e.DistributedRunner: Configuring remote engine: 28.0.0.25
2019-05-11 09:59:39,332 INFO o.a.j.r.RmiUtils: Disabling SSL for RMI as server.rmi.ssl.disable is set to 'true'
2019-05-11 09:59:39,340 INFO o.a.j.e.DistributedRunner: Configuring remote engine: 28.0.0.27
2019-05-11 09:59:39,340 INFO o.a.j.r.RmiUtils: Disabling SSL for RMI as server.rmi.ssl.disable is set to 'true'
2019-05-11 09:59:39,350 INFO o.a.j.e.DistributedRunner: Configuring remote engine: 28.0.0.29
2019-05-11 09:59:39,350 INFO o.a.j.r.RmiUtils: Disabling SSL for RMI as server.rmi.ssl.disable is set to 'true'
2019-05-11 09:59:39,358 INFO o.a.j.e.DistributedRunner: Starting remote engines
2019-05-11 09:59:39,360 INFO o.a.j.e.DistributedRunner: Starting the test @ Sat May 11 09:59:39 UTC 2019 (1557568779358)
2019-05-11 09:59:39,360 INFO o.a.j.e.ClientJMeterEngine: running clientengine run method
2019-05-11 09:59:39,364 INFO o.a.j.e.u.CompoundVariable: Note: Function class names must contain the string: '.functions.'
2019-05-11 09:59:39,364 INFO o.a.j.e.u.CompoundVariable: Note: Function class names must not contain the string: '.gui.'
2019-05-11 09:59:39,843 INFO o.a.j.r.RmiUtils: Disabling SSL for RMI as server.rmi.ssl.disable is set to 'true'
2019-05-11 09:59:39,843 INFO o.a.j.r.RmiUtils: Disabling SSL for RMI as server.rmi.ssl.disable is set to 'true'
2019-05-11 09:59:39,845 INFO o.a.j.s.SampleEvent: List of sample_variables: []
2019-05-11 09:59:39,854 INFO o.a.j.s.BatchSampleSender: Using batching (client settings) for this run. Thresholds: num=100, time=60000
2019-05-11 09:59:39,854 INFO o.a.j.s.DataStrippingSampleSender: Using DataStrippingSampleSender for this run
2019-05-11 09:59:39,855 INFO o.a.j.r.RmiUtils: Disabling SSL for RMI as server.rmi.ssl.disable is set to 'true'
2019-05-11 09:59:39,855 INFO o.a.j.r.RmiUtils: Disabling SSL for RMI as server.rmi.ssl.disable is set to 'true'
2019-05-11 09:59:40,218 INFO o.a.j.r.RmiUtils: Disabling SSL for RMI as server.rmi.ssl.disable is set to 'true'
2019-05-11 09:59:40,218 INFO o.a.j.r.RmiUtils: Disabling SSL for RMI as server.rmi.ssl.disable is set to 'true'
2019-05-11 09:59:40,219 INFO o.a.j.r.RmiUtils: Disabling SSL for RMI as server.rmi.ssl.disable is set to 'true'
2019-05-11 09:59:40,219 INFO o.a.j.r.RmiUtils: Disabling SSL for RMI as server.rmi.ssl.disable is set to 'true'
2019-05-11 09:59:40,220 INFO o.a.j.s.BatchSampleSender: Using batching (client settings) for this run. Thresholds: num=100, time=60000
2019-05-11 09:59:40,220 INFO o.a.j.s.DataStrippingSampleSender: Using DataStrippingSampleSender for this run
2019-05-11 09:59:40,307 INFO o.a.j.e.ClientJMeterEngine: sent test to 28.0.0.25 basedir='.'
2019-05-11 09:59:40,307 INFO o.a.j.e.ClientJMeterEngine: Sending properties {}
2019-05-11 09:59:40,311 INFO o.a.j.e.ClientJMeterEngine: sent run command to 28.0.0.25
2019-05-11 09:59:40,311 INFO o.a.j.e.ClientJMeterEngine: running clientengine run method
2019-05-11 09:59:40,312 INFO o.a.j.r.RmiUtils: Disabling SSL for RMI as server.rmi.ssl.disable is set to 'true'
2019-05-11 09:59:40,312 INFO o.a.j.r.RmiUtils: Disabling SSL for RMI as server.rmi.ssl.disable is set to 'true'
2019-05-11 09:59:40,313 INFO o.a.j.s.BatchSampleSender: Using batching (client settings) for this run. Thresholds: num=100, time=60000
2019-05-11 09:59:40,313 INFO o.a.j.s.DataStrippingSampleSender: Using DataStrippingSampleSender for this run
2019-05-11 09:59:40,313 INFO o.a.j.r.RmiUtils: Disabling SSL for RMI as server.rmi.ssl.disable is set to 'true'
2019-05-11 09:59:40,313 INFO o.a.j.r.RmiUtils: Disabling SSL for RMI as server.rmi.ssl.disable is set to 'true'
2019-05-11 09:59:40,319 INFO o.a.j.JMeter: Started remote host:  28.0.0.25 (1557568780319)
2019-05-11 09:59:40,331 INFO o.a.j.r.RmiUtils: Disabling SSL for RMI as server.rmi.ssl.disable is set to 'true'
2019-05-11 09:59:40,331 INFO o.a.j.r.RmiUtils: Disabling SSL for RMI as server.rmi.ssl.disable is set to 'true'
2019-05-11 09:59:40,332 INFO o.a.j.r.RmiUtils: Disabling SSL for RMI as server.rmi.ssl.disable is set to 'true'
2019-05-11 09:59:40,332 INFO o.a.j.r.RmiUtils: Disabling SSL for RMI as server.rmi.ssl.disable is set to 'true'
2019-05-11 09:59:40,333 INFO o.a.j.s.BatchSampleSender: Using batching (client settings) for this run. Thresholds: num=100, time=60000
2019-05-11 09:59:40,333 INFO o.a.j.s.DataStrippingSampleSender: Using DataStrippingSampleSender for this run
2019-05-11 09:59:40,351 INFO o.a.j.e.ClientJMeterEngine: sent test to 28.0.0.24 basedir='.'
2019-05-11 09:59:40,351 INFO o.a.j.e.ClientJMeterEngine: Sending properties {}
2019-05-11 09:59:40,353 INFO o.a.j.e.ClientJMeterEngine: sent run command to 28.0.0.24
2019-05-11 09:59:40,353 INFO o.a.j.e.ClientJMeterEngine: running clientengine run method
2019-05-11 09:59:40,353 INFO o.a.j.r.RmiUtils: Disabling SSL for RMI as server.rmi.ssl.disable is set to 'true'
2019-05-11 09:59:40,353 INFO o.a.j.r.RmiUtils: Disabling SSL for RMI as server.rmi.ssl.disable is set to 'true'
2019-05-11 09:59:40,354 INFO o.a.j.s.BatchSampleSender: Using batching (client settings) for this run. Thresholds: num=100, time=60000
2019-05-11 09:59:40,354 INFO o.a.j.s.DataStrippingSampleSender: Using DataStrippingSampleSender for this run
2019-05-11 09:59:40,354 INFO o.a.j.r.RmiUtils: Disabling SSL for RMI as server.rmi.ssl.disable is set to 'true'
2019-05-11 09:59:40,354 INFO o.a.j.r.RmiUtils: Disabling SSL for RMI as server.rmi.ssl.disable is set to 'true'
2019-05-11 09:59:40,371 INFO o.a.j.JMeter: Started remote host:  28.0.0.24 (1557568780371)
2019-05-11 09:59:40,371 INFO o.a.j.r.RmiUtils: Disabling SSL for RMI as server.rmi.ssl.disable is set to 'true'
2019-05-11 09:59:40,372 INFO o.a.j.r.RmiUtils: Disabling SSL for RMI as server.rmi.ssl.disable is set to 'true'
2019-05-11 09:59:40,373 INFO o.a.j.r.RmiUtils: Disabling SSL for RMI as server.rmi.ssl.disable is set to 'true'
2019-05-11 09:59:40,373 INFO o.a.j.r.RmiUtils: Disabling SSL for RMI as server.rmi.ssl.disable is set to 'true'
2019-05-11 09:59:40,373 INFO o.a.j.s.BatchSampleSender: Using batching (client settings) for this run. Thresholds: num=100, time=60000
2019-05-11 09:59:40,373 INFO o.a.j.s.DataStrippingSampleSender: Using DataStrippingSampleSender for this run
2019-05-11 09:59:40,390 INFO o.a.j.e.ClientJMeterEngine: sent test to 28.0.0.27 basedir='.'
2019-05-11 09:59:40,390 INFO o.a.j.e.ClientJMeterEngine: Sending properties {}
2019-05-11 09:59:40,392 INFO o.a.j.e.ClientJMeterEngine: sent run command to 28.0.0.27
2019-05-11 09:59:40,392 INFO o.a.j.e.ClientJMeterEngine: running clientengine run method
2019-05-11 09:59:40,393 INFO o.a.j.r.RmiUtils: Disabling SSL for RMI as server.rmi.ssl.disable is set to 'true'
2019-05-11 09:59:40,393 INFO o.a.j.r.RmiUtils: Disabling SSL for RMI as server.rmi.ssl.disable is set to 'true'
2019-05-11 09:59:40,393 INFO o.a.j.s.SampleResult: Note: Sample TimeStamps are START times
2019-05-11 09:59:40,393 INFO o.a.j.s.BatchSampleSender: Using batching (client settings) for this run. Thresholds: num=100, time=60000
2019-05-11 09:59:40,393 INFO o.a.j.s.DataStrippingSampleSender: Using DataStrippingSampleSender for this run
2019-05-11 09:59:40,393 INFO o.a.j.s.SampleResult: sampleresult.default.encoding is set to ISO-8859-1
2019-05-11 09:59:40,393 INFO o.a.j.s.SampleResult: sampleresult.useNanoTime=true
2019-05-11 09:59:40,393 INFO o.a.j.r.RmiUtils: Disabling SSL for RMI as server.rmi.ssl.disable is set to 'true'
2019-05-11 09:59:40,393 INFO o.a.j.r.RmiUtils: Disabling SSL for RMI as server.rmi.ssl.disable is set to 'true'
2019-05-11 09:59:40,393 INFO o.a.j.s.SampleResult: sampleresult.nanoThreadSleep=5000
2019-05-11 09:59:40,402 INFO o.a.j.r.RmiUtils: Disabling SSL for RMI as server.rmi.ssl.disable is set to 'true'
2019-05-11 09:59:40,402 INFO o.a.j.r.RmiUtils: Disabling SSL for RMI as server.rmi.ssl.disable is set to 'true'
2019-05-11 09:59:40,408 INFO o.a.j.r.RmiUtils: Disabling SSL for RMI as server.rmi.ssl.disable is set to 'true'
2019-05-11 09:59:40,408 INFO o.a.j.r.RmiUtils: Disabling SSL for RMI as server.rmi.ssl.disable is set to 'true'
2019-05-11 09:59:40,408 INFO o.a.j.s.BatchSampleSender: Using batching (client settings) for this run. Thresholds: num=100, time=60000
2019-05-11 09:59:40,408 INFO o.a.j.s.DataStrippingSampleSender: Using DataStrippingSampleSender for this run
2019-05-11 09:59:40,411 INFO o.a.j.JMeter: Started remote host:  28.0.0.27 (1557568780411)
2019-05-11 09:59:40,438 INFO o.a.j.e.ClientJMeterEngine: sent test to 28.0.0.29 basedir='.'
2019-05-11 09:59:40,438 INFO o.a.j.e.ClientJMeterEngine: Sending properties {}
2019-05-11 09:59:40,441 INFO o.a.j.e.ClientJMeterEngine: sent run command to 28.0.0.29
2019-05-11 09:59:40,442 INFO o.a.j.e.DistributedRunner: Remote engines have been started
2019-05-11 09:59:40,449 INFO o.a.j.JMeter: Started remote host:  28.0.0.29 (1557568780449)
2019-05-11 10:00:00,048 INFO o.a.j.r.Summariser: summary +  36205 in 00:00:20 = 1835.7/s Avg:   278 Min:     5 Max:   743 Err:     0 (0.00%) Active: 600 Started: 599 Finished: 0
2019-05-11 10:00:30,024 INFO o.a.j.r.Summariser: summary +  57200 in 00:00:30 = 1907.8/s Avg:   313 Min:     4 Max:  1203 Err:     0 (0.00%) Active: 600 Started: 599 Finished: 0
2019-05-11 10:00:30,026 INFO o.a.j.r.Summariser: summary =  93405 in 00:00:50 = 1879.2/s Avg:   300 Min:     4 Max:  1203 Err:     0 (0.00%)
2019-05-11 10:01:00,025 INFO o.a.j.r.Summariser: summary +  56600 in 00:00:30 = 1886.6/s Avg:   317 Min:     4 Max:  1120 Err:     0 (0.00%) Active: 600 Started: 599 Finished: 0
2019-05-11 10:01:00,026 INFO o.a.j.r.Summariser: summary = 150005 in 00:01:20 = 1882.0/s Avg:   306 Min:     4 Max:  1203 Err:     0 (0.00%)
2019-05-11 10:01:30,057 INFO o.a.j.r.Summariser: summary +  55600 in 00:00:30 = 1851.5/s Avg:   323 Min:     4 Max:  1657 Err:     0 (0.00%) Active: 600 Started: 599 Finished: 0
2019-05-11 10:01:30,057 INFO o.a.j.r.Summariser: summary = 205605 in 00:01:50 = 1873.6/s Avg:   311 Min:     4 Max:  1657 Err:     0 (0.00%)
2019-05-11 10:02:00,007 INFO o.a.j.r.Summariser: summary +  54900 in 00:00:30 = 1832.9/s Avg:   325 Min:     4 Max:  3296 Err:     0 (0.00%) Active: 600 Started: 599 Finished: 0
2019-05-11 10:02:00,008 INFO o.a.j.r.Summariser: summary = 260505 in 00:02:20 = 1864.9/s Avg:   314 Min:     4 Max:  3296 Err:     0 (0.00%)
2019-05-11 10:02:30,001 INFO o.a.j.r.Summariser: summary +  55800 in 00:00:30 = 1860.4/s Avg:   322 Min:     5 Max:  2175 Err:     0 (0.00%) Active: 600 Started: 599 Finished: 0
2019-05-11 10:02:30,001 INFO o.a.j.r.Summariser: summary = 316305 in 00:02:50 = 1864.1/s Avg:   315 Min:     4 Max:  3296 Err:     0 (0.00%)
2019-05-11 10:03:00,027 INFO o.a.j.r.Summariser: summary +  55300 in 00:00:30 = 1841.7/s Avg:   325 Min:     4 Max:  2001 Err:     0 (0.00%) Active: 600 Started: 599 Finished: 0
2019-05-11 10:03:00,031 INFO o.a.j.r.Summariser: summary = 371605 in 00:03:20 = 1860.7/s Avg:   317 Min:     4 Max:  3296 Err:     0 (0.00%)
2019-05-11 10:03:30,025 INFO o.a.j.r.Summariser: summary +  55700 in 00:00:30 = 1856.9/s Avg:   323 Min:     5 Max:  3605 Err:     0 (0.00%) Active: 600 Started: 599 Finished: 0
2019-05-11 10:03:30,030 INFO o.a.j.r.Summariser: summary = 427305 in 00:03:50 = 1860.2/s Avg:   317 Min:     4 Max:  3605 Err:     0 (0.00%)
2019-05-11 10:04:00,011 INFO o.a.j.r.Summariser: summary +  55500 in 00:00:30 = 1850.9/s Avg:   324 Min:     4 Max:  1965 Err:     0 (0.00%) Active: 600 Started: 599 Finished: 0
2019-05-11 10:04:00,012 INFO o.a.j.r.Summariser: summary = 482805 in 00:04:20 = 1859.1/s Avg:   318 Min:     4 Max:  3605 Err:     0 (0.00%)
2019-05-11 10:04:30,048 INFO o.a.j.r.Summariser: summary +  54700 in 00:00:30 = 1821.1/s Avg:   328 Min:     5 Max:  3196 Err:     0 (0.00%) Active: 600 Started: 599 Finished: 0
2019-05-11 10:04:30,048 INFO o.a.j.r.Summariser: summary = 537505 in 00:04:50 = 1855.2/s Avg:   319 Min:     4 Max:  3605 Err:     0 (0.00%)
2019-05-11 10:05:00,059 INFO o.a.j.r.Summariser: summary +  54100 in 00:00:30 = 1802.7/s Avg:   329 Min:     4 Max:  3560 Err:     0 (0.00%) Active: 600 Started: 599 Finished: 0
2019-05-11 10:05:00,060 INFO o.a.j.r.Summariser: summary = 591605 in 00:05:20 = 1850.3/s Avg:   320 Min:     4 Max:  3605 Err:     0 (0.00%)
2019-05-11 10:05:30,002 INFO o.a.j.r.Summariser: summary +  56300 in 00:00:30 = 1880.2/s Avg:   322 Min:     4 Max:  3479 Err:     0 (0.00%) Active: 600 Started: 599 Finished: 0
2019-05-11 10:05:30,002 INFO o.a.j.r.Summariser: summary = 647905 in 00:05:50 = 1852.8/s Avg:   320 Min:     4 Max:  3605 Err:     0 (0.00%)
2019-05-11 10:06:00,029 INFO o.a.j.r.Summariser: summary +  55800 in 00:00:30 = 1858.3/s Avg:   322 Min:     5 Max:  3342 Err:     1 (0.00%) Active: 600 Started: 599 Finished: 0
2019-05-11 10:06:00,030 INFO o.a.j.r.Summariser: summary = 703705 in 00:06:20 = 1853.3/s Avg:   320 Min:     4 Max:  3605 Err:     1 (0.00%)
2019-05-11 10:06:30,005 INFO o.a.j.r.Summariser: summary +  55900 in 00:00:30 = 1864.8/s Avg:   321 Min:     5 Max:  2154 Err:     0 (0.00%) Active: 600 Started: 599 Finished: 0
2019-05-11 10:06:30,006 INFO o.a.j.r.Summariser: summary = 759605 in 00:06:50 = 1854.1/s Avg:   320 Min:     4 Max:  3605 Err:     1 (0.00%)
2019-05-11 10:07:00,041 INFO o.a.j.r.Summariser: summary +  55700 in 00:00:30 = 1854.5/s Avg:   322 Min:     5 Max:  2075 Err:     0 (0.00%) Active: 600 Started: 599 Finished: 0
2019-05-11 10:07:00,041 INFO o.a.j.r.Summariser: summary = 815305 in 00:07:20 = 1854.1/s Avg:   321 Min:     4 Max:  3605 Err:     1 (0.00%)
2019-05-11 10:07:30,186 INFO o.a.j.r.Summariser: summary +  56100 in 00:00:30 = 1860.9/s Avg:   321 Min:     4 Max:  3266 Err:     0 (0.00%) Active: 600 Started: 599 Finished: 0
2019-05-11 10:07:30,187 INFO o.a.j.r.Summariser: summary = 871405 in 00:07:50 = 1854.6/s Avg:   321 Min:     4 Max:  3605 Err:     1 (0.00%)
2019-05-11 10:08:00,098 INFO o.a.j.r.Summariser: summary +  55800 in 00:00:30 = 1865.5/s Avg:   322 Min:     4 Max:  3300 Err:     0 (0.00%) Active: 600 Started: 599 Finished: 0
2019-05-11 10:08:00,100 INFO o.a.j.r.Summariser: summary = 927205 in 00:08:20 = 1855.2/s Avg:   321 Min:     4 Max:  3605 Err:     1 (0.00%)
2019-05-11 10:08:30,032 INFO o.a.j.r.Summariser: summary +  55200 in 00:00:30 = 1844.1/s Avg:   326 Min:     5 Max:  3442 Err:     0 (0.00%) Active: 600 Started: 599 Finished: 0
2019-05-11 10:08:30,032 INFO o.a.j.r.Summariser: summary = 982405 in 00:08:50 = 1854.6/s Avg:   321 Min:     4 Max:  3605 Err:     1 (0.00%)
2019-05-11 10:09:00,061 INFO o.a.j.r.Summariser: summary +  54700 in 00:00:30 = 1821.6/s Avg:   327 Min:     4 Max:  3258 Err:     0 (0.00%) Active: 600 Started: 599 Finished: 0
2019-05-11 10:09:00,062 INFO o.a.j.r.Summariser: summary = 1037105 in 00:09:20 = 1852.8/s Avg:   321 Min:     4 Max:  3605 Err:     1 (0.00%)
2019-05-11 10:09:30,023 INFO o.a.j.r.Summariser: summary +  56200 in 00:00:30 = 1875.7/s Avg:   320 Min:     5 Max:  2300 Err:     0 (0.00%) Active: 600 Started: 599 Finished: 0
2019-05-11 10:09:30,024 INFO o.a.j.r.Summariser: summary = 1093305 in 00:09:50 = 1854.0/s Avg:   321 Min:     4 Max:  3605 Err:     1 (0.00%)
2019-05-11 10:10:00,122 INFO o.a.j.r.Summariser: summary +  56100 in 00:00:30 = 1864.0/s Avg:   321 Min:     4 Max:  3257 Err:     0 (0.00%) Active: 600 Started: 599 Finished: 0
2019-05-11 10:10:00,123 INFO o.a.j.r.Summariser: summary = 1149405 in 00:10:20 = 1854.5/s Avg:   321 Min:     4 Max:  3605 Err:     1 (0.00%)
2019-05-11 10:10:30,016 INFO o.a.j.r.Summariser: summary +  55900 in 00:00:30 = 1869.8/s Avg:   319 Min:     4 Max:  3263 Err:     0 (0.00%) Active: 600 Started: 599 Finished: 0
2019-05-11 10:10:30,017 INFO o.a.j.r.Summariser: summary = 1205305 in 00:10:50 = 1855.2/s Avg:   321 Min:     4 Max:  3605 Err:     1 (0.00%)
2019-05-11 10:11:00,061 INFO o.a.j.r.Summariser: summary +  55400 in 00:00:30 = 1843.9/s Avg:   325 Min:     4 Max:  3294 Err:     1 (0.00%) Active: 600 Started: 599 Finished: 0
2019-05-11 10:11:00,062 INFO o.a.j.r.Summariser: summary = 1260705 in 00:11:20 = 1854.7/s Avg:   321 Min:     4 Max:  3605 Err:     2 (0.00%)
2019-05-11 10:11:30,029 INFO o.a.j.r.Summariser: summary +  55900 in 00:00:30 = 1865.4/s Avg:   321 Min:     5 Max:  3232 Err:     0 (0.00%) Active: 600 Started: 599 Finished: 0
2019-05-11 10:11:30,029 INFO o.a.j.r.Summariser: summary = 1316605 in 00:11:50 = 1855.1/s Avg:   321 Min:     4 Max:  3605 Err:     2 (0.00%)
2019-05-11 10:12:00,020 INFO o.a.j.r.Summariser: summary +  55900 in 00:00:30 = 1863.9/s Avg:   320 Min:     5 Max:  3111 Err:     1 (0.00%) Active: 600 Started: 599 Finished: 0
2019-05-11 10:12:00,020 INFO o.a.j.r.Summariser: summary = 1372505 in 00:12:20 = 1855.5/s Avg:   321 Min:     4 Max:  3605 Err:     3 (0.00%)
2019-05-11 10:12:30,078 INFO o.a.j.r.Summariser: summary +  56000 in 00:00:30 = 1863.1/s Avg:   319 Min:     5 Max:  3511 Err:     0 (0.00%) Active: 580 Started: 599 Finished: 20
2019-05-11 10:12:30,078 INFO o.a.j.r.Summariser: summary = 1428505 in 00:12:50 = 1855.8/s Avg:   321 Min:     4 Max:  3605 Err:     3 (0.00%)
2019-05-11 10:13:00,066 INFO o.a.j.r.Summariser: summary +  56800 in 00:00:30 = 1894.2/s Avg:   258 Min:     4 Max:  1597 Err:     0 (0.00%) Active: 272 Started: 599 Finished: 328
2019-05-11 10:13:00,066 INFO o.a.j.r.Summariser: summary = 1485305 in 00:13:20 = 1857.2/s Avg:   319 Min:     4 Max:  3605 Err:     3 (0.00%)
2019-05-11 10:13:07,697 INFO o.a.j.JMeter: Finished remote host: 28.0.0.29 (1557569587697)
2019-05-11 10:13:07,860 INFO o.a.j.JMeter: Finished remote host: 28.0.0.25 (1557569587860)
2019-05-11 10:13:07,945 INFO o.a.j.JMeter: Finished remote host: 28.0.0.24 (1557569587944)
2019-05-11 10:13:08,482 INFO o.a.j.r.Summariser: summary +  14695 in 00:00:08 = 1745.9/s Avg:    93 Min:     4 Max:  3298 Err:     0 (0.00%) Active: 0 Started: 599 Finished: 600
2019-05-11 10:13:08,483 INFO o.a.j.r.Summariser: summary = 1500000 in 00:13:28 = 1856.1/s Avg:   316 Min:     4 Max:  3605 Err:     3 (0.00%)
2019-05-11 10:13:08,484 INFO o.a.j.JMeter: Finished remote host: 28.0.0.27 (1557569588484)
2019-05-11 10:13:13,486 INFO o.a.j.JMeter: Interrupting RMI Reaper
