Creating summariser <summary>
Created the tree successfully using /home/rahul-tarento/current_scenario/user-read-with-same-access-token.jmx
Configuring remote engine: 28.0.0.24
Configuring remote engine: 28.0.0.25
Configuring remote engine: 28.0.0.27
Configuring remote engine: 28.0.0.29
Starting remote engines
Starting the test @ Sat May 11 09:59:39 UTC 2019 (1557568779358)
Remote engines have been started
Waiting for possible Shutdown/StopTestNow/Heapdump message on port 4445
summary +  36205 in 00:00:20 = 1835.7/s Avg:   278 Min:     5 Max:   743 Err:     0 (0.00%) Active: 600 Started: 599 Finished: 0
summary +  57200 in 00:00:30 = 1907.8/s Avg:   313 Min:     4 Max:  1203 Err:     0 (0.00%) Active: 600 Started: 599 Finished: 0
summary =  93405 in 00:00:50 = 1879.2/s Avg:   300 Min:     4 Max:  1203 Err:     0 (0.00%)
summary +  56600 in 00:00:30 = 1886.6/s Avg:   317 Min:     4 Max:  1120 Err:     0 (0.00%) Active: 600 Started: 599 Finished: 0
summary = 150005 in 00:01:20 = 1882.0/s Avg:   306 Min:     4 Max:  1203 Err:     0 (0.00%)
summary +  55600 in 00:00:30 = 1851.5/s Avg:   323 Min:     4 Max:  1657 Err:     0 (0.00%) Active: 600 Started: 599 Finished: 0
summary = 205605 in 00:01:50 = 1873.6/s Avg:   311 Min:     4 Max:  1657 Err:     0 (0.00%)
summary +  54900 in 00:00:30 = 1832.9/s Avg:   325 Min:     4 Max:  3296 Err:     0 (0.00%) Active: 600 Started: 599 Finished: 0
summary = 260505 in 00:02:20 = 1864.9/s Avg:   314 Min:     4 Max:  3296 Err:     0 (0.00%)
summary +  55800 in 00:00:30 = 1860.4/s Avg:   322 Min:     5 Max:  2175 Err:     0 (0.00%) Active: 600 Started: 599 Finished: 0
summary = 316305 in 00:02:50 = 1864.1/s Avg:   315 Min:     4 Max:  3296 Err:     0 (0.00%)
summary +  55300 in 00:00:30 = 1841.7/s Avg:   325 Min:     4 Max:  2001 Err:     0 (0.00%) Active: 600 Started: 599 Finished: 0
summary = 371605 in 00:03:20 = 1860.7/s Avg:   317 Min:     4 Max:  3296 Err:     0 (0.00%)
summary +  55700 in 00:00:30 = 1856.9/s Avg:   323 Min:     5 Max:  3605 Err:     0 (0.00%) Active: 600 Started: 599 Finished: 0
summary = 427305 in 00:03:50 = 1860.2/s Avg:   317 Min:     4 Max:  3605 Err:     0 (0.00%)
summary +  55500 in 00:00:30 = 1850.9/s Avg:   324 Min:     4 Max:  1965 Err:     0 (0.00%) Active: 600 Started: 599 Finished: 0
summary = 482805 in 00:04:20 = 1859.1/s Avg:   318 Min:     4 Max:  3605 Err:     0 (0.00%)
summary +  54700 in 00:00:30 = 1821.1/s Avg:   328 Min:     5 Max:  3196 Err:     0 (0.00%) Active: 600 Started: 599 Finished: 0
summary = 537505 in 00:04:50 = 1855.2/s Avg:   319 Min:     4 Max:  3605 Err:     0 (0.00%)
summary +  54100 in 00:00:30 = 1802.7/s Avg:   329 Min:     4 Max:  3560 Err:     0 (0.00%) Active: 600 Started: 599 Finished: 0
summary = 591605 in 00:05:20 = 1850.3/s Avg:   320 Min:     4 Max:  3605 Err:     0 (0.00%)
summary +  56300 in 00:00:30 = 1880.2/s Avg:   322 Min:     4 Max:  3479 Err:     0 (0.00%) Active: 600 Started: 599 Finished: 0
summary = 647905 in 00:05:50 = 1852.8/s Avg:   320 Min:     4 Max:  3605 Err:     0 (0.00%)
summary +  55800 in 00:00:30 = 1858.3/s Avg:   322 Min:     5 Max:  3342 Err:     1 (0.00%) Active: 600 Started: 599 Finished: 0
summary = 703705 in 00:06:20 = 1853.3/s Avg:   320 Min:     4 Max:  3605 Err:     1 (0.00%)
summary +  55900 in 00:00:30 = 1864.8/s Avg:   321 Min:     5 Max:  2154 Err:     0 (0.00%) Active: 600 Started: 599 Finished: 0
summary = 759605 in 00:06:50 = 1854.1/s Avg:   320 Min:     4 Max:  3605 Err:     1 (0.00%)
summary +  55700 in 00:00:30 = 1854.5/s Avg:   322 Min:     5 Max:  2075 Err:     0 (0.00%) Active: 600 Started: 599 Finished: 0
summary = 815305 in 00:07:20 = 1854.1/s Avg:   321 Min:     4 Max:  3605 Err:     1 (0.00%)
summary +  56100 in 00:00:30 = 1860.9/s Avg:   321 Min:     4 Max:  3266 Err:     0 (0.00%) Active: 600 Started: 599 Finished: 0
summary = 871405 in 00:07:50 = 1854.6/s Avg:   321 Min:     4 Max:  3605 Err:     1 (0.00%)
summary +  55800 in 00:00:30 = 1865.5/s Avg:   322 Min:     4 Max:  3300 Err:     0 (0.00%) Active: 600 Started: 599 Finished: 0
summary = 927205 in 00:08:20 = 1855.2/s Avg:   321 Min:     4 Max:  3605 Err:     1 (0.00%)
summary +  55200 in 00:00:30 = 1844.1/s Avg:   326 Min:     5 Max:  3442 Err:     0 (0.00%) Active: 600 Started: 599 Finished: 0
summary = 982405 in 00:08:50 = 1854.6/s Avg:   321 Min:     4 Max:  3605 Err:     1 (0.00%)
summary +  54700 in 00:00:30 = 1821.6/s Avg:   327 Min:     4 Max:  3258 Err:     0 (0.00%) Active: 600 Started: 599 Finished: 0
summary = 1037105 in 00:09:20 = 1852.8/s Avg:   321 Min:     4 Max:  3605 Err:     1 (0.00%)
summary +  56200 in 00:00:30 = 1875.7/s Avg:   320 Min:     5 Max:  2300 Err:     0 (0.00%) Active: 600 Started: 599 Finished: 0
summary = 1093305 in 00:09:50 = 1854.0/s Avg:   321 Min:     4 Max:  3605 Err:     1 (0.00%)
summary +  56100 in 00:00:30 = 1864.0/s Avg:   321 Min:     4 Max:  3257 Err:     0 (0.00%) Active: 600 Started: 599 Finished: 0
summary = 1149405 in 00:10:20 = 1854.5/s Avg:   321 Min:     4 Max:  3605 Err:     1 (0.00%)
summary +  55900 in 00:00:30 = 1869.8/s Avg:   319 Min:     4 Max:  3263 Err:     0 (0.00%) Active: 600 Started: 599 Finished: 0
summary = 1205305 in 00:10:50 = 1855.2/s Avg:   321 Min:     4 Max:  3605 Err:     1 (0.00%)
summary +  55400 in 00:00:30 = 1843.9/s Avg:   325 Min:     4 Max:  3294 Err:     1 (0.00%) Active: 600 Started: 599 Finished: 0
summary = 1260705 in 00:11:20 = 1854.7/s Avg:   321 Min:     4 Max:  3605 Err:     2 (0.00%)
summary +  55900 in 00:00:30 = 1865.4/s Avg:   321 Min:     5 Max:  3232 Err:     0 (0.00%) Active: 600 Started: 599 Finished: 0
summary = 1316605 in 00:11:50 = 1855.1/s Avg:   321 Min:     4 Max:  3605 Err:     2 (0.00%)
summary +  55900 in 00:00:30 = 1863.9/s Avg:   320 Min:     5 Max:  3111 Err:     1 (0.00%) Active: 600 Started: 599 Finished: 0
summary = 1372505 in 00:12:20 = 1855.5/s Avg:   321 Min:     4 Max:  3605 Err:     3 (0.00%)
summary +  56000 in 00:00:30 = 1863.1/s Avg:   319 Min:     5 Max:  3511 Err:     0 (0.00%) Active: 580 Started: 599 Finished: 20
summary = 1428505 in 00:12:50 = 1855.8/s Avg:   321 Min:     4 Max:  3605 Err:     3 (0.00%)
summary +  56800 in 00:00:30 = 1894.2/s Avg:   258 Min:     4 Max:  1597 Err:     0 (0.00%) Active: 272 Started: 599 Finished: 328
summary = 1485305 in 00:13:20 = 1857.2/s Avg:   319 Min:     4 Max:  3605 Err:     3 (0.00%)
summary +  14695 in 00:00:08 = 1745.9/s Avg:    93 Min:     4 Max:  3298 Err:     0 (0.00%) Active: 0 Started: 599 Finished: 600
summary = 1500000 in 00:13:28 = 1856.1/s Avg:   316 Min:     4 Max:  3605 Err:     3 (0.00%)
Tidying up remote @ Sat May 11 10:13:08 UTC 2019 (1557569588484)
... end of run
