Creating summariser <summary>
Created the tree successfully using /home/vinaya/current_scenario/system-settings.jmx
Configuring remote engine: 28.0.0.24
Configuring remote engine: 28.0.0.25
Configuring remote engine: 28.0.0.27
Configuring remote engine: 28.0.0.29
Starting remote engines
Starting the test @ Tue May 07 15:45:57 UTC 2019 (1557243957178)
Remote engines have been started
Waiting for possible Shutdown/StopTestNow/Heapdump message on port 4445
summary +    805 in 00:00:02 =  359.7/s Avg:    37 Min:     9 Max:   203 Err:     0 (0.00%) Active: 44 Started: 43 Finished: 0
summary +  36500 in 00:00:30 = 1226.9/s Avg:    78 Min:     5 Max:   725 Err:     0 (0.00%) Active: 100 Started: 99 Finished: 0
summary =  37305 in 00:00:32 = 1166.2/s Avg:    77 Min:     5 Max:   725 Err:     0 (0.00%)
summary +  19300 in 00:00:30 =  634.8/s Avg:   146 Min:     4 Max:  1252 Err:     0 (0.00%) Active: 100 Started: 99 Finished: 0
summary =  56605 in 00:01:02 =  907.3/s Avg:   101 Min:     4 Max:  1252 Err:     0 (0.00%)
summary +   3900 in 00:00:30 =  130.6/s Avg:   754 Min:     4 Max:  1235 Err:     0 (0.00%) Active: 100 Started: 99 Finished: 0
summary =  60505 in 00:01:32 =  655.9/s Avg:   143 Min:     4 Max:  1252 Err:     0 (0.00%)
summary +   3000 in 00:00:31 =   95.9/s Avg:  1013 Min:     6 Max:  1090 Err:     0 (0.00%) Active: 100 Started: 99 Finished: 0
summary =  63505 in 00:02:04 =  514.0/s Avg:   184 Min:     4 Max:  1252 Err:     0 (0.00%)
summary +  25000 in 00:00:28 =  879.4/s Avg:   126 Min:     3 Max:  3129 Err:     0 (0.00%) Active: 90 Started: 99 Finished: 10
summary =  88505 in 00:02:32 =  582.4/s Avg:   168 Min:     3 Max:  3129 Err:     0 (0.00%)
summary +  11495 in 00:00:09 = 1293.3/s Avg:    46 Min:     4 Max:  1253 Err:     1 (0.01%) Active: 0 Started: 99 Finished: 100
summary = 100000 in 00:02:41 =  621.7/s Avg:   154 Min:     3 Max:  3129 Err:     1 (0.00%)
Tidying up remote @ Tue May 07 15:48:38 UTC 2019 (1557244118894)
... end of run
