Creating summariser <summary>
Created the tree successfully using /home/vinaya/current_scenario/system-settings.jmx
Configuring remote engine: 28.0.0.24
Configuring remote engine: 28.0.0.25
Configuring remote engine: 28.0.0.27
Configuring remote engine: 28.0.0.29
Starting remote engines
Starting the test @ Tue May 07 15:50:59 UTC 2019 (1557244259100)
Remote engines have been started
Waiting for possible Shutdown/StopTestNow/Heapdump message on port 4445
summary +      1 in 00:00:00 =    6.5/s Avg:    11 Min:    11 Max:    11 Err:     0 (0.00%) Active: 1 Started: 1 Finished: 0
summary +  48604 in 00:00:30 = 1618.6/s Avg:   220 Min:     5 Max:  2383 Err:     1 (0.00%) Active: 400 Started: 400 Finished: 0
summary =  48605 in 00:00:30 = 1610.3/s Avg:   220 Min:     5 Max:  2383 Err:     1 (0.00%)
summary +  18700 in 00:00:30 =  623.9/s Avg:   633 Min:     4 Max:  1684 Err:     0 (0.00%) Active: 400 Started: 400 Finished: 0
summary =  67305 in 00:01:00 = 1118.9/s Avg:   335 Min:     4 Max:  2383 Err:     1 (0.00%)
summary +  11700 in 00:00:30 =  390.9/s Avg:  1018 Min:     4 Max:  3053 Err:     0 (0.00%) Active: 400 Started: 400 Finished: 0
summary =  79005 in 00:01:30 =  877.0/s Avg:   436 Min:     4 Max:  3053 Err:     1 (0.00%)
summary +  11700 in 00:00:30 =  389.5/s Avg:  1023 Min:     4 Max:  3062 Err:     0 (0.00%) Active: 400 Started: 400 Finished: 0
summary =  90705 in 00:02:00 =  755.1/s Avg:   512 Min:     4 Max:  3062 Err:     1 (0.00%)
summary +  12400 in 00:00:30 =  414.1/s Avg:   977 Min:     5 Max:  3038 Err:     0 (0.00%) Active: 400 Started: 400 Finished: 0
summary = 103105 in 00:02:30 =  687.1/s Avg:   568 Min:     4 Max:  3062 Err:     1 (0.00%)
summary +  18700 in 00:00:30 =  615.0/s Avg:   628 Min:     4 Max:  3250 Err:     0 (0.00%) Active: 400 Started: 400 Finished: 0
summary = 121805 in 00:03:00 =  674.9/s Avg:   577 Min:     4 Max:  3250 Err:     1 (0.00%)
summary +  11700 in 00:00:30 =  390.7/s Avg:  1017 Min:     3 Max:  3252 Err:     0 (0.00%) Active: 400 Started: 400 Finished: 0
summary = 133505 in 00:03:30 =  634.5/s Avg:   616 Min:     3 Max:  3252 Err:     1 (0.00%)
summary +  11700 in 00:00:30 =  394.0/s Avg:  1024 Min:     3 Max:  3109 Err:     0 (0.00%) Active: 400 Started: 400 Finished: 0
summary = 145205 in 00:04:00 =  604.7/s Avg:   649 Min:     3 Max:  3252 Err:     1 (0.00%)
summary +  11900 in 00:00:30 =  394.7/s Avg:  1005 Min:     3 Max:  3287 Err:     0 (0.00%) Active: 400 Started: 400 Finished: 0
summary = 157105 in 00:04:30 =  581.3/s Avg:   676 Min:     3 Max:  3287 Err:     1 (0.00%)
summary +  19800 in 00:00:30 =  664.5/s Avg:   617 Min:     3 Max:  3288 Err:     1 (0.01%) Active: 400 Started: 400 Finished: 0
summary = 176905 in 00:05:00 =  589.6/s Avg:   669 Min:     3 Max:  3288 Err:     2 (0.00%)
summary +  12200 in 00:00:30 =  405.7/s Avg:   980 Min:     5 Max:  3094 Err:     0 (0.00%) Active: 400 Started: 400 Finished: 0
summary = 189105 in 00:05:30 =  572.8/s Avg:   689 Min:     3 Max:  3288 Err:     2 (0.00%)
summary +  12000 in 00:00:30 =  398.0/s Avg:  1004 Min:     5 Max:  3068 Err:     0 (0.00%) Active: 400 Started: 400 Finished: 0
summary = 201105 in 00:06:00 =  558.2/s Avg:   708 Min:     3 Max:  3288 Err:     2 (0.00%)
summary +  12000 in 00:00:30 =  397.9/s Avg:  1007 Min:     4 Max:  3066 Err:     0 (0.00%) Active: 400 Started: 400 Finished: 0
summary = 213105 in 00:06:30 =  545.8/s Avg:   725 Min:     3 Max:  3288 Err:     2 (0.00%)
summary +  18000 in 00:00:30 =  606.4/s Avg:   640 Min:     3 Max:  3291 Err:     0 (0.00%) Active: 400 Started: 400 Finished: 0
summary = 231105 in 00:07:00 =  550.1/s Avg:   718 Min:     3 Max:  3291 Err:     2 (0.00%)
summary +  12600 in 00:00:30 =  417.0/s Avg:   970 Min:     3 Max:  3262 Err:     1 (0.01%) Active: 400 Started: 400 Finished: 0
summary = 243705 in 00:07:30 =  541.1/s Avg:   731 Min:     3 Max:  3291 Err:     3 (0.00%)
summary +  12000 in 00:00:30 =  396.7/s Avg:  1002 Min:     3 Max:  3289 Err:     0 (0.00%) Active: 400 Started: 400 Finished: 0
summary = 255705 in 00:08:01 =  532.1/s Avg:   744 Min:     3 Max:  3291 Err:     3 (0.00%)
summary +  11800 in 00:00:29 =  400.5/s Avg:  1007 Min:     3 Max:  7280 Err:     0 (0.00%) Active: 400 Started: 400 Finished: 0
summary = 267505 in 00:08:30 =  524.5/s Avg:   755 Min:     3 Max:  7280 Err:     3 (0.00%)
summary +  18600 in 00:00:30 =  610.7/s Avg:   659 Min:     4 Max:  7275 Err:     0 (0.00%) Active: 400 Started: 400 Finished: 0
summary = 286105 in 00:09:01 =  529.3/s Avg:   749 Min:     3 Max:  7280 Err:     3 (0.00%)
summary +  12800 in 00:00:30 =  430.6/s Avg:   932 Min:     4 Max:  7155 Err:     0 (0.00%) Active: 400 Started: 400 Finished: 0
summary = 298905 in 00:09:30 =  524.2/s Avg:   757 Min:     3 Max:  7280 Err:     3 (0.00%)
summary +  12000 in 00:00:30 =  399.6/s Avg:  1000 Min:     4 Max:  3090 Err:     0 (0.00%) Active: 400 Started: 400 Finished: 0
summary = 310905 in 00:10:00 =  517.9/s Avg:   766 Min:     3 Max:  7280 Err:     3 (0.00%)
summary +  12000 in 00:00:31 =  393.1/s Avg:  1014 Min:     5 Max:  3117 Err:     1 (0.01%) Active: 400 Started: 400 Finished: 0
summary = 322905 in 00:10:31 =  511.9/s Avg:   776 Min:     3 Max:  7280 Err:     4 (0.00%)
summary +  17500 in 00:00:29 =  597.1/s Avg:   668 Min:     3 Max:  3144 Err:     1 (0.01%) Active: 397 Started: 400 Finished: 3
summary = 340405 in 00:11:00 =  515.7/s Avg:   770 Min:     3 Max:  7280 Err:     5 (0.00%)
summary +  12800 in 00:00:30 =  426.6/s Avg:   897 Min:     3 Max:  3261 Err:     0 (0.00%) Active: 392 Started: 400 Finished: 8
summary = 353205 in 00:11:30 =  511.8/s Avg:   775 Min:     3 Max:  7280 Err:     5 (0.00%)
summary +  12200 in 00:00:30 =  404.5/s Avg:   960 Min:     3 Max:  3270 Err:     0 (0.00%) Active: 367 Started: 400 Finished: 33
summary = 365405 in 00:12:00 =  507.3/s Avg:   781 Min:     3 Max:  7280 Err:     5 (0.00%)
summary +  11700 in 00:00:30 =  392.3/s Avg:   903 Min:     3 Max:  3264 Err:     0 (0.00%) Active: 332 Started: 400 Finished: 68
summary = 377105 in 00:12:30 =  502.7/s Avg:   785 Min:     3 Max:  7280 Err:     5 (0.00%)
summary +  17500 in 00:00:30 =  578.2/s Avg:   460 Min:     3 Max:  3195 Err:     0 (0.00%) Active: 136 Started: 400 Finished: 264
summary = 394605 in 00:13:00 =  505.7/s Avg:   770 Min:     3 Max:  7280 Err:     5 (0.00%)
summary +   5395 in 00:00:14 =  396.4/s Avg:   228 Min:     3 Max:  3143 Err:     0 (0.00%) Active: 0 Started: 400 Finished: 400
summary = 400000 in 00:13:14 =  503.8/s Avg:   763 Min:     3 Max:  7280 Err:     5 (0.00%)
Tidying up remote @ Tue May 07 16:04:13 UTC 2019 (1557245053936)
... end of run
