2019-05-06 07:25:39,498 INFO o.a.j.u.JMeterUtils: Setting Locale to en_US
2019-05-06 07:25:39,514 INFO o.a.j.JMeter: Loading user properties from: /mnt/data/benchmark/apache-jmeter-4.0/bin/user.properties
2019-05-06 07:25:39,514 INFO o.a.j.JMeter: Loading system properties from: /mnt/data/benchmark/apache-jmeter-4.0/bin/system.properties
2019-05-06 07:25:39,520 INFO o.a.j.JMeter: Copyright (c) 1998-2018 The Apache Software Foundation
2019-05-06 07:25:39,521 INFO o.a.j.JMeter: Version 4.0 r1823414
2019-05-06 07:25:39,521 INFO o.a.j.JMeter: java.version=1.8.0_191
2019-05-06 07:25:39,521 INFO o.a.j.JMeter: java.vm.name=OpenJDK 64-Bit Server VM
2019-05-06 07:25:39,521 INFO o.a.j.JMeter: os.name=Linux
2019-05-06 07:25:39,521 INFO o.a.j.JMeter: os.arch=amd64
2019-05-06 07:25:39,521 INFO o.a.j.JMeter: os.version=4.15.0-1041-azure
2019-05-06 07:25:39,521 INFO o.a.j.JMeter: file.encoding=UTF-8
2019-05-06 07:25:39,521 INFO o.a.j.JMeter: Max memory     =1860698112
2019-05-06 07:25:39,521 INFO o.a.j.JMeter: Available Processors =2
2019-05-06 07:25:39,527 INFO o.a.j.JMeter: Default Locale=English (United States)
2019-05-06 07:25:39,527 INFO o.a.j.JMeter: JMeter  Locale=English (United States)
2019-05-06 07:25:39,527 INFO o.a.j.JMeter: JMeterHome=/mnt/data/benchmark/apache-jmeter-4.0
2019-05-06 07:25:39,527 INFO o.a.j.JMeter: user.dir  =/home/vinaya/sunbird-perf-tests/sunbird-platform
2019-05-06 07:25:39,527 INFO o.a.j.JMeter: PWD       =/home/vinaya/sunbird-perf-tests/sunbird-platform
2019-05-06 07:25:39,694 INFO o.a.j.JMeter: IP: 28.0.0.23 Name: jmeter-lms-1 FullName: 28.0.0.23
2019-05-06 07:25:39,698 INFO o.a.j.s.FileServer: Default base='/home/vinaya/sunbird-perf-tests/sunbird-platform'
2019-05-06 07:25:39,704 INFO o.a.j.s.FileServer: Set new base='/home/vinaya/current_scenario'
2019-05-06 07:25:39,862 INFO o.a.j.s.SaveService: Testplan (JMX) version: 2.2. Testlog (JTL) version: 2.2
2019-05-06 07:25:39,881 INFO o.a.j.s.SaveService: Using SaveService properties file encoding UTF-8
2019-05-06 07:25:39,886 INFO o.a.j.s.SaveService: Using SaveService properties version 4.0
2019-05-06 07:25:39,895 INFO o.a.j.s.SaveService: Loading file: /home/vinaya/current_scenario/generate-token.jmx
2019-05-06 07:25:39,978 INFO o.a.j.p.h.s.HTTPSamplerBase: Parser for text/html is org.apache.jmeter.protocol.http.parser.LagartoBasedHtmlParser
2019-05-06 07:25:39,978 INFO o.a.j.p.h.s.HTTPSamplerBase: Parser for application/xhtml+xml is org.apache.jmeter.protocol.http.parser.LagartoBasedHtmlParser
2019-05-06 07:25:39,978 INFO o.a.j.p.h.s.HTTPSamplerBase: Parser for application/xml is org.apache.jmeter.protocol.http.parser.LagartoBasedHtmlParser
2019-05-06 07:25:39,978 INFO o.a.j.p.h.s.HTTPSamplerBase: Parser for text/xml is org.apache.jmeter.protocol.http.parser.LagartoBasedHtmlParser
2019-05-06 07:25:39,979 INFO o.a.j.p.h.s.HTTPSamplerBase: Parser for text/vnd.wap.wml is org.apache.jmeter.protocol.http.parser.RegexpHTMLParser
2019-05-06 07:25:39,979 INFO o.a.j.p.h.s.HTTPSamplerBase: Parser for text/css is org.apache.jmeter.protocol.http.parser.CssParser
2019-05-06 07:25:40,015 INFO o.a.j.JMeter: Creating summariser <summary>
2019-05-06 07:25:40,019 INFO o.a.j.e.DistributedRunner: Configuring remote engine: 28.0.0.24
2019-05-06 07:25:40,020 INFO o.a.j.r.RmiUtils: Disabling SSL for RMI as server.rmi.ssl.disable is set to 'true'
2019-05-06 07:25:40,112 INFO o.a.j.e.DistributedRunner: Configuring remote engine: 28.0.0.25
2019-05-06 07:25:40,112 INFO o.a.j.r.RmiUtils: Disabling SSL for RMI as server.rmi.ssl.disable is set to 'true'
2019-05-06 07:25:40,121 INFO o.a.j.e.DistributedRunner: Configuring remote engine: 28.0.0.27
2019-05-06 07:25:40,122 INFO o.a.j.r.RmiUtils: Disabling SSL for RMI as server.rmi.ssl.disable is set to 'true'
2019-05-06 07:25:40,131 INFO o.a.j.e.DistributedRunner: Configuring remote engine: 28.0.0.29
2019-05-06 07:25:40,131 INFO o.a.j.r.RmiUtils: Disabling SSL for RMI as server.rmi.ssl.disable is set to 'true'
2019-05-06 07:25:40,139 INFO o.a.j.e.DistributedRunner: Starting remote engines
2019-05-06 07:25:40,141 INFO o.a.j.e.DistributedRunner: Starting the test @ Mon May 06 07:25:40 UTC 2019 (1557127540139)
2019-05-06 07:25:40,141 INFO o.a.j.e.ClientJMeterEngine: running clientengine run method
2019-05-06 07:25:40,145 INFO o.a.j.e.u.CompoundVariable: Note: Function class names must contain the string: '.functions.'
2019-05-06 07:25:40,145 INFO o.a.j.e.u.CompoundVariable: Note: Function class names must not contain the string: '.gui.'
2019-05-06 07:25:40,617 INFO o.a.j.r.RmiUtils: Disabling SSL for RMI as server.rmi.ssl.disable is set to 'true'
2019-05-06 07:25:40,618 INFO o.a.j.r.RmiUtils: Disabling SSL for RMI as server.rmi.ssl.disable is set to 'true'
2019-05-06 07:25:40,622 INFO o.a.j.s.SampleEvent: List of sample_variables: []
2019-05-06 07:25:40,630 INFO o.a.j.s.BatchSampleSender: Using batching (client settings) for this run. Thresholds: num=100, time=60000
2019-05-06 07:25:40,631 INFO o.a.j.s.DataStrippingSampleSender: Using DataStrippingSampleSender for this run
2019-05-06 07:25:40,632 INFO o.a.j.r.RmiUtils: Disabling SSL for RMI as server.rmi.ssl.disable is set to 'true'
2019-05-06 07:25:40,632 INFO o.a.j.r.RmiUtils: Disabling SSL for RMI as server.rmi.ssl.disable is set to 'true'
2019-05-06 07:25:40,958 INFO o.a.j.r.RmiUtils: Disabling SSL for RMI as server.rmi.ssl.disable is set to 'true'
2019-05-06 07:25:40,958 INFO o.a.j.r.RmiUtils: Disabling SSL for RMI as server.rmi.ssl.disable is set to 'true'
2019-05-06 07:25:40,959 INFO o.a.j.r.RmiUtils: Disabling SSL for RMI as server.rmi.ssl.disable is set to 'true'
2019-05-06 07:25:40,959 INFO o.a.j.r.RmiUtils: Disabling SSL for RMI as server.rmi.ssl.disable is set to 'true'
2019-05-06 07:25:40,960 INFO o.a.j.s.BatchSampleSender: Using batching (client settings) for this run. Thresholds: num=100, time=60000
2019-05-06 07:25:40,960 INFO o.a.j.s.DataStrippingSampleSender: Using DataStrippingSampleSender for this run
2019-05-06 07:25:40,960 INFO o.a.j.r.RmiUtils: Disabling SSL for RMI as server.rmi.ssl.disable is set to 'true'
2019-05-06 07:25:40,960 INFO o.a.j.r.RmiUtils: Disabling SSL for RMI as server.rmi.ssl.disable is set to 'true'
2019-05-06 07:25:40,960 INFO o.a.j.s.BatchSampleSender: Using batching (client settings) for this run. Thresholds: num=100, time=60000
2019-05-06 07:25:40,960 INFO o.a.j.s.DataStrippingSampleSender: Using DataStrippingSampleSender for this run
2019-05-06 07:25:41,030 INFO o.a.j.e.ClientJMeterEngine: sent test to 28.0.0.25 basedir='.'
2019-05-06 07:25:41,031 INFO o.a.j.e.ClientJMeterEngine: Sending properties {}
2019-05-06 07:25:41,034 INFO o.a.j.e.ClientJMeterEngine: sent run command to 28.0.0.25
2019-05-06 07:25:41,034 INFO o.a.j.e.ClientJMeterEngine: running clientengine run method
2019-05-06 07:25:41,035 INFO o.a.j.r.RmiUtils: Disabling SSL for RMI as server.rmi.ssl.disable is set to 'true'
2019-05-06 07:25:41,035 INFO o.a.j.r.RmiUtils: Disabling SSL for RMI as server.rmi.ssl.disable is set to 'true'
2019-05-06 07:25:41,035 INFO o.a.j.s.BatchSampleSender: Using batching (client settings) for this run. Thresholds: num=100, time=60000
2019-05-06 07:25:41,035 INFO o.a.j.s.DataStrippingSampleSender: Using DataStrippingSampleSender for this run
2019-05-06 07:25:41,035 INFO o.a.j.r.RmiUtils: Disabling SSL for RMI as server.rmi.ssl.disable is set to 'true'
2019-05-06 07:25:41,035 INFO o.a.j.r.RmiUtils: Disabling SSL for RMI as server.rmi.ssl.disable is set to 'true'
2019-05-06 07:25:41,048 INFO o.a.j.r.RmiUtils: Disabling SSL for RMI as server.rmi.ssl.disable is set to 'true'
2019-05-06 07:25:41,050 INFO o.a.j.r.RmiUtils: Disabling SSL for RMI as server.rmi.ssl.disable is set to 'true'
2019-05-06 07:25:41,051 INFO o.a.j.JMeter: Started remote host:  28.0.0.25 (1557127541051)
2019-05-06 07:25:41,051 INFO o.a.j.r.RmiUtils: Disabling SSL for RMI as server.rmi.ssl.disable is set to 'true'
2019-05-06 07:25:41,051 INFO o.a.j.r.RmiUtils: Disabling SSL for RMI as server.rmi.ssl.disable is set to 'true'
2019-05-06 07:25:41,052 INFO o.a.j.s.BatchSampleSender: Using batching (client settings) for this run. Thresholds: num=100, time=60000
2019-05-06 07:25:41,052 INFO o.a.j.s.DataStrippingSampleSender: Using DataStrippingSampleSender for this run
2019-05-06 07:25:41,052 INFO o.a.j.r.RmiUtils: Disabling SSL for RMI as server.rmi.ssl.disable is set to 'true'
2019-05-06 07:25:41,052 INFO o.a.j.r.RmiUtils: Disabling SSL for RMI as server.rmi.ssl.disable is set to 'true'
2019-05-06 07:25:41,052 INFO o.a.j.s.BatchSampleSender: Using batching (client settings) for this run. Thresholds: num=100, time=60000
2019-05-06 07:25:41,052 INFO o.a.j.s.DataStrippingSampleSender: Using DataStrippingSampleSender for this run
2019-05-06 07:25:41,079 INFO o.a.j.e.ClientJMeterEngine: sent test to 28.0.0.24 basedir='.'
2019-05-06 07:25:41,080 INFO o.a.j.e.ClientJMeterEngine: Sending properties {}
2019-05-06 07:25:41,083 INFO o.a.j.e.ClientJMeterEngine: sent run command to 28.0.0.24
2019-05-06 07:25:41,084 INFO o.a.j.e.ClientJMeterEngine: running clientengine run method
2019-05-06 07:25:41,084 INFO o.a.j.r.RmiUtils: Disabling SSL for RMI as server.rmi.ssl.disable is set to 'true'
2019-05-06 07:25:41,084 INFO o.a.j.r.RmiUtils: Disabling SSL for RMI as server.rmi.ssl.disable is set to 'true'
2019-05-06 07:25:41,084 INFO o.a.j.s.BatchSampleSender: Using batching (client settings) for this run. Thresholds: num=100, time=60000
2019-05-06 07:25:41,084 INFO o.a.j.s.DataStrippingSampleSender: Using DataStrippingSampleSender for this run
2019-05-06 07:25:41,084 INFO o.a.j.r.RmiUtils: Disabling SSL for RMI as server.rmi.ssl.disable is set to 'true'
2019-05-06 07:25:41,084 INFO o.a.j.r.RmiUtils: Disabling SSL for RMI as server.rmi.ssl.disable is set to 'true'
2019-05-06 07:25:41,098 INFO o.a.j.JMeter: Started remote host:  28.0.0.24 (1557127541098)
2019-05-06 07:25:41,098 INFO o.a.j.r.RmiUtils: Disabling SSL for RMI as server.rmi.ssl.disable is set to 'true'
2019-05-06 07:25:41,098 INFO o.a.j.r.RmiUtils: Disabling SSL for RMI as server.rmi.ssl.disable is set to 'true'
2019-05-06 07:25:41,099 INFO o.a.j.r.RmiUtils: Disabling SSL for RMI as server.rmi.ssl.disable is set to 'true'
2019-05-06 07:25:41,099 INFO o.a.j.r.RmiUtils: Disabling SSL for RMI as server.rmi.ssl.disable is set to 'true'
2019-05-06 07:25:41,099 INFO o.a.j.s.BatchSampleSender: Using batching (client settings) for this run. Thresholds: num=100, time=60000
2019-05-06 07:25:41,099 INFO o.a.j.s.DataStrippingSampleSender: Using DataStrippingSampleSender for this run
2019-05-06 07:25:41,099 INFO o.a.j.r.RmiUtils: Disabling SSL for RMI as server.rmi.ssl.disable is set to 'true'
2019-05-06 07:25:41,099 INFO o.a.j.r.RmiUtils: Disabling SSL for RMI as server.rmi.ssl.disable is set to 'true'
2019-05-06 07:25:41,100 INFO o.a.j.s.BatchSampleSender: Using batching (client settings) for this run. Thresholds: num=100, time=60000
2019-05-06 07:25:41,100 INFO o.a.j.s.DataStrippingSampleSender: Using DataStrippingSampleSender for this run
2019-05-06 07:25:41,122 INFO o.a.j.e.ClientJMeterEngine: sent test to 28.0.0.27 basedir='.'
2019-05-06 07:25:41,122 INFO o.a.j.e.ClientJMeterEngine: Sending properties {}
2019-05-06 07:25:41,125 INFO o.a.j.e.ClientJMeterEngine: sent run command to 28.0.0.27
2019-05-06 07:25:41,125 INFO o.a.j.e.ClientJMeterEngine: running clientengine run method
2019-05-06 07:25:41,125 INFO o.a.j.r.RmiUtils: Disabling SSL for RMI as server.rmi.ssl.disable is set to 'true'
2019-05-06 07:25:41,125 INFO o.a.j.r.RmiUtils: Disabling SSL for RMI as server.rmi.ssl.disable is set to 'true'
2019-05-06 07:25:41,125 INFO o.a.j.s.BatchSampleSender: Using batching (client settings) for this run. Thresholds: num=100, time=60000
2019-05-06 07:25:41,125 INFO o.a.j.s.DataStrippingSampleSender: Using DataStrippingSampleSender for this run
2019-05-06 07:25:41,125 INFO o.a.j.r.RmiUtils: Disabling SSL for RMI as server.rmi.ssl.disable is set to 'true'
2019-05-06 07:25:41,126 INFO o.a.j.r.RmiUtils: Disabling SSL for RMI as server.rmi.ssl.disable is set to 'true'
2019-05-06 07:25:41,134 INFO o.a.j.r.RmiUtils: Disabling SSL for RMI as server.rmi.ssl.disable is set to 'true'
2019-05-06 07:25:41,134 INFO o.a.j.r.RmiUtils: Disabling SSL for RMI as server.rmi.ssl.disable is set to 'true'
2019-05-06 07:25:41,134 INFO o.a.j.r.RmiUtils: Disabling SSL for RMI as server.rmi.ssl.disable is set to 'true'
2019-05-06 07:25:41,134 INFO o.a.j.r.RmiUtils: Disabling SSL for RMI as server.rmi.ssl.disable is set to 'true'
2019-05-06 07:25:41,134 INFO o.a.j.s.BatchSampleSender: Using batching (client settings) for this run. Thresholds: num=100, time=60000
2019-05-06 07:25:41,134 INFO o.a.j.s.DataStrippingSampleSender: Using DataStrippingSampleSender for this run
2019-05-06 07:25:41,134 INFO o.a.j.r.RmiUtils: Disabling SSL for RMI as server.rmi.ssl.disable is set to 'true'
2019-05-06 07:25:41,134 INFO o.a.j.r.RmiUtils: Disabling SSL for RMI as server.rmi.ssl.disable is set to 'true'
2019-05-06 07:25:41,135 INFO o.a.j.s.BatchSampleSender: Using batching (client settings) for this run. Thresholds: num=100, time=60000
2019-05-06 07:25:41,135 INFO o.a.j.s.DataStrippingSampleSender: Using DataStrippingSampleSender for this run
2019-05-06 07:25:41,135 INFO o.a.j.JMeter: Started remote host:  28.0.0.27 (1557127541130)
2019-05-06 07:25:41,150 INFO o.a.j.e.ClientJMeterEngine: sent test to 28.0.0.29 basedir='.'
2019-05-06 07:25:41,150 INFO o.a.j.e.ClientJMeterEngine: Sending properties {}
2019-05-06 07:25:41,154 INFO o.a.j.e.ClientJMeterEngine: sent run command to 28.0.0.29
2019-05-06 07:25:41,154 INFO o.a.j.e.DistributedRunner: Remote engines have been started
2019-05-06 07:25:41,162 INFO o.a.j.JMeter: Started remote host:  28.0.0.29 (1557127541162)
2019-05-06 07:25:41,489 INFO o.a.j.s.SampleResult: Note: Sample TimeStamps are START times
2019-05-06 07:25:41,489 INFO o.a.j.s.SampleResult: sampleresult.default.encoding is set to ISO-8859-1
2019-05-06 07:25:41,489 INFO o.a.j.s.SampleResult: sampleresult.useNanoTime=true
2019-05-06 07:25:41,490 INFO o.a.j.s.SampleResult: sampleresult.nanoThreadSleep=5000
2019-05-06 07:26:00,657 INFO o.a.j.r.Summariser: summary +    805 in 00:00:20 =   41.1/s Avg:  1249 Min:    89 Max:  3376 Err:     0 (0.00%) Active: 100 Started: 100 Finished: 0
2019-05-06 07:26:31,831 INFO o.a.j.r.Summariser: summary +   2000 in 00:00:31 =   64.2/s Avg:  1578 Min:   415 Max:  5626 Err:     0 (0.00%) Active: 100 Started: 100 Finished: 0
2019-05-06 07:26:31,832 INFO o.a.j.r.Summariser: summary =   2805 in 00:00:51 =   55.2/s Avg:  1484 Min:    89 Max:  5626 Err:     0 (0.00%)
2019-05-06 07:27:02,706 INFO o.a.j.r.Summariser: summary +   2000 in 00:00:31 =   64.8/s Avg:  1557 Min:   334 Max:  5516 Err:     0 (0.00%) Active: 100 Started: 100 Finished: 0
2019-05-06 07:27:02,707 INFO o.a.j.r.Summariser: summary =   4805 in 00:01:22 =   58.8/s Avg:  1514 Min:    89 Max:  5626 Err:     0 (0.00%)
2019-05-06 07:27:33,058 INFO o.a.j.r.Summariser: summary +   2000 in 00:00:30 =   65.9/s Avg:  1531 Min:   350 Max:  5315 Err:     0 (0.00%) Active: 100 Started: 100 Finished: 0
2019-05-06 07:27:33,059 INFO o.a.j.r.Summariser: summary =   6805 in 00:01:52 =   60.8/s Avg:  1519 Min:    89 Max:  5626 Err:     0 (0.00%)
2019-05-06 07:28:03,198 INFO o.a.j.r.Summariser: summary +   2000 in 00:00:30 =   66.4/s Avg:  1505 Min:   316 Max:  5393 Err:     0 (0.00%) Active: 100 Started: 100 Finished: 0
2019-05-06 07:28:03,198 INFO o.a.j.r.Summariser: summary =   8805 in 00:02:22 =   61.9/s Avg:  1516 Min:    89 Max:  5626 Err:     0 (0.00%)
2019-05-06 07:28:30,207 INFO o.a.j.r.Summariser: summary +   1800 in 00:00:27 =   66.6/s Avg:  1581 Min:   370 Max:  6516 Err:     0 (0.00%) Active: 100 Started: 100 Finished: 0
2019-05-06 07:28:30,207 INFO o.a.j.r.Summariser: summary =  10605 in 00:02:49 =   62.7/s Avg:  1527 Min:    89 Max:  6516 Err:     0 (0.00%)
2019-05-06 07:29:00,910 INFO o.a.j.r.Summariser: summary +   2000 in 00:00:31 =   65.1/s Avg:  1521 Min:   321 Max:  5325 Err:     0 (0.00%) Active: 100 Started: 100 Finished: 0
2019-05-06 07:29:00,910 INFO o.a.j.r.Summariser: summary =  12605 in 00:03:20 =   63.1/s Avg:  1526 Min:    89 Max:  6516 Err:     0 (0.00%)
2019-05-06 07:29:30,880 INFO o.a.j.r.Summariser: summary +   2000 in 00:00:30 =   66.7/s Avg:  1516 Min:   351 Max:  5331 Err:     0 (0.00%) Active: 100 Started: 100 Finished: 0
2019-05-06 07:29:30,880 INFO o.a.j.r.Summariser: summary =  14605 in 00:03:50 =   63.5/s Avg:  1525 Min:    89 Max:  6516 Err:     0 (0.00%)
2019-05-06 07:30:01,707 INFO o.a.j.r.Summariser: summary +   2000 in 00:00:31 =   64.9/s Avg:  1506 Min:   329 Max:  5291 Err:     0 (0.00%) Active: 100 Started: 100 Finished: 0
2019-05-06 07:30:01,708 INFO o.a.j.r.Summariser: summary =  16605 in 00:04:21 =   63.7/s Avg:  1522 Min:    89 Max:  6516 Err:     0 (0.00%)
2019-05-06 07:30:30,202 INFO o.a.j.r.Summariser: summary +   1900 in 00:00:28 =   66.7/s Avg:  1525 Min:   370 Max:  5254 Err:     0 (0.00%) Active: 100 Started: 100 Finished: 0
2019-05-06 07:30:30,202 INFO o.a.j.r.Summariser: summary =  18505 in 00:04:49 =   64.0/s Avg:  1523 Min:    89 Max:  6516 Err:     0 (0.00%)
2019-05-06 07:41:00,504 INFO o.a.j.r.Summariser: summary +   2446 in 00:10:30 =    3.9/s Avg: 21428 Min:   390 Max: 61220 Err:   816 (33.36%) Active: 100 Started: 100 Finished: 0
2019-05-06 07:41:00,505 INFO o.a.j.r.Summariser: summary =  20951 in 00:15:19 =   22.8/s Avg:  3847 Min:    89 Max: 61220 Err:   816 (3.89%)
2019-05-06 07:42:01,590 INFO o.a.j.r.Summariser: summary +    100 in 00:01:01 =    1.6/s Avg: 61074 Min: 61052 Max: 61101 Err:   100 (100.00%) Active: 100 Started: 100 Finished: 0
2019-05-06 07:42:01,591 INFO o.a.j.r.Summariser: summary =  21051 in 00:16:21 =   21.5/s Avg:  4119 Min:    89 Max: 61220 Err:   916 (4.35%)
2019-05-06 07:43:02,679 INFO o.a.j.r.Summariser: summary +    100 in 00:01:01 =    1.6/s Avg: 61072 Min: 61052 Max: 61091 Err:   100 (100.00%) Active: 100 Started: 100 Finished: 0
2019-05-06 07:43:02,679 INFO o.a.j.r.Summariser: summary =  21151 in 00:17:22 =   20.3/s Avg:  4388 Min:    89 Max: 61220 Err:  1016 (4.80%)
2019-05-06 07:44:03,768 INFO o.a.j.r.Summariser: summary +    100 in 00:01:01 =    1.6/s Avg: 61073 Min: 61050 Max: 61094 Err:   100 (100.00%) Active: 100 Started: 100 Finished: 0
2019-05-06 07:44:03,768 INFO o.a.j.r.Summariser: summary =  21251 in 00:18:23 =   19.3/s Avg:  4655 Min:    89 Max: 61220 Err:  1116 (5.25%)
2019-05-06 07:45:04,861 INFO o.a.j.r.Summariser: summary +    100 in 00:01:01 =    1.6/s Avg: 61075 Min: 61053 Max: 61099 Err:   100 (100.00%) Active: 100 Started: 100 Finished: 0
2019-05-06 07:45:04,862 INFO o.a.j.r.Summariser: summary =  21351 in 00:19:24 =   18.3/s Avg:  4919 Min:    89 Max: 61220 Err:  1216 (5.70%)
2019-05-06 07:46:05,943 INFO o.a.j.r.Summariser: summary +    100 in 00:01:01 =    1.6/s Avg: 61074 Min: 61051 Max: 61099 Err:   100 (100.00%) Active: 100 Started: 100 Finished: 0
2019-05-06 07:46:05,944 INFO o.a.j.r.Summariser: summary =  21451 in 00:20:25 =   17.5/s Avg:  5181 Min:    89 Max: 61220 Err:  1316 (6.13%)
2019-05-06 08:08:30,133 INFO o.a.j.r.Summariser: summary +   2225 in 00:22:24 =    1.7/s Avg: 61075 Min: 61049 Max: 63095 Err:  2225 (100.00%) Active: 100 Started: 100 Finished: 0
2019-05-06 08:08:30,133 INFO o.a.j.r.Summariser: summary =  23676 in 00:42:49 =    9.2/s Avg: 10433 Min:    89 Max: 63095 Err:  3541 (14.96%)
2019-05-06 08:09:30,903 INFO o.a.j.r.Summariser: summary +     75 in 00:01:01 =    1.2/s Avg: 61075 Min: 61050 Max: 61100 Err:    75 (100.00%) Active: 100 Started: 100 Finished: 0
2019-05-06 08:09:30,903 INFO o.a.j.r.Summariser: summary =  23751 in 00:43:50 =    9.0/s Avg: 10593 Min:    89 Max: 63095 Err:  3616 (15.22%)
2019-05-06 08:10:31,988 INFO o.a.j.r.Summariser: summary +    100 in 00:01:01 =    1.6/s Avg: 61077 Min: 61049 Max: 61122 Err:   100 (100.00%) Active: 100 Started: 100 Finished: 0
2019-05-06 08:10:31,988 INFO o.a.j.r.Summariser: summary =  23851 in 00:44:51 =    8.9/s Avg: 10805 Min:    89 Max: 63095 Err:  3716 (15.58%)
2019-05-06 08:11:33,076 INFO o.a.j.r.Summariser: summary +    100 in 00:01:01 =    1.6/s Avg: 61081 Min: 61053 Max: 61132 Err:   100 (100.00%) Active: 100 Started: 100 Finished: 0
2019-05-06 08:11:33,076 INFO o.a.j.r.Summariser: summary =  23951 in 00:45:52 =    8.7/s Avg: 11015 Min:    89 Max: 63095 Err:  3816 (15.93%)
2019-05-06 08:12:34,162 INFO o.a.j.r.Summariser: summary +    100 in 00:01:01 =    1.6/s Avg: 61067 Min: 60058 Max: 61099 Err:   100 (100.00%) Active: 100 Started: 100 Finished: 0
2019-05-06 08:12:34,163 INFO o.a.j.r.Summariser: summary =  24051 in 00:46:53 =    8.5/s Avg: 11223 Min:    89 Max: 63095 Err:  3916 (16.28%)
2019-05-06 08:13:35,247 INFO o.a.j.r.Summariser: summary +    100 in 00:01:01 =    1.6/s Avg: 61074 Min: 61052 Max: 61104 Err:   100 (100.00%) Active: 100 Started: 100 Finished: 0
2019-05-06 08:13:35,248 INFO o.a.j.r.Summariser: summary =  24151 in 00:47:54 =    8.4/s Avg: 11429 Min:    89 Max: 63095 Err:  4016 (16.63%)
2019-05-06 08:37:00,275 INFO o.a.j.r.Summariser: summary +   2325 in 00:23:25 =    1.7/s Avg: 61078 Min: 60053 Max: 61447 Err:  2325 (100.00%) Active: 100 Started: 100 Finished: 0
2019-05-06 08:37:00,275 INFO o.a.j.r.Summariser: summary =  26476 in 01:11:19 =    6.2/s Avg: 15789 Min:    89 Max: 63095 Err:  6341 (23.95%)
2019-05-06 08:38:00,855 INFO o.a.j.r.Summariser: summary +     75 in 00:01:01 =    1.2/s Avg: 61080 Min: 61053 Max: 61107 Err:    75 (100.00%) Active: 100 Started: 100 Finished: 0
2019-05-06 08:38:00,855 INFO o.a.j.r.Summariser: summary =  26551 in 01:12:20 =    6.1/s Avg: 15917 Min:    89 Max: 63095 Err:  6416 (24.16%)
2019-05-06 08:39:01,942 INFO o.a.j.r.Summariser: summary +    100 in 00:01:01 =    1.6/s Avg: 61077 Min: 61049 Max: 61105 Err:   100 (100.00%) Active: 100 Started: 100 Finished: 0
2019-05-06 08:39:01,942 INFO o.a.j.r.Summariser: summary =  26651 in 01:13:21 =    6.1/s Avg: 16087 Min:    89 Max: 63095 Err:  6516 (24.45%)
2019-05-06 08:40:03,028 INFO o.a.j.r.Summariser: summary +    100 in 00:01:01 =    1.6/s Avg: 61069 Min: 60056 Max: 61106 Err:   100 (100.00%) Active: 100 Started: 100 Finished: 0
2019-05-06 08:40:03,028 INFO o.a.j.r.Summariser: summary =  26751 in 01:14:22 =    6.0/s Avg: 16255 Min:    89 Max: 63095 Err:  6616 (24.73%)
2019-05-06 08:41:04,117 INFO o.a.j.r.Summariser: summary +    100 in 00:01:01 =    1.6/s Avg: 61077 Min: 61053 Max: 61106 Err:   100 (100.00%) Active: 100 Started: 100 Finished: 0
2019-05-06 08:41:04,118 INFO o.a.j.r.Summariser: summary =  26851 in 01:15:23 =    5.9/s Avg: 16422 Min:    89 Max: 63095 Err:  6716 (25.01%)
2019-05-06 08:42:05,207 INFO o.a.j.r.Summariser: summary +    100 in 00:01:01 =    1.6/s Avg: 61088 Min: 61053 Max: 61264 Err:   100 (100.00%) Active: 100 Started: 100 Finished: 0
2019-05-06 08:42:05,207 INFO o.a.j.r.Summariser: summary =  26951 in 01:16:24 =    5.9/s Avg: 16588 Min:    89 Max: 63095 Err:  6816 (25.29%)
2019-05-06 09:04:30,039 INFO o.a.j.r.Summariser: summary +   2275 in 00:22:25 =    1.7/s Avg: 61085 Min: 61050 Max: 62127 Err:  2275 (100.00%) Active: 100 Started: 100 Finished: 0
2019-05-06 09:04:30,040 INFO o.a.j.r.Summariser: summary =  29226 in 01:38:49 =    4.9/s Avg: 20051 Min:    89 Max: 63095 Err:  9091 (31.11%)
2019-05-06 09:05:30,195 INFO o.a.j.r.Summariser: summary +     25 in 00:01:00 =    0.4/s Avg: 61124 Min: 61057 Max: 62116 Err:    25 (100.00%) Active: 100 Started: 100 Finished: 0
2019-05-06 09:05:30,195 INFO o.a.j.r.Summariser: summary =  29251 in 01:39:49 =    4.9/s Avg: 20086 Min:    89 Max: 63095 Err:  9116 (31.16%)
2019-05-06 09:06:31,280 INFO o.a.j.r.Summariser: summary +    100 in 00:01:01 =    1.6/s Avg: 61082 Min: 61054 Max: 61114 Err:   100 (100.00%) Active: 100 Started: 100 Finished: 0
2019-05-06 09:06:31,280 INFO o.a.j.r.Summariser: summary =  29351 in 01:40:50 =    4.9/s Avg: 20226 Min:    89 Max: 63095 Err:  9216 (31.40%)
2019-05-06 09:07:32,372 INFO o.a.j.r.Summariser: summary +    100 in 00:01:01 =    1.6/s Avg: 61077 Min: 61052 Max: 61110 Err:   100 (100.00%) Active: 100 Started: 100 Finished: 0
2019-05-06 09:07:32,374 INFO o.a.j.r.Summariser: summary =  29451 in 01:41:51 =    4.8/s Avg: 20365 Min:    89 Max: 63095 Err:  9316 (31.63%)
2019-05-06 09:08:33,475 INFO o.a.j.r.Summariser: summary +    100 in 00:01:01 =    1.6/s Avg: 61078 Min: 61054 Max: 61113 Err:   100 (100.00%) Active: 100 Started: 100 Finished: 0
2019-05-06 09:08:33,475 INFO o.a.j.r.Summariser: summary =  29551 in 01:42:52 =    4.8/s Avg: 20502 Min:    89 Max: 63095 Err:  9416 (31.86%)
2019-05-06 09:09:34,555 INFO o.a.j.r.Summariser: summary +    100 in 00:01:01 =    1.6/s Avg: 61080 Min: 61053 Max: 61114 Err:   100 (100.00%) Active: 100 Started: 100 Finished: 0
2019-05-06 09:09:34,555 INFO o.a.j.r.Summariser: summary =  29651 in 01:43:54 =    4.8/s Avg: 20639 Min:    89 Max: 63095 Err:  9516 (32.09%)
2019-05-06 09:10:35,635 INFO o.a.j.r.Summariser: summary +    100 in 00:01:01 =    1.6/s Avg: 61080 Min: 61053 Max: 61110 Err:   100 (100.00%) Active: 100 Started: 100 Finished: 0
2019-05-06 09:10:35,635 INFO o.a.j.r.Summariser: summary =  29751 in 01:44:55 =    4.7/s Avg: 20775 Min:    89 Max: 63095 Err:  9616 (32.32%)
2019-05-06 09:33:00,114 INFO o.a.j.r.Summariser: summary +   2200 in 00:22:24 =    1.6/s Avg: 61128 Min: 60053 Max: 62150 Err:  2200 (100.00%) Active: 100 Started: 100 Finished: 0
2019-05-06 09:33:00,115 INFO o.a.j.r.Summariser: summary =  31951 in 02:07:19 =    4.2/s Avg: 23554 Min:    89 Max: 63095 Err: 11816 (36.98%)
2019-05-06 09:34:01,201 INFO o.a.j.r.Summariser: summary +    100 in 00:01:01 =    1.6/s Avg: 61176 Min: 61052 Max: 62121 Err:   100 (100.00%) Active: 100 Started: 100 Finished: 0
2019-05-06 09:34:01,201 INFO o.a.j.r.Summariser: summary =  32051 in 02:08:20 =    4.2/s Avg: 23671 Min:    89 Max: 63095 Err: 11916 (37.18%)
2019-05-06 09:35:02,293 INFO o.a.j.r.Summariser: summary +    100 in 00:01:01 =    1.6/s Avg: 61115 Min: 61050 Max: 62106 Err:   100 (100.00%) Active: 100 Started: 100 Finished: 0
2019-05-06 09:35:02,293 INFO o.a.j.r.Summariser: summary =  32151 in 02:09:21 =    4.1/s Avg: 23788 Min:    89 Max: 63095 Err: 12016 (37.37%)
2019-05-06 09:36:03,378 INFO o.a.j.r.Summariser: summary +    100 in 00:01:01 =    1.6/s Avg: 61126 Min: 61053 Max: 62116 Err:   100 (100.00%) Active: 100 Started: 100 Finished: 0
2019-05-06 09:36:03,379 INFO o.a.j.r.Summariser: summary =  32251 in 02:10:22 =    4.1/s Avg: 23903 Min:    89 Max: 63095 Err: 12116 (37.57%)
2019-05-06 09:37:04,473 INFO o.a.j.r.Summariser: summary +    100 in 00:01:01 =    1.6/s Avg: 61205 Min: 61051 Max: 62118 Err:   100 (100.00%) Active: 100 Started: 100 Finished: 0
2019-05-06 09:37:04,474 INFO o.a.j.r.Summariser: summary =  32351 in 02:11:23 =    4.1/s Avg: 24019 Min:    89 Max: 63095 Err: 12216 (37.76%)
2019-05-06 09:38:05,555 INFO o.a.j.r.Summariser: summary +    100 in 00:01:01 =    1.6/s Avg: 61136 Min: 61053 Max: 62114 Err:   100 (100.00%) Active: 100 Started: 100 Finished: 0
2019-05-06 09:38:05,555 INFO o.a.j.r.Summariser: summary =  32451 in 02:12:25 =    4.1/s Avg: 24133 Min:    89 Max: 63095 Err: 12316 (37.95%)
2019-05-06 10:00:30,450 INFO o.a.j.r.Summariser: summary +   2275 in 00:22:25 =    1.7/s Avg: 61106 Min: 60052 Max: 62114 Err:  2275 (100.00%) Active: 100 Started: 100 Finished: 0
2019-05-06 10:00:30,450 INFO o.a.j.r.Summariser: summary =  34726 in 02:34:49 =    3.7/s Avg: 26555 Min:    89 Max: 63095 Err: 14591 (42.02%)
2019-05-06 10:01:30,192 INFO o.a.j.r.Summariser: summary +     25 in 00:01:00 =    0.4/s Avg: 61116 Min: 61053 Max: 62105 Err:    25 (100.00%) Active: 100 Started: 100 Finished: 0
2019-05-06 10:01:30,192 INFO o.a.j.r.Summariser: summary =  34751 in 02:35:49 =    3.7/s Avg: 26580 Min:    89 Max: 63095 Err: 14616 (42.06%)
2019-05-06 10:02:31,283 INFO o.a.j.r.Summariser: summary +    100 in 00:01:01 =    1.6/s Avg: 61103 Min: 61052 Max: 62089 Err:   100 (100.00%) Active: 100 Started: 100 Finished: 0
2019-05-06 10:02:31,284 INFO o.a.j.r.Summariser: summary =  34851 in 02:36:50 =    3.7/s Avg: 26679 Min:    89 Max: 63095 Err: 14716 (42.23%)
2019-05-06 10:03:32,371 INFO o.a.j.r.Summariser: summary +    100 in 00:01:01 =    1.6/s Avg: 61132 Min: 60057 Max: 62101 Err:   100 (100.00%) Active: 100 Started: 100 Finished: 0
2019-05-06 10:03:32,371 INFO o.a.j.r.Summariser: summary =  34951 in 02:37:51 =    3.7/s Avg: 26778 Min:    89 Max: 63095 Err: 14816 (42.39%)
2019-05-06 10:04:33,463 INFO o.a.j.r.Summariser: summary +    100 in 00:01:01 =    1.6/s Avg: 61120 Min: 61051 Max: 62117 Err:   100 (100.00%) Active: 100 Started: 100 Finished: 0
2019-05-06 10:04:33,463 INFO o.a.j.r.Summariser: summary =  35051 in 02:38:52 =    3.7/s Avg: 26876 Min:    89 Max: 63095 Err: 14916 (42.56%)
2019-05-06 10:05:34,547 INFO o.a.j.r.Summariser: summary +    100 in 00:01:01 =    1.6/s Avg: 61175 Min: 60080 Max: 62100 Err:   100 (100.00%) Active: 100 Started: 100 Finished: 0
2019-05-06 10:05:34,547 INFO o.a.j.r.Summariser: summary =  35151 in 02:39:53 =    3.7/s Avg: 26973 Min:    89 Max: 63095 Err: 15016 (42.72%)
2019-05-06 10:06:35,635 INFO o.a.j.r.Summariser: summary +    100 in 00:01:01 =    1.6/s Avg: 61176 Min: 61053 Max: 62134 Err:   100 (100.00%) Active: 100 Started: 100 Finished: 0
2019-05-06 10:06:35,635 INFO o.a.j.r.Summariser: summary =  35251 in 02:40:55 =    3.7/s Avg: 27070 Min:    89 Max: 63095 Err: 15116 (42.88%)
2019-05-06 10:28:00,445 INFO o.a.j.r.Summariser: summary +   2150 in 00:21:25 =    1.7/s Avg: 61176 Min: 61048 Max: 63070 Err:  2150 (100.00%) Active: 100 Started: 100 Finished: 0
2019-05-06 10:28:00,446 INFO o.a.j.r.Summariser: summary =  37401 in 03:02:19 =    3.4/s Avg: 29031 Min:    89 Max: 63095 Err: 17266 (46.16%)
2019-05-06 10:29:00,173 INFO o.a.j.r.Summariser: summary +     50 in 00:01:00 =    0.8/s Avg: 61074 Min: 61053 Max: 61094 Err:    50 (100.00%) Active: 100 Started: 100 Finished: 0
2019-05-06 10:29:00,174 INFO o.a.j.r.Summariser: summary =  37451 in 03:03:19 =    3.4/s Avg: 29074 Min:    89 Max: 63095 Err: 17316 (46.24%)
2019-05-06 10:30:01,265 INFO o.a.j.r.Summariser: summary +    100 in 00:01:01 =    1.6/s Avg: 61155 Min: 61053 Max: 62114 Err:   100 (100.00%) Active: 100 Started: 100 Finished: 0
2019-05-06 10:30:01,266 INFO o.a.j.r.Summariser: summary =  37551 in 03:04:20 =    3.4/s Avg: 29159 Min:    89 Max: 63095 Err: 17416 (46.38%)
2019-05-06 10:31:02,356 INFO o.a.j.r.Summariser: summary +    100 in 00:01:01 =    1.6/s Avg: 61157 Min: 61051 Max: 62122 Err:   100 (100.00%) Active: 100 Started: 100 Finished: 0
2019-05-06 10:31:02,356 INFO o.a.j.r.Summariser: summary =  37651 in 03:05:21 =    3.4/s Avg: 29244 Min:    89 Max: 63095 Err: 17516 (46.52%)
2019-05-06 10:32:03,442 INFO o.a.j.r.Summariser: summary +    100 in 00:01:01 =    1.6/s Avg: 61164 Min: 61051 Max: 62109 Err:   100 (100.00%) Active: 100 Started: 100 Finished: 0
2019-05-06 10:32:03,443 INFO o.a.j.r.Summariser: summary =  37751 in 03:06:22 =    3.4/s Avg: 29329 Min:    89 Max: 63095 Err: 17616 (46.66%)
2019-05-06 10:33:04,530 INFO o.a.j.r.Summariser: summary +    100 in 00:01:01 =    1.6/s Avg: 61214 Min: 61051 Max: 62112 Err:   100 (100.00%) Active: 100 Started: 100 Finished: 0
2019-05-06 10:33:04,530 INFO o.a.j.r.Summariser: summary =  37851 in 03:07:23 =    3.4/s Avg: 29413 Min:    89 Max: 63095 Err: 17716 (46.80%)
2019-05-06 10:34:05,620 INFO o.a.j.r.Summariser: summary +    100 in 00:01:01 =    1.6/s Avg: 61163 Min: 61054 Max: 62101 Err:   100 (100.00%) Active: 100 Started: 100 Finished: 0
2019-05-06 10:34:05,620 INFO o.a.j.r.Summariser: summary =  37951 in 03:08:25 =    3.4/s Avg: 29497 Min:    89 Max: 63095 Err: 17816 (46.94%)
