2019-05-03 10:20:45,466 INFO o.a.j.u.JMeterUtils: Setting Locale to en_US
2019-05-03 10:20:45,480 INFO o.a.j.JMeter: Loading user properties from: /mnt/data/benchmark/apache-jmeter-4.0/bin/user.properties
2019-05-03 10:20:45,481 INFO o.a.j.JMeter: Loading system properties from: /mnt/data/benchmark/apache-jmeter-4.0/bin/system.properties
2019-05-03 10:20:45,487 INFO o.a.j.JMeter: Copyright (c) 1998-2018 The Apache Software Foundation
2019-05-03 10:20:45,487 INFO o.a.j.JMeter: Version 4.0 r1823414
2019-05-03 10:20:45,487 INFO o.a.j.JMeter: java.version=1.8.0_191
2019-05-03 10:20:45,487 INFO o.a.j.JMeter: java.vm.name=OpenJDK 64-Bit Server VM
2019-05-03 10:20:45,487 INFO o.a.j.JMeter: os.name=Linux
2019-05-03 10:20:45,488 INFO o.a.j.JMeter: os.arch=amd64
2019-05-03 10:20:45,488 INFO o.a.j.JMeter: os.version=4.15.0-1041-azure
2019-05-03 10:20:45,488 INFO o.a.j.JMeter: file.encoding=UTF-8
2019-05-03 10:20:45,488 INFO o.a.j.JMeter: Max memory     =1860698112
2019-05-03 10:20:45,488 INFO o.a.j.JMeter: Available Processors =2
2019-05-03 10:20:45,494 INFO o.a.j.JMeter: Default Locale=English (United States)
2019-05-03 10:20:45,494 INFO o.a.j.JMeter: JMeter  Locale=English (United States)
2019-05-03 10:20:45,494 INFO o.a.j.JMeter: JMeterHome=/mnt/data/benchmark/apache-jmeter-4.0
2019-05-03 10:20:45,494 INFO o.a.j.JMeter: user.dir  =/home/vinaya/sunbird-perf-tests/sunbird-platform
2019-05-03 10:20:45,494 INFO o.a.j.JMeter: PWD       =/home/vinaya/sunbird-perf-tests/sunbird-platform
2019-05-03 10:20:45,500 INFO o.a.j.JMeter: IP: 28.0.0.23 Name: jmeter-lms-1 FullName: 28.0.0.23
2019-05-03 10:20:45,504 INFO o.a.j.s.FileServer: Default base='/home/vinaya/sunbird-perf-tests/sunbird-platform'
2019-05-03 10:20:45,510 INFO o.a.j.s.FileServer: Set new base='/home/vinaya/current_scenario'
2019-05-03 10:20:45,660 INFO o.a.j.s.SaveService: Testplan (JMX) version: 2.2. Testlog (JTL) version: 2.2
2019-05-03 10:20:45,679 INFO o.a.j.s.SaveService: Using SaveService properties file encoding UTF-8
2019-05-03 10:20:45,684 INFO o.a.j.s.SaveService: Using SaveService properties version 4.0
2019-05-03 10:20:45,692 INFO o.a.j.s.SaveService: Loading file: /home/vinaya/current_scenario/org-search.jmx
2019-05-03 10:20:45,763 INFO o.a.j.p.h.s.HTTPSamplerBase: Parser for text/html is org.apache.jmeter.protocol.http.parser.LagartoBasedHtmlParser
2019-05-03 10:20:45,763 INFO o.a.j.p.h.s.HTTPSamplerBase: Parser for application/xhtml+xml is org.apache.jmeter.protocol.http.parser.LagartoBasedHtmlParser
2019-05-03 10:20:45,763 INFO o.a.j.p.h.s.HTTPSamplerBase: Parser for application/xml is org.apache.jmeter.protocol.http.parser.LagartoBasedHtmlParser
2019-05-03 10:20:45,763 INFO o.a.j.p.h.s.HTTPSamplerBase: Parser for text/xml is org.apache.jmeter.protocol.http.parser.LagartoBasedHtmlParser
2019-05-03 10:20:45,764 INFO o.a.j.p.h.s.HTTPSamplerBase: Parser for text/vnd.wap.wml is org.apache.jmeter.protocol.http.parser.RegexpHTMLParser
2019-05-03 10:20:45,764 INFO o.a.j.p.h.s.HTTPSamplerBase: Parser for text/css is org.apache.jmeter.protocol.http.parser.CssParser
2019-05-03 10:20:45,796 INFO o.a.j.JMeter: Creating summariser <summary>
2019-05-03 10:20:45,800 INFO o.a.j.e.DistributedRunner: Configuring remote engine: 28.0.0.24
2019-05-03 10:20:45,802 INFO o.a.j.r.RmiUtils: Disabling SSL for RMI as server.rmi.ssl.disable is set to 'true'
2019-05-03 10:20:45,908 INFO o.a.j.e.DistributedRunner: Configuring remote engine: 28.0.0.25
2019-05-03 10:20:45,908 INFO o.a.j.r.RmiUtils: Disabling SSL for RMI as server.rmi.ssl.disable is set to 'true'
2019-05-03 10:20:45,920 INFO o.a.j.e.DistributedRunner: Configuring remote engine: 28.0.0.27
2019-05-03 10:20:45,920 INFO o.a.j.r.RmiUtils: Disabling SSL for RMI as server.rmi.ssl.disable is set to 'true'
2019-05-03 10:20:45,930 INFO o.a.j.e.DistributedRunner: Configuring remote engine: 28.0.0.29
2019-05-03 10:20:45,930 INFO o.a.j.r.RmiUtils: Disabling SSL for RMI as server.rmi.ssl.disable is set to 'true'
2019-05-03 10:20:45,938 INFO o.a.j.e.DistributedRunner: Starting remote engines
2019-05-03 10:20:45,940 INFO o.a.j.e.DistributedRunner: Starting the test @ Fri May 03 10:20:45 UTC 2019 (1556878845938)
2019-05-03 10:20:45,940 INFO o.a.j.e.ClientJMeterEngine: running clientengine run method
2019-05-03 10:20:45,944 INFO o.a.j.e.u.CompoundVariable: Note: Function class names must contain the string: '.functions.'
2019-05-03 10:20:45,944 INFO o.a.j.e.u.CompoundVariable: Note: Function class names must not contain the string: '.gui.'
2019-05-03 10:20:46,417 INFO o.a.j.r.RmiUtils: Disabling SSL for RMI as server.rmi.ssl.disable is set to 'true'
2019-05-03 10:20:46,417 INFO o.a.j.r.RmiUtils: Disabling SSL for RMI as server.rmi.ssl.disable is set to 'true'
2019-05-03 10:20:46,421 INFO o.a.j.s.SampleEvent: List of sample_variables: []
2019-05-03 10:20:46,426 INFO o.a.j.s.BatchSampleSender: Using batching (client settings) for this run. Thresholds: num=100, time=60000
2019-05-03 10:20:46,426 INFO o.a.j.s.DataStrippingSampleSender: Using DataStrippingSampleSender for this run
2019-05-03 10:20:46,426 INFO o.a.j.r.RmiUtils: Disabling SSL for RMI as server.rmi.ssl.disable is set to 'true'
2019-05-03 10:20:46,426 INFO o.a.j.r.RmiUtils: Disabling SSL for RMI as server.rmi.ssl.disable is set to 'true'
2019-05-03 10:20:46,427 INFO o.a.j.s.BatchSampleSender: Using batching (client settings) for this run. Thresholds: num=100, time=60000
2019-05-03 10:20:46,428 INFO o.a.j.s.DataStrippingSampleSender: Using DataStrippingSampleSender for this run
2019-05-03 10:20:46,429 INFO o.a.j.r.RmiUtils: Disabling SSL for RMI as server.rmi.ssl.disable is set to 'true'
2019-05-03 10:20:46,429 INFO o.a.j.r.RmiUtils: Disabling SSL for RMI as server.rmi.ssl.disable is set to 'true'
2019-05-03 10:20:46,742 INFO o.a.j.r.RmiUtils: Disabling SSL for RMI as server.rmi.ssl.disable is set to 'true'
2019-05-03 10:20:46,743 INFO o.a.j.r.RmiUtils: Disabling SSL for RMI as server.rmi.ssl.disable is set to 'true'
2019-05-03 10:20:46,825 INFO o.a.j.e.ClientJMeterEngine: sent test to 28.0.0.25 basedir='.'
2019-05-03 10:20:46,826 INFO o.a.j.e.ClientJMeterEngine: Sending properties {}
2019-05-03 10:20:46,831 INFO o.a.j.e.ClientJMeterEngine: sent run command to 28.0.0.25
2019-05-03 10:20:46,832 INFO o.a.j.e.ClientJMeterEngine: running clientengine run method
2019-05-03 10:20:46,834 INFO o.a.j.r.RmiUtils: Disabling SSL for RMI as server.rmi.ssl.disable is set to 'true'
2019-05-03 10:20:46,834 INFO o.a.j.r.RmiUtils: Disabling SSL for RMI as server.rmi.ssl.disable is set to 'true'
2019-05-03 10:20:46,834 INFO o.a.j.s.BatchSampleSender: Using batching (client settings) for this run. Thresholds: num=100, time=60000
2019-05-03 10:20:46,834 INFO o.a.j.s.DataStrippingSampleSender: Using DataStrippingSampleSender for this run
2019-05-03 10:20:46,835 INFO o.a.j.r.RmiUtils: Disabling SSL for RMI as server.rmi.ssl.disable is set to 'true'
2019-05-03 10:20:46,835 INFO o.a.j.r.RmiUtils: Disabling SSL for RMI as server.rmi.ssl.disable is set to 'true'
2019-05-03 10:20:46,835 INFO o.a.j.s.BatchSampleSender: Using batching (client settings) for this run. Thresholds: num=100, time=60000
2019-05-03 10:20:46,835 INFO o.a.j.s.DataStrippingSampleSender: Using DataStrippingSampleSender for this run
2019-05-03 10:20:46,835 INFO o.a.j.r.RmiUtils: Disabling SSL for RMI as server.rmi.ssl.disable is set to 'true'
2019-05-03 10:20:46,835 INFO o.a.j.r.RmiUtils: Disabling SSL for RMI as server.rmi.ssl.disable is set to 'true'
2019-05-03 10:20:46,843 WARN o.a.j.r.ResultCollector: Error creating directories for /Users/anmolgupta/Documents
2019-05-03 10:20:46,851 INFO o.a.j.JMeter: Started remote host:  28.0.0.25 (1556878846851)
2019-05-03 10:20:46,857 INFO o.a.j.r.RmiUtils: Disabling SSL for RMI as server.rmi.ssl.disable is set to 'true'
2019-05-03 10:20:46,859 INFO o.a.j.r.RmiUtils: Disabling SSL for RMI as server.rmi.ssl.disable is set to 'true'
2019-05-03 10:20:46,889 INFO o.a.j.e.ClientJMeterEngine: sent test to 28.0.0.24 basedir='.'
2019-05-03 10:20:46,889 INFO o.a.j.e.ClientJMeterEngine: Sending properties {}
2019-05-03 10:20:46,895 INFO o.a.j.e.ClientJMeterEngine: sent run command to 28.0.0.24
2019-05-03 10:20:46,895 INFO o.a.j.e.ClientJMeterEngine: running clientengine run method
2019-05-03 10:20:46,896 INFO o.a.j.r.RmiUtils: Disabling SSL for RMI as server.rmi.ssl.disable is set to 'true'
2019-05-03 10:20:46,896 INFO o.a.j.r.RmiUtils: Disabling SSL for RMI as server.rmi.ssl.disable is set to 'true'
2019-05-03 10:20:46,896 INFO o.a.j.s.BatchSampleSender: Using batching (client settings) for this run. Thresholds: num=100, time=60000
2019-05-03 10:20:46,896 INFO o.a.j.s.DataStrippingSampleSender: Using DataStrippingSampleSender for this run
2019-05-03 10:20:46,896 INFO o.a.j.r.RmiUtils: Disabling SSL for RMI as server.rmi.ssl.disable is set to 'true'
2019-05-03 10:20:46,896 INFO o.a.j.r.RmiUtils: Disabling SSL for RMI as server.rmi.ssl.disable is set to 'true'
2019-05-03 10:20:46,897 INFO o.a.j.s.BatchSampleSender: Using batching (client settings) for this run. Thresholds: num=100, time=60000
2019-05-03 10:20:46,897 INFO o.a.j.s.DataStrippingSampleSender: Using DataStrippingSampleSender for this run
2019-05-03 10:20:46,897 INFO o.a.j.r.RmiUtils: Disabling SSL for RMI as server.rmi.ssl.disable is set to 'true'
2019-05-03 10:20:46,897 INFO o.a.j.r.RmiUtils: Disabling SSL for RMI as server.rmi.ssl.disable is set to 'true'
2019-05-03 10:20:46,914 INFO o.a.j.r.RmiUtils: Disabling SSL for RMI as server.rmi.ssl.disable is set to 'true'
2019-05-03 10:20:46,914 INFO o.a.j.r.RmiUtils: Disabling SSL for RMI as server.rmi.ssl.disable is set to 'true'
2019-05-03 10:20:46,914 WARN o.a.j.r.ResultCollector: Error creating directories for /Users/anmolgupta/Documents
2019-05-03 10:20:46,917 INFO o.a.j.JMeter: Started remote host:  28.0.0.24 (1556878846917)
2019-05-03 10:20:46,945 INFO o.a.j.e.ClientJMeterEngine: sent test to 28.0.0.27 basedir='.'
2019-05-03 10:20:46,945 INFO o.a.j.e.ClientJMeterEngine: Sending properties {}
2019-05-03 10:20:46,948 INFO o.a.j.s.SampleResult: Note: Sample TimeStamps are START times
2019-05-03 10:20:46,948 INFO o.a.j.s.SampleResult: sampleresult.default.encoding is set to ISO-8859-1
2019-05-03 10:20:46,949 INFO o.a.j.s.SampleResult: sampleresult.useNanoTime=true
2019-05-03 10:20:46,949 INFO o.a.j.s.SampleResult: sampleresult.nanoThreadSleep=5000
2019-05-03 10:20:46,954 INFO o.a.j.e.ClientJMeterEngine: sent run command to 28.0.0.27
2019-05-03 10:20:46,955 INFO o.a.j.e.ClientJMeterEngine: running clientengine run method
2019-05-03 10:20:46,955 INFO o.a.j.r.RmiUtils: Disabling SSL for RMI as server.rmi.ssl.disable is set to 'true'
2019-05-03 10:20:46,955 INFO o.a.j.r.RmiUtils: Disabling SSL for RMI as server.rmi.ssl.disable is set to 'true'
2019-05-03 10:20:46,955 INFO o.a.j.s.BatchSampleSender: Using batching (client settings) for this run. Thresholds: num=100, time=60000
2019-05-03 10:20:46,955 INFO o.a.j.s.DataStrippingSampleSender: Using DataStrippingSampleSender for this run
2019-05-03 10:20:46,956 INFO o.a.j.r.RmiUtils: Disabling SSL for RMI as server.rmi.ssl.disable is set to 'true'
2019-05-03 10:20:46,956 INFO o.a.j.r.RmiUtils: Disabling SSL for RMI as server.rmi.ssl.disable is set to 'true'
2019-05-03 10:20:46,956 INFO o.a.j.s.BatchSampleSender: Using batching (client settings) for this run. Thresholds: num=100, time=60000
2019-05-03 10:20:46,956 INFO o.a.j.s.DataStrippingSampleSender: Using DataStrippingSampleSender for this run
2019-05-03 10:20:46,956 INFO o.a.j.r.RmiUtils: Disabling SSL for RMI as server.rmi.ssl.disable is set to 'true'
2019-05-03 10:20:46,956 INFO o.a.j.r.RmiUtils: Disabling SSL for RMI as server.rmi.ssl.disable is set to 'true'
2019-05-03 10:20:46,958 WARN o.a.j.r.ResultCollector: Error creating directories for /Users/anmolgupta/Documents
2019-05-03 10:20:46,961 INFO o.a.j.JMeter: Started remote host:  28.0.0.27 (1556878846961)
2019-05-03 10:20:46,969 INFO o.a.j.r.RmiUtils: Disabling SSL for RMI as server.rmi.ssl.disable is set to 'true'
2019-05-03 10:20:46,969 INFO o.a.j.r.RmiUtils: Disabling SSL for RMI as server.rmi.ssl.disable is set to 'true'
2019-05-03 10:20:46,997 INFO o.a.j.e.ClientJMeterEngine: sent test to 28.0.0.29 basedir='.'
2019-05-03 10:20:46,998 INFO o.a.j.e.ClientJMeterEngine: Sending properties {}
2019-05-03 10:20:47,002 INFO o.a.j.e.ClientJMeterEngine: sent run command to 28.0.0.29
2019-05-03 10:20:47,002 INFO o.a.j.e.DistributedRunner: Remote engines have been started
2019-05-03 10:20:47,008 WARN o.a.j.r.ResultCollector: Error creating directories for /Users/anmolgupta/Documents
2019-05-03 10:20:47,029 INFO o.a.j.JMeter: Started remote host:  28.0.0.29 (1556878847029)
2019-05-03 10:21:00,089 INFO o.a.j.r.Summariser: summary +  20505 in 00:00:13 = 1548.8/s Avg:   123 Min:     0 Max:  1074 Err:    45 (0.22%) Active: 200 Started: 185 Finished: 0
2019-05-03 10:21:30,866 INFO o.a.j.r.Summariser: summary +  36700 in 00:00:31 = 1192.4/s Avg:   158 Min:     0 Max:  2033 Err:     7 (0.02%) Active: 200 Started: 185 Finished: 0
2019-05-03 10:21:30,867 INFO o.a.j.r.Summariser: summary =  57205 in 00:00:44 = 1299.6/s Avg:   145 Min:     0 Max:  2033 Err:    52 (0.09%)
2019-05-03 10:22:00,082 INFO o.a.j.r.Summariser: summary +   5800 in 00:00:29 =  198.5/s Avg:  1016 Min:     6 Max:  1244 Err:    33 (0.57%) Active: 200 Started: 185 Finished: 0
2019-05-03 10:22:00,082 INFO o.a.j.r.Summariser: summary =  63005 in 00:01:13 =  860.3/s Avg:   225 Min:     0 Max:  2033 Err:    85 (0.13%)
2019-05-03 10:22:30,223 INFO o.a.j.r.Summariser: summary +   5900 in 00:00:30 =  195.7/s Avg:  1015 Min:     6 Max:  1163 Err:    13 (0.22%) Active: 200 Started: 185 Finished: 0
2019-05-03 10:22:30,224 INFO o.a.j.r.Summariser: summary =  68905 in 00:01:43 =  666.6/s Avg:   293 Min:     0 Max:  2033 Err:    98 (0.14%)
2019-05-03 10:23:00,336 INFO o.a.j.r.Summariser: summary +   5900 in 00:00:30 =  195.9/s Avg:  1018 Min:     0 Max:  3033 Err:     9 (0.15%) Active: 200 Started: 185 Finished: 0
2019-05-03 10:23:00,337 INFO o.a.j.r.Summariser: summary =  74805 in 00:02:13 =  560.4/s Avg:   350 Min:     0 Max:  3033 Err:   107 (0.14%)
2019-05-03 10:23:30,100 INFO o.a.j.r.Summariser: summary +  37200 in 00:00:30 = 1249.8/s Avg:   163 Min:     0 Max:  3268 Err:   127 (0.34%) Active: 200 Started: 185 Finished: 0
2019-05-03 10:23:30,101 INFO o.a.j.r.Summariser: summary = 112005 in 00:02:43 =  686.1/s Avg:   288 Min:     0 Max:  3268 Err:   234 (0.21%)
2019-05-03 10:24:01,062 INFO o.a.j.r.Summariser: summary +   6400 in 00:00:31 =  206.7/s Avg:   940 Min:     0 Max:  3092 Err:    22 (0.34%) Active: 200 Started: 185 Finished: 0
2019-05-03 10:24:01,063 INFO o.a.j.r.Summariser: summary = 118405 in 00:03:14 =  609.7/s Avg:   323 Min:     0 Max:  3268 Err:   256 (0.22%)
2019-05-03 10:24:30,258 INFO o.a.j.r.Summariser: summary +   6100 in 00:00:29 =  208.9/s Avg:   970 Min:     0 Max:  1244 Err:    55 (0.90%) Active: 200 Started: 185 Finished: 0
2019-05-03 10:24:30,258 INFO o.a.j.r.Summariser: summary = 124505 in 00:03:43 =  557.3/s Avg:   355 Min:     0 Max:  3268 Err:   311 (0.25%)
2019-05-03 10:25:00,074 INFO o.a.j.r.Summariser: summary +   6100 in 00:00:30 =  204.6/s Avg:   977 Min:     6 Max:  1129 Err:    10 (0.16%) Active: 200 Started: 185 Finished: 0
2019-05-03 10:25:00,074 INFO o.a.j.r.Summariser: summary = 130605 in 00:04:13 =  515.8/s Avg:   384 Min:     0 Max:  3268 Err:   321 (0.25%)
2019-05-03 10:25:30,775 INFO o.a.j.r.Summariser: summary +  36300 in 00:00:31 = 1182.4/s Avg:   170 Min:     0 Max:  3315 Err:   134 (0.37%) Active: 200 Started: 185 Finished: 0
2019-05-03 10:25:30,775 INFO o.a.j.r.Summariser: summary = 166905 in 00:04:44 =  587.8/s Avg:   337 Min:     0 Max:  3315 Err:   455 (0.27%)
2019-05-03 10:26:00,207 INFO o.a.j.r.Summariser: summary +   6300 in 00:00:29 =  214.1/s Avg:   916 Min:     1 Max:  3142 Err:    63 (1.00%) Active: 200 Started: 185 Finished: 0
2019-05-03 10:26:00,207 INFO o.a.j.r.Summariser: summary = 173205 in 00:05:13 =  552.7/s Avg:   358 Min:     0 Max:  3315 Err:   518 (0.30%)
2019-05-03 10:26:30,057 INFO o.a.j.r.Summariser: summary +   6200 in 00:00:30 =  207.7/s Avg:   969 Min:     0 Max:  7161 Err:    38 (0.61%) Active: 197 Started: 185 Finished: 3
2019-05-03 10:26:30,058 INFO o.a.j.r.Summariser: summary = 179405 in 00:05:43 =  522.7/s Avg:   379 Min:     0 Max:  7161 Err:   556 (0.31%)
2019-05-03 10:27:00,381 INFO o.a.j.r.Summariser: summary +   6000 in 00:00:30 =  197.9/s Avg:   962 Min:     5 Max:  3248 Err:    19 (0.32%) Active: 188 Started: 185 Finished: 12
2019-05-03 10:27:00,382 INFO o.a.j.r.Summariser: summary = 185405 in 00:06:14 =  496.4/s Avg:   398 Min:     0 Max:  7161 Err:   575 (0.31%)
2019-05-03 10:27:17,493 INFO o.a.j.JMeter: Finished remote host: 28.0.0.24 (1556879237493)
2019-05-03 10:27:17,537 INFO o.a.j.JMeter: Finished remote host: 28.0.0.25 (1556879237537)
2019-05-03 10:27:17,674 INFO o.a.j.JMeter: Finished remote host: 28.0.0.29 (1556879237674)
2019-05-03 10:27:17,845 INFO o.a.j.r.Summariser: summary +  14595 in 00:00:17 =  835.8/s Avg:   194 Min:     5 Max:  3187 Err:     0 (0.00%) Active: 0 Started: 185 Finished: 200
2019-05-03 10:27:17,845 INFO o.a.j.r.Summariser: summary = 200000 in 00:06:31 =  511.5/s Avg:   383 Min:     0 Max:  7161 Err:   575 (0.29%)
2019-05-03 10:27:17,846 INFO o.a.j.JMeter: Finished remote host: 28.0.0.27 (1556879237846)
2019-05-03 10:27:22,850 INFO o.a.j.JMeter: Interrupting RMI Reaper
