2019-04-30 05:48:46,188 INFO o.a.j.u.JMeterUtils: Setting Locale to en_US
2019-04-30 05:48:46,204 INFO o.a.j.JMeter: Loading user properties from: /mnt/data/benchmark/apache-jmeter-4.0/bin/user.properties
2019-04-30 05:48:46,204 INFO o.a.j.JMeter: Loading system properties from: /mnt/data/benchmark/apache-jmeter-4.0/bin/system.properties
2019-04-30 05:48:46,210 INFO o.a.j.JMeter: Copyright (c) 1998-2018 The Apache Software Foundation
2019-04-30 05:48:46,210 INFO o.a.j.JMeter: Version 4.0 r1823414
2019-04-30 05:48:46,210 INFO o.a.j.JMeter: java.version=1.8.0_191
2019-04-30 05:48:46,211 INFO o.a.j.JMeter: java.vm.name=OpenJDK 64-Bit Server VM
2019-04-30 05:48:46,211 INFO o.a.j.JMeter: os.name=Linux
2019-04-30 05:48:46,211 INFO o.a.j.JMeter: os.arch=amd64
2019-04-30 05:48:46,211 INFO o.a.j.JMeter: os.version=4.15.0-1041-azure
2019-04-30 05:48:46,211 INFO o.a.j.JMeter: file.encoding=UTF-8
2019-04-30 05:48:46,211 INFO o.a.j.JMeter: Max memory     =1860698112
2019-04-30 05:48:46,211 INFO o.a.j.JMeter: Available Processors =2
2019-04-30 05:48:46,216 INFO o.a.j.JMeter: Default Locale=English (United States)
2019-04-30 05:48:46,217 INFO o.a.j.JMeter: JMeter  Locale=English (United States)
2019-04-30 05:48:46,217 INFO o.a.j.JMeter: JMeterHome=/mnt/data/benchmark/apache-jmeter-4.0
2019-04-30 05:48:46,217 INFO o.a.j.JMeter: user.dir  =/home/vinaya/sunbird-perf-tests/sunbird-platform
2019-04-30 05:48:46,217 INFO o.a.j.JMeter: PWD       =/home/vinaya/sunbird-perf-tests/sunbird-platform
2019-04-30 05:48:46,436 INFO o.a.j.JMeter: IP: 28.0.0.23 Name: jmeter-lms-1 FullName: 28.0.0.23
2019-04-30 05:48:46,440 INFO o.a.j.s.FileServer: Default base='/home/vinaya/sunbird-perf-tests/sunbird-platform'
2019-04-30 05:48:46,445 INFO o.a.j.s.FileServer: Set new base='/home/vinaya/current_scenario'
2019-04-30 05:48:46,594 INFO o.a.j.s.SaveService: Testplan (JMX) version: 2.2. Testlog (JTL) version: 2.2
2019-04-30 05:48:46,610 INFO o.a.j.s.SaveService: Using SaveService properties file encoding UTF-8
2019-04-30 05:48:46,616 INFO o.a.j.s.SaveService: Using SaveService properties version 4.0
2019-04-30 05:48:46,625 INFO o.a.j.s.SaveService: Loading file: /home/vinaya/current_scenario/system-settings.jmx
2019-04-30 05:48:46,684 INFO o.a.j.p.h.s.HTTPSamplerBase: Parser for text/html is org.apache.jmeter.protocol.http.parser.LagartoBasedHtmlParser
2019-04-30 05:48:46,684 INFO o.a.j.p.h.s.HTTPSamplerBase: Parser for application/xhtml+xml is org.apache.jmeter.protocol.http.parser.LagartoBasedHtmlParser
2019-04-30 05:48:46,684 INFO o.a.j.p.h.s.HTTPSamplerBase: Parser for application/xml is org.apache.jmeter.protocol.http.parser.LagartoBasedHtmlParser
2019-04-30 05:48:46,684 INFO o.a.j.p.h.s.HTTPSamplerBase: Parser for text/xml is org.apache.jmeter.protocol.http.parser.LagartoBasedHtmlParser
2019-04-30 05:48:46,685 INFO o.a.j.p.h.s.HTTPSamplerBase: Parser for text/vnd.wap.wml is org.apache.jmeter.protocol.http.parser.RegexpHTMLParser
2019-04-30 05:48:46,685 INFO o.a.j.p.h.s.HTTPSamplerBase: Parser for text/css is org.apache.jmeter.protocol.http.parser.CssParser
2019-04-30 05:48:46,711 INFO o.a.j.JMeter: Creating summariser <summary>
2019-04-30 05:48:46,714 INFO o.a.j.e.DistributedRunner: Configuring remote engine: 28.0.0.24
2019-04-30 05:48:46,716 INFO o.a.j.r.RmiUtils: Disabling SSL for RMI as server.rmi.ssl.disable is set to 'true'
2019-04-30 05:48:46,798 INFO o.a.j.e.DistributedRunner: Configuring remote engine: 28.0.0.25
2019-04-30 05:48:46,798 INFO o.a.j.r.RmiUtils: Disabling SSL for RMI as server.rmi.ssl.disable is set to 'true'
2019-04-30 05:48:46,807 INFO o.a.j.e.DistributedRunner: Configuring remote engine: 28.0.0.27
2019-04-30 05:48:46,807 INFO o.a.j.r.RmiUtils: Disabling SSL for RMI as server.rmi.ssl.disable is set to 'true'
2019-04-30 05:48:46,818 INFO o.a.j.e.DistributedRunner: Configuring remote engine: 28.0.0.29
2019-04-30 05:48:46,819 INFO o.a.j.r.RmiUtils: Disabling SSL for RMI as server.rmi.ssl.disable is set to 'true'
2019-04-30 05:48:46,829 INFO o.a.j.e.DistributedRunner: Starting remote engines
2019-04-30 05:48:46,831 INFO o.a.j.e.DistributedRunner: Starting the test @ Tue Apr 30 05:48:46 UTC 2019 (1556603326829)
2019-04-30 05:48:46,831 INFO o.a.j.e.ClientJMeterEngine: running clientengine run method
2019-04-30 05:48:46,835 INFO o.a.j.e.u.CompoundVariable: Note: Function class names must contain the string: '.functions.'
2019-04-30 05:48:46,835 INFO o.a.j.e.u.CompoundVariable: Note: Function class names must not contain the string: '.gui.'
2019-04-30 05:48:47,310 INFO o.a.j.r.RmiUtils: Disabling SSL for RMI as server.rmi.ssl.disable is set to 'true'
2019-04-30 05:48:47,311 INFO o.a.j.r.RmiUtils: Disabling SSL for RMI as server.rmi.ssl.disable is set to 'true'
2019-04-30 05:48:47,316 INFO o.a.j.s.SampleEvent: List of sample_variables: []
2019-04-30 05:48:47,321 INFO o.a.j.s.BatchSampleSender: Using batching (client settings) for this run. Thresholds: num=100, time=60000
2019-04-30 05:48:47,321 INFO o.a.j.s.DataStrippingSampleSender: Using DataStrippingSampleSender for this run
2019-04-30 05:48:47,321 INFO o.a.j.r.RmiUtils: Disabling SSL for RMI as server.rmi.ssl.disable is set to 'true'
2019-04-30 05:48:47,321 INFO o.a.j.r.RmiUtils: Disabling SSL for RMI as server.rmi.ssl.disable is set to 'true'
2019-04-30 05:48:47,321 INFO o.a.j.s.BatchSampleSender: Using batching (client settings) for this run. Thresholds: num=100, time=60000
2019-04-30 05:48:47,322 INFO o.a.j.s.DataStrippingSampleSender: Using DataStrippingSampleSender for this run
2019-04-30 05:48:47,323 INFO o.a.j.r.RmiUtils: Disabling SSL for RMI as server.rmi.ssl.disable is set to 'true'
2019-04-30 05:48:47,323 INFO o.a.j.r.RmiUtils: Disabling SSL for RMI as server.rmi.ssl.disable is set to 'true'
2019-04-30 05:48:47,707 INFO o.a.j.r.RmiUtils: Disabling SSL for RMI as server.rmi.ssl.disable is set to 'true'
2019-04-30 05:48:47,709 INFO o.a.j.r.RmiUtils: Disabling SSL for RMI as server.rmi.ssl.disable is set to 'true'
2019-04-30 05:48:47,810 INFO o.a.j.e.ClientJMeterEngine: sent test to 28.0.0.25 basedir='.'
2019-04-30 05:48:47,810 INFO o.a.j.e.ClientJMeterEngine: Sending properties {}
2019-04-30 05:48:47,814 INFO o.a.j.e.ClientJMeterEngine: sent run command to 28.0.0.25
2019-04-30 05:48:47,814 INFO o.a.j.e.ClientJMeterEngine: running clientengine run method
2019-04-30 05:48:47,814 INFO o.a.j.r.RmiUtils: Disabling SSL for RMI as server.rmi.ssl.disable is set to 'true'
2019-04-30 05:48:47,814 INFO o.a.j.r.RmiUtils: Disabling SSL for RMI as server.rmi.ssl.disable is set to 'true'
2019-04-30 05:48:47,815 INFO o.a.j.s.BatchSampleSender: Using batching (client settings) for this run. Thresholds: num=100, time=60000
2019-04-30 05:48:47,815 INFO o.a.j.s.DataStrippingSampleSender: Using DataStrippingSampleSender for this run
2019-04-30 05:48:47,815 INFO o.a.j.r.RmiUtils: Disabling SSL for RMI as server.rmi.ssl.disable is set to 'true'
2019-04-30 05:48:47,815 INFO o.a.j.r.RmiUtils: Disabling SSL for RMI as server.rmi.ssl.disable is set to 'true'
2019-04-30 05:48:47,815 INFO o.a.j.s.BatchSampleSender: Using batching (client settings) for this run. Thresholds: num=100, time=60000
2019-04-30 05:48:47,815 INFO o.a.j.s.DataStrippingSampleSender: Using DataStrippingSampleSender for this run
2019-04-30 05:48:47,815 INFO o.a.j.r.RmiUtils: Disabling SSL for RMI as server.rmi.ssl.disable is set to 'true'
2019-04-30 05:48:47,815 INFO o.a.j.r.RmiUtils: Disabling SSL for RMI as server.rmi.ssl.disable is set to 'true'
2019-04-30 05:48:47,827 INFO o.a.j.JMeter: Started remote host:  28.0.0.25 (1556603327827)
2019-04-30 05:48:47,829 INFO o.a.j.r.RmiUtils: Disabling SSL for RMI as server.rmi.ssl.disable is set to 'true'
2019-04-30 05:48:47,829 INFO o.a.j.r.RmiUtils: Disabling SSL for RMI as server.rmi.ssl.disable is set to 'true'
2019-04-30 05:48:47,861 INFO o.a.j.e.ClientJMeterEngine: sent test to 28.0.0.24 basedir='.'
2019-04-30 05:48:47,861 INFO o.a.j.e.ClientJMeterEngine: Sending properties {}
2019-04-30 05:48:47,862 INFO o.a.j.e.ClientJMeterEngine: sent run command to 28.0.0.24
2019-04-30 05:48:47,862 INFO o.a.j.e.ClientJMeterEngine: running clientengine run method
2019-04-30 05:48:47,863 INFO o.a.j.r.RmiUtils: Disabling SSL for RMI as server.rmi.ssl.disable is set to 'true'
2019-04-30 05:48:47,863 INFO o.a.j.r.RmiUtils: Disabling SSL for RMI as server.rmi.ssl.disable is set to 'true'
2019-04-30 05:48:47,863 INFO o.a.j.s.BatchSampleSender: Using batching (client settings) for this run. Thresholds: num=100, time=60000
2019-04-30 05:48:47,863 INFO o.a.j.s.DataStrippingSampleSender: Using DataStrippingSampleSender for this run
2019-04-30 05:48:47,863 INFO o.a.j.r.RmiUtils: Disabling SSL for RMI as server.rmi.ssl.disable is set to 'true'
2019-04-30 05:48:47,863 INFO o.a.j.r.RmiUtils: Disabling SSL for RMI as server.rmi.ssl.disable is set to 'true'
2019-04-30 05:48:47,864 INFO o.a.j.s.BatchSampleSender: Using batching (client settings) for this run. Thresholds: num=100, time=60000
2019-04-30 05:48:47,864 INFO o.a.j.s.DataStrippingSampleSender: Using DataStrippingSampleSender for this run
2019-04-30 05:48:47,864 INFO o.a.j.r.RmiUtils: Disabling SSL for RMI as server.rmi.ssl.disable is set to 'true'
2019-04-30 05:48:47,864 INFO o.a.j.r.RmiUtils: Disabling SSL for RMI as server.rmi.ssl.disable is set to 'true'
2019-04-30 05:48:47,868 INFO o.a.j.JMeter: Started remote host:  28.0.0.24 (1556603327868)
2019-04-30 05:48:47,877 INFO o.a.j.r.RmiUtils: Disabling SSL for RMI as server.rmi.ssl.disable is set to 'true'
2019-04-30 05:48:47,877 INFO o.a.j.r.RmiUtils: Disabling SSL for RMI as server.rmi.ssl.disable is set to 'true'
2019-04-30 05:48:47,895 INFO o.a.j.e.ClientJMeterEngine: sent test to 28.0.0.27 basedir='.'
2019-04-30 05:48:47,895 INFO o.a.j.e.ClientJMeterEngine: Sending properties {}
2019-04-30 05:48:47,898 INFO o.a.j.e.ClientJMeterEngine: sent run command to 28.0.0.27
2019-04-30 05:48:47,899 INFO o.a.j.e.ClientJMeterEngine: running clientengine run method
2019-04-30 05:48:47,899 INFO o.a.j.r.RmiUtils: Disabling SSL for RMI as server.rmi.ssl.disable is set to 'true'
2019-04-30 05:48:47,899 INFO o.a.j.r.RmiUtils: Disabling SSL for RMI as server.rmi.ssl.disable is set to 'true'
2019-04-30 05:48:47,899 INFO o.a.j.s.BatchSampleSender: Using batching (client settings) for this run. Thresholds: num=100, time=60000
2019-04-30 05:48:47,899 INFO o.a.j.s.DataStrippingSampleSender: Using DataStrippingSampleSender for this run
2019-04-30 05:48:47,900 INFO o.a.j.r.RmiUtils: Disabling SSL for RMI as server.rmi.ssl.disable is set to 'true'
2019-04-30 05:48:47,900 INFO o.a.j.r.RmiUtils: Disabling SSL for RMI as server.rmi.ssl.disable is set to 'true'
2019-04-30 05:48:47,900 INFO o.a.j.s.BatchSampleSender: Using batching (client settings) for this run. Thresholds: num=100, time=60000
2019-04-30 05:48:47,900 INFO o.a.j.s.DataStrippingSampleSender: Using DataStrippingSampleSender for this run
2019-04-30 05:48:47,900 INFO o.a.j.r.RmiUtils: Disabling SSL for RMI as server.rmi.ssl.disable is set to 'true'
2019-04-30 05:48:47,900 INFO o.a.j.r.RmiUtils: Disabling SSL for RMI as server.rmi.ssl.disable is set to 'true'
2019-04-30 05:48:47,911 INFO o.a.j.r.RmiUtils: Disabling SSL for RMI as server.rmi.ssl.disable is set to 'true'
2019-04-30 05:48:47,911 INFO o.a.j.r.RmiUtils: Disabling SSL for RMI as server.rmi.ssl.disable is set to 'true'
2019-04-30 05:48:47,911 INFO o.a.j.JMeter: Started remote host:  28.0.0.27 (1556603327911)
2019-04-30 05:48:47,929 INFO o.a.j.e.ClientJMeterEngine: sent test to 28.0.0.29 basedir='.'
2019-04-30 05:48:47,929 INFO o.a.j.e.ClientJMeterEngine: Sending properties {}
2019-04-30 05:48:47,931 INFO o.a.j.e.ClientJMeterEngine: sent run command to 28.0.0.29
2019-04-30 05:48:47,931 INFO o.a.j.e.DistributedRunner: Remote engines have been started
2019-04-30 05:48:47,938 INFO o.a.j.JMeter: Started remote host:  28.0.0.29 (1556603327938)
2019-04-30 05:48:48,125 INFO o.a.j.s.SampleResult: Note: Sample TimeStamps are START times
2019-04-30 05:48:48,125 INFO o.a.j.s.SampleResult: sampleresult.default.encoding is set to ISO-8859-1
2019-04-30 05:48:48,125 INFO o.a.j.s.SampleResult: sampleresult.useNanoTime=true
2019-04-30 05:48:48,125 INFO o.a.j.s.SampleResult: sampleresult.nanoThreadSleep=5000
2019-04-30 05:49:00,046 INFO o.a.j.r.Summariser: summary +   4805 in 00:00:12 =  393.2/s Avg:   182 Min:    11 Max:   845 Err:     0 (0.00%) Active: 100 Started: 100 Finished: 0
2019-04-30 05:49:30,179 INFO o.a.j.r.Summariser: summary +  13200 in 00:00:30 =  438.1/s Avg:   226 Min:    11 Max:  1857 Err:     0 (0.00%) Active: 100 Started: 100 Finished: 0
2019-04-30 05:49:30,182 INFO o.a.j.r.Summariser: summary =  18005 in 00:00:42 =  425.1/s Avg:   214 Min:    11 Max:  1857 Err:     0 (0.00%)
2019-04-30 05:50:00,208 INFO o.a.j.r.Summariser: summary +  13100 in 00:00:30 =  436.2/s Avg:   228 Min:    11 Max:  1703 Err:     0 (0.00%) Active: 100 Started: 100 Finished: 0
2019-04-30 05:50:00,208 INFO o.a.j.r.Summariser: summary =  31105 in 00:01:12 =  429.7/s Avg:   220 Min:    11 Max:  1857 Err:     0 (0.00%)
2019-04-30 05:50:30,733 INFO o.a.j.r.Summariser: summary +   7600 in 00:00:31 =  249.0/s Avg:   379 Min:    10 Max:  3187 Err:     0 (0.00%) Active: 100 Started: 100 Finished: 0
2019-04-30 05:50:30,734 INFO o.a.j.r.Summariser: summary =  38705 in 00:01:43 =  376.1/s Avg:   251 Min:    10 Max:  3187 Err:     0 (0.00%)
2019-04-30 05:51:00,154 INFO o.a.j.r.Summariser: summary +   3700 in 00:00:29 =  125.8/s Avg:   782 Min:     9 Max:  3153 Err:     0 (0.00%) Active: 100 Started: 100 Finished: 0
2019-04-30 05:51:00,154 INFO o.a.j.r.Summariser: summary =  42405 in 00:02:12 =  320.5/s Avg:   298 Min:     9 Max:  3187 Err:     0 (0.00%)
2019-04-30 05:51:30,059 INFO o.a.j.r.Summariser: summary +  11000 in 00:00:30 =  367.8/s Avg:   292 Min:     9 Max:  5159 Err:     0 (0.00%) Active: 100 Started: 100 Finished: 0
2019-04-30 05:51:30,060 INFO o.a.j.r.Summariser: summary =  53405 in 00:02:42 =  329.2/s Avg:   297 Min:     9 Max:  5159 Err:     0 (0.00%)
2019-04-30 05:52:00,036 INFO o.a.j.r.Summariser: summary +   9900 in 00:00:30 =  330.3/s Avg:   303 Min:     9 Max:  1383 Err:     0 (0.00%) Active: 99 Started: 100 Finished: 1
2019-04-30 05:52:00,037 INFO o.a.j.r.Summariser: summary =  63305 in 00:03:12 =  329.4/s Avg:   297 Min:     9 Max:  5159 Err:     0 (0.00%)
2019-04-30 05:52:30,747 INFO o.a.j.r.Summariser: summary +   9000 in 00:00:31 =  293.1/s Avg:   326 Min:    10 Max:  1425 Err:     0 (0.00%) Active: 97 Started: 100 Finished: 3
2019-04-30 05:52:30,749 INFO o.a.j.r.Summariser: summary =  72305 in 00:03:43 =  324.4/s Avg:   301 Min:     9 Max:  5159 Err:     0 (0.00%)
2019-04-30 05:53:01,139 INFO o.a.j.r.Summariser: summary +   7000 in 00:00:30 =  230.3/s Avg:   387 Min:    10 Max:  5153 Err:     1 (0.01%) Active: 95 Started: 100 Finished: 5
2019-04-30 05:53:01,140 INFO o.a.j.r.Summariser: summary =  79305 in 00:04:13 =  313.1/s Avg:   309 Min:     9 Max:  5159 Err:     1 (0.00%)
2019-04-30 05:53:30,431 INFO o.a.j.r.Summariser: summary +   9100 in 00:00:29 =  310.7/s Avg:   323 Min:    10 Max:  5153 Err:     0 (0.00%) Active: 86 Started: 100 Finished: 14
2019-04-30 05:53:30,432 INFO o.a.j.r.Summariser: summary =  88405 in 00:04:43 =  312.8/s Avg:   310 Min:     9 Max:  5159 Err:     1 (0.00%)
2019-04-30 05:54:00,169 INFO o.a.j.r.Summariser: summary +   8400 in 00:00:30 =  282.5/s Avg:   280 Min:    10 Max:  1398 Err:     0 (0.00%) Active: 62 Started: 100 Finished: 38
2019-04-30 05:54:00,170 INFO o.a.j.r.Summariser: summary =  96805 in 00:05:12 =  309.9/s Avg:   307 Min:     9 Max:  5159 Err:     1 (0.00%)
2019-04-30 05:54:12,368 INFO o.a.j.JMeter: Finished remote host: 28.0.0.25 (1556603652368)
2019-04-30 05:54:12,400 INFO o.a.j.JMeter: Finished remote host: 28.0.0.27 (1556603652400)
2019-04-30 05:54:12,512 INFO o.a.j.JMeter: Finished remote host: 28.0.0.24 (1556603652512)
2019-04-30 05:54:14,558 INFO o.a.j.r.Summariser: summary +   3195 in 00:00:14 =  222.1/s Avg:   175 Min:    10 Max:  1264 Err:     0 (0.00%) Active: 0 Started: 100 Finished: 100
2019-04-30 05:54:14,558 INFO o.a.j.r.Summariser: summary = 100000 in 00:05:27 =  306.1/s Avg:   303 Min:     9 Max:  5159 Err:     1 (0.00%)
2019-04-30 05:54:14,559 INFO o.a.j.JMeter: Finished remote host: 28.0.0.29 (1556603654559)
2019-04-30 05:54:19,561 INFO o.a.j.JMeter: Interrupting RMI Reaper
