2019-04-26 10:17:24,926 INFO o.a.j.u.JMeterUtils: Setting Locale to en_US
2019-04-26 10:17:24,943 INFO o.a.j.JMeter: Loading user properties from: /mnt/data/benchmark/apache-jmeter-4.0/bin/user.properties
2019-04-26 10:17:24,943 INFO o.a.j.JMeter: Loading system properties from: /mnt/data/benchmark/apache-jmeter-4.0/bin/system.properties
2019-04-26 10:17:24,950 INFO o.a.j.JMeter: Copyright (c) 1998-2018 The Apache Software Foundation
2019-04-26 10:17:24,950 INFO o.a.j.JMeter: Version 4.0 r1823414
2019-04-26 10:17:24,950 INFO o.a.j.JMeter: java.version=1.8.0_191
2019-04-26 10:17:24,950 INFO o.a.j.JMeter: java.vm.name=OpenJDK 64-Bit Server VM
2019-04-26 10:17:24,950 INFO o.a.j.JMeter: os.name=Linux
2019-04-26 10:17:24,950 INFO o.a.j.JMeter: os.arch=amd64
2019-04-26 10:17:24,950 INFO o.a.j.JMeter: os.version=4.15.0-1041-azure
2019-04-26 10:17:24,950 INFO o.a.j.JMeter: file.encoding=UTF-8
2019-04-26 10:17:24,951 INFO o.a.j.JMeter: Max memory     =1860698112
2019-04-26 10:17:24,951 INFO o.a.j.JMeter: Available Processors =2
2019-04-26 10:17:24,956 INFO o.a.j.JMeter: Default Locale=English (United States)
2019-04-26 10:17:24,956 INFO o.a.j.JMeter: JMeter  Locale=English (United States)
2019-04-26 10:17:24,956 INFO o.a.j.JMeter: JMeterHome=/mnt/data/benchmark/apache-jmeter-4.0
2019-04-26 10:17:24,956 INFO o.a.j.JMeter: user.dir  =/home/vinaya/sunbird-perf-tests/sunbird-platform
2019-04-26 10:17:24,957 INFO o.a.j.JMeter: PWD       =/home/vinaya/sunbird-perf-tests/sunbird-platform
2019-04-26 10:17:25,201 INFO o.a.j.JMeter: IP: 28.0.0.23 Name: jmeter-lms-1 FullName: 28.0.0.23
2019-04-26 10:17:25,205 INFO o.a.j.s.FileServer: Default base='/home/vinaya/sunbird-perf-tests/sunbird-platform'
2019-04-26 10:17:25,210 INFO o.a.j.s.FileServer: Set new base='/home/vinaya/current_scenario'
2019-04-26 10:17:25,359 INFO o.a.j.s.SaveService: Testplan (JMX) version: 2.2. Testlog (JTL) version: 2.2
2019-04-26 10:17:25,379 INFO o.a.j.s.SaveService: Using SaveService properties file encoding UTF-8
2019-04-26 10:17:25,384 INFO o.a.j.s.SaveService: Using SaveService properties version 4.0
2019-04-26 10:17:25,393 INFO o.a.j.s.SaveService: Loading file: /home/vinaya/current_scenario/system-settings.jmx
2019-04-26 10:17:25,468 INFO o.a.j.p.h.s.HTTPSamplerBase: Parser for text/html is org.apache.jmeter.protocol.http.parser.LagartoBasedHtmlParser
2019-04-26 10:17:25,468 INFO o.a.j.p.h.s.HTTPSamplerBase: Parser for application/xhtml+xml is org.apache.jmeter.protocol.http.parser.LagartoBasedHtmlParser
2019-04-26 10:17:25,468 INFO o.a.j.p.h.s.HTTPSamplerBase: Parser for application/xml is org.apache.jmeter.protocol.http.parser.LagartoBasedHtmlParser
2019-04-26 10:17:25,468 INFO o.a.j.p.h.s.HTTPSamplerBase: Parser for text/xml is org.apache.jmeter.protocol.http.parser.LagartoBasedHtmlParser
2019-04-26 10:17:25,469 INFO o.a.j.p.h.s.HTTPSamplerBase: Parser for text/vnd.wap.wml is org.apache.jmeter.protocol.http.parser.RegexpHTMLParser
2019-04-26 10:17:25,469 INFO o.a.j.p.h.s.HTTPSamplerBase: Parser for text/css is org.apache.jmeter.protocol.http.parser.CssParser
2019-04-26 10:17:25,497 INFO o.a.j.JMeter: Creating summariser <summary>
2019-04-26 10:17:25,500 INFO o.a.j.e.DistributedRunner: Configuring remote engine: 28.0.0.24
2019-04-26 10:17:25,502 INFO o.a.j.r.RmiUtils: Disabling SSL for RMI as server.rmi.ssl.disable is set to 'true'
2019-04-26 10:17:25,591 INFO o.a.j.e.DistributedRunner: Configuring remote engine: 28.0.0.25
2019-04-26 10:17:25,592 INFO o.a.j.r.RmiUtils: Disabling SSL for RMI as server.rmi.ssl.disable is set to 'true'
2019-04-26 10:17:25,601 INFO o.a.j.e.DistributedRunner: Starting remote engines
2019-04-26 10:17:25,603 INFO o.a.j.e.DistributedRunner: Starting the test @ Fri Apr 26 10:17:25 UTC 2019 (1556273845602)
2019-04-26 10:17:25,603 INFO o.a.j.e.ClientJMeterEngine: running clientengine run method
2019-04-26 10:17:25,606 INFO o.a.j.e.u.CompoundVariable: Note: Function class names must contain the string: '.functions.'
2019-04-26 10:17:25,606 INFO o.a.j.e.u.CompoundVariable: Note: Function class names must not contain the string: '.gui.'
2019-04-26 10:17:26,079 INFO o.a.j.r.RmiUtils: Disabling SSL for RMI as server.rmi.ssl.disable is set to 'true'
2019-04-26 10:17:26,080 INFO o.a.j.r.RmiUtils: Disabling SSL for RMI as server.rmi.ssl.disable is set to 'true'
2019-04-26 10:17:26,083 INFO o.a.j.s.SampleEvent: List of sample_variables: []
2019-04-26 10:17:26,088 INFO o.a.j.s.BatchSampleSender: Using batching (client settings) for this run. Thresholds: num=100, time=60000
2019-04-26 10:17:26,088 INFO o.a.j.s.DataStrippingSampleSender: Using DataStrippingSampleSender for this run
2019-04-26 10:17:26,089 INFO o.a.j.r.RmiUtils: Disabling SSL for RMI as server.rmi.ssl.disable is set to 'true'
2019-04-26 10:17:26,089 INFO o.a.j.r.RmiUtils: Disabling SSL for RMI as server.rmi.ssl.disable is set to 'true'
2019-04-26 10:17:26,089 INFO o.a.j.s.BatchSampleSender: Using batching (client settings) for this run. Thresholds: num=100, time=60000
2019-04-26 10:17:26,089 INFO o.a.j.s.DataStrippingSampleSender: Using DataStrippingSampleSender for this run
2019-04-26 10:17:26,091 INFO o.a.j.r.RmiUtils: Disabling SSL for RMI as server.rmi.ssl.disable is set to 'true'
2019-04-26 10:17:26,091 INFO o.a.j.r.RmiUtils: Disabling SSL for RMI as server.rmi.ssl.disable is set to 'true'
2019-04-26 10:17:26,455 INFO o.a.j.r.RmiUtils: Disabling SSL for RMI as server.rmi.ssl.disable is set to 'true'
2019-04-26 10:17:26,456 INFO o.a.j.r.RmiUtils: Disabling SSL for RMI as server.rmi.ssl.disable is set to 'true'
2019-04-26 10:17:26,557 INFO o.a.j.e.ClientJMeterEngine: sent test to 28.0.0.25 basedir='.'
2019-04-26 10:17:26,557 INFO o.a.j.e.ClientJMeterEngine: Sending properties {}
2019-04-26 10:17:26,562 INFO o.a.j.e.ClientJMeterEngine: sent run command to 28.0.0.25
2019-04-26 10:17:26,562 INFO o.a.j.e.ClientJMeterEngine: running clientengine run method
2019-04-26 10:17:26,563 INFO o.a.j.r.RmiUtils: Disabling SSL for RMI as server.rmi.ssl.disable is set to 'true'
2019-04-26 10:17:26,563 INFO o.a.j.r.RmiUtils: Disabling SSL for RMI as server.rmi.ssl.disable is set to 'true'
2019-04-26 10:17:26,563 INFO o.a.j.s.BatchSampleSender: Using batching (client settings) for this run. Thresholds: num=100, time=60000
2019-04-26 10:17:26,563 INFO o.a.j.s.DataStrippingSampleSender: Using DataStrippingSampleSender for this run
2019-04-26 10:17:26,563 INFO o.a.j.r.RmiUtils: Disabling SSL for RMI as server.rmi.ssl.disable is set to 'true'
2019-04-26 10:17:26,563 INFO o.a.j.r.RmiUtils: Disabling SSL for RMI as server.rmi.ssl.disable is set to 'true'
2019-04-26 10:17:26,564 INFO o.a.j.s.BatchSampleSender: Using batching (client settings) for this run. Thresholds: num=100, time=60000
2019-04-26 10:17:26,564 INFO o.a.j.s.DataStrippingSampleSender: Using DataStrippingSampleSender for this run
2019-04-26 10:17:26,564 INFO o.a.j.r.RmiUtils: Disabling SSL for RMI as server.rmi.ssl.disable is set to 'true'
2019-04-26 10:17:26,564 INFO o.a.j.r.RmiUtils: Disabling SSL for RMI as server.rmi.ssl.disable is set to 'true'
2019-04-26 10:17:26,577 INFO o.a.j.JMeter: Started remote host:  28.0.0.25 (1556273846577)
2019-04-26 10:17:26,581 INFO o.a.j.r.RmiUtils: Disabling SSL for RMI as server.rmi.ssl.disable is set to 'true'
2019-04-26 10:17:26,581 INFO o.a.j.r.RmiUtils: Disabling SSL for RMI as server.rmi.ssl.disable is set to 'true'
2019-04-26 10:17:26,604 INFO o.a.j.e.ClientJMeterEngine: sent test to 28.0.0.24 basedir='.'
2019-04-26 10:17:26,605 INFO o.a.j.e.ClientJMeterEngine: Sending properties {}
2019-04-26 10:17:26,607 INFO o.a.j.e.ClientJMeterEngine: sent run command to 28.0.0.24
2019-04-26 10:17:26,607 INFO o.a.j.e.DistributedRunner: Remote engines have been started
2019-04-26 10:17:26,612 INFO o.a.j.JMeter: Started remote host:  28.0.0.24 (1556273846612)
2019-04-26 10:17:26,794 INFO o.a.j.s.SampleResult: Note: Sample TimeStamps are START times
2019-04-26 10:17:26,794 INFO o.a.j.s.SampleResult: sampleresult.default.encoding is set to ISO-8859-1
2019-04-26 10:17:26,794 INFO o.a.j.s.SampleResult: sampleresult.useNanoTime=true
2019-04-26 10:17:26,795 INFO o.a.j.s.SampleResult: sampleresult.nanoThreadSleep=5000
2019-04-26 10:17:30,053 INFO o.a.j.r.Summariser: summary +    703 in 00:00:03 =  202.3/s Avg:   632 Min:    80 Max:  1548 Err:     0 (0.00%) Active: 122 Started: 1000 Finished: 878
2019-04-26 10:17:30,231 INFO o.a.j.JMeter: Finished remote host: 28.0.0.25 (1556273850231)
2019-04-26 10:17:30,341 INFO o.a.j.r.Summariser: summary +    297 in 00:00:00 = 1020.6/s Avg:  1453 Min:   788 Max:  2267 Err:     0 (0.00%) Active: 0 Started: 1000 Finished: 1000
2019-04-26 10:17:30,343 INFO o.a.j.r.Summariser: summary =   1000 in 00:00:04 =  265.5/s Avg:   876 Min:    80 Max:  2267 Err:     0 (0.00%)
2019-04-26 10:17:30,344 INFO o.a.j.JMeter: Finished remote host: 28.0.0.24 (1556273850344)
2019-04-26 10:17:35,348 INFO o.a.j.JMeter: Interrupting RMI Reaper
