2019-04-25 14:37:48,788 INFO o.a.j.u.JMeterUtils: Setting Locale to en_US
2019-04-25 14:37:48,802 INFO o.a.j.JMeter: Loading user properties from: /mnt/data/benchmark/apache-jmeter-4.0/bin/user.properties
2019-04-25 14:37:48,802 INFO o.a.j.JMeter: Loading system properties from: /mnt/data/benchmark/apache-jmeter-4.0/bin/system.properties
2019-04-25 14:37:48,809 INFO o.a.j.JMeter: Copyright (c) 1998-2018 The Apache Software Foundation
2019-04-25 14:37:48,809 INFO o.a.j.JMeter: Version 4.0 r1823414
2019-04-25 14:37:48,810 INFO o.a.j.JMeter: java.version=1.8.0_03-Ubuntu
2019-04-25 14:37:48,810 INFO o.a.j.JMeter: java.vm.name=OpenJDK 64-Bit Server VM
2019-04-25 14:37:48,810 INFO o.a.j.JMeter: os.name=Linux
2019-04-25 14:37:48,810 INFO o.a.j.JMeter: os.arch=amd64
2019-04-25 14:37:48,810 INFO o.a.j.JMeter: os.version=4.15.0-1041-azure
2019-04-25 14:37:48,810 INFO o.a.j.JMeter: file.encoding=UTF-8
2019-04-25 14:37:48,810 INFO o.a.j.JMeter: Max memory     =1860698112
2019-04-25 14:37:48,810 INFO o.a.j.JMeter: Available Processors =2
2019-04-25 14:37:48,815 INFO o.a.j.JMeter: Default Locale=English (United States)
2019-04-25 14:37:48,816 INFO o.a.j.JMeter: JMeter  Locale=English (United States)
2019-04-25 14:37:48,816 INFO o.a.j.JMeter: JMeterHome=/mnt/data/benchmark/apache-jmeter-4.0
2019-04-25 14:37:48,816 INFO o.a.j.JMeter: user.dir  =/home/vinaya/sunbird-perf-tests/sunbird-platform
2019-04-25 14:37:48,816 INFO o.a.j.JMeter: PWD       =/home/vinaya/sunbird-perf-tests/sunbird-platform
2019-04-25 14:37:48,821 INFO o.a.j.JMeter: IP: 28.0.0.23 Name: jmeter-lms-1 FullName: 28.0.0.23
2019-04-25 14:37:48,825 INFO o.a.j.s.FileServer: Default base='/home/vinaya/sunbird-perf-tests/sunbird-platform'
2019-04-25 14:37:48,830 INFO o.a.j.s.FileServer: Set new base='/home/vinaya/current_scenario'
2019-04-25 14:37:48,982 INFO o.a.j.s.SaveService: Testplan (JMX) version: 2.2. Testlog (JTL) version: 2.2
2019-04-25 14:37:49,001 INFO o.a.j.s.SaveService: Using SaveService properties file encoding UTF-8
2019-04-25 14:37:49,006 INFO o.a.j.s.SaveService: Using SaveService properties version 4.0
2019-04-25 14:37:49,013 INFO o.a.j.s.SaveService: Loading file: /home/vinaya/current_scenario/page-assemble.jmx
2019-04-25 14:37:49,084 INFO o.a.j.p.h.s.HTTPSamplerBase: Parser for text/html is org.apache.jmeter.protocol.http.parser.LagartoBasedHtmlParser
2019-04-25 14:37:49,084 INFO o.a.j.p.h.s.HTTPSamplerBase: Parser for application/xhtml+xml is org.apache.jmeter.protocol.http.parser.LagartoBasedHtmlParser
2019-04-25 14:37:49,085 INFO o.a.j.p.h.s.HTTPSamplerBase: Parser for application/xml is org.apache.jmeter.protocol.http.parser.LagartoBasedHtmlParser
2019-04-25 14:37:49,085 INFO o.a.j.p.h.s.HTTPSamplerBase: Parser for text/xml is org.apache.jmeter.protocol.http.parser.LagartoBasedHtmlParser
2019-04-25 14:37:49,085 INFO o.a.j.p.h.s.HTTPSamplerBase: Parser for text/vnd.wap.wml is org.apache.jmeter.protocol.http.parser.RegexpHTMLParser
2019-04-25 14:37:49,085 INFO o.a.j.p.h.s.HTTPSamplerBase: Parser for text/css is org.apache.jmeter.protocol.http.parser.CssParser
2019-04-25 14:37:49,117 INFO o.a.j.JMeter: Creating summariser <summary>
2019-04-25 14:37:49,119 INFO o.a.j.e.DistributedRunner: Configuring remote engine: 28.0.0.24
2019-04-25 14:37:49,121 INFO o.a.j.r.RmiUtils: Disabling SSL for RMI as server.rmi.ssl.disable is set to 'true'
2019-04-25 14:37:49,205 INFO o.a.j.e.DistributedRunner: Configuring remote engine: 28.0.0.25
2019-04-25 14:37:49,205 INFO o.a.j.r.RmiUtils: Disabling SSL for RMI as server.rmi.ssl.disable is set to 'true'
2019-04-25 14:37:49,214 INFO o.a.j.e.DistributedRunner: Starting remote engines
2019-04-25 14:37:49,215 INFO o.a.j.e.DistributedRunner: Starting the test @ Thu Apr 25 14:37:49 UTC 2019 (1556203069214)
2019-04-25 14:37:49,215 INFO o.a.j.e.ClientJMeterEngine: running clientengine run method
2019-04-25 14:37:49,219 INFO o.a.j.e.u.CompoundVariable: Note: Function class names must contain the string: '.functions.'
2019-04-25 14:37:49,219 INFO o.a.j.e.u.CompoundVariable: Note: Function class names must not contain the string: '.gui.'
2019-04-25 14:37:49,625 INFO o.a.j.r.RmiUtils: Disabling SSL for RMI as server.rmi.ssl.disable is set to 'true'
2019-04-25 14:37:49,625 INFO o.a.j.r.RmiUtils: Disabling SSL for RMI as server.rmi.ssl.disable is set to 'true'
2019-04-25 14:37:49,628 INFO o.a.j.s.SampleEvent: List of sample_variables: []
2019-04-25 14:37:49,634 INFO o.a.j.s.BatchSampleSender: Using batching (client settings) for this run. Thresholds: num=100, time=60000
2019-04-25 14:37:49,634 INFO o.a.j.s.DataStrippingSampleSender: Using DataStrippingSampleSender for this run
2019-04-25 14:37:49,634 INFO o.a.j.r.RmiUtils: Disabling SSL for RMI as server.rmi.ssl.disable is set to 'true'
2019-04-25 14:37:49,634 INFO o.a.j.r.RmiUtils: Disabling SSL for RMI as server.rmi.ssl.disable is set to 'true'
2019-04-25 14:37:49,635 INFO o.a.j.s.BatchSampleSender: Using batching (client settings) for this run. Thresholds: num=100, time=60000
2019-04-25 14:37:49,635 INFO o.a.j.s.DataStrippingSampleSender: Using DataStrippingSampleSender for this run
2019-04-25 14:37:49,636 INFO o.a.j.r.RmiUtils: Disabling SSL for RMI as server.rmi.ssl.disable is set to 'true'
2019-04-25 14:37:49,637 INFO o.a.j.r.RmiUtils: Disabling SSL for RMI as server.rmi.ssl.disable is set to 'true'
2019-04-25 14:37:49,956 INFO o.a.j.r.RmiUtils: Disabling SSL for RMI as server.rmi.ssl.disable is set to 'true'
2019-04-25 14:37:49,959 INFO o.a.j.r.RmiUtils: Disabling SSL for RMI as server.rmi.ssl.disable is set to 'true'
2019-04-25 14:37:50,054 INFO o.a.j.e.ClientJMeterEngine: sent test to 28.0.0.25 basedir='.'
2019-04-25 14:37:50,054 INFO o.a.j.e.ClientJMeterEngine: Sending properties {}
2019-04-25 14:37:50,059 INFO o.a.j.e.ClientJMeterEngine: sent run command to 28.0.0.25
2019-04-25 14:37:50,059 INFO o.a.j.e.ClientJMeterEngine: running clientengine run method
2019-04-25 14:37:50,059 INFO o.a.j.r.RmiUtils: Disabling SSL for RMI as server.rmi.ssl.disable is set to 'true'
2019-04-25 14:37:50,059 INFO o.a.j.r.RmiUtils: Disabling SSL for RMI as server.rmi.ssl.disable is set to 'true'
2019-04-25 14:37:50,060 INFO o.a.j.s.BatchSampleSender: Using batching (client settings) for this run. Thresholds: num=100, time=60000
2019-04-25 14:37:50,060 INFO o.a.j.s.DataStrippingSampleSender: Using DataStrippingSampleSender for this run
2019-04-25 14:37:50,060 INFO o.a.j.r.RmiUtils: Disabling SSL for RMI as server.rmi.ssl.disable is set to 'true'
2019-04-25 14:37:50,060 INFO o.a.j.r.RmiUtils: Disabling SSL for RMI as server.rmi.ssl.disable is set to 'true'
2019-04-25 14:37:50,060 INFO o.a.j.s.BatchSampleSender: Using batching (client settings) for this run. Thresholds: num=100, time=60000
2019-04-25 14:37:50,060 INFO o.a.j.s.DataStrippingSampleSender: Using DataStrippingSampleSender for this run
2019-04-25 14:37:50,060 INFO o.a.j.r.RmiUtils: Disabling SSL for RMI as server.rmi.ssl.disable is set to 'true'
2019-04-25 14:37:50,060 INFO o.a.j.r.RmiUtils: Disabling SSL for RMI as server.rmi.ssl.disable is set to 'true'
2019-04-25 14:37:50,074 INFO o.a.j.JMeter: Started remote host:  28.0.0.25 (1556203070074)
2019-04-25 14:37:50,076 INFO o.a.j.r.RmiUtils: Disabling SSL for RMI as server.rmi.ssl.disable is set to 'true'
2019-04-25 14:37:50,076 INFO o.a.j.r.RmiUtils: Disabling SSL for RMI as server.rmi.ssl.disable is set to 'true'
2019-04-25 14:37:50,100 INFO o.a.j.e.ClientJMeterEngine: sent test to 28.0.0.24 basedir='.'
2019-04-25 14:37:50,100 INFO o.a.j.e.ClientJMeterEngine: Sending properties {}
2019-04-25 14:37:50,106 INFO o.a.j.e.ClientJMeterEngine: sent run command to 28.0.0.24
2019-04-25 14:37:50,106 INFO o.a.j.e.DistributedRunner: Remote engines have been started
2019-04-25 14:37:50,114 INFO o.a.j.JMeter: Started remote host:  28.0.0.24 (1556203070114)
2019-04-25 14:37:51,035 INFO o.a.j.s.SampleResult: Note: Sample TimeStamps are START times
2019-04-25 14:37:51,035 INFO o.a.j.s.SampleResult: sampleresult.default.encoding is set to ISO-8859-1
2019-04-25 14:37:51,035 INFO o.a.j.s.SampleResult: sampleresult.useNanoTime=true
2019-04-25 14:37:51,035 INFO o.a.j.s.SampleResult: sampleresult.nanoThreadSleep=5000
2019-04-25 14:38:00,814 INFO o.a.j.r.Summariser: summary +    403 in 00:00:11 =   37.5/s Avg:  5182 Min:   319 Max:  9317 Err:     0 (0.00%) Active: 33 Started: 550 Finished: 517
2019-04-25 14:38:00,826 INFO o.a.j.JMeter: Finished remote host: 28.0.0.25 (1556203080826)
2019-04-25 14:38:01,487 INFO o.a.j.r.Summariser: summary +    147 in 00:00:01 =  218.1/s Avg:  9025 Min:  6845 Max: 10893 Err:     0 (0.00%) Active: 0 Started: 550 Finished: 550
2019-04-25 14:38:01,489 INFO o.a.j.r.Summariser: summary =    550 in 00:00:11 =   48.2/s Avg:  6209 Min:   319 Max: 10893 Err:     0 (0.00%)
2019-04-25 14:38:01,489 INFO o.a.j.JMeter: Finished remote host: 28.0.0.24 (1556203081489)
2019-04-25 14:38:06,493 INFO o.a.j.JMeter: Interrupting RMI Reaper
