2019-04-30 06:12:50,608 INFO o.a.j.u.JMeterUtils: Setting Locale to en_US
2019-04-30 06:12:50,624 INFO o.a.j.JMeter: Loading user properties from: /mnt/data/benchmark/apache-jmeter-4.0/bin/user.properties
2019-04-30 06:12:50,625 INFO o.a.j.JMeter: Loading system properties from: /mnt/data/benchmark/apache-jmeter-4.0/bin/system.properties
2019-04-30 06:12:50,630 INFO o.a.j.JMeter: Copyright (c) 1998-2018 The Apache Software Foundation
2019-04-30 06:12:50,630 INFO o.a.j.JMeter: Version 4.0 r1823414
2019-04-30 06:12:50,630 INFO o.a.j.JMeter: java.version=1.8.0_191
2019-04-30 06:12:50,631 INFO o.a.j.JMeter: java.vm.name=OpenJDK 64-Bit Server VM
2019-04-30 06:12:50,631 INFO o.a.j.JMeter: os.name=Linux
2019-04-30 06:12:50,631 INFO o.a.j.JMeter: os.arch=amd64
2019-04-30 06:12:50,631 INFO o.a.j.JMeter: os.version=4.15.0-1041-azure
2019-04-30 06:12:50,631 INFO o.a.j.JMeter: file.encoding=UTF-8
2019-04-30 06:12:50,631 INFO o.a.j.JMeter: Max memory     =1860698112
2019-04-30 06:12:50,631 INFO o.a.j.JMeter: Available Processors =2
2019-04-30 06:12:50,636 INFO o.a.j.JMeter: Default Locale=English (United States)
2019-04-30 06:12:50,637 INFO o.a.j.JMeter: JMeter  Locale=English (United States)
2019-04-30 06:12:50,637 INFO o.a.j.JMeter: JMeterHome=/mnt/data/benchmark/apache-jmeter-4.0
2019-04-30 06:12:50,637 INFO o.a.j.JMeter: user.dir  =/home/vinaya/sunbird-perf-tests/sunbird-platform
2019-04-30 06:12:50,637 INFO o.a.j.JMeter: PWD       =/home/vinaya/sunbird-perf-tests/sunbird-platform
2019-04-30 06:12:50,802 INFO o.a.j.JMeter: IP: 28.0.0.23 Name: jmeter-lms-1 FullName: 28.0.0.23
2019-04-30 06:12:50,805 INFO o.a.j.s.FileServer: Default base='/home/vinaya/sunbird-perf-tests/sunbird-platform'
2019-04-30 06:12:50,812 INFO o.a.j.s.FileServer: Set new base='/home/vinaya/current_scenario'
2019-04-30 06:12:50,969 INFO o.a.j.s.SaveService: Testplan (JMX) version: 2.2. Testlog (JTL) version: 2.2
2019-04-30 06:12:50,989 INFO o.a.j.s.SaveService: Using SaveService properties file encoding UTF-8
2019-04-30 06:12:50,995 INFO o.a.j.s.SaveService: Using SaveService properties version 4.0
2019-04-30 06:12:51,003 INFO o.a.j.s.SaveService: Loading file: /home/vinaya/current_scenario/org-search.jmx
2019-04-30 06:12:51,082 INFO o.a.j.p.h.s.HTTPSamplerBase: Parser for text/html is org.apache.jmeter.protocol.http.parser.LagartoBasedHtmlParser
2019-04-30 06:12:51,082 INFO o.a.j.p.h.s.HTTPSamplerBase: Parser for application/xhtml+xml is org.apache.jmeter.protocol.http.parser.LagartoBasedHtmlParser
2019-04-30 06:12:51,082 INFO o.a.j.p.h.s.HTTPSamplerBase: Parser for application/xml is org.apache.jmeter.protocol.http.parser.LagartoBasedHtmlParser
2019-04-30 06:12:51,082 INFO o.a.j.p.h.s.HTTPSamplerBase: Parser for text/xml is org.apache.jmeter.protocol.http.parser.LagartoBasedHtmlParser
2019-04-30 06:12:51,082 INFO o.a.j.p.h.s.HTTPSamplerBase: Parser for text/vnd.wap.wml is org.apache.jmeter.protocol.http.parser.RegexpHTMLParser
2019-04-30 06:12:51,082 INFO o.a.j.p.h.s.HTTPSamplerBase: Parser for text/css is org.apache.jmeter.protocol.http.parser.CssParser
2019-04-30 06:12:51,120 INFO o.a.j.JMeter: Creating summariser <summary>
2019-04-30 06:12:51,124 INFO o.a.j.e.DistributedRunner: Configuring remote engine: 28.0.0.24
2019-04-30 06:12:51,125 INFO o.a.j.r.RmiUtils: Disabling SSL for RMI as server.rmi.ssl.disable is set to 'true'
2019-04-30 06:12:51,216 INFO o.a.j.e.DistributedRunner: Configuring remote engine: 28.0.0.25
2019-04-30 06:12:51,216 INFO o.a.j.r.RmiUtils: Disabling SSL for RMI as server.rmi.ssl.disable is set to 'true'
2019-04-30 06:12:51,227 INFO o.a.j.e.DistributedRunner: Configuring remote engine: 28.0.0.27
2019-04-30 06:12:51,227 INFO o.a.j.r.RmiUtils: Disabling SSL for RMI as server.rmi.ssl.disable is set to 'true'
2019-04-30 06:12:51,239 INFO o.a.j.e.DistributedRunner: Configuring remote engine: 28.0.0.29
2019-04-30 06:12:51,239 INFO o.a.j.r.RmiUtils: Disabling SSL for RMI as server.rmi.ssl.disable is set to 'true'
2019-04-30 06:12:51,247 INFO o.a.j.e.DistributedRunner: Starting remote engines
2019-04-30 06:12:51,249 INFO o.a.j.e.DistributedRunner: Starting the test @ Tue Apr 30 06:12:51 UTC 2019 (1556604771247)
2019-04-30 06:12:51,249 INFO o.a.j.e.ClientJMeterEngine: running clientengine run method
2019-04-30 06:12:51,252 INFO o.a.j.e.u.CompoundVariable: Note: Function class names must contain the string: '.functions.'
2019-04-30 06:12:51,252 INFO o.a.j.e.u.CompoundVariable: Note: Function class names must not contain the string: '.gui.'
2019-04-30 06:12:51,660 INFO o.a.j.r.RmiUtils: Disabling SSL for RMI as server.rmi.ssl.disable is set to 'true'
2019-04-30 06:12:51,660 INFO o.a.j.r.RmiUtils: Disabling SSL for RMI as server.rmi.ssl.disable is set to 'true'
2019-04-30 06:12:51,663 INFO o.a.j.s.SampleEvent: List of sample_variables: []
2019-04-30 06:12:51,670 INFO o.a.j.s.BatchSampleSender: Using batching (client settings) for this run. Thresholds: num=100, time=60000
2019-04-30 06:12:51,670 INFO o.a.j.s.DataStrippingSampleSender: Using DataStrippingSampleSender for this run
2019-04-30 06:12:51,671 INFO o.a.j.r.RmiUtils: Disabling SSL for RMI as server.rmi.ssl.disable is set to 'true'
2019-04-30 06:12:51,671 INFO o.a.j.r.RmiUtils: Disabling SSL for RMI as server.rmi.ssl.disable is set to 'true'
2019-04-30 06:12:51,671 INFO o.a.j.s.BatchSampleSender: Using batching (client settings) for this run. Thresholds: num=100, time=60000
2019-04-30 06:12:51,671 INFO o.a.j.s.DataStrippingSampleSender: Using DataStrippingSampleSender for this run
2019-04-30 06:12:51,672 INFO o.a.j.r.RmiUtils: Disabling SSL for RMI as server.rmi.ssl.disable is set to 'true'
2019-04-30 06:12:51,672 INFO o.a.j.r.RmiUtils: Disabling SSL for RMI as server.rmi.ssl.disable is set to 'true'
2019-04-30 06:12:52,000 INFO o.a.j.r.RmiUtils: Disabling SSL for RMI as server.rmi.ssl.disable is set to 'true'
2019-04-30 06:12:52,000 INFO o.a.j.r.RmiUtils: Disabling SSL for RMI as server.rmi.ssl.disable is set to 'true'
2019-04-30 06:12:52,082 INFO o.a.j.e.ClientJMeterEngine: sent test to 28.0.0.25 basedir='.'
2019-04-30 06:12:52,082 INFO o.a.j.e.ClientJMeterEngine: Sending properties {}
2019-04-30 06:12:52,086 INFO o.a.j.e.ClientJMeterEngine: sent run command to 28.0.0.25
2019-04-30 06:12:52,086 INFO o.a.j.e.ClientJMeterEngine: running clientengine run method
2019-04-30 06:12:52,087 INFO o.a.j.r.RmiUtils: Disabling SSL for RMI as server.rmi.ssl.disable is set to 'true'
2019-04-30 06:12:52,088 INFO o.a.j.r.RmiUtils: Disabling SSL for RMI as server.rmi.ssl.disable is set to 'true'
2019-04-30 06:12:52,088 INFO o.a.j.s.BatchSampleSender: Using batching (client settings) for this run. Thresholds: num=100, time=60000
2019-04-30 06:12:52,088 INFO o.a.j.s.DataStrippingSampleSender: Using DataStrippingSampleSender for this run
2019-04-30 06:12:52,088 INFO o.a.j.r.RmiUtils: Disabling SSL for RMI as server.rmi.ssl.disable is set to 'true'
2019-04-30 06:12:52,088 INFO o.a.j.r.RmiUtils: Disabling SSL for RMI as server.rmi.ssl.disable is set to 'true'
2019-04-30 06:12:52,088 INFO o.a.j.s.BatchSampleSender: Using batching (client settings) for this run. Thresholds: num=100, time=60000
2019-04-30 06:12:52,088 INFO o.a.j.s.DataStrippingSampleSender: Using DataStrippingSampleSender for this run
2019-04-30 06:12:52,089 INFO o.a.j.r.RmiUtils: Disabling SSL for RMI as server.rmi.ssl.disable is set to 'true'
2019-04-30 06:12:52,089 INFO o.a.j.r.RmiUtils: Disabling SSL for RMI as server.rmi.ssl.disable is set to 'true'
2019-04-30 06:12:52,094 WARN o.a.j.r.ResultCollector: Error creating directories for /Users/anmolgupta/Documents
2019-04-30 06:12:52,103 INFO o.a.j.JMeter: Started remote host:  28.0.0.25 (1556604772103)
2019-04-30 06:12:52,111 INFO o.a.j.r.RmiUtils: Disabling SSL for RMI as server.rmi.ssl.disable is set to 'true'
2019-04-30 06:12:52,113 INFO o.a.j.r.RmiUtils: Disabling SSL for RMI as server.rmi.ssl.disable is set to 'true'
2019-04-30 06:12:52,134 INFO o.a.j.e.ClientJMeterEngine: sent test to 28.0.0.24 basedir='.'
2019-04-30 06:12:52,134 INFO o.a.j.e.ClientJMeterEngine: Sending properties {}
2019-04-30 06:12:52,136 INFO o.a.j.e.ClientJMeterEngine: sent run command to 28.0.0.24
2019-04-30 06:12:52,136 INFO o.a.j.e.ClientJMeterEngine: running clientengine run method
2019-04-30 06:12:52,136 INFO o.a.j.r.RmiUtils: Disabling SSL for RMI as server.rmi.ssl.disable is set to 'true'
2019-04-30 06:12:52,136 INFO o.a.j.r.RmiUtils: Disabling SSL for RMI as server.rmi.ssl.disable is set to 'true'
2019-04-30 06:12:52,137 INFO o.a.j.s.BatchSampleSender: Using batching (client settings) for this run. Thresholds: num=100, time=60000
2019-04-30 06:12:52,137 INFO o.a.j.s.DataStrippingSampleSender: Using DataStrippingSampleSender for this run
2019-04-30 06:12:52,137 INFO o.a.j.r.RmiUtils: Disabling SSL for RMI as server.rmi.ssl.disable is set to 'true'
2019-04-30 06:12:52,137 INFO o.a.j.r.RmiUtils: Disabling SSL for RMI as server.rmi.ssl.disable is set to 'true'
2019-04-30 06:12:52,137 INFO o.a.j.s.BatchSampleSender: Using batching (client settings) for this run. Thresholds: num=100, time=60000
2019-04-30 06:12:52,138 INFO o.a.j.s.DataStrippingSampleSender: Using DataStrippingSampleSender for this run
2019-04-30 06:12:52,138 INFO o.a.j.r.RmiUtils: Disabling SSL for RMI as server.rmi.ssl.disable is set to 'true'
2019-04-30 06:12:52,138 INFO o.a.j.r.RmiUtils: Disabling SSL for RMI as server.rmi.ssl.disable is set to 'true'
2019-04-30 06:12:52,149 WARN o.a.j.r.ResultCollector: Error creating directories for /Users/anmolgupta/Documents
2019-04-30 06:12:52,155 INFO o.a.j.r.RmiUtils: Disabling SSL for RMI as server.rmi.ssl.disable is set to 'true'
2019-04-30 06:12:52,155 INFO o.a.j.r.RmiUtils: Disabling SSL for RMI as server.rmi.ssl.disable is set to 'true'
2019-04-30 06:12:52,156 INFO o.a.j.JMeter: Started remote host:  28.0.0.24 (1556604772156)
2019-04-30 06:12:52,174 INFO o.a.j.e.ClientJMeterEngine: sent test to 28.0.0.27 basedir='.'
2019-04-30 06:12:52,174 INFO o.a.j.e.ClientJMeterEngine: Sending properties {}
2019-04-30 06:12:52,177 INFO o.a.j.e.ClientJMeterEngine: sent run command to 28.0.0.27
2019-04-30 06:12:52,177 INFO o.a.j.e.ClientJMeterEngine: running clientengine run method
2019-04-30 06:12:52,177 INFO o.a.j.r.RmiUtils: Disabling SSL for RMI as server.rmi.ssl.disable is set to 'true'
2019-04-30 06:12:52,177 INFO o.a.j.r.RmiUtils: Disabling SSL for RMI as server.rmi.ssl.disable is set to 'true'
2019-04-30 06:12:52,178 INFO o.a.j.s.BatchSampleSender: Using batching (client settings) for this run. Thresholds: num=100, time=60000
2019-04-30 06:12:52,178 INFO o.a.j.s.DataStrippingSampleSender: Using DataStrippingSampleSender for this run
2019-04-30 06:12:52,178 INFO o.a.j.r.RmiUtils: Disabling SSL for RMI as server.rmi.ssl.disable is set to 'true'
2019-04-30 06:12:52,178 INFO o.a.j.r.RmiUtils: Disabling SSL for RMI as server.rmi.ssl.disable is set to 'true'
2019-04-30 06:12:52,178 INFO o.a.j.s.BatchSampleSender: Using batching (client settings) for this run. Thresholds: num=100, time=60000
2019-04-30 06:12:52,178 INFO o.a.j.s.DataStrippingSampleSender: Using DataStrippingSampleSender for this run
2019-04-30 06:12:52,178 INFO o.a.j.r.RmiUtils: Disabling SSL for RMI as server.rmi.ssl.disable is set to 'true'
2019-04-30 06:12:52,178 INFO o.a.j.r.RmiUtils: Disabling SSL for RMI as server.rmi.ssl.disable is set to 'true'
2019-04-30 06:12:52,189 WARN o.a.j.r.ResultCollector: Error creating directories for /Users/anmolgupta/Documents
2019-04-30 06:12:52,193 INFO o.a.j.r.RmiUtils: Disabling SSL for RMI as server.rmi.ssl.disable is set to 'true'
2019-04-30 06:12:52,193 INFO o.a.j.r.RmiUtils: Disabling SSL for RMI as server.rmi.ssl.disable is set to 'true'
2019-04-30 06:12:52,194 INFO o.a.j.JMeter: Started remote host:  28.0.0.27 (1556604772194)
2019-04-30 06:12:52,213 INFO o.a.j.e.ClientJMeterEngine: sent test to 28.0.0.29 basedir='.'
2019-04-30 06:12:52,213 INFO o.a.j.e.ClientJMeterEngine: Sending properties {}
2019-04-30 06:12:52,218 INFO o.a.j.e.ClientJMeterEngine: sent run command to 28.0.0.29
2019-04-30 06:12:52,218 INFO o.a.j.e.DistributedRunner: Remote engines have been started
2019-04-30 06:12:52,223 WARN o.a.j.r.ResultCollector: Error creating directories for /Users/anmolgupta/Documents
2019-04-30 06:12:52,225 INFO o.a.j.JMeter: Started remote host:  28.0.0.29 (1556604772225)
2019-04-30 06:12:52,374 INFO o.a.j.s.SampleResult: Note: Sample TimeStamps are START times
2019-04-30 06:12:52,375 INFO o.a.j.s.SampleResult: sampleresult.default.encoding is set to ISO-8859-1
2019-04-30 06:12:52,375 INFO o.a.j.s.SampleResult: sampleresult.useNanoTime=true
2019-04-30 06:12:52,375 INFO o.a.j.s.SampleResult: sampleresult.nanoThreadSleep=5000
2019-04-30 06:13:00,021 INFO o.a.j.r.Summariser: summary +   7205 in 00:00:08 =  909.8/s Avg:   102 Min:     8 Max:   857 Err:     0 (0.00%) Active: 100 Started: 100 Finished: 0
2019-04-30 06:13:30,173 INFO o.a.j.r.Summariser: summary +  29100 in 00:00:30 =  965.1/s Avg:   102 Min:     6 Max:  1569 Err:     0 (0.00%) Active: 100 Started: 100 Finished: 0
2019-04-30 06:13:30,174 INFO o.a.j.r.Summariser: summary =  36305 in 00:00:38 =  953.6/s Avg:   102 Min:     6 Max:  1569 Err:     0 (0.00%)
2019-04-30 06:14:00,272 INFO o.a.j.r.Summariser: summary +   4900 in 00:00:30 =  162.8/s Avg:   556 Min:     7 Max:  3148 Err:     0 (0.00%) Active: 100 Started: 100 Finished: 0
2019-04-30 06:14:00,273 INFO o.a.j.r.Summariser: summary =  41205 in 00:01:08 =  604.5/s Avg:   156 Min:     6 Max:  3148 Err:     0 (0.00%)
2019-04-30 06:14:30,031 INFO o.a.j.r.Summariser: summary +   3900 in 00:00:30 =  131.1/s Avg:   796 Min:     7 Max:  3151 Err:     0 (0.00%) Active: 100 Started: 100 Finished: 0
2019-04-30 06:14:30,031 INFO o.a.j.r.Summariser: summary =  45105 in 00:01:38 =  460.6/s Avg:   211 Min:     6 Max:  3151 Err:     0 (0.00%)
2019-04-30 06:15:00,221 INFO o.a.j.r.Summariser: summary +   3600 in 00:00:30 =  119.2/s Avg:   800 Min:     7 Max:  4083 Err:     3 (0.08%) Active: 100 Started: 100 Finished: 0
2019-04-30 06:15:00,221 INFO o.a.j.r.Summariser: summary =  48705 in 00:02:08 =  380.2/s Avg:   255 Min:     6 Max:  4083 Err:     3 (0.01%)
2019-04-30 06:15:30,017 INFO o.a.j.r.Summariser: summary +  21700 in 00:00:30 =  728.3/s Avg:   150 Min:     6 Max:  4122 Err:     0 (0.00%) Active: 100 Started: 100 Finished: 0
2019-04-30 06:15:30,018 INFO o.a.j.r.Summariser: summary =  70405 in 00:02:38 =  445.8/s Avg:   222 Min:     6 Max:  4122 Err:     3 (0.00%)
2019-04-30 06:16:00,422 INFO o.a.j.r.Summariser: summary +   9200 in 00:00:30 =  302.6/s Avg:   300 Min:     7 Max:  5157 Err:     0 (0.00%) Active: 98 Started: 100 Finished: 2
2019-04-30 06:16:00,423 INFO o.a.j.r.Summariser: summary =  79605 in 00:03:08 =  422.7/s Avg:   231 Min:     6 Max:  5157 Err:     3 (0.00%)
2019-04-30 06:16:30,190 INFO o.a.j.r.Summariser: summary +   3600 in 00:00:30 =  120.9/s Avg:   798 Min:     7 Max:  5174 Err:     0 (0.00%) Active: 93 Started: 100 Finished: 7
2019-04-30 06:16:30,191 INFO o.a.j.r.Summariser: summary =  83205 in 00:03:38 =  381.5/s Avg:   256 Min:     6 Max:  5174 Err:     3 (0.00%)
2019-04-30 06:17:00,637 INFO o.a.j.r.Summariser: summary +   3700 in 00:00:30 =  121.5/s Avg:   763 Min:     6 Max:  5136 Err:     0 (0.00%) Active: 91 Started: 100 Finished: 9
2019-04-30 06:17:00,638 INFO o.a.j.r.Summariser: summary =  86905 in 00:04:09 =  349.7/s Avg:   277 Min:     6 Max:  5174 Err:     3 (0.00%)
2019-04-30 06:17:25,648 INFO o.a.j.JMeter: Finished remote host: 28.0.0.25 (1556605045648)
2019-04-30 06:17:25,874 INFO o.a.j.JMeter: Finished remote host: 28.0.0.24 (1556605045874)
2019-04-30 06:17:25,920 INFO o.a.j.JMeter: Finished remote host: 28.0.0.27 (1556605045920)
2019-04-30 06:17:26,034 INFO o.a.j.r.Summariser: summary +  13095 in 00:00:25 =  515.6/s Avg:   147 Min:     5 Max:  5124 Err:     0 (0.00%) Active: 0 Started: 100 Finished: 100
2019-04-30 06:17:26,035 INFO o.a.j.r.Summariser: summary = 100000 in 00:04:34 =  365.1/s Avg:   260 Min:     5 Max:  5174 Err:     3 (0.00%)
2019-04-30 06:17:26,036 INFO o.a.j.JMeter: Finished remote host: 28.0.0.29 (1556605046036)
2019-04-30 06:17:31,037 INFO o.a.j.JMeter: Interrupting RMI Reaper
