Creating summariser <summary>
Created the tree successfully using /home/vinaya/current_scenario/org-search.jmx
Configuring remote engine: 28.0.0.24
Configuring remote engine: 28.0.0.25
Configuring remote engine: 28.0.0.27
Configuring remote engine: 28.0.0.29
Starting remote engines
Starting the test @ Tue Apr 30 06:12:51 UTC 2019 (1556604771247)
Remote engines have been started
Waiting for possible Shutdown/StopTestNow/Heapdump message on port 4445
summary +   7205 in 00:00:08 =  909.8/s Avg:   102 Min:     8 Max:   857 Err:     0 (0.00%) Active: 100 Started: 100 Finished: 0
summary +  29100 in 00:00:30 =  965.1/s Avg:   102 Min:     6 Max:  1569 Err:     0 (0.00%) Active: 100 Started: 100 Finished: 0
summary =  36305 in 00:00:38 =  953.6/s Avg:   102 Min:     6 Max:  1569 Err:     0 (0.00%)
summary +   4900 in 00:00:30 =  162.8/s Avg:   556 Min:     7 Max:  3148 Err:     0 (0.00%) Active: 100 Started: 100 Finished: 0
summary =  41205 in 00:01:08 =  604.5/s Avg:   156 Min:     6 Max:  3148 Err:     0 (0.00%)
summary +   3900 in 00:00:30 =  131.1/s Avg:   796 Min:     7 Max:  3151 Err:     0 (0.00%) Active: 100 Started: 100 Finished: 0
summary =  45105 in 00:01:38 =  460.6/s Avg:   211 Min:     6 Max:  3151 Err:     0 (0.00%)
summary +   3600 in 00:00:30 =  119.2/s Avg:   800 Min:     7 Max:  4083 Err:     3 (0.08%) Active: 100 Started: 100 Finished: 0
summary =  48705 in 00:02:08 =  380.2/s Avg:   255 Min:     6 Max:  4083 Err:     3 (0.01%)
summary +  21700 in 00:00:30 =  728.3/s Avg:   150 Min:     6 Max:  4122 Err:     0 (0.00%) Active: 100 Started: 100 Finished: 0
summary =  70405 in 00:02:38 =  445.8/s Avg:   222 Min:     6 Max:  4122 Err:     3 (0.00%)
summary +   9200 in 00:00:30 =  302.6/s Avg:   300 Min:     7 Max:  5157 Err:     0 (0.00%) Active: 98 Started: 100 Finished: 2
summary =  79605 in 00:03:08 =  422.7/s Avg:   231 Min:     6 Max:  5157 Err:     3 (0.00%)
summary +   3600 in 00:00:30 =  120.9/s Avg:   798 Min:     7 Max:  5174 Err:     0 (0.00%) Active: 93 Started: 100 Finished: 7
summary =  83205 in 00:03:38 =  381.5/s Avg:   256 Min:     6 Max:  5174 Err:     3 (0.00%)
summary +   3700 in 00:00:30 =  121.5/s Avg:   763 Min:     6 Max:  5136 Err:     0 (0.00%) Active: 91 Started: 100 Finished: 9
summary =  86905 in 00:04:09 =  349.7/s Avg:   277 Min:     6 Max:  5174 Err:     3 (0.00%)
summary +  13095 in 00:00:25 =  515.6/s Avg:   147 Min:     5 Max:  5124 Err:     0 (0.00%) Active: 0 Started: 100 Finished: 100
summary = 100000 in 00:04:34 =  365.1/s Avg:   260 Min:     5 Max:  5174 Err:     3 (0.00%)
Tidying up remote @ Tue Apr 30 06:17:26 UTC 2019 (1556605046036)
... end of run
