2019-04-26 10:25:20,319 INFO o.a.j.u.JMeterUtils: Setting Locale to en_US
2019-04-26 10:25:20,334 INFO o.a.j.JMeter: Loading user properties from: /mnt/data/benchmark/apache-jmeter-4.0/bin/user.properties
2019-04-26 10:25:20,335 INFO o.a.j.JMeter: Loading system properties from: /mnt/data/benchmark/apache-jmeter-4.0/bin/system.properties
2019-04-26 10:25:20,342 INFO o.a.j.JMeter: Copyright (c) 1998-2018 The Apache Software Foundation
2019-04-26 10:25:20,342 INFO o.a.j.JMeter: Version 4.0 r1823414
2019-04-26 10:25:20,342 INFO o.a.j.JMeter: java.version=1.8.0_191
2019-04-26 10:25:20,342 INFO o.a.j.JMeter: java.vm.name=OpenJDK 64-Bit Server VM
2019-04-26 10:25:20,342 INFO o.a.j.JMeter: os.name=Linux
2019-04-26 10:25:20,343 INFO o.a.j.JMeter: os.arch=amd64
2019-04-26 10:25:20,343 INFO o.a.j.JMeter: os.version=4.15.0-1041-azure
2019-04-26 10:25:20,343 INFO o.a.j.JMeter: file.encoding=UTF-8
2019-04-26 10:25:20,343 INFO o.a.j.JMeter: Max memory     =1860698112
2019-04-26 10:25:20,343 INFO o.a.j.JMeter: Available Processors =2
2019-04-26 10:25:20,349 INFO o.a.j.JMeter: Default Locale=English (United States)
2019-04-26 10:25:20,349 INFO o.a.j.JMeter: JMeter  Locale=English (United States)
2019-04-26 10:25:20,349 INFO o.a.j.JMeter: JMeterHome=/mnt/data/benchmark/apache-jmeter-4.0
2019-04-26 10:25:20,350 INFO o.a.j.JMeter: user.dir  =/home/vinaya/sunbird-perf-tests/sunbird-platform
2019-04-26 10:25:20,350 INFO o.a.j.JMeter: PWD       =/home/vinaya/sunbird-perf-tests/sunbird-platform
2019-04-26 10:25:20,358 INFO o.a.j.JMeter: IP: 28.0.0.23 Name: jmeter-lms-1 FullName: 28.0.0.23
2019-04-26 10:25:20,361 INFO o.a.j.s.FileServer: Default base='/home/vinaya/sunbird-perf-tests/sunbird-platform'
2019-04-26 10:25:20,369 INFO o.a.j.s.FileServer: Set new base='/home/vinaya/current_scenario'
2019-04-26 10:25:20,525 INFO o.a.j.s.SaveService: Testplan (JMX) version: 2.2. Testlog (JTL) version: 2.2
2019-04-26 10:25:20,546 INFO o.a.j.s.SaveService: Using SaveService properties file encoding UTF-8
2019-04-26 10:25:20,551 INFO o.a.j.s.SaveService: Using SaveService properties version 4.0
2019-04-26 10:25:20,560 INFO o.a.j.s.SaveService: Loading file: /home/vinaya/current_scenario/system-settings.jmx
2019-04-26 10:25:20,644 INFO o.a.j.p.h.s.HTTPSamplerBase: Parser for text/html is org.apache.jmeter.protocol.http.parser.LagartoBasedHtmlParser
2019-04-26 10:25:20,645 INFO o.a.j.p.h.s.HTTPSamplerBase: Parser for application/xhtml+xml is org.apache.jmeter.protocol.http.parser.LagartoBasedHtmlParser
2019-04-26 10:25:20,645 INFO o.a.j.p.h.s.HTTPSamplerBase: Parser for application/xml is org.apache.jmeter.protocol.http.parser.LagartoBasedHtmlParser
2019-04-26 10:25:20,645 INFO o.a.j.p.h.s.HTTPSamplerBase: Parser for text/xml is org.apache.jmeter.protocol.http.parser.LagartoBasedHtmlParser
2019-04-26 10:25:20,645 INFO o.a.j.p.h.s.HTTPSamplerBase: Parser for text/vnd.wap.wml is org.apache.jmeter.protocol.http.parser.RegexpHTMLParser
2019-04-26 10:25:20,645 INFO o.a.j.p.h.s.HTTPSamplerBase: Parser for text/css is org.apache.jmeter.protocol.http.parser.CssParser
2019-04-26 10:25:20,675 INFO o.a.j.JMeter: Creating summariser <summary>
2019-04-26 10:25:20,679 INFO o.a.j.e.DistributedRunner: Configuring remote engine: 28.0.0.24
2019-04-26 10:25:20,680 INFO o.a.j.r.RmiUtils: Disabling SSL for RMI as server.rmi.ssl.disable is set to 'true'
2019-04-26 10:25:20,780 INFO o.a.j.e.DistributedRunner: Configuring remote engine: 28.0.0.25
2019-04-26 10:25:20,781 INFO o.a.j.r.RmiUtils: Disabling SSL for RMI as server.rmi.ssl.disable is set to 'true'
2019-04-26 10:25:20,790 INFO o.a.j.e.DistributedRunner: Starting remote engines
2019-04-26 10:25:20,792 INFO o.a.j.e.DistributedRunner: Starting the test @ Fri Apr 26 10:25:20 UTC 2019 (1556274320790)
2019-04-26 10:25:20,792 INFO o.a.j.e.ClientJMeterEngine: running clientengine run method
2019-04-26 10:25:20,797 INFO o.a.j.e.u.CompoundVariable: Note: Function class names must contain the string: '.functions.'
2019-04-26 10:25:20,797 INFO o.a.j.e.u.CompoundVariable: Note: Function class names must not contain the string: '.gui.'
2019-04-26 10:25:21,227 INFO o.a.j.r.RmiUtils: Disabling SSL for RMI as server.rmi.ssl.disable is set to 'true'
2019-04-26 10:25:21,227 INFO o.a.j.r.RmiUtils: Disabling SSL for RMI as server.rmi.ssl.disable is set to 'true'
2019-04-26 10:25:21,230 INFO o.a.j.s.SampleEvent: List of sample_variables: []
2019-04-26 10:25:21,238 INFO o.a.j.s.BatchSampleSender: Using batching (client settings) for this run. Thresholds: num=100, time=60000
2019-04-26 10:25:21,238 INFO o.a.j.s.DataStrippingSampleSender: Using DataStrippingSampleSender for this run
2019-04-26 10:25:21,239 INFO o.a.j.r.RmiUtils: Disabling SSL for RMI as server.rmi.ssl.disable is set to 'true'
2019-04-26 10:25:21,239 INFO o.a.j.r.RmiUtils: Disabling SSL for RMI as server.rmi.ssl.disable is set to 'true'
2019-04-26 10:25:21,239 INFO o.a.j.s.BatchSampleSender: Using batching (client settings) for this run. Thresholds: num=100, time=60000
2019-04-26 10:25:21,239 INFO o.a.j.s.DataStrippingSampleSender: Using DataStrippingSampleSender for this run
2019-04-26 10:25:21,240 INFO o.a.j.r.RmiUtils: Disabling SSL for RMI as server.rmi.ssl.disable is set to 'true'
2019-04-26 10:25:21,240 INFO o.a.j.r.RmiUtils: Disabling SSL for RMI as server.rmi.ssl.disable is set to 'true'
2019-04-26 10:25:21,587 INFO o.a.j.r.RmiUtils: Disabling SSL for RMI as server.rmi.ssl.disable is set to 'true'
2019-04-26 10:25:21,587 INFO o.a.j.r.RmiUtils: Disabling SSL for RMI as server.rmi.ssl.disable is set to 'true'
2019-04-26 10:25:21,664 INFO o.a.j.e.ClientJMeterEngine: sent test to 28.0.0.25 basedir='.'
2019-04-26 10:25:21,664 INFO o.a.j.e.ClientJMeterEngine: Sending properties {}
2019-04-26 10:25:21,669 INFO o.a.j.e.ClientJMeterEngine: sent run command to 28.0.0.25
2019-04-26 10:25:21,669 INFO o.a.j.e.ClientJMeterEngine: running clientengine run method
2019-04-26 10:25:21,671 INFO o.a.j.r.RmiUtils: Disabling SSL for RMI as server.rmi.ssl.disable is set to 'true'
2019-04-26 10:25:21,672 INFO o.a.j.r.RmiUtils: Disabling SSL for RMI as server.rmi.ssl.disable is set to 'true'
2019-04-26 10:25:21,672 INFO o.a.j.s.BatchSampleSender: Using batching (client settings) for this run. Thresholds: num=100, time=60000
2019-04-26 10:25:21,672 INFO o.a.j.s.DataStrippingSampleSender: Using DataStrippingSampleSender for this run
2019-04-26 10:25:21,672 INFO o.a.j.r.RmiUtils: Disabling SSL for RMI as server.rmi.ssl.disable is set to 'true'
2019-04-26 10:25:21,672 INFO o.a.j.r.RmiUtils: Disabling SSL for RMI as server.rmi.ssl.disable is set to 'true'
2019-04-26 10:25:21,672 INFO o.a.j.s.BatchSampleSender: Using batching (client settings) for this run. Thresholds: num=100, time=60000
2019-04-26 10:25:21,673 INFO o.a.j.s.DataStrippingSampleSender: Using DataStrippingSampleSender for this run
2019-04-26 10:25:21,673 INFO o.a.j.r.RmiUtils: Disabling SSL for RMI as server.rmi.ssl.disable is set to 'true'
2019-04-26 10:25:21,673 INFO o.a.j.r.RmiUtils: Disabling SSL for RMI as server.rmi.ssl.disable is set to 'true'
2019-04-26 10:25:21,687 INFO o.a.j.JMeter: Started remote host:  28.0.0.25 (1556274321687)
2019-04-26 10:25:21,688 INFO o.a.j.r.RmiUtils: Disabling SSL for RMI as server.rmi.ssl.disable is set to 'true'
2019-04-26 10:25:21,688 INFO o.a.j.r.RmiUtils: Disabling SSL for RMI as server.rmi.ssl.disable is set to 'true'
2019-04-26 10:25:21,707 INFO o.a.j.e.ClientJMeterEngine: sent test to 28.0.0.24 basedir='.'
2019-04-26 10:25:21,708 INFO o.a.j.e.ClientJMeterEngine: Sending properties {}
2019-04-26 10:25:21,710 INFO o.a.j.e.ClientJMeterEngine: sent run command to 28.0.0.24
2019-04-26 10:25:21,710 INFO o.a.j.e.DistributedRunner: Remote engines have been started
2019-04-26 10:25:21,716 INFO o.a.j.JMeter: Started remote host:  28.0.0.24 (1556274321716)
2019-04-26 10:25:21,888 INFO o.a.j.s.SampleResult: Note: Sample TimeStamps are START times
2019-04-26 10:25:21,889 INFO o.a.j.s.SampleResult: sampleresult.default.encoding is set to ISO-8859-1
2019-04-26 10:25:21,889 INFO o.a.j.s.SampleResult: sampleresult.useNanoTime=true
2019-04-26 10:25:21,889 INFO o.a.j.s.SampleResult: sampleresult.nanoThreadSleep=5000
2019-04-26 10:25:59,922 INFO o.a.j.JMeter: Finished remote host: 28.0.0.24 (1556274359922)
2019-04-26 10:26:00,631 INFO o.a.j.r.Summariser: summary +   2802 in 00:00:39 =   72.0/s Avg:  5824 Min:    72 Max: 33274 Err:     0 (0.00%) Active: 97 Started: 3000 Finished: 2903
2019-04-26 10:26:01,075 INFO o.a.j.r.Summariser: summary +    198 in 00:00:00 =  443.9/s Avg: 32196 Min: 31611 Max: 32678 Err:     0 (0.00%) Active: 0 Started: 3000 Finished: 3000
2019-04-26 10:26:01,076 INFO o.a.j.r.Summariser: summary =   3000 in 00:00:39 =   76.2/s Avg:  7565 Min:    72 Max: 33274 Err:     0 (0.00%)
2019-04-26 10:26:01,076 INFO o.a.j.JMeter: Finished remote host: 28.0.0.25 (1556274361076)
2019-04-26 10:26:06,087 INFO o.a.j.JMeter: Interrupting RMI Reaper
