2019-04-26 10:09:48,385 INFO o.a.j.u.JMeterUtils: Setting Locale to en_US
2019-04-26 10:09:48,399 INFO o.a.j.JMeter: Loading user properties from: /mnt/data/benchmark/apache-jmeter-4.0/bin/user.properties
2019-04-26 10:09:48,399 INFO o.a.j.JMeter: Loading system properties from: /mnt/data/benchmark/apache-jmeter-4.0/bin/system.properties
2019-04-26 10:09:48,405 INFO o.a.j.JMeter: Copyright (c) 1998-2018 The Apache Software Foundation
2019-04-26 10:09:48,406 INFO o.a.j.JMeter: Version 4.0 r1823414
2019-04-26 10:09:48,406 INFO o.a.j.JMeter: java.version=1.8.0_191
2019-04-26 10:09:48,406 INFO o.a.j.JMeter: java.vm.name=OpenJDK 64-Bit Server VM
2019-04-26 10:09:48,406 INFO o.a.j.JMeter: os.name=Linux
2019-04-26 10:09:48,406 INFO o.a.j.JMeter: os.arch=amd64
2019-04-26 10:09:48,406 INFO o.a.j.JMeter: os.version=4.15.0-1041-azure
2019-04-26 10:09:48,406 INFO o.a.j.JMeter: file.encoding=UTF-8
2019-04-26 10:09:48,406 INFO o.a.j.JMeter: Max memory     =1860698112
2019-04-26 10:09:48,407 INFO o.a.j.JMeter: Available Processors =2
2019-04-26 10:09:48,412 INFO o.a.j.JMeter: Default Locale=English (United States)
2019-04-26 10:09:48,412 INFO o.a.j.JMeter: JMeter  Locale=English (United States)
2019-04-26 10:09:48,412 INFO o.a.j.JMeter: JMeterHome=/mnt/data/benchmark/apache-jmeter-4.0
2019-04-26 10:09:48,412 INFO o.a.j.JMeter: user.dir  =/home/vinaya/sunbird-perf-tests/sunbird-platform
2019-04-26 10:09:48,412 INFO o.a.j.JMeter: PWD       =/home/vinaya/sunbird-perf-tests/sunbird-platform
2019-04-26 10:09:48,416 INFO o.a.j.JMeter: IP: 28.0.0.23 Name: jmeter-lms-1 FullName: 28.0.0.23
2019-04-26 10:09:48,420 INFO o.a.j.s.FileServer: Default base='/home/vinaya/sunbird-perf-tests/sunbird-platform'
2019-04-26 10:09:48,427 INFO o.a.j.s.FileServer: Set new base='/home/vinaya/current_scenario'
2019-04-26 10:09:48,575 INFO o.a.j.s.SaveService: Testplan (JMX) version: 2.2. Testlog (JTL) version: 2.2
2019-04-26 10:09:48,594 INFO o.a.j.s.SaveService: Using SaveService properties file encoding UTF-8
2019-04-26 10:09:48,599 INFO o.a.j.s.SaveService: Using SaveService properties version 4.0
2019-04-26 10:09:48,607 INFO o.a.j.s.SaveService: Loading file: /home/vinaya/current_scenario/system-settings.jmx
2019-04-26 10:09:48,675 INFO o.a.j.p.h.s.HTTPSamplerBase: Parser for text/html is org.apache.jmeter.protocol.http.parser.LagartoBasedHtmlParser
2019-04-26 10:09:48,676 INFO o.a.j.p.h.s.HTTPSamplerBase: Parser for application/xhtml+xml is org.apache.jmeter.protocol.http.parser.LagartoBasedHtmlParser
2019-04-26 10:09:48,676 INFO o.a.j.p.h.s.HTTPSamplerBase: Parser for application/xml is org.apache.jmeter.protocol.http.parser.LagartoBasedHtmlParser
2019-04-26 10:09:48,676 INFO o.a.j.p.h.s.HTTPSamplerBase: Parser for text/xml is org.apache.jmeter.protocol.http.parser.LagartoBasedHtmlParser
2019-04-26 10:09:48,676 INFO o.a.j.p.h.s.HTTPSamplerBase: Parser for text/vnd.wap.wml is org.apache.jmeter.protocol.http.parser.RegexpHTMLParser
2019-04-26 10:09:48,676 INFO o.a.j.p.h.s.HTTPSamplerBase: Parser for text/css is org.apache.jmeter.protocol.http.parser.CssParser
2019-04-26 10:09:48,702 INFO o.a.j.JMeter: Creating summariser <summary>
2019-04-26 10:09:48,705 INFO o.a.j.e.DistributedRunner: Configuring remote engine: 28.0.0.24
2019-04-26 10:09:48,706 INFO o.a.j.r.RmiUtils: Disabling SSL for RMI as server.rmi.ssl.disable is set to 'true'
2019-04-26 10:09:48,801 INFO o.a.j.e.DistributedRunner: Configuring remote engine: 28.0.0.25
2019-04-26 10:09:48,801 INFO o.a.j.r.RmiUtils: Disabling SSL for RMI as server.rmi.ssl.disable is set to 'true'
2019-04-26 10:09:48,811 INFO o.a.j.e.DistributedRunner: Starting remote engines
2019-04-26 10:09:48,813 INFO o.a.j.e.DistributedRunner: Starting the test @ Fri Apr 26 10:09:48 UTC 2019 (1556273388811)
2019-04-26 10:09:48,813 INFO o.a.j.e.ClientJMeterEngine: running clientengine run method
2019-04-26 10:09:48,818 INFO o.a.j.e.u.CompoundVariable: Note: Function class names must contain the string: '.functions.'
2019-04-26 10:09:48,818 INFO o.a.j.e.u.CompoundVariable: Note: Function class names must not contain the string: '.gui.'
2019-04-26 10:09:49,294 INFO o.a.j.r.RmiUtils: Disabling SSL for RMI as server.rmi.ssl.disable is set to 'true'
2019-04-26 10:09:49,294 INFO o.a.j.r.RmiUtils: Disabling SSL for RMI as server.rmi.ssl.disable is set to 'true'
2019-04-26 10:09:49,297 INFO o.a.j.s.SampleEvent: List of sample_variables: []
2019-04-26 10:09:49,307 INFO o.a.j.s.BatchSampleSender: Using batching (client settings) for this run. Thresholds: num=100, time=60000
2019-04-26 10:09:49,307 INFO o.a.j.s.DataStrippingSampleSender: Using DataStrippingSampleSender for this run
2019-04-26 10:09:49,307 INFO o.a.j.r.RmiUtils: Disabling SSL for RMI as server.rmi.ssl.disable is set to 'true'
2019-04-26 10:09:49,307 INFO o.a.j.r.RmiUtils: Disabling SSL for RMI as server.rmi.ssl.disable is set to 'true'
2019-04-26 10:09:49,307 INFO o.a.j.s.BatchSampleSender: Using batching (client settings) for this run. Thresholds: num=100, time=60000
2019-04-26 10:09:49,308 INFO o.a.j.s.DataStrippingSampleSender: Using DataStrippingSampleSender for this run
2019-04-26 10:09:49,309 INFO o.a.j.r.RmiUtils: Disabling SSL for RMI as server.rmi.ssl.disable is set to 'true'
2019-04-26 10:09:49,309 INFO o.a.j.r.RmiUtils: Disabling SSL for RMI as server.rmi.ssl.disable is set to 'true'
2019-04-26 10:09:49,674 INFO o.a.j.r.RmiUtils: Disabling SSL for RMI as server.rmi.ssl.disable is set to 'true'
2019-04-26 10:09:49,675 INFO o.a.j.r.RmiUtils: Disabling SSL for RMI as server.rmi.ssl.disable is set to 'true'
2019-04-26 10:09:49,787 INFO o.a.j.e.ClientJMeterEngine: sent test to 28.0.0.25 basedir='.'
2019-04-26 10:09:49,787 INFO o.a.j.e.ClientJMeterEngine: Sending properties {}
2019-04-26 10:09:49,794 INFO o.a.j.e.ClientJMeterEngine: sent run command to 28.0.0.25
2019-04-26 10:09:49,794 INFO o.a.j.e.ClientJMeterEngine: running clientengine run method
2019-04-26 10:09:49,795 INFO o.a.j.r.RmiUtils: Disabling SSL for RMI as server.rmi.ssl.disable is set to 'true'
2019-04-26 10:09:49,795 INFO o.a.j.r.RmiUtils: Disabling SSL for RMI as server.rmi.ssl.disable is set to 'true'
2019-04-26 10:09:49,795 INFO o.a.j.s.BatchSampleSender: Using batching (client settings) for this run. Thresholds: num=100, time=60000
2019-04-26 10:09:49,795 INFO o.a.j.s.DataStrippingSampleSender: Using DataStrippingSampleSender for this run
2019-04-26 10:09:49,795 INFO o.a.j.r.RmiUtils: Disabling SSL for RMI as server.rmi.ssl.disable is set to 'true'
2019-04-26 10:09:49,796 INFO o.a.j.r.RmiUtils: Disabling SSL for RMI as server.rmi.ssl.disable is set to 'true'
2019-04-26 10:09:49,796 INFO o.a.j.s.BatchSampleSender: Using batching (client settings) for this run. Thresholds: num=100, time=60000
2019-04-26 10:09:49,796 INFO o.a.j.s.DataStrippingSampleSender: Using DataStrippingSampleSender for this run
2019-04-26 10:09:49,796 INFO o.a.j.r.RmiUtils: Disabling SSL for RMI as server.rmi.ssl.disable is set to 'true'
2019-04-26 10:09:49,796 INFO o.a.j.r.RmiUtils: Disabling SSL for RMI as server.rmi.ssl.disable is set to 'true'
2019-04-26 10:09:49,810 INFO o.a.j.JMeter: Started remote host:  28.0.0.25 (1556273389810)
2019-04-26 10:09:49,816 INFO o.a.j.r.RmiUtils: Disabling SSL for RMI as server.rmi.ssl.disable is set to 'true'
2019-04-26 10:09:49,816 INFO o.a.j.r.RmiUtils: Disabling SSL for RMI as server.rmi.ssl.disable is set to 'true'
2019-04-26 10:09:49,844 INFO o.a.j.e.ClientJMeterEngine: sent test to 28.0.0.24 basedir='.'
2019-04-26 10:09:49,844 INFO o.a.j.e.ClientJMeterEngine: Sending properties {}
2019-04-26 10:09:49,846 INFO o.a.j.e.ClientJMeterEngine: sent run command to 28.0.0.24
2019-04-26 10:09:49,846 INFO o.a.j.e.DistributedRunner: Remote engines have been started
2019-04-26 10:09:49,852 INFO o.a.j.JMeter: Started remote host:  28.0.0.24 (1556273389852)
2019-04-26 10:09:49,951 INFO o.a.j.s.SampleResult: Note: Sample TimeStamps are START times
2019-04-26 10:09:49,951 INFO o.a.j.s.SampleResult: sampleresult.default.encoding is set to ISO-8859-1
2019-04-26 10:09:49,951 INFO o.a.j.s.SampleResult: sampleresult.useNanoTime=true
2019-04-26 10:09:49,955 INFO o.a.j.s.SampleResult: sampleresult.nanoThreadSleep=5000
2019-04-26 10:09:50,987 INFO o.a.j.JMeter: Finished remote host: 28.0.0.25 (1556273390987)
2019-04-26 10:09:51,038 INFO o.a.j.r.Summariser: summary =    100 in 00:00:01 =   81.4/s Avg:    74 Min:    62 Max:   104 Err:     0 (0.00%)
2019-04-26 10:09:51,039 INFO o.a.j.JMeter: Finished remote host: 28.0.0.24 (1556273391039)
2019-04-26 10:09:56,040 INFO o.a.j.JMeter: Interrupting RMI Reaper
