2019-05-09 12:00:21,212 INFO o.a.j.u.JMeterUtils: Setting Locale to en_US
2019-05-09 12:00:21,229 INFO o.a.j.JMeter: Loading user properties from: /mnt/data/benchmark/apache-jmeter-4.0/bin/user.properties
2019-05-09 12:00:21,229 INFO o.a.j.JMeter: Loading system properties from: /mnt/data/benchmark/apache-jmeter-4.0/bin/system.properties
2019-05-09 12:00:21,236 INFO o.a.j.JMeter: Copyright (c) 1998-2018 The Apache Software Foundation
2019-05-09 12:00:21,236 INFO o.a.j.JMeter: Version 4.0 r1823414
2019-05-09 12:00:21,236 INFO o.a.j.JMeter: java.version=1.8.0_191
2019-05-09 12:00:21,236 INFO o.a.j.JMeter: java.vm.name=OpenJDK 64-Bit Server VM
2019-05-09 12:00:21,236 INFO o.a.j.JMeter: os.name=Linux
2019-05-09 12:00:21,236 INFO o.a.j.JMeter: os.arch=amd64
2019-05-09 12:00:21,236 INFO o.a.j.JMeter: os.version=4.15.0-1041-azure
2019-05-09 12:00:21,236 INFO o.a.j.JMeter: file.encoding=UTF-8
2019-05-09 12:00:21,236 INFO o.a.j.JMeter: Max memory     =1860698112
2019-05-09 12:00:21,237 INFO o.a.j.JMeter: Available Processors =2
2019-05-09 12:00:21,243 INFO o.a.j.JMeter: Default Locale=English (United States)
2019-05-09 12:00:21,243 INFO o.a.j.JMeter: JMeter  Locale=English (United States)
2019-05-09 12:00:21,243 INFO o.a.j.JMeter: JMeterHome=/mnt/data/benchmark/apache-jmeter-4.0
2019-05-09 12:00:21,243 INFO o.a.j.JMeter: user.dir  =/home/rahul-tarento/sunbird-perf-tests/sunbird-platform
2019-05-09 12:00:21,243 INFO o.a.j.JMeter: PWD       =/home/rahul-tarento/sunbird-perf-tests/sunbird-platform
2019-05-09 12:00:21,247 INFO o.a.j.JMeter: IP: 28.0.0.23 Name: jmeter-lms-1 FullName: 28.0.0.23
2019-05-09 12:00:21,250 INFO o.a.j.s.FileServer: Default base='/home/rahul-tarento/sunbird-perf-tests/sunbird-platform'
2019-05-09 12:00:21,256 INFO o.a.j.s.FileServer: Set new base='/home/rahul-tarento/current_scenario'
2019-05-09 12:00:21,414 INFO o.a.j.s.SaveService: Testplan (JMX) version: 2.2. Testlog (JTL) version: 2.2
2019-05-09 12:00:21,435 INFO o.a.j.s.SaveService: Using SaveService properties file encoding UTF-8
2019-05-09 12:00:21,441 INFO o.a.j.s.SaveService: Using SaveService properties version 4.0
2019-05-09 12:00:21,450 INFO o.a.j.s.SaveService: Loading file: /home/rahul-tarento/current_scenario/page-assemble.jmx
2019-05-09 12:00:21,533 INFO o.a.j.p.h.s.HTTPSamplerBase: Parser for text/html is org.apache.jmeter.protocol.http.parser.LagartoBasedHtmlParser
2019-05-09 12:00:21,533 INFO o.a.j.p.h.s.HTTPSamplerBase: Parser for application/xhtml+xml is org.apache.jmeter.protocol.http.parser.LagartoBasedHtmlParser
2019-05-09 12:00:21,533 INFO o.a.j.p.h.s.HTTPSamplerBase: Parser for application/xml is org.apache.jmeter.protocol.http.parser.LagartoBasedHtmlParser
2019-05-09 12:00:21,533 INFO o.a.j.p.h.s.HTTPSamplerBase: Parser for text/xml is org.apache.jmeter.protocol.http.parser.LagartoBasedHtmlParser
2019-05-09 12:00:21,534 INFO o.a.j.p.h.s.HTTPSamplerBase: Parser for text/vnd.wap.wml is org.apache.jmeter.protocol.http.parser.RegexpHTMLParser
2019-05-09 12:00:21,534 INFO o.a.j.p.h.s.HTTPSamplerBase: Parser for text/css is org.apache.jmeter.protocol.http.parser.CssParser
2019-05-09 12:00:21,571 INFO o.a.j.JMeter: Creating summariser <summary>
2019-05-09 12:00:21,575 INFO o.a.j.e.DistributedRunner: Configuring remote engine: 28.0.0.24
2019-05-09 12:00:21,577 INFO o.a.j.r.RmiUtils: Disabling SSL for RMI as server.rmi.ssl.disable is set to 'true'
2019-05-09 12:00:21,666 INFO o.a.j.e.DistributedRunner: Configuring remote engine: 28.0.0.25
2019-05-09 12:00:21,667 INFO o.a.j.r.RmiUtils: Disabling SSL for RMI as server.rmi.ssl.disable is set to 'true'
2019-05-09 12:00:21,676 INFO o.a.j.e.DistributedRunner: Configuring remote engine: 28.0.0.27
2019-05-09 12:00:21,676 INFO o.a.j.r.RmiUtils: Disabling SSL for RMI as server.rmi.ssl.disable is set to 'true'
2019-05-09 12:00:21,686 INFO o.a.j.e.DistributedRunner: Configuring remote engine: 28.0.0.29
2019-05-09 12:00:21,686 INFO o.a.j.r.RmiUtils: Disabling SSL for RMI as server.rmi.ssl.disable is set to 'true'
2019-05-09 12:00:21,696 INFO o.a.j.e.DistributedRunner: Starting remote engines
2019-05-09 12:00:21,697 INFO o.a.j.e.DistributedRunner: Starting the test @ Thu May 09 12:00:21 UTC 2019 (1557403221696)
2019-05-09 12:00:21,698 INFO o.a.j.e.ClientJMeterEngine: running clientengine run method
2019-05-09 12:00:21,702 INFO o.a.j.e.u.CompoundVariable: Note: Function class names must contain the string: '.functions.'
2019-05-09 12:00:21,702 INFO o.a.j.e.u.CompoundVariable: Note: Function class names must not contain the string: '.gui.'
2019-05-09 12:00:22,087 INFO o.a.j.r.RmiUtils: Disabling SSL for RMI as server.rmi.ssl.disable is set to 'true'
2019-05-09 12:00:22,087 INFO o.a.j.r.RmiUtils: Disabling SSL for RMI as server.rmi.ssl.disable is set to 'true'
2019-05-09 12:00:22,090 INFO o.a.j.s.SampleEvent: List of sample_variables: []
2019-05-09 12:00:22,098 INFO o.a.j.s.BatchSampleSender: Using batching (client settings) for this run. Thresholds: num=100, time=60000
2019-05-09 12:00:22,098 INFO o.a.j.s.DataStrippingSampleSender: Using DataStrippingSampleSender for this run
2019-05-09 12:00:22,098 INFO o.a.j.r.RmiUtils: Disabling SSL for RMI as server.rmi.ssl.disable is set to 'true'
2019-05-09 12:00:22,098 INFO o.a.j.r.RmiUtils: Disabling SSL for RMI as server.rmi.ssl.disable is set to 'true'
2019-05-09 12:00:22,099 INFO o.a.j.s.BatchSampleSender: Using batching (client settings) for this run. Thresholds: num=100, time=60000
2019-05-09 12:00:22,099 INFO o.a.j.s.DataStrippingSampleSender: Using DataStrippingSampleSender for this run
2019-05-09 12:00:22,100 INFO o.a.j.r.RmiUtils: Disabling SSL for RMI as server.rmi.ssl.disable is set to 'true'
2019-05-09 12:00:22,100 INFO o.a.j.r.RmiUtils: Disabling SSL for RMI as server.rmi.ssl.disable is set to 'true'
2019-05-09 12:00:22,459 INFO o.a.j.r.RmiUtils: Disabling SSL for RMI as server.rmi.ssl.disable is set to 'true'
2019-05-09 12:00:22,459 INFO o.a.j.r.RmiUtils: Disabling SSL for RMI as server.rmi.ssl.disable is set to 'true'
2019-05-09 12:00:22,555 INFO o.a.j.e.ClientJMeterEngine: sent test to 28.0.0.25 basedir='.'
2019-05-09 12:00:22,556 INFO o.a.j.e.ClientJMeterEngine: Sending properties {}
2019-05-09 12:00:22,560 INFO o.a.j.e.ClientJMeterEngine: sent run command to 28.0.0.25
2019-05-09 12:00:22,560 INFO o.a.j.e.ClientJMeterEngine: running clientengine run method
2019-05-09 12:00:22,561 INFO o.a.j.r.RmiUtils: Disabling SSL for RMI as server.rmi.ssl.disable is set to 'true'
2019-05-09 12:00:22,561 INFO o.a.j.r.RmiUtils: Disabling SSL for RMI as server.rmi.ssl.disable is set to 'true'
2019-05-09 12:00:22,561 INFO o.a.j.s.BatchSampleSender: Using batching (client settings) for this run. Thresholds: num=100, time=60000
2019-05-09 12:00:22,562 INFO o.a.j.s.DataStrippingSampleSender: Using DataStrippingSampleSender for this run
2019-05-09 12:00:22,562 INFO o.a.j.r.RmiUtils: Disabling SSL for RMI as server.rmi.ssl.disable is set to 'true'
2019-05-09 12:00:22,562 INFO o.a.j.r.RmiUtils: Disabling SSL for RMI as server.rmi.ssl.disable is set to 'true'
2019-05-09 12:00:22,562 INFO o.a.j.s.BatchSampleSender: Using batching (client settings) for this run. Thresholds: num=100, time=60000
2019-05-09 12:00:22,562 INFO o.a.j.s.DataStrippingSampleSender: Using DataStrippingSampleSender for this run
2019-05-09 12:00:22,562 INFO o.a.j.r.RmiUtils: Disabling SSL for RMI as server.rmi.ssl.disable is set to 'true'
2019-05-09 12:00:22,562 INFO o.a.j.r.RmiUtils: Disabling SSL for RMI as server.rmi.ssl.disable is set to 'true'
2019-05-09 12:00:22,578 INFO o.a.j.JMeter: Started remote host:  28.0.0.25 (1557403222578)
2019-05-09 12:00:22,587 INFO o.a.j.r.RmiUtils: Disabling SSL for RMI as server.rmi.ssl.disable is set to 'true'
2019-05-09 12:00:22,587 INFO o.a.j.r.RmiUtils: Disabling SSL for RMI as server.rmi.ssl.disable is set to 'true'
2019-05-09 12:00:22,610 INFO o.a.j.e.ClientJMeterEngine: sent test to 28.0.0.24 basedir='.'
2019-05-09 12:00:22,610 INFO o.a.j.e.ClientJMeterEngine: Sending properties {}
2019-05-09 12:00:22,613 INFO o.a.j.e.ClientJMeterEngine: sent run command to 28.0.0.24
2019-05-09 12:00:22,613 INFO o.a.j.e.ClientJMeterEngine: running clientengine run method
2019-05-09 12:00:22,613 INFO o.a.j.r.RmiUtils: Disabling SSL for RMI as server.rmi.ssl.disable is set to 'true'
2019-05-09 12:00:22,613 INFO o.a.j.r.RmiUtils: Disabling SSL for RMI as server.rmi.ssl.disable is set to 'true'
2019-05-09 12:00:22,613 INFO o.a.j.s.BatchSampleSender: Using batching (client settings) for this run. Thresholds: num=100, time=60000
2019-05-09 12:00:22,614 INFO o.a.j.s.DataStrippingSampleSender: Using DataStrippingSampleSender for this run
2019-05-09 12:00:22,614 INFO o.a.j.r.RmiUtils: Disabling SSL for RMI as server.rmi.ssl.disable is set to 'true'
2019-05-09 12:00:22,614 INFO o.a.j.r.RmiUtils: Disabling SSL for RMI as server.rmi.ssl.disable is set to 'true'
2019-05-09 12:00:22,614 INFO o.a.j.s.BatchSampleSender: Using batching (client settings) for this run. Thresholds: num=100, time=60000
2019-05-09 12:00:22,614 INFO o.a.j.s.DataStrippingSampleSender: Using DataStrippingSampleSender for this run
2019-05-09 12:00:22,614 INFO o.a.j.r.RmiUtils: Disabling SSL for RMI as server.rmi.ssl.disable is set to 'true'
2019-05-09 12:00:22,614 INFO o.a.j.r.RmiUtils: Disabling SSL for RMI as server.rmi.ssl.disable is set to 'true'
2019-05-09 12:00:22,623 INFO o.a.j.JMeter: Started remote host:  28.0.0.24 (1557403222623)
2019-05-09 12:00:22,634 INFO o.a.j.r.RmiUtils: Disabling SSL for RMI as server.rmi.ssl.disable is set to 'true'
2019-05-09 12:00:22,634 INFO o.a.j.r.RmiUtils: Disabling SSL for RMI as server.rmi.ssl.disable is set to 'true'
2019-05-09 12:00:22,660 INFO o.a.j.e.ClientJMeterEngine: sent test to 28.0.0.27 basedir='.'
2019-05-09 12:00:22,661 INFO o.a.j.e.ClientJMeterEngine: Sending properties {}
2019-05-09 12:00:22,662 INFO o.a.j.e.ClientJMeterEngine: sent run command to 28.0.0.27
2019-05-09 12:00:22,662 INFO o.a.j.e.ClientJMeterEngine: running clientengine run method
2019-05-09 12:00:22,663 INFO o.a.j.r.RmiUtils: Disabling SSL for RMI as server.rmi.ssl.disable is set to 'true'
2019-05-09 12:00:22,663 INFO o.a.j.r.RmiUtils: Disabling SSL for RMI as server.rmi.ssl.disable is set to 'true'
2019-05-09 12:00:22,663 INFO o.a.j.s.BatchSampleSender: Using batching (client settings) for this run. Thresholds: num=100, time=60000
2019-05-09 12:00:22,663 INFO o.a.j.s.DataStrippingSampleSender: Using DataStrippingSampleSender for this run
2019-05-09 12:00:22,663 INFO o.a.j.r.RmiUtils: Disabling SSL for RMI as server.rmi.ssl.disable is set to 'true'
2019-05-09 12:00:22,663 INFO o.a.j.r.RmiUtils: Disabling SSL for RMI as server.rmi.ssl.disable is set to 'true'
2019-05-09 12:00:22,664 INFO o.a.j.s.BatchSampleSender: Using batching (client settings) for this run. Thresholds: num=100, time=60000
2019-05-09 12:00:22,664 INFO o.a.j.s.DataStrippingSampleSender: Using DataStrippingSampleSender for this run
2019-05-09 12:00:22,664 INFO o.a.j.r.RmiUtils: Disabling SSL for RMI as server.rmi.ssl.disable is set to 'true'
2019-05-09 12:00:22,664 INFO o.a.j.r.RmiUtils: Disabling SSL for RMI as server.rmi.ssl.disable is set to 'true'
2019-05-09 12:00:22,671 INFO o.a.j.s.SampleResult: Note: Sample TimeStamps are START times
2019-05-09 12:00:22,673 INFO o.a.j.s.SampleResult: sampleresult.default.encoding is set to ISO-8859-1
2019-05-09 12:00:22,673 INFO o.a.j.s.SampleResult: sampleresult.useNanoTime=true
2019-05-09 12:00:22,673 INFO o.a.j.s.SampleResult: sampleresult.nanoThreadSleep=5000
2019-05-09 12:00:22,673 INFO o.a.j.JMeter: Started remote host:  28.0.0.27 (1557403222673)
2019-05-09 12:00:22,717 INFO o.a.j.r.RmiUtils: Disabling SSL for RMI as server.rmi.ssl.disable is set to 'true'
2019-05-09 12:00:22,717 INFO o.a.j.r.RmiUtils: Disabling SSL for RMI as server.rmi.ssl.disable is set to 'true'
2019-05-09 12:00:22,781 INFO o.a.j.e.ClientJMeterEngine: sent test to 28.0.0.29 basedir='.'
2019-05-09 12:00:22,781 INFO o.a.j.e.ClientJMeterEngine: Sending properties {}
2019-05-09 12:00:22,783 INFO o.a.j.e.ClientJMeterEngine: sent run command to 28.0.0.29
2019-05-09 12:00:22,783 INFO o.a.j.e.DistributedRunner: Remote engines have been started
2019-05-09 12:00:22,788 INFO o.a.j.JMeter: Started remote host:  28.0.0.29 (1557403222787)
2019-05-09 12:00:30,141 INFO o.a.j.r.Summariser: summary +   3005 in 00:00:08 =  397.4/s Avg:   119 Min:    16 Max:  3730 Err:     0 (0.00%) Active: 60 Started: 45 Finished: 0
2019-05-09 12:01:00,007 INFO o.a.j.r.Summariser: summary +  12100 in 00:00:30 =  405.1/s Avg:   149 Min:    15 Max:  4437 Err:     0 (0.00%) Active: 60 Started: 45 Finished: 0
2019-05-09 12:01:00,008 INFO o.a.j.r.Summariser: summary =  15105 in 00:00:37 =  403.6/s Avg:   143 Min:    15 Max:  4437 Err:     0 (0.00%)
2019-05-09 12:01:30,149 INFO o.a.j.r.Summariser: summary +  12100 in 00:00:30 =  401.4/s Avg:   148 Min:    16 Max:  4408 Err:     0 (0.00%) Active: 60 Started: 45 Finished: 0
2019-05-09 12:01:30,149 INFO o.a.j.r.Summariser: summary =  27205 in 00:01:08 =  402.6/s Avg:   145 Min:    15 Max:  4437 Err:     0 (0.00%)
2019-05-09 12:02:00,112 INFO o.a.j.r.Summariser: summary +  12100 in 00:00:30 =  403.8/s Avg:   147 Min:    15 Max:  5088 Err:     0 (0.00%) Active: 60 Started: 45 Finished: 0
2019-05-09 12:02:00,113 INFO o.a.j.r.Summariser: summary =  39305 in 00:01:38 =  403.0/s Avg:   146 Min:    15 Max:  5088 Err:     0 (0.00%)
2019-05-09 12:02:30,105 INFO o.a.j.r.Summariser: summary +  11800 in 00:00:30 =  393.4/s Avg:   144 Min:    16 Max:  4139 Err:     0 (0.00%) Active: 47 Started: 45 Finished: 13
2019-05-09 12:02:30,106 INFO o.a.j.r.Summariser: summary =  51105 in 00:02:08 =  400.7/s Avg:   145 Min:    15 Max:  5088 Err:     0 (0.00%)
2019-05-09 12:02:56,087 INFO o.a.j.JMeter: Finished remote host: 28.0.0.27 (1557403376087)
2019-05-09 12:03:00,047 INFO o.a.j.r.Summariser: summary +   8499 in 00:00:30 =  283.8/s Avg:   108 Min:    15 Max:  3504 Err:     0 (0.00%) Active: 5 Started: 45 Finished: 55
2019-05-09 12:03:00,047 INFO o.a.j.r.Summariser: summary =  59604 in 00:02:37 =  378.5/s Avg:   140 Min:    15 Max:  5088 Err:     0 (0.00%)
2019-05-09 12:03:00,911 INFO o.a.j.JMeter: Finished remote host: 28.0.0.29 (1557403380911)
2019-05-09 12:03:01,866 INFO o.a.j.JMeter: Finished remote host: 28.0.0.24 (1557403381866)
2019-05-09 12:03:02,288 INFO o.a.j.r.Summariser: summary +    396 in 00:00:02 =  176.8/s Avg:    54 Min:    15 Max:   766 Err:     0 (0.00%) Active: 0 Started: 45 Finished: 60
2019-05-09 12:03:02,288 INFO o.a.j.r.Summariser: summary =  60000 in 00:02:40 =  375.7/s Avg:   139 Min:    15 Max:  5088 Err:     0 (0.00%)
2019-05-09 12:03:02,289 INFO o.a.j.JMeter: Finished remote host: 28.0.0.25 (1557403382289)
2019-05-09 12:03:07,290 INFO o.a.j.JMeter: Interrupting RMI Reaper
