2019-04-25 14:22:15,817 INFO o.a.j.u.JMeterUtils: Setting Locale to en_US
2019-04-25 14:22:15,831 INFO o.a.j.JMeter: Loading user properties from: /mnt/data/benchmark/apache-jmeter-4.0/bin/user.properties
2019-04-25 14:22:15,831 INFO o.a.j.JMeter: Loading system properties from: /mnt/data/benchmark/apache-jmeter-4.0/bin/system.properties
2019-04-25 14:22:15,838 INFO o.a.j.JMeter: Copyright (c) 1998-2018 The Apache Software Foundation
2019-04-25 14:22:15,838 INFO o.a.j.JMeter: Version 4.0 r1823414
2019-04-25 14:22:15,838 INFO o.a.j.JMeter: java.version=1.8.0_03-Ubuntu
2019-04-25 14:22:15,838 INFO o.a.j.JMeter: java.vm.name=OpenJDK 64-Bit Server VM
2019-04-25 14:22:15,838 INFO o.a.j.JMeter: os.name=Linux
2019-04-25 14:22:15,838 INFO o.a.j.JMeter: os.arch=amd64
2019-04-25 14:22:15,838 INFO o.a.j.JMeter: os.version=4.15.0-1041-azure
2019-04-25 14:22:15,838 INFO o.a.j.JMeter: file.encoding=UTF-8
2019-04-25 14:22:15,838 INFO o.a.j.JMeter: Max memory     =1860698112
2019-04-25 14:22:15,838 INFO o.a.j.JMeter: Available Processors =2
2019-04-25 14:22:15,843 INFO o.a.j.JMeter: Default Locale=English (United States)
2019-04-25 14:22:15,844 INFO o.a.j.JMeter: JMeter  Locale=English (United States)
2019-04-25 14:22:15,844 INFO o.a.j.JMeter: JMeterHome=/mnt/data/benchmark/apache-jmeter-4.0
2019-04-25 14:22:15,844 INFO o.a.j.JMeter: user.dir  =/home/vinaya/sunbird-perf-tests/sunbird-platform
2019-04-25 14:22:15,844 INFO o.a.j.JMeter: PWD       =/home/vinaya/sunbird-perf-tests/sunbird-platform
2019-04-25 14:22:15,856 INFO o.a.j.JMeter: IP: 28.0.0.23 Name: jmeter-lms-1 FullName: 28.0.0.23
2019-04-25 14:22:15,859 INFO o.a.j.s.FileServer: Default base='/home/vinaya/sunbird-perf-tests/sunbird-platform'
2019-04-25 14:22:15,864 INFO o.a.j.s.FileServer: Set new base='/home/vinaya/current_scenario'
2019-04-25 14:22:16,025 INFO o.a.j.s.SaveService: Testplan (JMX) version: 2.2. Testlog (JTL) version: 2.2
2019-04-25 14:22:16,045 INFO o.a.j.s.SaveService: Using SaveService properties file encoding UTF-8
2019-04-25 14:22:16,050 INFO o.a.j.s.SaveService: Using SaveService properties version 4.0
2019-04-25 14:22:16,057 INFO o.a.j.s.SaveService: Loading file: /home/vinaya/current_scenario/page-assemble.jmx
2019-04-25 14:22:16,122 INFO o.a.j.p.h.s.HTTPSamplerBase: Parser for text/html is org.apache.jmeter.protocol.http.parser.LagartoBasedHtmlParser
2019-04-25 14:22:16,122 INFO o.a.j.p.h.s.HTTPSamplerBase: Parser for application/xhtml+xml is org.apache.jmeter.protocol.http.parser.LagartoBasedHtmlParser
2019-04-25 14:22:16,122 INFO o.a.j.p.h.s.HTTPSamplerBase: Parser for application/xml is org.apache.jmeter.protocol.http.parser.LagartoBasedHtmlParser
2019-04-25 14:22:16,123 INFO o.a.j.p.h.s.HTTPSamplerBase: Parser for text/xml is org.apache.jmeter.protocol.http.parser.LagartoBasedHtmlParser
2019-04-25 14:22:16,123 INFO o.a.j.p.h.s.HTTPSamplerBase: Parser for text/vnd.wap.wml is org.apache.jmeter.protocol.http.parser.RegexpHTMLParser
2019-04-25 14:22:16,123 INFO o.a.j.p.h.s.HTTPSamplerBase: Parser for text/css is org.apache.jmeter.protocol.http.parser.CssParser
2019-04-25 14:22:16,153 INFO o.a.j.JMeter: Creating summariser <summary>
2019-04-25 14:22:16,157 INFO o.a.j.e.DistributedRunner: Configuring remote engine: 28.0.0.24
2019-04-25 14:22:16,158 INFO o.a.j.r.RmiUtils: Disabling SSL for RMI as server.rmi.ssl.disable is set to 'true'
2019-04-25 14:22:16,239 INFO o.a.j.e.DistributedRunner: Configuring remote engine: 28.0.0.25
2019-04-25 14:22:16,239 INFO o.a.j.r.RmiUtils: Disabling SSL for RMI as server.rmi.ssl.disable is set to 'true'
2019-04-25 14:22:16,250 INFO o.a.j.e.DistributedRunner: Starting remote engines
2019-04-25 14:22:16,251 INFO o.a.j.e.DistributedRunner: Starting the test @ Thu Apr 25 14:22:16 UTC 2019 (1556202136250)
2019-04-25 14:22:16,251 INFO o.a.j.e.ClientJMeterEngine: running clientengine run method
2019-04-25 14:22:16,256 INFO o.a.j.e.u.CompoundVariable: Note: Function class names must contain the string: '.functions.'
2019-04-25 14:22:16,256 INFO o.a.j.e.u.CompoundVariable: Note: Function class names must not contain the string: '.gui.'
2019-04-25 14:22:16,713 INFO o.a.j.r.RmiUtils: Disabling SSL for RMI as server.rmi.ssl.disable is set to 'true'
2019-04-25 14:22:16,713 INFO o.a.j.r.RmiUtils: Disabling SSL for RMI as server.rmi.ssl.disable is set to 'true'
2019-04-25 14:22:16,715 INFO o.a.j.s.SampleEvent: List of sample_variables: []
2019-04-25 14:22:16,721 INFO o.a.j.s.BatchSampleSender: Using batching (client settings) for this run. Thresholds: num=100, time=60000
2019-04-25 14:22:16,721 INFO o.a.j.s.DataStrippingSampleSender: Using DataStrippingSampleSender for this run
2019-04-25 14:22:16,722 INFO o.a.j.r.RmiUtils: Disabling SSL for RMI as server.rmi.ssl.disable is set to 'true'
2019-04-25 14:22:16,722 INFO o.a.j.r.RmiUtils: Disabling SSL for RMI as server.rmi.ssl.disable is set to 'true'
2019-04-25 14:22:16,722 INFO o.a.j.s.BatchSampleSender: Using batching (client settings) for this run. Thresholds: num=100, time=60000
2019-04-25 14:22:16,723 INFO o.a.j.s.DataStrippingSampleSender: Using DataStrippingSampleSender for this run
2019-04-25 14:22:16,724 INFO o.a.j.r.RmiUtils: Disabling SSL for RMI as server.rmi.ssl.disable is set to 'true'
2019-04-25 14:22:16,724 INFO o.a.j.r.RmiUtils: Disabling SSL for RMI as server.rmi.ssl.disable is set to 'true'
2019-04-25 14:22:17,052 INFO o.a.j.r.RmiUtils: Disabling SSL for RMI as server.rmi.ssl.disable is set to 'true'
2019-04-25 14:22:17,053 INFO o.a.j.r.RmiUtils: Disabling SSL for RMI as server.rmi.ssl.disable is set to 'true'
2019-04-25 14:22:17,165 INFO o.a.j.e.ClientJMeterEngine: sent test to 28.0.0.25 basedir='.'
2019-04-25 14:22:17,166 INFO o.a.j.e.ClientJMeterEngine: Sending properties {}
2019-04-25 14:22:17,171 INFO o.a.j.e.ClientJMeterEngine: sent run command to 28.0.0.25
2019-04-25 14:22:17,171 INFO o.a.j.e.ClientJMeterEngine: running clientengine run method
2019-04-25 14:22:17,172 INFO o.a.j.r.RmiUtils: Disabling SSL for RMI as server.rmi.ssl.disable is set to 'true'
2019-04-25 14:22:17,172 INFO o.a.j.r.RmiUtils: Disabling SSL for RMI as server.rmi.ssl.disable is set to 'true'
2019-04-25 14:22:17,172 INFO o.a.j.s.BatchSampleSender: Using batching (client settings) for this run. Thresholds: num=100, time=60000
2019-04-25 14:22:17,172 INFO o.a.j.s.DataStrippingSampleSender: Using DataStrippingSampleSender for this run
2019-04-25 14:22:17,172 INFO o.a.j.r.RmiUtils: Disabling SSL for RMI as server.rmi.ssl.disable is set to 'true'
2019-04-25 14:22:17,173 INFO o.a.j.r.RmiUtils: Disabling SSL for RMI as server.rmi.ssl.disable is set to 'true'
2019-04-25 14:22:17,173 INFO o.a.j.s.BatchSampleSender: Using batching (client settings) for this run. Thresholds: num=100, time=60000
2019-04-25 14:22:17,173 INFO o.a.j.s.DataStrippingSampleSender: Using DataStrippingSampleSender for this run
2019-04-25 14:22:17,173 INFO o.a.j.r.RmiUtils: Disabling SSL for RMI as server.rmi.ssl.disable is set to 'true'
2019-04-25 14:22:17,173 INFO o.a.j.r.RmiUtils: Disabling SSL for RMI as server.rmi.ssl.disable is set to 'true'
2019-04-25 14:22:17,190 INFO o.a.j.JMeter: Started remote host:  28.0.0.25 (1556202137190)
2019-04-25 14:22:17,193 INFO o.a.j.r.RmiUtils: Disabling SSL for RMI as server.rmi.ssl.disable is set to 'true'
2019-04-25 14:22:17,193 INFO o.a.j.r.RmiUtils: Disabling SSL for RMI as server.rmi.ssl.disable is set to 'true'
2019-04-25 14:22:17,216 INFO o.a.j.e.ClientJMeterEngine: sent test to 28.0.0.24 basedir='.'
2019-04-25 14:22:17,216 INFO o.a.j.e.ClientJMeterEngine: Sending properties {}
2019-04-25 14:22:17,218 INFO o.a.j.e.ClientJMeterEngine: sent run command to 28.0.0.24
2019-04-25 14:22:17,219 INFO o.a.j.e.DistributedRunner: Remote engines have been started
2019-04-25 14:22:17,223 INFO o.a.j.JMeter: Started remote host:  28.0.0.24 (1556202137223)
2019-04-25 14:22:17,742 INFO o.a.j.s.SampleResult: Note: Sample TimeStamps are START times
2019-04-25 14:22:17,743 INFO o.a.j.s.SampleResult: sampleresult.default.encoding is set to ISO-8859-1
2019-04-25 14:22:17,743 INFO o.a.j.s.SampleResult: sampleresult.useNanoTime=true
2019-04-25 14:22:17,744 INFO o.a.j.s.SampleResult: sampleresult.nanoThreadSleep=5000
2019-04-25 14:22:27,717 INFO o.a.j.JMeter: Finished remote host: 28.0.0.24 (1556202147717)
2019-04-25 14:22:27,757 INFO o.a.j.r.Summariser: summary =    500 in 00:00:11 =   47.3/s Avg:  5127 Min:   318 Max: 10052 Err:     0 (0.00%)
2019-04-25 14:22:27,759 INFO o.a.j.JMeter: Finished remote host: 28.0.0.25 (1556202147759)
2019-04-25 14:22:32,763 INFO o.a.j.JMeter: Interrupting RMI Reaper
