Creating summariser <summary>
Created the tree successfully using /home/rahul-tarento/current_scenario/user-read-with-same-access-token.jmx
Configuring remote engine: 28.0.0.24
Configuring remote engine: 28.0.0.25
Configuring remote engine: 28.0.0.27
Configuring remote engine: 28.0.0.29
Starting remote engines
Starting the test @ Sat May 11 10:19:54 UTC 2019 (1557569994101)
Remote engines have been started
Waiting for possible Shutdown/StopTestNow/Heapdump message on port 4445
summary +   9105 in 00:00:05 = 1823.2/s Avg:   178 Min:     5 Max:   511 Err:     0 (0.00%) Active: 769 Started: 768 Finished: 0
summary +  56700 in 00:00:30 = 1884.6/s Avg:   422 Min:     5 Max:  1367 Err:     0 (0.00%) Active: 800 Started: 799 Finished: 0
summary =  65805 in 00:00:35 = 1875.9/s Avg:   388 Min:     5 Max:  1367 Err:     0 (0.00%)
summary +  55900 in 00:00:30 = 1869.6/s Avg:   428 Min:     5 Max:  1550 Err:     0 (0.00%) Active: 800 Started: 799 Finished: 0
summary = 121705 in 00:01:05 = 1873.0/s Avg:   406 Min:     5 Max:  1550 Err:     0 (0.00%)
summary +  55800 in 00:00:30 = 1857.0/s Avg:   428 Min:     4 Max:  2209 Err:     1 (0.00%) Active: 800 Started: 799 Finished: 0
summary = 177505 in 00:01:35 = 1867.9/s Avg:   413 Min:     4 Max:  2209 Err:     1 (0.00%)
summary +  55800 in 00:00:30 = 1860.3/s Avg:   430 Min:     5 Max:  3670 Err:     0 (0.00%) Active: 800 Started: 799 Finished: 0
summary = 233305 in 00:02:05 = 1866.1/s Avg:   417 Min:     4 Max:  3670 Err:     1 (0.00%)
summary +  55732 in 00:00:30 = 1860.6/s Avg:   428 Min:     5 Max:  3615 Err:     0 (0.00%) Active: 800 Started: 799 Finished: 0
summary = 289037 in 00:02:35 = 1865.0/s Avg:   419 Min:     4 Max:  3670 Err:     1 (0.00%)
summary +  56168 in 00:00:30 = 1872.1/s Avg:   428 Min:     4 Max:  3555 Err:     0 (0.00%) Active: 800 Started: 799 Finished: 0
summary = 345205 in 00:03:05 = 1866.2/s Avg:   421 Min:     4 Max:  3670 Err:     1 (0.00%)
summary +  55300 in 00:00:30 = 1840.6/s Avg:   434 Min:     5 Max:  3648 Err:     0 (0.00%) Active: 800 Started: 799 Finished: 0
summary = 400505 in 00:03:35 = 1862.6/s Avg:   422 Min:     4 Max:  3670 Err:     1 (0.00%)
summary +  55100 in 00:00:30 = 1832.7/s Avg:   435 Min:     5 Max:  2065 Err:     0 (0.00%) Active: 800 Started: 799 Finished: 0
summary = 455605 in 00:04:05 = 1858.9/s Avg:   424 Min:     4 Max:  3670 Err:     1 (0.00%)
summary +  55000 in 00:00:30 = 1833.3/s Avg:   435 Min:     4 Max:  3315 Err:     0 (0.00%) Active: 800 Started: 799 Finished: 0
summary = 510605 in 00:04:35 = 1856.1/s Avg:   425 Min:     4 Max:  3670 Err:     1 (0.00%)
summary +  54200 in 00:00:30 = 1810.5/s Avg:   442 Min:     5 Max:  2294 Err:     0 (0.00%) Active: 800 Started: 799 Finished: 0
summary = 564805 in 00:05:05 = 1851.6/s Avg:   427 Min:     4 Max:  3670 Err:     1 (0.00%)
summary +  55600 in 00:00:30 = 1855.7/s Avg:   431 Min:     5 Max:  2786 Err:     0 (0.00%) Active: 800 Started: 799 Finished: 0
summary = 620405 in 00:05:35 = 1852.0/s Avg:   427 Min:     4 Max:  3670 Err:     1 (0.00%)
summary +  54300 in 00:00:30 = 1805.2/s Avg:   442 Min:     5 Max:  3718 Err:     0 (0.00%) Active: 800 Started: 799 Finished: 0
summary = 674705 in 00:06:05 = 1848.2/s Avg:   428 Min:     4 Max:  3718 Err:     1 (0.00%)
summary +  55300 in 00:00:30 = 1844.3/s Avg:   432 Min:     4 Max:  3655 Err:     0 (0.00%) Active: 800 Started: 799 Finished: 0
summary = 730005 in 00:06:35 = 1847.9/s Avg:   429 Min:     4 Max:  3718 Err:     1 (0.00%)
summary +  55000 in 00:00:30 = 1834.2/s Avg:   435 Min:     5 Max:  3646 Err:     0 (0.00%) Active: 800 Started: 799 Finished: 0
summary = 785005 in 00:07:05 = 1846.9/s Avg:   429 Min:     4 Max:  3718 Err:     1 (0.00%)
summary +  55300 in 00:00:30 = 1845.7/s Avg:   433 Min:     4 Max:  2152 Err:     0 (0.00%) Active: 800 Started: 799 Finished: 0
summary = 840305 in 00:07:35 = 1846.8/s Avg:   429 Min:     4 Max:  3718 Err:     1 (0.00%)
summary +  54400 in 00:00:30 = 1811.9/s Avg:   440 Min:     4 Max:  3588 Err:     2 (0.00%) Active: 800 Started: 799 Finished: 0
summary = 894705 in 00:08:05 = 1844.7/s Avg:   430 Min:     4 Max:  3718 Err:     3 (0.00%)
summary +  55200 in 00:00:30 = 1839.9/s Avg:   433 Min:     5 Max:  3586 Err:     2 (0.00%) Active: 800 Started: 799 Finished: 0
summary = 949905 in 00:08:35 = 1844.4/s Avg:   430 Min:     4 Max:  3718 Err:     5 (0.00%)
summary +  55300 in 00:00:30 = 1846.1/s Avg:   435 Min:     5 Max:  3567 Err:     0 (0.00%) Active: 800 Started: 799 Finished: 0
summary = 1005205 in 00:09:05 = 1844.5/s Avg:   430 Min:     4 Max:  3718 Err:     5 (0.00%)
summary +  54700 in 00:00:30 = 1820.1/s Avg:   438 Min:     5 Max:  3379 Err:     0 (0.00%) Active: 800 Started: 799 Finished: 0
summary = 1059905 in 00:09:35 = 1843.2/s Avg:   431 Min:     4 Max:  3718 Err:     5 (0.00%)
summary +  53800 in 00:00:30 = 1791.0/s Avg:   445 Min:     4 Max:  3750 Err:     0 (0.00%) Active: 800 Started: 799 Finished: 0
summary = 1113705 in 00:10:05 = 1840.6/s Avg:   432 Min:     4 Max:  3750 Err:     5 (0.00%)
summary +  54300 in 00:00:30 = 1815.7/s Avg:   440 Min:     4 Max:  2528 Err:     0 (0.00%) Active: 800 Started: 799 Finished: 0
summary = 1168005 in 00:10:35 = 1839.4/s Avg:   432 Min:     4 Max:  3750 Err:     5 (0.00%)
summary +  54300 in 00:00:30 = 1809.9/s Avg:   442 Min:     4 Max:  3715 Err:     0 (0.00%) Active: 800 Started: 799 Finished: 0
summary = 1222305 in 00:11:05 = 1838.1/s Avg:   432 Min:     4 Max:  3750 Err:     5 (0.00%)
summary +  54700 in 00:00:30 = 1816.5/s Avg:   439 Min:     4 Max:  2428 Err:     1 (0.00%) Active: 800 Started: 799 Finished: 0
summary = 1277005 in 00:11:35 = 1837.2/s Avg:   433 Min:     4 Max:  3750 Err:     6 (0.00%)
summary +  54400 in 00:00:30 = 1818.9/s Avg:   440 Min:     5 Max:  3481 Err:     0 (0.00%) Active: 800 Started: 799 Finished: 0
summary = 1331405 in 00:12:05 = 1836.4/s Avg:   433 Min:     4 Max:  3750 Err:     6 (0.00%)
summary +  54600 in 00:00:30 = 1821.2/s Avg:   439 Min:     5 Max:  2396 Err:     0 (0.00%) Active: 800 Started: 799 Finished: 0
summary = 1386005 in 00:12:35 = 1835.8/s Avg:   433 Min:     4 Max:  3750 Err:     6 (0.00%)
summary +  54300 in 00:00:30 = 1804.7/s Avg:   443 Min:     5 Max:  2329 Err:     0 (0.00%) Active: 800 Started: 799 Finished: 0
summary = 1440305 in 00:13:05 = 1834.6/s Avg:   434 Min:     4 Max:  3750 Err:     6 (0.00%)
summary +  54500 in 00:00:30 = 1821.5/s Avg:   439 Min:     4 Max:  2069 Err:     0 (0.00%) Active: 800 Started: 799 Finished: 0
summary = 1494805 in 00:13:35 = 1834.1/s Avg:   434 Min:     4 Max:  3750 Err:     6 (0.00%)
summary +  54700 in 00:00:30 = 1815.8/s Avg:   439 Min:     4 Max:  3691 Err:     0 (0.00%) Active: 800 Started: 799 Finished: 0
summary = 1549505 in 00:14:05 = 1833.5/s Avg:   434 Min:     4 Max:  3750 Err:     6 (0.00%)
summary +  53700 in 00:00:30 = 1795.6/s Avg:   445 Min:     5 Max:  3683 Err:     0 (0.00%) Active: 800 Started: 799 Finished: 0
summary = 1603205 in 00:14:35 = 1832.2/s Avg:   434 Min:     4 Max:  3750 Err:     6 (0.00%)
summary +  54700 in 00:00:30 = 1817.9/s Avg:   439 Min:     5 Max:  3335 Err:     0 (0.00%) Active: 800 Started: 799 Finished: 0
summary = 1657905 in 00:15:05 = 1831.7/s Avg:   434 Min:     4 Max:  3750 Err:     6 (0.00%)
summary +  55200 in 00:00:30 = 1847.1/s Avg:   433 Min:     4 Max:  4225 Err:     0 (0.00%) Active: 800 Started: 799 Finished: 0
summary = 1713105 in 00:15:35 = 1832.2/s Avg:   434 Min:     4 Max:  4225 Err:     6 (0.00%)
summary +  54500 in 00:00:30 = 1817.5/s Avg:   439 Min:     5 Max:  3368 Err:     0 (0.00%) Active: 800 Started: 799 Finished: 0
summary = 1767605 in 00:16:05 = 1831.7/s Avg:   435 Min:     4 Max:  4225 Err:     6 (0.00%)
summary +  54700 in 00:00:30 = 1822.6/s Avg:   437 Min:     5 Max:  3512 Err:     0 (0.00%) Active: 800 Started: 799 Finished: 0
summary = 1822305 in 00:16:35 = 1831.5/s Avg:   435 Min:     4 Max:  4225 Err:     6 (0.00%)
summary +  54490 in 00:00:30 = 1817.4/s Avg:   440 Min:     4 Max:  2432 Err:     0 (0.00%) Active: 794 Started: 799 Finished: 6
summary = 1876795 in 00:17:05 = 1831.1/s Avg:   435 Min:     4 Max:  4225 Err:     6 (0.00%)
summary +  55110 in 00:00:30 = 1833.3/s Avg:   423 Min:     5 Max:  2223 Err:     1 (0.00%) Active: 737 Started: 799 Finished: 63
summary = 1931905 in 00:17:35 = 1831.1/s Avg:   434 Min:     4 Max:  4225 Err:     7 (0.00%)
summary +  55100 in 00:00:30 = 1832.7/s Avg:   316 Min:     5 Max:  3255 Err:     0 (0.00%) Active: 300 Started: 799 Finished: 500
summary = 1987005 in 00:18:05 = 1831.2/s Avg:   431 Min:     4 Max:  4225 Err:     7 (0.00%)
summary +  12995 in 00:00:12 = 1072.8/s Avg:   105 Min:     4 Max:  2208 Err:     0 (0.00%) Active: 0 Started: 799 Finished: 800
summary = 2000000 in 00:18:17 = 1822.8/s Avg:   429 Min:     4 Max:  4225 Err:     7 (0.00%)
Tidying up remote @ Sat May 11 10:38:12 UTC 2019 (1557571092245)
... end of run
