2019-05-07 12:40:47,631 INFO o.a.j.u.JMeterUtils: Setting Locale to en_US
2019-05-07 12:40:47,646 INFO o.a.j.JMeter: Loading user properties from: /mnt/data/benchmark/apache-jmeter-4.0/bin/user.properties
2019-05-07 12:40:47,647 INFO o.a.j.JMeter: Loading system properties from: /mnt/data/benchmark/apache-jmeter-4.0/bin/system.properties
2019-05-07 12:40:47,654 INFO o.a.j.JMeter: Copyright (c) 1998-2018 The Apache Software Foundation
2019-05-07 12:40:47,654 INFO o.a.j.JMeter: Version 4.0 r1823414
2019-05-07 12:40:47,654 INFO o.a.j.JMeter: java.version=1.8.0_191
2019-05-07 12:40:47,654 INFO o.a.j.JMeter: java.vm.name=OpenJDK 64-Bit Server VM
2019-05-07 12:40:47,654 INFO o.a.j.JMeter: os.name=Linux
2019-05-07 12:40:47,654 INFO o.a.j.JMeter: os.arch=amd64
2019-05-07 12:40:47,654 INFO o.a.j.JMeter: os.version=4.15.0-1041-azure
2019-05-07 12:40:47,654 INFO o.a.j.JMeter: file.encoding=UTF-8
2019-05-07 12:40:47,655 INFO o.a.j.JMeter: Max memory     =1860698112
2019-05-07 12:40:47,655 INFO o.a.j.JMeter: Available Processors =2
2019-05-07 12:40:47,660 INFO o.a.j.JMeter: Default Locale=English (United States)
2019-05-07 12:40:47,660 INFO o.a.j.JMeter: JMeter  Locale=English (United States)
2019-05-07 12:40:47,661 INFO o.a.j.JMeter: JMeterHome=/mnt/data/benchmark/apache-jmeter-4.0
2019-05-07 12:40:47,661 INFO o.a.j.JMeter: user.dir  =/home/vinaya/sunbird-perf-tests/sunbird-platform
2019-05-07 12:40:47,661 INFO o.a.j.JMeter: PWD       =/home/vinaya/sunbird-perf-tests/sunbird-platform
2019-05-07 12:40:48,022 INFO o.a.j.JMeter: IP: 28.0.0.23 Name: jmeter-lms-1 FullName: 28.0.0.23
2019-05-07 12:40:48,026 INFO o.a.j.s.FileServer: Default base='/home/vinaya/sunbird-perf-tests/sunbird-platform'
2019-05-07 12:40:48,035 INFO o.a.j.s.FileServer: Set new base='/home/vinaya/current_scenario'
2019-05-07 12:40:48,205 INFO o.a.j.s.SaveService: Testplan (JMX) version: 2.2. Testlog (JTL) version: 2.2
2019-05-07 12:40:48,230 INFO o.a.j.s.SaveService: Using SaveService properties file encoding UTF-8
2019-05-07 12:40:48,236 INFO o.a.j.s.SaveService: Using SaveService properties version 4.0
2019-05-07 12:40:48,247 INFO o.a.j.s.SaveService: Loading file: /home/vinaya/current_scenario/system-settings.jmx
2019-05-07 12:40:48,315 INFO o.a.j.p.h.s.HTTPSamplerBase: Parser for text/html is org.apache.jmeter.protocol.http.parser.LagartoBasedHtmlParser
2019-05-07 12:40:48,315 INFO o.a.j.p.h.s.HTTPSamplerBase: Parser for application/xhtml+xml is org.apache.jmeter.protocol.http.parser.LagartoBasedHtmlParser
2019-05-07 12:40:48,315 INFO o.a.j.p.h.s.HTTPSamplerBase: Parser for application/xml is org.apache.jmeter.protocol.http.parser.LagartoBasedHtmlParser
2019-05-07 12:40:48,315 INFO o.a.j.p.h.s.HTTPSamplerBase: Parser for text/xml is org.apache.jmeter.protocol.http.parser.LagartoBasedHtmlParser
2019-05-07 12:40:48,315 INFO o.a.j.p.h.s.HTTPSamplerBase: Parser for text/vnd.wap.wml is org.apache.jmeter.protocol.http.parser.RegexpHTMLParser
2019-05-07 12:40:48,315 INFO o.a.j.p.h.s.HTTPSamplerBase: Parser for text/css is org.apache.jmeter.protocol.http.parser.CssParser
2019-05-07 12:40:48,344 INFO o.a.j.JMeter: Creating summariser <summary>
2019-05-07 12:40:48,348 INFO o.a.j.e.DistributedRunner: Configuring remote engine: 28.0.0.24
2019-05-07 12:40:48,351 INFO o.a.j.r.RmiUtils: Disabling SSL for RMI as server.rmi.ssl.disable is set to 'true'
2019-05-07 12:40:48,437 INFO o.a.j.e.DistributedRunner: Configuring remote engine: 28.0.0.25
2019-05-07 12:40:48,437 INFO o.a.j.r.RmiUtils: Disabling SSL for RMI as server.rmi.ssl.disable is set to 'true'
2019-05-07 12:40:48,448 INFO o.a.j.e.DistributedRunner: Configuring remote engine: 28.0.0.27
2019-05-07 12:40:48,448 INFO o.a.j.r.RmiUtils: Disabling SSL for RMI as server.rmi.ssl.disable is set to 'true'
2019-05-07 12:40:48,461 INFO o.a.j.e.DistributedRunner: Configuring remote engine: 28.0.0.29
2019-05-07 12:40:48,461 INFO o.a.j.r.RmiUtils: Disabling SSL for RMI as server.rmi.ssl.disable is set to 'true'
2019-05-07 12:40:48,470 INFO o.a.j.e.DistributedRunner: Starting remote engines
2019-05-07 12:40:48,472 INFO o.a.j.e.DistributedRunner: Starting the test @ Tue May 07 12:40:48 UTC 2019 (1557232848470)
2019-05-07 12:40:48,472 INFO o.a.j.e.ClientJMeterEngine: running clientengine run method
2019-05-07 12:40:48,475 INFO o.a.j.e.u.CompoundVariable: Note: Function class names must contain the string: '.functions.'
2019-05-07 12:40:48,475 INFO o.a.j.e.u.CompoundVariable: Note: Function class names must not contain the string: '.gui.'
2019-05-07 12:40:48,938 INFO o.a.j.r.RmiUtils: Disabling SSL for RMI as server.rmi.ssl.disable is set to 'true'
2019-05-07 12:40:48,938 INFO o.a.j.r.RmiUtils: Disabling SSL for RMI as server.rmi.ssl.disable is set to 'true'
2019-05-07 12:40:48,941 INFO o.a.j.s.SampleEvent: List of sample_variables: []
2019-05-07 12:40:48,946 INFO o.a.j.s.BatchSampleSender: Using batching (client settings) for this run. Thresholds: num=100, time=60000
2019-05-07 12:40:48,946 INFO o.a.j.s.DataStrippingSampleSender: Using DataStrippingSampleSender for this run
2019-05-07 12:40:48,946 INFO o.a.j.r.RmiUtils: Disabling SSL for RMI as server.rmi.ssl.disable is set to 'true'
2019-05-07 12:40:48,946 INFO o.a.j.r.RmiUtils: Disabling SSL for RMI as server.rmi.ssl.disable is set to 'true'
2019-05-07 12:40:48,947 INFO o.a.j.s.BatchSampleSender: Using batching (client settings) for this run. Thresholds: num=100, time=60000
2019-05-07 12:40:48,947 INFO o.a.j.s.DataStrippingSampleSender: Using DataStrippingSampleSender for this run
2019-05-07 12:40:48,948 INFO o.a.j.r.RmiUtils: Disabling SSL for RMI as server.rmi.ssl.disable is set to 'true'
2019-05-07 12:40:48,948 INFO o.a.j.r.RmiUtils: Disabling SSL for RMI as server.rmi.ssl.disable is set to 'true'
2019-05-07 12:40:49,301 INFO o.a.j.r.RmiUtils: Disabling SSL for RMI as server.rmi.ssl.disable is set to 'true'
2019-05-07 12:40:49,301 INFO o.a.j.r.RmiUtils: Disabling SSL for RMI as server.rmi.ssl.disable is set to 'true'
2019-05-07 12:40:49,370 INFO o.a.j.e.ClientJMeterEngine: sent test to 28.0.0.25 basedir='.'
2019-05-07 12:40:49,370 INFO o.a.j.e.ClientJMeterEngine: Sending properties {}
2019-05-07 12:40:49,374 INFO o.a.j.e.ClientJMeterEngine: sent run command to 28.0.0.25
2019-05-07 12:40:49,374 INFO o.a.j.e.ClientJMeterEngine: running clientengine run method
2019-05-07 12:40:49,375 INFO o.a.j.r.RmiUtils: Disabling SSL for RMI as server.rmi.ssl.disable is set to 'true'
2019-05-07 12:40:49,375 INFO o.a.j.r.RmiUtils: Disabling SSL for RMI as server.rmi.ssl.disable is set to 'true'
2019-05-07 12:40:49,375 INFO o.a.j.s.BatchSampleSender: Using batching (client settings) for this run. Thresholds: num=100, time=60000
2019-05-07 12:40:49,375 INFO o.a.j.s.DataStrippingSampleSender: Using DataStrippingSampleSender for this run
2019-05-07 12:40:49,375 INFO o.a.j.r.RmiUtils: Disabling SSL for RMI as server.rmi.ssl.disable is set to 'true'
2019-05-07 12:40:49,376 INFO o.a.j.r.RmiUtils: Disabling SSL for RMI as server.rmi.ssl.disable is set to 'true'
2019-05-07 12:40:49,376 INFO o.a.j.s.BatchSampleSender: Using batching (client settings) for this run. Thresholds: num=100, time=60000
2019-05-07 12:40:49,376 INFO o.a.j.s.DataStrippingSampleSender: Using DataStrippingSampleSender for this run
2019-05-07 12:40:49,376 INFO o.a.j.r.RmiUtils: Disabling SSL for RMI as server.rmi.ssl.disable is set to 'true'
2019-05-07 12:40:49,376 INFO o.a.j.r.RmiUtils: Disabling SSL for RMI as server.rmi.ssl.disable is set to 'true'
2019-05-07 12:40:49,389 INFO o.a.j.JMeter: Started remote host:  28.0.0.25 (1557232849389)
2019-05-07 12:40:49,392 INFO o.a.j.r.RmiUtils: Disabling SSL for RMI as server.rmi.ssl.disable is set to 'true'
2019-05-07 12:40:49,392 INFO o.a.j.r.RmiUtils: Disabling SSL for RMI as server.rmi.ssl.disable is set to 'true'
2019-05-07 12:40:49,423 INFO o.a.j.e.ClientJMeterEngine: sent test to 28.0.0.24 basedir='.'
2019-05-07 12:40:49,423 INFO o.a.j.e.ClientJMeterEngine: Sending properties {}
2019-05-07 12:40:49,426 INFO o.a.j.e.ClientJMeterEngine: sent run command to 28.0.0.24
2019-05-07 12:40:49,426 INFO o.a.j.e.ClientJMeterEngine: running clientengine run method
2019-05-07 12:40:49,426 INFO o.a.j.r.RmiUtils: Disabling SSL for RMI as server.rmi.ssl.disable is set to 'true'
2019-05-07 12:40:49,426 INFO o.a.j.r.RmiUtils: Disabling SSL for RMI as server.rmi.ssl.disable is set to 'true'
2019-05-07 12:40:49,426 INFO o.a.j.s.BatchSampleSender: Using batching (client settings) for this run. Thresholds: num=100, time=60000
2019-05-07 12:40:49,427 INFO o.a.j.s.DataStrippingSampleSender: Using DataStrippingSampleSender for this run
2019-05-07 12:40:49,427 INFO o.a.j.r.RmiUtils: Disabling SSL for RMI as server.rmi.ssl.disable is set to 'true'
2019-05-07 12:40:49,427 INFO o.a.j.r.RmiUtils: Disabling SSL for RMI as server.rmi.ssl.disable is set to 'true'
2019-05-07 12:40:49,427 INFO o.a.j.s.BatchSampleSender: Using batching (client settings) for this run. Thresholds: num=100, time=60000
2019-05-07 12:40:49,427 INFO o.a.j.s.DataStrippingSampleSender: Using DataStrippingSampleSender for this run
2019-05-07 12:40:49,427 INFO o.a.j.r.RmiUtils: Disabling SSL for RMI as server.rmi.ssl.disable is set to 'true'
2019-05-07 12:40:49,427 INFO o.a.j.r.RmiUtils: Disabling SSL for RMI as server.rmi.ssl.disable is set to 'true'
2019-05-07 12:40:49,438 INFO o.a.j.JMeter: Started remote host:  28.0.0.24 (1557232849438)
2019-05-07 12:40:49,441 INFO o.a.j.r.RmiUtils: Disabling SSL for RMI as server.rmi.ssl.disable is set to 'true'
2019-05-07 12:40:49,441 INFO o.a.j.r.RmiUtils: Disabling SSL for RMI as server.rmi.ssl.disable is set to 'true'
2019-05-07 12:40:49,460 INFO o.a.j.e.ClientJMeterEngine: sent test to 28.0.0.27 basedir='.'
2019-05-07 12:40:49,460 INFO o.a.j.e.ClientJMeterEngine: Sending properties {}
2019-05-07 12:40:49,463 INFO o.a.j.e.ClientJMeterEngine: sent run command to 28.0.0.27
2019-05-07 12:40:49,463 INFO o.a.j.e.ClientJMeterEngine: running clientengine run method
2019-05-07 12:40:49,463 INFO o.a.j.r.RmiUtils: Disabling SSL for RMI as server.rmi.ssl.disable is set to 'true'
2019-05-07 12:40:49,463 INFO o.a.j.r.RmiUtils: Disabling SSL for RMI as server.rmi.ssl.disable is set to 'true'
2019-05-07 12:40:49,463 INFO o.a.j.s.BatchSampleSender: Using batching (client settings) for this run. Thresholds: num=100, time=60000
2019-05-07 12:40:49,463 INFO o.a.j.s.DataStrippingSampleSender: Using DataStrippingSampleSender for this run
2019-05-07 12:40:49,463 INFO o.a.j.r.RmiUtils: Disabling SSL for RMI as server.rmi.ssl.disable is set to 'true'
2019-05-07 12:40:49,463 INFO o.a.j.r.RmiUtils: Disabling SSL for RMI as server.rmi.ssl.disable is set to 'true'
2019-05-07 12:40:49,464 INFO o.a.j.s.BatchSampleSender: Using batching (client settings) for this run. Thresholds: num=100, time=60000
2019-05-07 12:40:49,464 INFO o.a.j.s.DataStrippingSampleSender: Using DataStrippingSampleSender for this run
2019-05-07 12:40:49,464 INFO o.a.j.r.RmiUtils: Disabling SSL for RMI as server.rmi.ssl.disable is set to 'true'
2019-05-07 12:40:49,464 INFO o.a.j.r.RmiUtils: Disabling SSL for RMI as server.rmi.ssl.disable is set to 'true'
2019-05-07 12:40:49,469 INFO o.a.j.JMeter: Started remote host:  28.0.0.27 (1557232849469)
2019-05-07 12:40:49,476 INFO o.a.j.r.RmiUtils: Disabling SSL for RMI as server.rmi.ssl.disable is set to 'true'
2019-05-07 12:40:49,476 INFO o.a.j.r.RmiUtils: Disabling SSL for RMI as server.rmi.ssl.disable is set to 'true'
2019-05-07 12:40:49,499 INFO o.a.j.e.ClientJMeterEngine: sent test to 28.0.0.29 basedir='.'
2019-05-07 12:40:49,499 INFO o.a.j.e.ClientJMeterEngine: Sending properties {}
2019-05-07 12:40:49,503 INFO o.a.j.e.ClientJMeterEngine: sent run command to 28.0.0.29
2019-05-07 12:40:49,503 INFO o.a.j.e.DistributedRunner: Remote engines have been started
2019-05-07 12:40:49,509 INFO o.a.j.JMeter: Started remote host:  28.0.0.29 (1557232849509)
2019-05-07 12:40:49,610 INFO o.a.j.s.SampleResult: Note: Sample TimeStamps are START times
2019-05-07 12:40:49,610 INFO o.a.j.s.SampleResult: sampleresult.default.encoding is set to ISO-8859-1
2019-05-07 12:40:49,610 INFO o.a.j.s.SampleResult: sampleresult.useNanoTime=true
2019-05-07 12:40:49,610 INFO o.a.j.s.SampleResult: sampleresult.nanoThreadSleep=5000
2019-05-07 12:41:00,032 INFO o.a.j.r.Summariser: summary +   3405 in 00:00:11 =  319.9/s Avg:   772 Min:    18 Max:  1839 Err:     0 (0.00%) Active: 400 Started: 400 Finished: 0
2019-05-07 12:41:30,434 INFO o.a.j.r.Summariser: summary +  11300 in 00:00:30 =  371.7/s Avg:  1060 Min:    12 Max:  2879 Err:     0 (0.00%) Active: 400 Started: 400 Finished: 0
2019-05-07 12:41:30,437 INFO o.a.j.r.Summariser: summary =  14705 in 00:00:41 =  358.3/s Avg:   993 Min:    12 Max:  2879 Err:     0 (0.00%)
2019-05-07 12:42:00,045 INFO o.a.j.r.Summariser: summary +  11100 in 00:00:30 =  374.8/s Avg:  1072 Min:    13 Max:  3255 Err:     0 (0.00%) Active: 400 Started: 400 Finished: 0
2019-05-07 12:42:00,046 INFO o.a.j.r.Summariser: summary =  25805 in 00:01:11 =  365.2/s Avg:  1027 Min:    12 Max:  3255 Err:     0 (0.00%)
2019-05-07 12:42:30,294 INFO o.a.j.r.Summariser: summary +  11300 in 00:00:30 =  373.6/s Avg:  1059 Min:    12 Max:  3316 Err:     0 (0.00%) Active: 400 Started: 400 Finished: 0
2019-05-07 12:42:30,294 INFO o.a.j.r.Summariser: summary =  37105 in 00:01:41 =  367.7/s Avg:  1037 Min:    12 Max:  3316 Err:     0 (0.00%)
2019-05-07 12:43:00,072 INFO o.a.j.r.Summariser: summary +  11200 in 00:00:30 =  376.1/s Avg:  1068 Min:    11 Max:  3483 Err:     0 (0.00%) Active: 400 Started: 400 Finished: 0
2019-05-07 12:43:00,072 INFO o.a.j.r.Summariser: summary =  48305 in 00:02:11 =  369.6/s Avg:  1044 Min:    11 Max:  3483 Err:     0 (0.00%)
2019-05-07 12:43:30,052 INFO o.a.j.r.Summariser: summary +  11200 in 00:00:30 =  373.6/s Avg:  1073 Min:    11 Max:  3398 Err:     0 (0.00%) Active: 400 Started: 400 Finished: 0
2019-05-07 12:43:30,053 INFO o.a.j.r.Summariser: summary =  59505 in 00:02:41 =  370.4/s Avg:  1050 Min:    11 Max:  3483 Err:     0 (0.00%)
2019-05-07 12:44:00,064 INFO o.a.j.r.Summariser: summary +  11300 in 00:00:30 =  376.5/s Avg:  1052 Min:    12 Max:  3319 Err:     1 (0.01%) Active: 400 Started: 400 Finished: 0
2019-05-07 12:44:00,066 INFO o.a.j.r.Summariser: summary =  70805 in 00:03:11 =  371.3/s Avg:  1050 Min:    11 Max:  3483 Err:     1 (0.00%)
2019-05-07 12:44:30,373 INFO o.a.j.r.Summariser: summary +  11500 in 00:00:30 =  379.4/s Avg:  1061 Min:    12 Max:  3086 Err:     0 (0.00%) Active: 400 Started: 400 Finished: 0
2019-05-07 12:44:30,373 INFO o.a.j.r.Summariser: summary =  82305 in 00:03:41 =  372.4/s Avg:  1052 Min:    11 Max:  3483 Err:     1 (0.00%)
2019-05-07 12:45:00,251 INFO o.a.j.r.Summariser: summary +  11300 in 00:00:30 =  378.2/s Avg:  1053 Min:    11 Max:  2904 Err:     0 (0.00%) Active: 400 Started: 400 Finished: 0
2019-05-07 12:45:00,251 INFO o.a.j.r.Summariser: summary =  93605 in 00:04:11 =  373.1/s Avg:  1052 Min:    11 Max:  3483 Err:     1 (0.00%)
2019-05-07 12:45:30,792 INFO o.a.j.r.Summariser: summary +  11300 in 00:00:31 =  370.0/s Avg:  1067 Min:    13 Max:  3134 Err:     0 (0.00%) Active: 400 Started: 400 Finished: 0
2019-05-07 12:45:30,793 INFO o.a.j.r.Summariser: summary = 104905 in 00:04:41 =  372.8/s Avg:  1053 Min:    11 Max:  3483 Err:     1 (0.00%)
2019-05-07 12:46:00,009 INFO o.a.j.r.Summariser: summary +  11100 in 00:00:29 =  379.9/s Avg:  1069 Min:    11 Max:  2882 Err:     0 (0.00%) Active: 400 Started: 400 Finished: 0
2019-05-07 12:46:00,009 INFO o.a.j.r.Summariser: summary = 116005 in 00:05:11 =  373.5/s Avg:  1055 Min:    11 Max:  3483 Err:     1 (0.00%)
2019-05-07 12:46:30,050 INFO o.a.j.r.Summariser: summary +  11200 in 00:00:30 =  372.8/s Avg:  1071 Min:    12 Max:  2994 Err:     0 (0.00%) Active: 400 Started: 400 Finished: 0
2019-05-07 12:46:30,050 INFO o.a.j.r.Summariser: summary = 127205 in 00:05:41 =  373.4/s Avg:  1056 Min:    11 Max:  3483 Err:     1 (0.00%)
2019-05-07 12:47:00,300 INFO o.a.j.r.Summariser: summary +  11200 in 00:00:30 =  370.2/s Avg:  1067 Min:    13 Max:  2907 Err:     0 (0.00%) Active: 400 Started: 400 Finished: 0
2019-05-07 12:47:00,300 INFO o.a.j.r.Summariser: summary = 138405 in 00:06:11 =  373.1/s Avg:  1057 Min:    11 Max:  3483 Err:     1 (0.00%)
2019-05-07 12:47:30,089 INFO o.a.j.r.Summariser: summary +  11300 in 00:00:30 =  379.3/s Avg:  1064 Min:    11 Max:  2896 Err:     0 (0.00%) Active: 400 Started: 400 Finished: 0
2019-05-07 12:47:30,089 INFO o.a.j.r.Summariser: summary = 149705 in 00:06:41 =  373.6/s Avg:  1058 Min:    11 Max:  3483 Err:     1 (0.00%)
2019-05-07 12:48:00,220 INFO o.a.j.r.Summariser: summary +  11200 in 00:00:30 =  371.7/s Avg:  1070 Min:    12 Max:  2938 Err:     0 (0.00%) Active: 400 Started: 400 Finished: 0
2019-05-07 12:48:00,221 INFO o.a.j.r.Summariser: summary = 160905 in 00:07:11 =  373.5/s Avg:  1059 Min:    11 Max:  3483 Err:     1 (0.00%)
2019-05-07 12:48:30,260 INFO o.a.j.r.Summariser: summary +  11400 in 00:00:30 =  379.5/s Avg:  1065 Min:    12 Max:  2885 Err:     0 (0.00%) Active: 400 Started: 400 Finished: 0
2019-05-07 12:48:30,260 INFO o.a.j.r.Summariser: summary = 172305 in 00:07:41 =  373.9/s Avg:  1059 Min:    11 Max:  3483 Err:     1 (0.00%)
2019-05-07 12:49:00,157 INFO o.a.j.r.Summariser: summary +  11200 in 00:00:30 =  374.6/s Avg:  1070 Min:    12 Max:  2640 Err:     0 (0.00%) Active: 400 Started: 400 Finished: 0
2019-05-07 12:49:00,157 INFO o.a.j.r.Summariser: summary = 183505 in 00:08:11 =  373.9/s Avg:  1060 Min:    11 Max:  3483 Err:     1 (0.00%)
2019-05-07 12:49:30,763 INFO o.a.j.r.Summariser: summary +  11200 in 00:00:31 =  365.9/s Avg:  1080 Min:    11 Max:  2547 Err:     0 (0.00%) Active: 400 Started: 400 Finished: 0
2019-05-07 12:49:30,764 INFO o.a.j.r.Summariser: summary = 194705 in 00:08:41 =  373.4/s Avg:  1061 Min:    11 Max:  3483 Err:     1 (0.00%)
2019-05-07 12:50:00,127 INFO o.a.j.r.Summariser: summary +  11200 in 00:00:29 =  381.4/s Avg:  1070 Min:    12 Max:  2402 Err:     0 (0.00%) Active: 400 Started: 400 Finished: 0
2019-05-07 12:50:00,127 INFO o.a.j.r.Summariser: summary = 205905 in 00:09:11 =  373.9/s Avg:  1061 Min:    11 Max:  3483 Err:     1 (0.00%)
2019-05-07 12:50:30,011 INFO o.a.j.r.Summariser: summary +  11100 in 00:00:30 =  371.4/s Avg:  1079 Min:    12 Max:  2524 Err:     0 (0.00%) Active: 400 Started: 400 Finished: 0
2019-05-07 12:50:30,012 INFO o.a.j.r.Summariser: summary = 217005 in 00:09:41 =  373.7/s Avg:  1062 Min:    11 Max:  3483 Err:     1 (0.00%)
2019-05-07 12:51:00,319 INFO o.a.j.r.Summariser: summary +  11200 in 00:00:30 =  369.6/s Avg:  1070 Min:    12 Max:  2686 Err:     0 (0.00%) Active: 400 Started: 400 Finished: 0
2019-05-07 12:51:00,319 INFO o.a.j.r.Summariser: summary = 228205 in 00:10:11 =  373.5/s Avg:  1063 Min:    11 Max:  3483 Err:     1 (0.00%)
2019-05-07 12:51:30,171 INFO o.a.j.r.Summariser: summary +  11100 in 00:00:30 =  371.8/s Avg:  1071 Min:    12 Max:  2428 Err:     0 (0.00%) Active: 400 Started: 400 Finished: 0
2019-05-07 12:51:30,171 INFO o.a.j.r.Summariser: summary = 239305 in 00:10:41 =  373.5/s Avg:  1063 Min:    11 Max:  3483 Err:     1 (0.00%)
2019-05-07 12:52:00,019 INFO o.a.j.r.Summariser: summary +  11300 in 00:00:30 =  378.6/s Avg:  1067 Min:    12 Max:  2141 Err:     0 (0.00%) Active: 400 Started: 400 Finished: 0
2019-05-07 12:52:00,019 INFO o.a.j.r.Summariser: summary = 250605 in 00:11:11 =  373.7/s Avg:  1063 Min:    11 Max:  3483 Err:     1 (0.00%)
2019-05-07 12:52:30,273 INFO o.a.j.r.Summariser: summary +  11300 in 00:00:30 =  373.5/s Avg:  1069 Min:    12 Max:  2352 Err:     0 (0.00%) Active: 400 Started: 400 Finished: 0
2019-05-07 12:52:30,274 INFO o.a.j.r.Summariser: summary = 261905 in 00:11:41 =  373.7/s Avg:  1063 Min:    11 Max:  3483 Err:     1 (0.00%)
2019-05-07 12:53:00,013 INFO o.a.j.r.Summariser: summary +  11300 in 00:00:30 =  380.0/s Avg:  1054 Min:    13 Max:  2171 Err:     0 (0.00%) Active: 400 Started: 400 Finished: 0
2019-05-07 12:53:00,013 INFO o.a.j.r.Summariser: summary = 273205 in 00:12:11 =  373.9/s Avg:  1063 Min:    11 Max:  3483 Err:     1 (0.00%)
2019-05-07 12:53:30,116 INFO o.a.j.r.Summariser: summary +  11300 in 00:00:30 =  375.4/s Avg:  1068 Min:    13 Max:  2480 Err:     0 (0.00%) Active: 400 Started: 400 Finished: 0
2019-05-07 12:53:30,116 INFO o.a.j.r.Summariser: summary = 284505 in 00:12:41 =  374.0/s Avg:  1063 Min:    11 Max:  3483 Err:     1 (0.00%)
2019-05-07 12:54:00,028 INFO o.a.j.r.Summariser: summary +  11200 in 00:00:30 =  374.4/s Avg:  1055 Min:    12 Max:  2122 Err:     0 (0.00%) Active: 400 Started: 400 Finished: 0
2019-05-07 12:54:00,028 INFO o.a.j.r.Summariser: summary = 295705 in 00:13:11 =  374.0/s Avg:  1063 Min:    11 Max:  3483 Err:     1 (0.00%)
2019-05-07 12:54:30,162 INFO o.a.j.r.Summariser: summary +  11500 in 00:00:30 =  381.6/s Avg:  1054 Min:    12 Max:  1966 Err:     0 (0.00%) Active: 400 Started: 400 Finished: 0
2019-05-07 12:54:30,162 INFO o.a.j.r.Summariser: summary = 307205 in 00:13:41 =  374.3/s Avg:  1063 Min:    11 Max:  3483 Err:     1 (0.00%)
2019-05-07 12:55:00,245 INFO o.a.j.r.Summariser: summary +  11400 in 00:00:30 =  379.0/s Avg:  1058 Min:    11 Max:  1907 Err:     0 (0.00%) Active: 400 Started: 400 Finished: 0
2019-05-07 12:55:00,245 INFO o.a.j.r.Summariser: summary = 318605 in 00:14:11 =  374.5/s Avg:  1062 Min:    11 Max:  3483 Err:     1 (0.00%)
2019-05-07 12:55:30,316 INFO o.a.j.r.Summariser: summary +  11100 in 00:00:30 =  369.1/s Avg:  1065 Min:    12 Max:  2163 Err:     0 (0.00%) Active: 400 Started: 400 Finished: 0
2019-05-07 12:55:30,316 INFO o.a.j.r.Summariser: summary = 329705 in 00:14:41 =  374.3/s Avg:  1062 Min:    11 Max:  3483 Err:     1 (0.00%)
2019-05-07 12:56:00,063 INFO o.a.j.r.Summariser: summary +  11200 in 00:00:30 =  376.5/s Avg:  1079 Min:    12 Max:  2368 Err:     0 (0.00%) Active: 400 Started: 400 Finished: 0
2019-05-07 12:56:00,063 INFO o.a.j.r.Summariser: summary = 340905 in 00:15:11 =  374.3/s Avg:  1063 Min:    11 Max:  3483 Err:     1 (0.00%)
2019-05-07 12:56:30,215 INFO o.a.j.r.Summariser: summary +  11200 in 00:00:30 =  371.5/s Avg:  1067 Min:    11 Max:  2290 Err:     0 (0.00%) Active: 400 Started: 400 Finished: 0
2019-05-07 12:56:30,215 INFO o.a.j.r.Summariser: summary = 352105 in 00:15:41 =  374.3/s Avg:  1063 Min:    11 Max:  3483 Err:     1 (0.00%)
2019-05-07 12:57:00,077 INFO o.a.j.r.Summariser: summary +  11200 in 00:00:30 =  375.0/s Avg:  1073 Min:    11 Max:  2274 Err:     0 (0.00%) Active: 399 Started: 400 Finished: 1
2019-05-07 12:57:00,078 INFO o.a.j.r.Summariser: summary = 363305 in 00:16:11 =  374.3/s Avg:  1063 Min:    11 Max:  3483 Err:     1 (0.00%)
2019-05-07 12:57:30,009 INFO o.a.j.r.Summariser: summary +  11000 in 00:00:30 =  367.5/s Avg:  1069 Min:    11 Max:  2213 Err:     0 (0.00%) Active: 391 Started: 400 Finished: 9
2019-05-07 12:57:30,009 INFO o.a.j.r.Summariser: summary = 374305 in 00:16:41 =  374.1/s Avg:  1064 Min:    11 Max:  3483 Err:     1 (0.00%)
2019-05-07 12:58:00,522 INFO o.a.j.r.Summariser: summary +  11300 in 00:00:31 =  370.3/s Avg:  1020 Min:    12 Max:  2040 Err:     0 (0.00%) Active: 348 Started: 400 Finished: 52
2019-05-07 12:58:00,523 INFO o.a.j.r.Summariser: summary = 385605 in 00:17:11 =  374.0/s Avg:  1062 Min:    11 Max:  3483 Err:     1 (0.00%)
2019-05-07 12:58:30,040 INFO o.a.j.r.Summariser: summary +  11000 in 00:00:30 =  372.7/s Avg:   784 Min:    10 Max:  1807 Err:     0 (0.00%) Active: 167 Started: 400 Finished: 233
2019-05-07 12:58:30,040 INFO o.a.j.r.Summariser: summary = 396605 in 00:17:41 =  373.9/s Avg:  1055 Min:    10 Max:  3483 Err:     1 (0.00%)
2019-05-07 12:58:38,638 INFO o.a.j.JMeter: Finished remote host: 28.0.0.24 (1557233918638)
2019-05-07 12:58:38,713 INFO o.a.j.JMeter: Finished remote host: 28.0.0.25 (1557233918713)
2019-05-07 12:58:38,959 INFO o.a.j.JMeter: Finished remote host: 28.0.0.27 (1557233918959)
2019-05-07 12:58:38,977 INFO o.a.j.r.Summariser: summary +   3395 in 00:00:09 =  379.8/s Avg:   296 Min:    10 Max:  1402 Err:     0 (0.00%) Active: 0 Started: 400 Finished: 400
2019-05-07 12:58:38,978 INFO o.a.j.r.Summariser: summary = 400000 in 00:17:50 =  374.0/s Avg:  1048 Min:    10 Max:  3483 Err:     1 (0.00%)
2019-05-07 12:58:38,979 INFO o.a.j.JMeter: Finished remote host: 28.0.0.29 (1557233918978)
2019-05-07 12:58:43,980 INFO o.a.j.JMeter: Interrupting RMI Reaper
