Creating summariser <summary>
Created the tree successfully using /home/vinaya/current_scenario/system-settings.jmx
Configuring remote engine: 28.0.0.24
Configuring remote engine: 28.0.0.25
Configuring remote engine: 28.0.0.27
Configuring remote engine: 28.0.0.29
Starting remote engines
Starting the test @ Tue May 07 12:40:48 UTC 2019 (1557232848470)
Remote engines have been started
Waiting for possible Shutdown/StopTestNow/Heapdump message on port 4445
summary +   3405 in 00:00:11 =  319.9/s Avg:   772 Min:    18 Max:  1839 Err:     0 (0.00%) Active: 400 Started: 400 Finished: 0
summary +  11300 in 00:00:30 =  371.7/s Avg:  1060 Min:    12 Max:  2879 Err:     0 (0.00%) Active: 400 Started: 400 Finished: 0
summary =  14705 in 00:00:41 =  358.3/s Avg:   993 Min:    12 Max:  2879 Err:     0 (0.00%)
summary +  11100 in 00:00:30 =  374.8/s Avg:  1072 Min:    13 Max:  3255 Err:     0 (0.00%) Active: 400 Started: 400 Finished: 0
summary =  25805 in 00:01:11 =  365.2/s Avg:  1027 Min:    12 Max:  3255 Err:     0 (0.00%)
summary +  11300 in 00:00:30 =  373.6/s Avg:  1059 Min:    12 Max:  3316 Err:     0 (0.00%) Active: 400 Started: 400 Finished: 0
summary =  37105 in 00:01:41 =  367.7/s Avg:  1037 Min:    12 Max:  3316 Err:     0 (0.00%)
summary +  11200 in 00:00:30 =  376.1/s Avg:  1068 Min:    11 Max:  3483 Err:     0 (0.00%) Active: 400 Started: 400 Finished: 0
summary =  48305 in 00:02:11 =  369.6/s Avg:  1044 Min:    11 Max:  3483 Err:     0 (0.00%)
summary +  11200 in 00:00:30 =  373.6/s Avg:  1073 Min:    11 Max:  3398 Err:     0 (0.00%) Active: 400 Started: 400 Finished: 0
summary =  59505 in 00:02:41 =  370.4/s Avg:  1050 Min:    11 Max:  3483 Err:     0 (0.00%)
summary +  11300 in 00:00:30 =  376.5/s Avg:  1052 Min:    12 Max:  3319 Err:     1 (0.01%) Active: 400 Started: 400 Finished: 0
summary =  70805 in 00:03:11 =  371.3/s Avg:  1050 Min:    11 Max:  3483 Err:     1 (0.00%)
summary +  11500 in 00:00:30 =  379.4/s Avg:  1061 Min:    12 Max:  3086 Err:     0 (0.00%) Active: 400 Started: 400 Finished: 0
summary =  82305 in 00:03:41 =  372.4/s Avg:  1052 Min:    11 Max:  3483 Err:     1 (0.00%)
summary +  11300 in 00:00:30 =  378.2/s Avg:  1053 Min:    11 Max:  2904 Err:     0 (0.00%) Active: 400 Started: 400 Finished: 0
summary =  93605 in 00:04:11 =  373.1/s Avg:  1052 Min:    11 Max:  3483 Err:     1 (0.00%)
summary +  11300 in 00:00:31 =  370.0/s Avg:  1067 Min:    13 Max:  3134 Err:     0 (0.00%) Active: 400 Started: 400 Finished: 0
summary = 104905 in 00:04:41 =  372.8/s Avg:  1053 Min:    11 Max:  3483 Err:     1 (0.00%)
summary +  11100 in 00:00:29 =  379.9/s Avg:  1069 Min:    11 Max:  2882 Err:     0 (0.00%) Active: 400 Started: 400 Finished: 0
summary = 116005 in 00:05:11 =  373.5/s Avg:  1055 Min:    11 Max:  3483 Err:     1 (0.00%)
summary +  11200 in 00:00:30 =  372.8/s Avg:  1071 Min:    12 Max:  2994 Err:     0 (0.00%) Active: 400 Started: 400 Finished: 0
summary = 127205 in 00:05:41 =  373.4/s Avg:  1056 Min:    11 Max:  3483 Err:     1 (0.00%)
summary +  11200 in 00:00:30 =  370.2/s Avg:  1067 Min:    13 Max:  2907 Err:     0 (0.00%) Active: 400 Started: 400 Finished: 0
summary = 138405 in 00:06:11 =  373.1/s Avg:  1057 Min:    11 Max:  3483 Err:     1 (0.00%)
summary +  11300 in 00:00:30 =  379.3/s Avg:  1064 Min:    11 Max:  2896 Err:     0 (0.00%) Active: 400 Started: 400 Finished: 0
summary = 149705 in 00:06:41 =  373.6/s Avg:  1058 Min:    11 Max:  3483 Err:     1 (0.00%)
summary +  11200 in 00:00:30 =  371.7/s Avg:  1070 Min:    12 Max:  2938 Err:     0 (0.00%) Active: 400 Started: 400 Finished: 0
summary = 160905 in 00:07:11 =  373.5/s Avg:  1059 Min:    11 Max:  3483 Err:     1 (0.00%)
summary +  11400 in 00:00:30 =  379.5/s Avg:  1065 Min:    12 Max:  2885 Err:     0 (0.00%) Active: 400 Started: 400 Finished: 0
summary = 172305 in 00:07:41 =  373.9/s Avg:  1059 Min:    11 Max:  3483 Err:     1 (0.00%)
summary +  11200 in 00:00:30 =  374.6/s Avg:  1070 Min:    12 Max:  2640 Err:     0 (0.00%) Active: 400 Started: 400 Finished: 0
summary = 183505 in 00:08:11 =  373.9/s Avg:  1060 Min:    11 Max:  3483 Err:     1 (0.00%)
summary +  11200 in 00:00:31 =  365.9/s Avg:  1080 Min:    11 Max:  2547 Err:     0 (0.00%) Active: 400 Started: 400 Finished: 0
summary = 194705 in 00:08:41 =  373.4/s Avg:  1061 Min:    11 Max:  3483 Err:     1 (0.00%)
summary +  11200 in 00:00:29 =  381.4/s Avg:  1070 Min:    12 Max:  2402 Err:     0 (0.00%) Active: 400 Started: 400 Finished: 0
summary = 205905 in 00:09:11 =  373.9/s Avg:  1061 Min:    11 Max:  3483 Err:     1 (0.00%)
summary +  11100 in 00:00:30 =  371.4/s Avg:  1079 Min:    12 Max:  2524 Err:     0 (0.00%) Active: 400 Started: 400 Finished: 0
summary = 217005 in 00:09:41 =  373.7/s Avg:  1062 Min:    11 Max:  3483 Err:     1 (0.00%)
summary +  11200 in 00:00:30 =  369.6/s Avg:  1070 Min:    12 Max:  2686 Err:     0 (0.00%) Active: 400 Started: 400 Finished: 0
summary = 228205 in 00:10:11 =  373.5/s Avg:  1063 Min:    11 Max:  3483 Err:     1 (0.00%)
summary +  11100 in 00:00:30 =  371.8/s Avg:  1071 Min:    12 Max:  2428 Err:     0 (0.00%) Active: 400 Started: 400 Finished: 0
summary = 239305 in 00:10:41 =  373.5/s Avg:  1063 Min:    11 Max:  3483 Err:     1 (0.00%)
summary +  11300 in 00:00:30 =  378.6/s Avg:  1067 Min:    12 Max:  2141 Err:     0 (0.00%) Active: 400 Started: 400 Finished: 0
summary = 250605 in 00:11:11 =  373.7/s Avg:  1063 Min:    11 Max:  3483 Err:     1 (0.00%)
summary +  11300 in 00:00:30 =  373.5/s Avg:  1069 Min:    12 Max:  2352 Err:     0 (0.00%) Active: 400 Started: 400 Finished: 0
summary = 261905 in 00:11:41 =  373.7/s Avg:  1063 Min:    11 Max:  3483 Err:     1 (0.00%)
summary +  11300 in 00:00:30 =  380.0/s Avg:  1054 Min:    13 Max:  2171 Err:     0 (0.00%) Active: 400 Started: 400 Finished: 0
summary = 273205 in 00:12:11 =  373.9/s Avg:  1063 Min:    11 Max:  3483 Err:     1 (0.00%)
summary +  11300 in 00:00:30 =  375.4/s Avg:  1068 Min:    13 Max:  2480 Err:     0 (0.00%) Active: 400 Started: 400 Finished: 0
summary = 284505 in 00:12:41 =  374.0/s Avg:  1063 Min:    11 Max:  3483 Err:     1 (0.00%)
summary +  11200 in 00:00:30 =  374.4/s Avg:  1055 Min:    12 Max:  2122 Err:     0 (0.00%) Active: 400 Started: 400 Finished: 0
summary = 295705 in 00:13:11 =  374.0/s Avg:  1063 Min:    11 Max:  3483 Err:     1 (0.00%)
summary +  11500 in 00:00:30 =  381.6/s Avg:  1054 Min:    12 Max:  1966 Err:     0 (0.00%) Active: 400 Started: 400 Finished: 0
summary = 307205 in 00:13:41 =  374.3/s Avg:  1063 Min:    11 Max:  3483 Err:     1 (0.00%)
summary +  11400 in 00:00:30 =  379.0/s Avg:  1058 Min:    11 Max:  1907 Err:     0 (0.00%) Active: 400 Started: 400 Finished: 0
summary = 318605 in 00:14:11 =  374.5/s Avg:  1062 Min:    11 Max:  3483 Err:     1 (0.00%)
summary +  11100 in 00:00:30 =  369.1/s Avg:  1065 Min:    12 Max:  2163 Err:     0 (0.00%) Active: 400 Started: 400 Finished: 0
summary = 329705 in 00:14:41 =  374.3/s Avg:  1062 Min:    11 Max:  3483 Err:     1 (0.00%)
summary +  11200 in 00:00:30 =  376.5/s Avg:  1079 Min:    12 Max:  2368 Err:     0 (0.00%) Active: 400 Started: 400 Finished: 0
summary = 340905 in 00:15:11 =  374.3/s Avg:  1063 Min:    11 Max:  3483 Err:     1 (0.00%)
summary +  11200 in 00:00:30 =  371.5/s Avg:  1067 Min:    11 Max:  2290 Err:     0 (0.00%) Active: 400 Started: 400 Finished: 0
summary = 352105 in 00:15:41 =  374.3/s Avg:  1063 Min:    11 Max:  3483 Err:     1 (0.00%)
summary +  11200 in 00:00:30 =  375.0/s Avg:  1073 Min:    11 Max:  2274 Err:     0 (0.00%) Active: 399 Started: 400 Finished: 1
summary = 363305 in 00:16:11 =  374.3/s Avg:  1063 Min:    11 Max:  3483 Err:     1 (0.00%)
summary +  11000 in 00:00:30 =  367.5/s Avg:  1069 Min:    11 Max:  2213 Err:     0 (0.00%) Active: 391 Started: 400 Finished: 9
summary = 374305 in 00:16:41 =  374.1/s Avg:  1064 Min:    11 Max:  3483 Err:     1 (0.00%)
summary +  11300 in 00:00:31 =  370.3/s Avg:  1020 Min:    12 Max:  2040 Err:     0 (0.00%) Active: 348 Started: 400 Finished: 52
summary = 385605 in 00:17:11 =  374.0/s Avg:  1062 Min:    11 Max:  3483 Err:     1 (0.00%)
summary +  11000 in 00:00:30 =  372.7/s Avg:   784 Min:    10 Max:  1807 Err:     0 (0.00%) Active: 167 Started: 400 Finished: 233
summary = 396605 in 00:17:41 =  373.9/s Avg:  1055 Min:    10 Max:  3483 Err:     1 (0.00%)
summary +   3395 in 00:00:09 =  379.8/s Avg:   296 Min:    10 Max:  1402 Err:     0 (0.00%) Active: 0 Started: 400 Finished: 400
summary = 400000 in 00:17:50 =  374.0/s Avg:  1048 Min:    10 Max:  3483 Err:     1 (0.00%)
Tidying up remote @ Tue May 07 12:58:38 UTC 2019 (1557233918979)
... end of run
