Creating summariser <summary>
Created the tree successfully using /home/vinaya/current_scenario/system-settings.jmx
Configuring remote engine: 28.0.0.24
Configuring remote engine: 28.0.0.25
Configuring remote engine: 28.0.0.27
Configuring remote engine: 28.0.0.29
Starting remote engines
Starting the test @ Tue May 07 11:02:03 UTC 2019 (1557226923463)
Remote engines have been started
Waiting for possible Shutdown/StopTestNow/Heapdump message on port 4445
summary +      1 in 00:00:00 =    5.0/s Avg:    17 Min:    17 Max:    17 Err:     0 (0.00%) Active: 2 Started: 2 Finished: 0
summary +   9204 in 00:00:26 =  358.1/s Avg:   242 Min:    10 Max:   890 Err:     0 (0.00%) Active: 100 Started: 100 Finished: 0
summary =   9205 in 00:00:26 =  355.4/s Avg:   242 Min:    10 Max:   890 Err:     0 (0.00%)
summary +  11200 in 00:00:30 =  371.5/s Avg:   267 Min:    11 Max:   941 Err:     0 (0.00%) Active: 100 Started: 100 Finished: 0
summary =  20405 in 00:00:56 =  364.0/s Avg:   256 Min:    10 Max:   941 Err:     0 (0.00%)
summary +  11300 in 00:00:30 =  379.3/s Avg:   267 Min:    10 Max:   865 Err:     0 (0.00%) Active: 100 Started: 100 Finished: 0
summary =  31705 in 00:01:26 =  369.4/s Avg:   260 Min:    10 Max:   941 Err:     0 (0.00%)
summary +  11100 in 00:00:30 =  370.5/s Avg:   268 Min:     9 Max:   906 Err:     0 (0.00%) Active: 100 Started: 100 Finished: 0
summary =  42805 in 00:01:56 =  369.7/s Avg:   262 Min:     9 Max:   941 Err:     0 (0.00%)
summary +  11100 in 00:00:30 =  371.2/s Avg:   265 Min:    10 Max:   931 Err:     0 (0.00%) Active: 100 Started: 100 Finished: 0
summary =  53905 in 00:02:26 =  370.0/s Avg:   263 Min:     9 Max:   941 Err:     0 (0.00%)
summary +  11500 in 00:00:30 =  378.5/s Avg:   262 Min:    11 Max:  1057 Err:     0 (0.00%) Active: 100 Started: 100 Finished: 0
summary =  65405 in 00:02:56 =  371.4/s Avg:   262 Min:     9 Max:  1057 Err:     0 (0.00%)
summary +  11400 in 00:00:30 =  383.6/s Avg:   264 Min:    10 Max:  1057 Err:     0 (0.00%) Active: 100 Started: 100 Finished: 0
summary =  76805 in 00:03:26 =  373.2/s Avg:   263 Min:     9 Max:  1057 Err:     0 (0.00%)
summary +   9800 in 00:00:30 =  327.2/s Avg:   300 Min:    11 Max:  1457 Err:     0 (0.00%) Active: 99 Started: 100 Finished: 1
summary =  86605 in 00:03:56 =  367.4/s Avg:   267 Min:     9 Max:  1457 Err:     0 (0.00%)
summary +  11200 in 00:00:30 =  373.9/s Avg:   250 Min:    11 Max:  1016 Err:     0 (0.00%) Active: 56 Started: 100 Finished: 44
summary =  97805 in 00:04:26 =  368.1/s Avg:   265 Min:     9 Max:  1457 Err:     0 (0.00%)
summary +   2195 in 00:00:06 =  380.3/s Avg:   112 Min:    10 Max:   637 Err:     0 (0.00%) Active: 0 Started: 100 Finished: 100
summary = 100000 in 00:04:31 =  368.3/s Avg:   262 Min:     9 Max:  1457 Err:     0 (0.00%)
Tidying up remote @ Tue May 07 11:06:35 UTC 2019 (1557227195794)
... end of run
