Creating summariser <summary>
Created the tree successfully using /home/rahul-tarento/current_scenario/org-search.jmx
Configuring remote engine: 28.0.0.24
Configuring remote engine: 28.0.0.25
Configuring remote engine: 28.0.0.27
Configuring remote engine: 28.0.0.29
Starting remote engines
Starting the test @ Fri May 10 14:41:43 UTC 2019 (1557499303413)
Remote engines have been started
Waiting for possible Shutdown/StopTestNow/Heapdump message on port 4445
summary +  42505 in 00:00:16 = 2711.6/s Avg:   210 Min:     3 Max:  1769 Err:    19 (0.04%) Active: 600 Started: 600 Finished: 0
summary +  80900 in 00:00:30 = 2697.3/s Avg:   222 Min:     3 Max:  4008 Err:     0 (0.00%) Active: 600 Started: 600 Finished: 0
summary = 123405 in 00:00:46 = 2702.2/s Avg:   217 Min:     3 Max:  4008 Err:    19 (0.02%)
summary +  81200 in 00:00:30 = 2702.9/s Avg:   221 Min:     3 Max:  1334 Err:     0 (0.00%) Active: 600 Started: 600 Finished: 0
summary = 204605 in 00:01:16 = 2702.4/s Avg:   219 Min:     3 Max:  4008 Err:    19 (0.01%)
summary +  80600 in 00:00:30 = 2690.6/s Avg:   222 Min:     3 Max:  1707 Err:     1 (0.00%) Active: 600 Started: 600 Finished: 0
summary = 285205 in 00:01:46 = 2699.1/s Avg:   220 Min:     3 Max:  4008 Err:    20 (0.01%)
summary +  81600 in 00:00:30 = 2719.2/s Avg:   219 Min:     3 Max:  3360 Err:     0 (0.00%) Active: 600 Started: 600 Finished: 0
summary = 366805 in 00:02:16 = 2703.5/s Avg:   220 Min:     3 Max:  4008 Err:    20 (0.01%)
summary +  80800 in 00:00:30 = 2694.2/s Avg:   222 Min:     3 Max:  3394 Err:     0 (0.00%) Active: 600 Started: 600 Finished: 0
summary = 447605 in 00:02:46 = 2701.9/s Avg:   220 Min:     3 Max:  4008 Err:    20 (0.00%)
summary +  80700 in 00:00:30 = 2686.8/s Avg:   223 Min:     3 Max:  3383 Err:     0 (0.00%) Active: 600 Started: 600 Finished: 0
summary = 528305 in 00:03:16 = 2699.5/s Avg:   221 Min:     3 Max:  4008 Err:    20 (0.00%)
summary +  80000 in 00:00:30 = 2669.1/s Avg:   224 Min:     3 Max:  1877 Err:     1 (0.00%) Active: 600 Started: 600 Finished: 0
summary = 608305 in 00:03:46 = 2695.5/s Avg:   221 Min:     3 Max:  4008 Err:    21 (0.00%)
summary +  80500 in 00:00:30 = 2684.3/s Avg:   223 Min:     3 Max:  2090 Err:     1 (0.00%) Active: 600 Started: 600 Finished: 0
summary = 688805 in 00:04:16 = 2694.2/s Avg:   221 Min:     3 Max:  4008 Err:    22 (0.00%)
summary +  81200 in 00:00:30 = 2705.9/s Avg:   221 Min:     3 Max:  3341 Err:     0 (0.00%) Active: 600 Started: 600 Finished: 0
summary = 770005 in 00:04:46 = 2695.4/s Avg:   221 Min:     3 Max:  4008 Err:    22 (0.00%)
summary +  80900 in 00:00:30 = 2697.4/s Avg:   222 Min:     3 Max:  3396 Err:     2 (0.00%) Active: 600 Started: 600 Finished: 0
summary = 850905 in 00:05:16 = 2695.6/s Avg:   221 Min:     3 Max:  4008 Err:    24 (0.00%)
summary +  81000 in 00:00:30 = 2698.4/s Avg:   222 Min:     3 Max:  3359 Err:     1 (0.00%) Active: 600 Started: 600 Finished: 0
summary = 931905 in 00:05:46 = 2695.8/s Avg:   221 Min:     3 Max:  4008 Err:    25 (0.00%)
summary +  81400 in 00:00:30 = 2713.3/s Avg:   221 Min:     3 Max:  3350 Err:     0 (0.00%) Active: 600 Started: 600 Finished: 0
summary = 1013305 in 00:06:16 = 2697.2/s Avg:   221 Min:     3 Max:  4008 Err:    25 (0.00%)
summary +  80900 in 00:00:30 = 2697.6/s Avg:   222 Min:     3 Max:  3279 Err:     1 (0.00%) Active: 600 Started: 600 Finished: 0
summary = 1094205 in 00:06:46 = 2697.3/s Avg:   221 Min:     3 Max:  4008 Err:    26 (0.00%)
summary +  81000 in 00:00:30 = 2700.3/s Avg:   221 Min:     3 Max:  3369 Err:     0 (0.00%) Active: 600 Started: 600 Finished: 0
summary = 1175205 in 00:07:16 = 2697.5/s Avg:   221 Min:     3 Max:  4008 Err:    26 (0.00%)
summary +  80800 in 00:00:30 = 2693.1/s Avg:   222 Min:     3 Max:  2373 Err:     0 (0.00%) Active: 600 Started: 600 Finished: 0
summary = 1256005 in 00:07:46 = 2697.2/s Avg:   221 Min:     3 Max:  4008 Err:    26 (0.00%)
summary +  81000 in 00:00:30 = 2700.7/s Avg:   221 Min:     3 Max:  3467 Err:     1 (0.00%) Active: 599 Started: 600 Finished: 1
summary = 1337005 in 00:08:16 = 2697.4/s Avg:   221 Min:     3 Max:  4008 Err:    27 (0.00%)
summary +  80600 in 00:00:30 = 2684.3/s Avg:   218 Min:     3 Max:  3410 Err:     0 (0.00%) Active: 550 Started: 600 Finished: 50
summary = 1417605 in 00:08:46 = 2696.6/s Avg:   221 Min:     3 Max:  4008 Err:    27 (0.00%)
summary +  77300 in 00:00:30 = 2574.3/s Avg:   149 Min:     3 Max:  3081 Err:     0 (0.00%) Active: 78 Started: 600 Finished: 522
summary = 1494905 in 00:09:16 = 2690.0/s Avg:   217 Min:     3 Max:  4008 Err:    27 (0.00%)
summary +   5095 in 00:00:04 = 1207.3/s Avg:    40 Min:     3 Max:  3091 Err:     0 (0.00%) Active: 0 Started: 600 Finished: 600
summary = 1500000 in 00:09:20 = 2678.9/s Avg:   217 Min:     3 Max:  4008 Err:    27 (0.00%)
Tidying up remote @ Fri May 10 14:51:04 UTC 2019 (1557499864278)
... end of run
