2019-05-11 09:42:09,767 INFO o.a.j.u.JMeterUtils: Setting Locale to en_US
2019-05-11 09:42:09,783 INFO o.a.j.JMeter: Loading user properties from: /mnt/data/benchmark/apache-jmeter-4.0/bin/user.properties
2019-05-11 09:42:09,784 INFO o.a.j.JMeter: Loading system properties from: /mnt/data/benchmark/apache-jmeter-4.0/bin/system.properties
2019-05-11 09:42:09,796 INFO o.a.j.JMeter: Copyright (c) 1998-2018 The Apache Software Foundation
2019-05-11 09:42:09,796 INFO o.a.j.JMeter: Version 4.0 r1823414
2019-05-11 09:42:09,796 INFO o.a.j.JMeter: java.version=1.8.0_191
2019-05-11 09:42:09,797 INFO o.a.j.JMeter: java.vm.name=OpenJDK 64-Bit Server VM
2019-05-11 09:42:09,797 INFO o.a.j.JMeter: os.name=Linux
2019-05-11 09:42:09,797 INFO o.a.j.JMeter: os.arch=amd64
2019-05-11 09:42:09,797 INFO o.a.j.JMeter: os.version=4.15.0-1041-azure
2019-05-11 09:42:09,797 INFO o.a.j.JMeter: file.encoding=UTF-8
2019-05-11 09:42:09,797 INFO o.a.j.JMeter: Max memory     =1860698112
2019-05-11 09:42:09,797 INFO o.a.j.JMeter: Available Processors =2
2019-05-11 09:42:09,804 INFO o.a.j.JMeter: Default Locale=English (United States)
2019-05-11 09:42:09,804 INFO o.a.j.JMeter: JMeter  Locale=English (United States)
2019-05-11 09:42:09,804 INFO o.a.j.JMeter: JMeterHome=/mnt/data/benchmark/apache-jmeter-4.0
2019-05-11 09:42:09,805 INFO o.a.j.JMeter: user.dir  =/home/rahul-tarento/sunbird-perf-tests/sunbird-platform
2019-05-11 09:42:09,807 INFO o.a.j.JMeter: PWD       =/home/rahul-tarento/sunbird-perf-tests/sunbird-platform
2019-05-11 09:42:10,170 INFO o.a.j.JMeter: IP: 28.0.0.23 Name: jmeter-lms-1 FullName: 28.0.0.23
2019-05-11 09:42:10,173 INFO o.a.j.s.FileServer: Default base='/home/rahul-tarento/sunbird-perf-tests/sunbird-platform'
2019-05-11 09:42:10,178 INFO o.a.j.s.FileServer: Set new base='/home/rahul-tarento/current_scenario'
2019-05-11 09:42:10,335 INFO o.a.j.s.SaveService: Testplan (JMX) version: 2.2. Testlog (JTL) version: 2.2
2019-05-11 09:42:10,355 INFO o.a.j.s.SaveService: Using SaveService properties file encoding UTF-8
2019-05-11 09:42:10,360 INFO o.a.j.s.SaveService: Using SaveService properties version 4.0
2019-05-11 09:42:10,367 INFO o.a.j.s.SaveService: Loading file: /home/rahul-tarento/current_scenario/user-read-with-same-access-token.jmx
2019-05-11 09:42:10,431 INFO o.a.j.p.h.s.HTTPSamplerBase: Parser for text/html is org.apache.jmeter.protocol.http.parser.LagartoBasedHtmlParser
2019-05-11 09:42:10,431 INFO o.a.j.p.h.s.HTTPSamplerBase: Parser for application/xhtml+xml is org.apache.jmeter.protocol.http.parser.LagartoBasedHtmlParser
2019-05-11 09:42:10,431 INFO o.a.j.p.h.s.HTTPSamplerBase: Parser for application/xml is org.apache.jmeter.protocol.http.parser.LagartoBasedHtmlParser
2019-05-11 09:42:10,431 INFO o.a.j.p.h.s.HTTPSamplerBase: Parser for text/xml is org.apache.jmeter.protocol.http.parser.LagartoBasedHtmlParser
2019-05-11 09:42:10,431 INFO o.a.j.p.h.s.HTTPSamplerBase: Parser for text/vnd.wap.wml is org.apache.jmeter.protocol.http.parser.RegexpHTMLParser
2019-05-11 09:42:10,431 INFO o.a.j.p.h.s.HTTPSamplerBase: Parser for text/css is org.apache.jmeter.protocol.http.parser.CssParser
2019-05-11 09:42:10,464 INFO o.a.j.JMeter: Creating summariser <summary>
2019-05-11 09:42:10,468 INFO o.a.j.e.DistributedRunner: Configuring remote engine: 28.0.0.24
2019-05-11 09:42:10,469 INFO o.a.j.r.RmiUtils: Disabling SSL for RMI as server.rmi.ssl.disable is set to 'true'
2019-05-11 09:42:10,563 INFO o.a.j.e.DistributedRunner: Configuring remote engine: 28.0.0.25
2019-05-11 09:42:10,563 INFO o.a.j.r.RmiUtils: Disabling SSL for RMI as server.rmi.ssl.disable is set to 'true'
2019-05-11 09:42:10,576 INFO o.a.j.e.DistributedRunner: Configuring remote engine: 28.0.0.27
2019-05-11 09:42:10,576 INFO o.a.j.r.RmiUtils: Disabling SSL for RMI as server.rmi.ssl.disable is set to 'true'
2019-05-11 09:42:10,586 INFO o.a.j.e.DistributedRunner: Configuring remote engine: 28.0.0.29
2019-05-11 09:42:10,586 INFO o.a.j.r.RmiUtils: Disabling SSL for RMI as server.rmi.ssl.disable is set to 'true'
2019-05-11 09:42:10,596 INFO o.a.j.e.DistributedRunner: Starting remote engines
2019-05-11 09:42:10,597 INFO o.a.j.e.DistributedRunner: Starting the test @ Sat May 11 09:42:10 UTC 2019 (1557567730596)
2019-05-11 09:42:10,597 INFO o.a.j.e.ClientJMeterEngine: running clientengine run method
2019-05-11 09:42:10,601 INFO o.a.j.e.u.CompoundVariable: Note: Function class names must contain the string: '.functions.'
2019-05-11 09:42:10,601 INFO o.a.j.e.u.CompoundVariable: Note: Function class names must not contain the string: '.gui.'
2019-05-11 09:42:11,035 INFO o.a.j.r.RmiUtils: Disabling SSL for RMI as server.rmi.ssl.disable is set to 'true'
2019-05-11 09:42:11,035 INFO o.a.j.r.RmiUtils: Disabling SSL for RMI as server.rmi.ssl.disable is set to 'true'
2019-05-11 09:42:11,038 INFO o.a.j.s.SampleEvent: List of sample_variables: []
2019-05-11 09:42:11,043 INFO o.a.j.s.BatchSampleSender: Using batching (client settings) for this run. Thresholds: num=100, time=60000
2019-05-11 09:42:11,044 INFO o.a.j.s.DataStrippingSampleSender: Using DataStrippingSampleSender for this run
2019-05-11 09:42:11,045 INFO o.a.j.r.RmiUtils: Disabling SSL for RMI as server.rmi.ssl.disable is set to 'true'
2019-05-11 09:42:11,045 INFO o.a.j.r.RmiUtils: Disabling SSL for RMI as server.rmi.ssl.disable is set to 'true'
2019-05-11 09:42:11,374 INFO o.a.j.r.RmiUtils: Disabling SSL for RMI as server.rmi.ssl.disable is set to 'true'
2019-05-11 09:42:11,374 INFO o.a.j.r.RmiUtils: Disabling SSL for RMI as server.rmi.ssl.disable is set to 'true'
2019-05-11 09:42:11,375 INFO o.a.j.r.RmiUtils: Disabling SSL for RMI as server.rmi.ssl.disable is set to 'true'
2019-05-11 09:42:11,375 INFO o.a.j.r.RmiUtils: Disabling SSL for RMI as server.rmi.ssl.disable is set to 'true'
2019-05-11 09:42:11,376 INFO o.a.j.s.BatchSampleSender: Using batching (client settings) for this run. Thresholds: num=100, time=60000
2019-05-11 09:42:11,376 INFO o.a.j.s.DataStrippingSampleSender: Using DataStrippingSampleSender for this run
2019-05-11 09:42:11,446 INFO o.a.j.e.ClientJMeterEngine: sent test to 28.0.0.25 basedir='.'
2019-05-11 09:42:11,446 INFO o.a.j.e.ClientJMeterEngine: Sending properties {}
2019-05-11 09:42:11,451 INFO o.a.j.e.ClientJMeterEngine: sent run command to 28.0.0.25
2019-05-11 09:42:11,451 INFO o.a.j.e.ClientJMeterEngine: running clientengine run method
2019-05-11 09:42:11,451 INFO o.a.j.r.RmiUtils: Disabling SSL for RMI as server.rmi.ssl.disable is set to 'true'
2019-05-11 09:42:11,451 INFO o.a.j.r.RmiUtils: Disabling SSL for RMI as server.rmi.ssl.disable is set to 'true'
2019-05-11 09:42:11,452 INFO o.a.j.s.BatchSampleSender: Using batching (client settings) for this run. Thresholds: num=100, time=60000
2019-05-11 09:42:11,452 INFO o.a.j.s.DataStrippingSampleSender: Using DataStrippingSampleSender for this run
2019-05-11 09:42:11,452 INFO o.a.j.r.RmiUtils: Disabling SSL for RMI as server.rmi.ssl.disable is set to 'true'
2019-05-11 09:42:11,452 INFO o.a.j.r.RmiUtils: Disabling SSL for RMI as server.rmi.ssl.disable is set to 'true'
2019-05-11 09:42:11,466 INFO o.a.j.JMeter: Started remote host:  28.0.0.25 (1557567731466)
2019-05-11 09:42:11,469 INFO o.a.j.r.RmiUtils: Disabling SSL for RMI as server.rmi.ssl.disable is set to 'true'
2019-05-11 09:42:11,469 INFO o.a.j.r.RmiUtils: Disabling SSL for RMI as server.rmi.ssl.disable is set to 'true'
2019-05-11 09:42:11,469 INFO o.a.j.r.RmiUtils: Disabling SSL for RMI as server.rmi.ssl.disable is set to 'true'
2019-05-11 09:42:11,471 INFO o.a.j.r.RmiUtils: Disabling SSL for RMI as server.rmi.ssl.disable is set to 'true'
2019-05-11 09:42:11,471 INFO o.a.j.s.BatchSampleSender: Using batching (client settings) for this run. Thresholds: num=100, time=60000
2019-05-11 09:42:11,471 INFO o.a.j.s.DataStrippingSampleSender: Using DataStrippingSampleSender for this run
2019-05-11 09:42:11,505 INFO o.a.j.e.ClientJMeterEngine: sent test to 28.0.0.24 basedir='.'
2019-05-11 09:42:11,506 INFO o.a.j.e.ClientJMeterEngine: Sending properties {}
2019-05-11 09:42:11,508 INFO o.a.j.e.ClientJMeterEngine: sent run command to 28.0.0.24
2019-05-11 09:42:11,508 INFO o.a.j.e.ClientJMeterEngine: running clientengine run method
2019-05-11 09:42:11,509 INFO o.a.j.r.RmiUtils: Disabling SSL for RMI as server.rmi.ssl.disable is set to 'true'
2019-05-11 09:42:11,509 INFO o.a.j.r.RmiUtils: Disabling SSL for RMI as server.rmi.ssl.disable is set to 'true'
2019-05-11 09:42:11,509 INFO o.a.j.s.BatchSampleSender: Using batching (client settings) for this run. Thresholds: num=100, time=60000
2019-05-11 09:42:11,510 INFO o.a.j.s.DataStrippingSampleSender: Using DataStrippingSampleSender for this run
2019-05-11 09:42:11,510 INFO o.a.j.r.RmiUtils: Disabling SSL for RMI as server.rmi.ssl.disable is set to 'true'
2019-05-11 09:42:11,510 INFO o.a.j.r.RmiUtils: Disabling SSL for RMI as server.rmi.ssl.disable is set to 'true'
2019-05-11 09:42:11,510 INFO o.a.j.JMeter: Started remote host:  28.0.0.24 (1557567731510)
2019-05-11 09:42:11,521 INFO o.a.j.r.RmiUtils: Disabling SSL for RMI as server.rmi.ssl.disable is set to 'true'
2019-05-11 09:42:11,521 INFO o.a.j.r.RmiUtils: Disabling SSL for RMI as server.rmi.ssl.disable is set to 'true'
2019-05-11 09:42:11,521 INFO o.a.j.r.RmiUtils: Disabling SSL for RMI as server.rmi.ssl.disable is set to 'true'
2019-05-11 09:42:11,521 INFO o.a.j.r.RmiUtils: Disabling SSL for RMI as server.rmi.ssl.disable is set to 'true'
2019-05-11 09:42:11,521 INFO o.a.j.s.BatchSampleSender: Using batching (client settings) for this run. Thresholds: num=100, time=60000
2019-05-11 09:42:11,521 INFO o.a.j.s.DataStrippingSampleSender: Using DataStrippingSampleSender for this run
2019-05-11 09:42:11,534 INFO o.a.j.e.ClientJMeterEngine: sent test to 28.0.0.27 basedir='.'
2019-05-11 09:42:11,534 INFO o.a.j.e.ClientJMeterEngine: Sending properties {}
2019-05-11 09:42:11,539 INFO o.a.j.e.ClientJMeterEngine: sent run command to 28.0.0.27
2019-05-11 09:42:11,539 INFO o.a.j.e.ClientJMeterEngine: running clientengine run method
2019-05-11 09:42:11,540 INFO o.a.j.r.RmiUtils: Disabling SSL for RMI as server.rmi.ssl.disable is set to 'true'
2019-05-11 09:42:11,540 INFO o.a.j.r.RmiUtils: Disabling SSL for RMI as server.rmi.ssl.disable is set to 'true'
2019-05-11 09:42:11,540 INFO o.a.j.s.BatchSampleSender: Using batching (client settings) for this run. Thresholds: num=100, time=60000
2019-05-11 09:42:11,540 INFO o.a.j.s.DataStrippingSampleSender: Using DataStrippingSampleSender for this run
2019-05-11 09:42:11,540 INFO o.a.j.r.RmiUtils: Disabling SSL for RMI as server.rmi.ssl.disable is set to 'true'
2019-05-11 09:42:11,540 INFO o.a.j.r.RmiUtils: Disabling SSL for RMI as server.rmi.ssl.disable is set to 'true'
2019-05-11 09:42:11,544 INFO o.a.j.JMeter: Started remote host:  28.0.0.27 (1557567731544)
2019-05-11 09:42:11,548 INFO o.a.j.s.SampleResult: Note: Sample TimeStamps are START times
2019-05-11 09:42:11,549 INFO o.a.j.s.SampleResult: sampleresult.default.encoding is set to ISO-8859-1
2019-05-11 09:42:11,549 INFO o.a.j.s.SampleResult: sampleresult.useNanoTime=true
2019-05-11 09:42:11,549 INFO o.a.j.s.SampleResult: sampleresult.nanoThreadSleep=5000
2019-05-11 09:42:11,558 INFO o.a.j.r.RmiUtils: Disabling SSL for RMI as server.rmi.ssl.disable is set to 'true'
2019-05-11 09:42:11,558 INFO o.a.j.r.RmiUtils: Disabling SSL for RMI as server.rmi.ssl.disable is set to 'true'
2019-05-11 09:42:11,558 INFO o.a.j.r.RmiUtils: Disabling SSL for RMI as server.rmi.ssl.disable is set to 'true'
2019-05-11 09:42:11,558 INFO o.a.j.r.RmiUtils: Disabling SSL for RMI as server.rmi.ssl.disable is set to 'true'
2019-05-11 09:42:11,558 INFO o.a.j.s.BatchSampleSender: Using batching (client settings) for this run. Thresholds: num=100, time=60000
2019-05-11 09:42:11,558 INFO o.a.j.s.DataStrippingSampleSender: Using DataStrippingSampleSender for this run
2019-05-11 09:42:11,583 INFO o.a.j.e.ClientJMeterEngine: sent test to 28.0.0.29 basedir='.'
2019-05-11 09:42:11,583 INFO o.a.j.e.ClientJMeterEngine: Sending properties {}
2019-05-11 09:42:11,584 INFO o.a.j.e.ClientJMeterEngine: sent run command to 28.0.0.29
2019-05-11 09:42:11,584 INFO o.a.j.e.DistributedRunner: Remote engines have been started
2019-05-11 09:42:11,587 INFO o.a.j.JMeter: Started remote host:  28.0.0.29 (1557567731587)
2019-05-11 09:42:30,027 INFO o.a.j.r.Summariser: summary +  31105 in 00:00:19 = 1675.9/s Avg:   200 Min:     5 Max:  1013 Err:     0 (0.00%) Active: 400 Started: 399 Finished: 0
2019-05-11 09:43:00,011 INFO o.a.j.r.Summariser: summary +  52000 in 00:00:30 = 1734.2/s Avg:   230 Min:     5 Max:  1438 Err:     0 (0.00%) Active: 400 Started: 399 Finished: 0
2019-05-11 09:43:00,012 INFO o.a.j.r.Summariser: summary =  83105 in 00:00:49 = 1711.9/s Avg:   219 Min:     5 Max:  1438 Err:     0 (0.00%)
2019-05-11 09:43:30,147 INFO o.a.j.r.Summariser: summary +  52200 in 00:00:30 = 1732.1/s Avg:   230 Min:     5 Max:   877 Err:     0 (0.00%) Active: 400 Started: 399 Finished: 0
2019-05-11 09:43:30,148 INFO o.a.j.r.Summariser: summary = 135305 in 00:01:19 = 1719.6/s Avg:   223 Min:     5 Max:  1438 Err:     0 (0.00%)
2019-05-11 09:44:00,054 INFO o.a.j.r.Summariser: summary +  52100 in 00:00:30 = 1742.1/s Avg:   228 Min:     5 Max:  1280 Err:     0 (0.00%) Active: 400 Started: 399 Finished: 0
2019-05-11 09:44:00,054 INFO o.a.j.r.Summariser: summary = 187405 in 00:01:49 = 1725.8/s Avg:   225 Min:     5 Max:  1438 Err:     0 (0.00%)
2019-05-11 09:44:30,011 INFO o.a.j.r.Summariser: summary +  53500 in 00:00:30 = 1785.8/s Avg:   224 Min:     5 Max:  1273 Err:     0 (0.00%) Active: 400 Started: 399 Finished: 0
2019-05-11 09:44:30,012 INFO o.a.j.r.Summariser: summary = 240905 in 00:02:19 = 1738.8/s Avg:   225 Min:     5 Max:  1438 Err:     0 (0.00%)
2019-05-11 09:45:00,007 INFO o.a.j.r.Summariser: summary +  51500 in 00:00:30 = 1717.0/s Avg:   232 Min:     5 Max:  1617 Err:     0 (0.00%) Active: 400 Started: 399 Finished: 0
2019-05-11 09:45:00,007 INFO o.a.j.r.Summariser: summary = 292405 in 00:02:49 = 1734.9/s Avg:   226 Min:     5 Max:  1617 Err:     0 (0.00%)
2019-05-11 09:45:30,089 INFO o.a.j.r.Summariser: summary +  52600 in 00:00:30 = 1748.6/s Avg:   228 Min:     4 Max:   999 Err:     1 (0.00%) Active: 400 Started: 399 Finished: 0
2019-05-11 09:45:30,090 INFO o.a.j.r.Summariser: summary = 345005 in 00:03:19 = 1737.0/s Avg:   226 Min:     4 Max:  1617 Err:     1 (0.00%)
2019-05-11 09:46:00,030 INFO o.a.j.r.Summariser: summary +  52400 in 00:00:30 = 1750.1/s Avg:   228 Min:     5 Max:   895 Err:     0 (0.00%) Active: 400 Started: 399 Finished: 0
2019-05-11 09:46:00,030 INFO o.a.j.r.Summariser: summary = 397405 in 00:03:49 = 1738.7/s Avg:   226 Min:     4 Max:  1617 Err:     1 (0.00%)
2019-05-11 09:46:30,036 INFO o.a.j.r.Summariser: summary +  52900 in 00:00:30 = 1763.0/s Avg:   226 Min:     5 Max:   976 Err:     1 (0.00%) Active: 400 Started: 399 Finished: 0
2019-05-11 09:46:30,037 INFO o.a.j.r.Summariser: summary = 450305 in 00:04:19 = 1741.5/s Avg:   226 Min:     4 Max:  1617 Err:     2 (0.00%)
2019-05-11 09:47:00,024 INFO o.a.j.r.Summariser: summary +  52600 in 00:00:30 = 1754.0/s Avg:   227 Min:     4 Max:  1218 Err:     1 (0.00%) Active: 400 Started: 399 Finished: 0
2019-05-11 09:47:00,024 INFO o.a.j.r.Summariser: summary = 502905 in 00:04:49 = 1742.8/s Avg:   226 Min:     4 Max:  1617 Err:     3 (0.00%)
2019-05-11 09:47:30,025 INFO o.a.j.r.Summariser: summary +  52500 in 00:00:30 = 1750.0/s Avg:   228 Min:     4 Max:  1158 Err:     0 (0.00%) Active: 400 Started: 399 Finished: 0
2019-05-11 09:47:30,026 INFO o.a.j.r.Summariser: summary = 555405 in 00:05:19 = 1743.5/s Avg:   227 Min:     4 Max:  1617 Err:     3 (0.00%)
2019-05-11 09:48:00,076 INFO o.a.j.r.Summariser: summary +  53400 in 00:00:30 = 1777.0/s Avg:   224 Min:     5 Max:   936 Err:     0 (0.00%) Active: 400 Started: 399 Finished: 0
2019-05-11 09:48:00,076 INFO o.a.j.r.Summariser: summary = 608805 in 00:05:49 = 1746.4/s Avg:   226 Min:     4 Max:  1617 Err:     3 (0.00%)
2019-05-11 09:48:30,048 INFO o.a.j.r.Summariser: summary +  52800 in 00:00:30 = 1761.6/s Avg:   227 Min:     5 Max:  1355 Err:     0 (0.00%) Active: 400 Started: 399 Finished: 0
2019-05-11 09:48:30,049 INFO o.a.j.r.Summariser: summary = 661605 in 00:06:19 = 1747.6/s Avg:   226 Min:     4 Max:  1617 Err:     3 (0.00%)
2019-05-11 09:49:00,050 INFO o.a.j.r.Summariser: summary +  53100 in 00:00:30 = 1770.1/s Avg:   225 Min:     5 Max:  1121 Err:     0 (0.00%) Active: 400 Started: 399 Finished: 0
2019-05-11 09:49:00,053 INFO o.a.j.r.Summariser: summary = 714705 in 00:06:49 = 1749.2/s Avg:   226 Min:     4 Max:  1617 Err:     3 (0.00%)
2019-05-11 09:49:30,006 INFO o.a.j.r.Summariser: summary +  54200 in 00:00:30 = 1809.1/s Avg:   221 Min:     5 Max:  1024 Err:     0 (0.00%) Active: 400 Started: 399 Finished: 0
2019-05-11 09:49:30,007 INFO o.a.j.r.Summariser: summary = 768905 in 00:07:19 = 1753.3/s Avg:   226 Min:     4 Max:  1617 Err:     3 (0.00%)
2019-05-11 09:50:00,024 INFO o.a.j.r.Summariser: summary +  54200 in 00:00:30 = 1805.6/s Avg:   221 Min:     5 Max:   660 Err:     0 (0.00%) Active: 400 Started: 399 Finished: 0
2019-05-11 09:50:00,025 INFO o.a.j.r.Summariser: summary = 823105 in 00:07:49 = 1756.7/s Avg:   226 Min:     4 Max:  1617 Err:     3 (0.00%)
2019-05-11 09:50:30,003 INFO o.a.j.r.Summariser: summary +  54100 in 00:00:30 = 1804.7/s Avg:   221 Min:     5 Max:  1201 Err:     0 (0.00%) Active: 400 Started: 399 Finished: 0
2019-05-11 09:50:30,003 INFO o.a.j.r.Summariser: summary = 877205 in 00:08:19 = 1759.6/s Avg:   225 Min:     4 Max:  1617 Err:     3 (0.00%)
2019-05-11 09:51:00,088 INFO o.a.j.r.Summariser: summary +  53600 in 00:00:30 = 1781.6/s Avg:   224 Min:     4 Max:  1198 Err:     2 (0.00%) Active: 400 Started: 399 Finished: 0
2019-05-11 09:51:00,089 INFO o.a.j.r.Summariser: summary = 930805 in 00:08:49 = 1760.8/s Avg:   225 Min:     4 Max:  1617 Err:     5 (0.00%)
2019-05-11 09:51:30,061 INFO o.a.j.r.Summariser: summary +  54900 in 00:00:30 = 1831.6/s Avg:   213 Min:     4 Max:   912 Err:     0 (0.00%) Active: 346 Started: 399 Finished: 54
2019-05-11 09:51:30,062 INFO o.a.j.r.Summariser: summary = 985705 in 00:09:19 = 1764.6/s Avg:   224 Min:     4 Max:  1617 Err:     5 (0.00%)
2019-05-11 09:51:37,914 INFO o.a.j.JMeter: Finished remote host: 28.0.0.29 (1557568297914)
2019-05-11 09:51:37,951 INFO o.a.j.JMeter: Finished remote host: 28.0.0.24 (1557568297951)
2019-05-11 09:51:37,954 INFO o.a.j.JMeter: Finished remote host: 28.0.0.27 (1557568297954)
2019-05-11 09:51:38,005 INFO o.a.j.r.Summariser: summary +  14295 in 00:00:08 = 1799.5/s Avg:   139 Min:     4 Max:  1169 Err:     0 (0.00%) Active: 0 Started: 399 Finished: 400
2019-05-11 09:51:38,005 INFO o.a.j.r.Summariser: summary = 1000000 in 00:09:27 = 1765.1/s Avg:   223 Min:     4 Max:  1617 Err:     5 (0.00%)
2019-05-11 09:51:38,006 INFO o.a.j.JMeter: Finished remote host: 28.0.0.25 (1557568298006)
2019-05-11 09:51:43,009 INFO o.a.j.JMeter: Interrupting RMI Reaper
