2019-05-07 15:45:56,704 INFO o.a.j.u.JMeterUtils: Setting Locale to en_US
2019-05-07 15:45:56,718 INFO o.a.j.JMeter: Loading user properties from: /mnt/data/benchmark/apache-jmeter-4.0/bin/user.properties
2019-05-07 15:45:56,720 INFO o.a.j.JMeter: Loading system properties from: /mnt/data/benchmark/apache-jmeter-4.0/bin/system.properties
2019-05-07 15:45:56,726 INFO o.a.j.JMeter: Copyright (c) 1998-2018 The Apache Software Foundation
2019-05-07 15:45:56,726 INFO o.a.j.JMeter: Version 4.0 r1823414
2019-05-07 15:45:56,726 INFO o.a.j.JMeter: java.version=1.8.0_191
2019-05-07 15:45:56,727 INFO o.a.j.JMeter: java.vm.name=OpenJDK 64-Bit Server VM
2019-05-07 15:45:56,727 INFO o.a.j.JMeter: os.name=Linux
2019-05-07 15:45:56,727 INFO o.a.j.JMeter: os.arch=amd64
2019-05-07 15:45:56,727 INFO o.a.j.JMeter: os.version=4.15.0-1041-azure
2019-05-07 15:45:56,727 INFO o.a.j.JMeter: file.encoding=UTF-8
2019-05-07 15:45:56,727 INFO o.a.j.JMeter: Max memory     =1860698112
2019-05-07 15:45:56,727 INFO o.a.j.JMeter: Available Processors =2
2019-05-07 15:45:56,732 INFO o.a.j.JMeter: Default Locale=English (United States)
2019-05-07 15:45:56,733 INFO o.a.j.JMeter: JMeter  Locale=English (United States)
2019-05-07 15:45:56,733 INFO o.a.j.JMeter: JMeterHome=/mnt/data/benchmark/apache-jmeter-4.0
2019-05-07 15:45:56,733 INFO o.a.j.JMeter: user.dir  =/home/vinaya/sunbird-perf-tests/sunbird-platform
2019-05-07 15:45:56,733 INFO o.a.j.JMeter: PWD       =/home/vinaya/sunbird-perf-tests/sunbird-platform
2019-05-07 15:45:56,737 INFO o.a.j.JMeter: IP: 28.0.0.23 Name: jmeter-lms-1 FullName: 28.0.0.23
2019-05-07 15:45:56,744 INFO o.a.j.s.FileServer: Default base='/home/vinaya/sunbird-perf-tests/sunbird-platform'
2019-05-07 15:45:56,749 INFO o.a.j.s.FileServer: Set new base='/home/vinaya/current_scenario'
2019-05-07 15:45:56,911 INFO o.a.j.s.SaveService: Testplan (JMX) version: 2.2. Testlog (JTL) version: 2.2
2019-05-07 15:45:56,928 INFO o.a.j.s.SaveService: Using SaveService properties file encoding UTF-8
2019-05-07 15:45:56,934 INFO o.a.j.s.SaveService: Using SaveService properties version 4.0
2019-05-07 15:45:56,942 INFO o.a.j.s.SaveService: Loading file: /home/vinaya/current_scenario/system-settings.jmx
2019-05-07 15:45:57,024 INFO o.a.j.p.h.s.HTTPSamplerBase: Parser for text/html is org.apache.jmeter.protocol.http.parser.LagartoBasedHtmlParser
2019-05-07 15:45:57,024 INFO o.a.j.p.h.s.HTTPSamplerBase: Parser for application/xhtml+xml is org.apache.jmeter.protocol.http.parser.LagartoBasedHtmlParser
2019-05-07 15:45:57,024 INFO o.a.j.p.h.s.HTTPSamplerBase: Parser for application/xml is org.apache.jmeter.protocol.http.parser.LagartoBasedHtmlParser
2019-05-07 15:45:57,024 INFO o.a.j.p.h.s.HTTPSamplerBase: Parser for text/xml is org.apache.jmeter.protocol.http.parser.LagartoBasedHtmlParser
2019-05-07 15:45:57,024 INFO o.a.j.p.h.s.HTTPSamplerBase: Parser for text/vnd.wap.wml is org.apache.jmeter.protocol.http.parser.RegexpHTMLParser
2019-05-07 15:45:57,024 INFO o.a.j.p.h.s.HTTPSamplerBase: Parser for text/css is org.apache.jmeter.protocol.http.parser.CssParser
2019-05-07 15:45:57,054 INFO o.a.j.JMeter: Creating summariser <summary>
2019-05-07 15:45:57,057 INFO o.a.j.e.DistributedRunner: Configuring remote engine: 28.0.0.24
2019-05-07 15:45:57,059 INFO o.a.j.r.RmiUtils: Disabling SSL for RMI as server.rmi.ssl.disable is set to 'true'
2019-05-07 15:45:57,146 INFO o.a.j.e.DistributedRunner: Configuring remote engine: 28.0.0.25
2019-05-07 15:45:57,146 INFO o.a.j.r.RmiUtils: Disabling SSL for RMI as server.rmi.ssl.disable is set to 'true'
2019-05-07 15:45:57,159 INFO o.a.j.e.DistributedRunner: Configuring remote engine: 28.0.0.27
2019-05-07 15:45:57,159 INFO o.a.j.r.RmiUtils: Disabling SSL for RMI as server.rmi.ssl.disable is set to 'true'
2019-05-07 15:45:57,169 INFO o.a.j.e.DistributedRunner: Configuring remote engine: 28.0.0.29
2019-05-07 15:45:57,169 INFO o.a.j.r.RmiUtils: Disabling SSL for RMI as server.rmi.ssl.disable is set to 'true'
2019-05-07 15:45:57,178 INFO o.a.j.e.DistributedRunner: Starting remote engines
2019-05-07 15:45:57,180 INFO o.a.j.e.DistributedRunner: Starting the test @ Tue May 07 15:45:57 UTC 2019 (1557243957178)
2019-05-07 15:45:57,180 INFO o.a.j.e.ClientJMeterEngine: running clientengine run method
2019-05-07 15:45:57,183 INFO o.a.j.e.u.CompoundVariable: Note: Function class names must contain the string: '.functions.'
2019-05-07 15:45:57,183 INFO o.a.j.e.u.CompoundVariable: Note: Function class names must not contain the string: '.gui.'
2019-05-07 15:45:57,579 INFO o.a.j.r.RmiUtils: Disabling SSL for RMI as server.rmi.ssl.disable is set to 'true'
2019-05-07 15:45:57,580 INFO o.a.j.r.RmiUtils: Disabling SSL for RMI as server.rmi.ssl.disable is set to 'true'
2019-05-07 15:45:57,582 INFO o.a.j.s.SampleEvent: List of sample_variables: []
2019-05-07 15:45:57,590 INFO o.a.j.s.BatchSampleSender: Using batching (client settings) for this run. Thresholds: num=100, time=60000
2019-05-07 15:45:57,590 INFO o.a.j.s.DataStrippingSampleSender: Using DataStrippingSampleSender for this run
2019-05-07 15:45:57,590 INFO o.a.j.r.RmiUtils: Disabling SSL for RMI as server.rmi.ssl.disable is set to 'true'
2019-05-07 15:45:57,590 INFO o.a.j.r.RmiUtils: Disabling SSL for RMI as server.rmi.ssl.disable is set to 'true'
2019-05-07 15:45:57,590 INFO o.a.j.s.BatchSampleSender: Using batching (client settings) for this run. Thresholds: num=100, time=60000
2019-05-07 15:45:57,591 INFO o.a.j.s.DataStrippingSampleSender: Using DataStrippingSampleSender for this run
2019-05-07 15:45:57,592 INFO o.a.j.r.RmiUtils: Disabling SSL for RMI as server.rmi.ssl.disable is set to 'true'
2019-05-07 15:45:57,592 INFO o.a.j.r.RmiUtils: Disabling SSL for RMI as server.rmi.ssl.disable is set to 'true'
2019-05-07 15:45:57,938 INFO o.a.j.r.RmiUtils: Disabling SSL for RMI as server.rmi.ssl.disable is set to 'true'
2019-05-07 15:45:57,938 INFO o.a.j.r.RmiUtils: Disabling SSL for RMI as server.rmi.ssl.disable is set to 'true'
2019-05-07 15:45:58,022 INFO o.a.j.e.ClientJMeterEngine: sent test to 28.0.0.25 basedir='.'
2019-05-07 15:45:58,022 INFO o.a.j.e.ClientJMeterEngine: Sending properties {}
2019-05-07 15:45:58,026 INFO o.a.j.e.ClientJMeterEngine: sent run command to 28.0.0.25
2019-05-07 15:45:58,026 INFO o.a.j.e.ClientJMeterEngine: running clientengine run method
2019-05-07 15:45:58,027 INFO o.a.j.r.RmiUtils: Disabling SSL for RMI as server.rmi.ssl.disable is set to 'true'
2019-05-07 15:45:58,027 INFO o.a.j.r.RmiUtils: Disabling SSL for RMI as server.rmi.ssl.disable is set to 'true'
2019-05-07 15:45:58,027 INFO o.a.j.s.BatchSampleSender: Using batching (client settings) for this run. Thresholds: num=100, time=60000
2019-05-07 15:45:58,027 INFO o.a.j.s.DataStrippingSampleSender: Using DataStrippingSampleSender for this run
2019-05-07 15:45:58,027 INFO o.a.j.r.RmiUtils: Disabling SSL for RMI as server.rmi.ssl.disable is set to 'true'
2019-05-07 15:45:58,027 INFO o.a.j.r.RmiUtils: Disabling SSL for RMI as server.rmi.ssl.disable is set to 'true'
2019-05-07 15:45:58,028 INFO o.a.j.s.BatchSampleSender: Using batching (client settings) for this run. Thresholds: num=100, time=60000
2019-05-07 15:45:58,028 INFO o.a.j.s.DataStrippingSampleSender: Using DataStrippingSampleSender for this run
2019-05-07 15:45:58,028 INFO o.a.j.r.RmiUtils: Disabling SSL for RMI as server.rmi.ssl.disable is set to 'true'
2019-05-07 15:45:58,028 INFO o.a.j.r.RmiUtils: Disabling SSL for RMI as server.rmi.ssl.disable is set to 'true'
2019-05-07 15:45:58,038 INFO o.a.j.JMeter: Started remote host:  28.0.0.25 (1557243958038)
2019-05-07 15:45:58,048 INFO o.a.j.r.RmiUtils: Disabling SSL for RMI as server.rmi.ssl.disable is set to 'true'
2019-05-07 15:45:58,048 INFO o.a.j.r.RmiUtils: Disabling SSL for RMI as server.rmi.ssl.disable is set to 'true'
2019-05-07 15:45:58,071 INFO o.a.j.e.ClientJMeterEngine: sent test to 28.0.0.24 basedir='.'
2019-05-07 15:45:58,071 INFO o.a.j.e.ClientJMeterEngine: Sending properties {}
2019-05-07 15:45:58,073 INFO o.a.j.e.ClientJMeterEngine: sent run command to 28.0.0.24
2019-05-07 15:45:58,073 INFO o.a.j.e.ClientJMeterEngine: running clientengine run method
2019-05-07 15:45:58,073 INFO o.a.j.r.RmiUtils: Disabling SSL for RMI as server.rmi.ssl.disable is set to 'true'
2019-05-07 15:45:58,073 INFO o.a.j.r.RmiUtils: Disabling SSL for RMI as server.rmi.ssl.disable is set to 'true'
2019-05-07 15:45:58,074 INFO o.a.j.s.BatchSampleSender: Using batching (client settings) for this run. Thresholds: num=100, time=60000
2019-05-07 15:45:58,074 INFO o.a.j.s.DataStrippingSampleSender: Using DataStrippingSampleSender for this run
2019-05-07 15:45:58,074 INFO o.a.j.r.RmiUtils: Disabling SSL for RMI as server.rmi.ssl.disable is set to 'true'
2019-05-07 15:45:58,074 INFO o.a.j.r.RmiUtils: Disabling SSL for RMI as server.rmi.ssl.disable is set to 'true'
2019-05-07 15:45:58,074 INFO o.a.j.s.BatchSampleSender: Using batching (client settings) for this run. Thresholds: num=100, time=60000
2019-05-07 15:45:58,074 INFO o.a.j.s.DataStrippingSampleSender: Using DataStrippingSampleSender for this run
2019-05-07 15:45:58,074 INFO o.a.j.r.RmiUtils: Disabling SSL for RMI as server.rmi.ssl.disable is set to 'true'
2019-05-07 15:45:58,074 INFO o.a.j.r.RmiUtils: Disabling SSL for RMI as server.rmi.ssl.disable is set to 'true'
2019-05-07 15:45:58,083 INFO o.a.j.r.RmiUtils: Disabling SSL for RMI as server.rmi.ssl.disable is set to 'true'
2019-05-07 15:45:58,083 INFO o.a.j.r.RmiUtils: Disabling SSL for RMI as server.rmi.ssl.disable is set to 'true'
2019-05-07 15:45:58,084 INFO o.a.j.JMeter: Started remote host:  28.0.0.24 (1557243958084)
2019-05-07 15:45:58,098 INFO o.a.j.e.ClientJMeterEngine: sent test to 28.0.0.27 basedir='.'
2019-05-07 15:45:58,098 INFO o.a.j.e.ClientJMeterEngine: Sending properties {}
2019-05-07 15:45:58,100 INFO o.a.j.e.ClientJMeterEngine: sent run command to 28.0.0.27
2019-05-07 15:45:58,100 INFO o.a.j.e.ClientJMeterEngine: running clientengine run method
2019-05-07 15:45:58,100 INFO o.a.j.r.RmiUtils: Disabling SSL for RMI as server.rmi.ssl.disable is set to 'true'
2019-05-07 15:45:58,100 INFO o.a.j.r.RmiUtils: Disabling SSL for RMI as server.rmi.ssl.disable is set to 'true'
2019-05-07 15:45:58,101 INFO o.a.j.s.BatchSampleSender: Using batching (client settings) for this run. Thresholds: num=100, time=60000
2019-05-07 15:45:58,101 INFO o.a.j.s.DataStrippingSampleSender: Using DataStrippingSampleSender for this run
2019-05-07 15:45:58,101 INFO o.a.j.r.RmiUtils: Disabling SSL for RMI as server.rmi.ssl.disable is set to 'true'
2019-05-07 15:45:58,101 INFO o.a.j.r.RmiUtils: Disabling SSL for RMI as server.rmi.ssl.disable is set to 'true'
2019-05-07 15:45:58,101 INFO o.a.j.s.BatchSampleSender: Using batching (client settings) for this run. Thresholds: num=100, time=60000
2019-05-07 15:45:58,101 INFO o.a.j.s.DataStrippingSampleSender: Using DataStrippingSampleSender for this run
2019-05-07 15:45:58,101 INFO o.a.j.r.RmiUtils: Disabling SSL for RMI as server.rmi.ssl.disable is set to 'true'
2019-05-07 15:45:58,101 INFO o.a.j.r.RmiUtils: Disabling SSL for RMI as server.rmi.ssl.disable is set to 'true'
2019-05-07 15:45:58,110 INFO o.a.j.r.RmiUtils: Disabling SSL for RMI as server.rmi.ssl.disable is set to 'true'
2019-05-07 15:45:58,110 INFO o.a.j.r.RmiUtils: Disabling SSL for RMI as server.rmi.ssl.disable is set to 'true'
2019-05-07 15:45:58,111 INFO o.a.j.JMeter: Started remote host:  28.0.0.27 (1557243958111)
2019-05-07 15:45:58,136 INFO o.a.j.e.ClientJMeterEngine: sent test to 28.0.0.29 basedir='.'
2019-05-07 15:45:58,136 INFO o.a.j.e.ClientJMeterEngine: Sending properties {}
2019-05-07 15:45:58,138 INFO o.a.j.e.ClientJMeterEngine: sent run command to 28.0.0.29
2019-05-07 15:45:58,138 INFO o.a.j.e.DistributedRunner: Remote engines have been started
2019-05-07 15:45:58,143 INFO o.a.j.JMeter: Started remote host:  28.0.0.29 (1557243958143)
2019-05-07 15:45:58,200 INFO o.a.j.s.SampleResult: Note: Sample TimeStamps are START times
2019-05-07 15:45:58,200 INFO o.a.j.s.SampleResult: sampleresult.default.encoding is set to ISO-8859-1
2019-05-07 15:45:58,201 INFO o.a.j.s.SampleResult: sampleresult.useNanoTime=true
2019-05-07 15:45:58,201 INFO o.a.j.s.SampleResult: sampleresult.nanoThreadSleep=5000
2019-05-07 15:46:00,277 INFO o.a.j.r.Summariser: summary +    805 in 00:00:02 =  359.7/s Avg:    37 Min:     9 Max:   203 Err:     0 (0.00%) Active: 44 Started: 43 Finished: 0
2019-05-07 15:46:30,025 INFO o.a.j.r.Summariser: summary +  36500 in 00:00:30 = 1226.9/s Avg:    78 Min:     5 Max:   725 Err:     0 (0.00%) Active: 100 Started: 99 Finished: 0
2019-05-07 15:46:30,027 INFO o.a.j.r.Summariser: summary =  37305 in 00:00:32 = 1166.2/s Avg:    77 Min:     5 Max:   725 Err:     0 (0.00%)
2019-05-07 15:47:00,428 INFO o.a.j.r.Summariser: summary +  19300 in 00:00:30 =  634.8/s Avg:   146 Min:     4 Max:  1252 Err:     0 (0.00%) Active: 100 Started: 99 Finished: 0
2019-05-07 15:47:00,428 INFO o.a.j.r.Summariser: summary =  56605 in 00:01:02 =  907.3/s Avg:   101 Min:     4 Max:  1252 Err:     0 (0.00%)
2019-05-07 15:47:30,286 INFO o.a.j.r.Summariser: summary +   3900 in 00:00:30 =  130.6/s Avg:   754 Min:     4 Max:  1235 Err:     0 (0.00%) Active: 100 Started: 99 Finished: 0
2019-05-07 15:47:30,286 INFO o.a.j.r.Summariser: summary =  60505 in 00:01:32 =  655.9/s Avg:   143 Min:     4 Max:  1252 Err:     0 (0.00%)
2019-05-07 15:48:01,576 INFO o.a.j.r.Summariser: summary +   3000 in 00:00:31 =   95.9/s Avg:  1013 Min:     6 Max:  1090 Err:     0 (0.00%) Active: 100 Started: 99 Finished: 0
2019-05-07 15:48:01,576 INFO o.a.j.r.Summariser: summary =  63505 in 00:02:04 =  514.0/s Avg:   184 Min:     4 Max:  1252 Err:     0 (0.00%)
2019-05-07 15:48:30,004 INFO o.a.j.r.Summariser: summary +  25000 in 00:00:28 =  879.4/s Avg:   126 Min:     3 Max:  3129 Err:     0 (0.00%) Active: 90 Started: 99 Finished: 10
2019-05-07 15:48:30,005 INFO o.a.j.r.Summariser: summary =  88505 in 00:02:32 =  582.4/s Avg:   168 Min:     3 Max:  3129 Err:     0 (0.00%)
2019-05-07 15:48:38,498 INFO o.a.j.JMeter: Finished remote host: 28.0.0.27 (1557244118498)
2019-05-07 15:48:38,530 INFO o.a.j.JMeter: Finished remote host: 28.0.0.29 (1557244118530)
2019-05-07 15:48:38,580 INFO o.a.j.JMeter: Finished remote host: 28.0.0.24 (1557244118580)
2019-05-07 15:48:38,892 INFO o.a.j.r.Summariser: summary +  11495 in 00:00:09 = 1293.3/s Avg:    46 Min:     4 Max:  1253 Err:     1 (0.01%) Active: 0 Started: 99 Finished: 100
2019-05-07 15:48:38,892 INFO o.a.j.r.Summariser: summary = 100000 in 00:02:41 =  621.7/s Avg:   154 Min:     3 Max:  3129 Err:     1 (0.00%)
2019-05-07 15:48:38,893 INFO o.a.j.JMeter: Finished remote host: 28.0.0.25 (1557244118893)
2019-05-07 15:48:43,895 INFO o.a.j.JMeter: Interrupting RMI Reaper
