Creating summariser <summary>
Created the tree successfully using /home/vinaya/current_scenario/system-settings.jmx
Configuring remote engine: 28.0.0.24
Configuring remote engine: 28.0.0.25
Configuring remote engine: 28.0.0.27
Configuring remote engine: 28.0.0.29
Starting remote engines
Starting the test @ Tue Apr 30 05:48:46 UTC 2019 (1556603326829)
Remote engines have been started
Waiting for possible Shutdown/StopTestNow/Heapdump message on port 4445
summary +   4805 in 00:00:12 =  393.2/s Avg:   182 Min:    11 Max:   845 Err:     0 (0.00%) Active: 100 Started: 100 Finished: 0
summary +  13200 in 00:00:30 =  438.1/s Avg:   226 Min:    11 Max:  1857 Err:     0 (0.00%) Active: 100 Started: 100 Finished: 0
summary =  18005 in 00:00:42 =  425.1/s Avg:   214 Min:    11 Max:  1857 Err:     0 (0.00%)
summary +  13100 in 00:00:30 =  436.2/s Avg:   228 Min:    11 Max:  1703 Err:     0 (0.00%) Active: 100 Started: 100 Finished: 0
summary =  31105 in 00:01:12 =  429.7/s Avg:   220 Min:    11 Max:  1857 Err:     0 (0.00%)
summary +   7600 in 00:00:31 =  249.0/s Avg:   379 Min:    10 Max:  3187 Err:     0 (0.00%) Active: 100 Started: 100 Finished: 0
summary =  38705 in 00:01:43 =  376.1/s Avg:   251 Min:    10 Max:  3187 Err:     0 (0.00%)
summary +   3700 in 00:00:29 =  125.8/s Avg:   782 Min:     9 Max:  3153 Err:     0 (0.00%) Active: 100 Started: 100 Finished: 0
summary =  42405 in 00:02:12 =  320.5/s Avg:   298 Min:     9 Max:  3187 Err:     0 (0.00%)
summary +  11000 in 00:00:30 =  367.8/s Avg:   292 Min:     9 Max:  5159 Err:     0 (0.00%) Active: 100 Started: 100 Finished: 0
summary =  53405 in 00:02:42 =  329.2/s Avg:   297 Min:     9 Max:  5159 Err:     0 (0.00%)
summary +   9900 in 00:00:30 =  330.3/s Avg:   303 Min:     9 Max:  1383 Err:     0 (0.00%) Active: 99 Started: 100 Finished: 1
summary =  63305 in 00:03:12 =  329.4/s Avg:   297 Min:     9 Max:  5159 Err:     0 (0.00%)
summary +   9000 in 00:00:31 =  293.1/s Avg:   326 Min:    10 Max:  1425 Err:     0 (0.00%) Active: 97 Started: 100 Finished: 3
summary =  72305 in 00:03:43 =  324.4/s Avg:   301 Min:     9 Max:  5159 Err:     0 (0.00%)
summary +   7000 in 00:00:30 =  230.3/s Avg:   387 Min:    10 Max:  5153 Err:     1 (0.01%) Active: 95 Started: 100 Finished: 5
summary =  79305 in 00:04:13 =  313.1/s Avg:   309 Min:     9 Max:  5159 Err:     1 (0.00%)
summary +   9100 in 00:00:29 =  310.7/s Avg:   323 Min:    10 Max:  5153 Err:     0 (0.00%) Active: 86 Started: 100 Finished: 14
summary =  88405 in 00:04:43 =  312.8/s Avg:   310 Min:     9 Max:  5159 Err:     1 (0.00%)
summary +   8400 in 00:00:30 =  282.5/s Avg:   280 Min:    10 Max:  1398 Err:     0 (0.00%) Active: 62 Started: 100 Finished: 38
summary =  96805 in 00:05:12 =  309.9/s Avg:   307 Min:     9 Max:  5159 Err:     1 (0.00%)
summary +   3195 in 00:00:14 =  222.1/s Avg:   175 Min:    10 Max:  1264 Err:     0 (0.00%) Active: 0 Started: 100 Finished: 100
summary = 100000 in 00:05:27 =  306.1/s Avg:   303 Min:     9 Max:  5159 Err:     1 (0.00%)
Tidying up remote @ Tue Apr 30 05:54:14 UTC 2019 (1556603654559)
... end of run
