2019-04-25 14:23:40,823 INFO o.a.j.u.JMeterUtils: Setting Locale to en_US
2019-04-25 14:23:40,837 INFO o.a.j.JMeter: Loading user properties from: /mnt/data/benchmark/apache-jmeter-4.0/bin/user.properties
2019-04-25 14:23:40,837 INFO o.a.j.JMeter: Loading system properties from: /mnt/data/benchmark/apache-jmeter-4.0/bin/system.properties
2019-04-25 14:23:40,845 INFO o.a.j.JMeter: Copyright (c) 1998-2018 The Apache Software Foundation
2019-04-25 14:23:40,845 INFO o.a.j.JMeter: Version 4.0 r1823414
2019-04-25 14:23:40,845 INFO o.a.j.JMeter: java.version=1.8.0_03-Ubuntu
2019-04-25 14:23:40,845 INFO o.a.j.JMeter: java.vm.name=OpenJDK 64-Bit Server VM
2019-04-25 14:23:40,845 INFO o.a.j.JMeter: os.name=Linux
2019-04-25 14:23:40,845 INFO o.a.j.JMeter: os.arch=amd64
2019-04-25 14:23:40,846 INFO o.a.j.JMeter: os.version=4.15.0-1041-azure
2019-04-25 14:23:40,846 INFO o.a.j.JMeter: file.encoding=UTF-8
2019-04-25 14:23:40,846 INFO o.a.j.JMeter: Max memory     =1860698112
2019-04-25 14:23:40,846 INFO o.a.j.JMeter: Available Processors =2
2019-04-25 14:23:40,851 INFO o.a.j.JMeter: Default Locale=English (United States)
2019-04-25 14:23:40,851 INFO o.a.j.JMeter: JMeter  Locale=English (United States)
2019-04-25 14:23:40,851 INFO o.a.j.JMeter: JMeterHome=/mnt/data/benchmark/apache-jmeter-4.0
2019-04-25 14:23:40,851 INFO o.a.j.JMeter: user.dir  =/home/vinaya/sunbird-perf-tests/sunbird-platform
2019-04-25 14:23:40,851 INFO o.a.j.JMeter: PWD       =/home/vinaya/sunbird-perf-tests/sunbird-platform
2019-04-25 14:23:40,855 INFO o.a.j.JMeter: IP: 28.0.0.23 Name: jmeter-lms-1 FullName: 28.0.0.23
2019-04-25 14:23:40,858 INFO o.a.j.s.FileServer: Default base='/home/vinaya/sunbird-perf-tests/sunbird-platform'
2019-04-25 14:23:40,864 INFO o.a.j.s.FileServer: Set new base='/home/vinaya/current_scenario'
2019-04-25 14:23:41,027 INFO o.a.j.s.SaveService: Testplan (JMX) version: 2.2. Testlog (JTL) version: 2.2
2019-04-25 14:23:41,052 INFO o.a.j.s.SaveService: Using SaveService properties file encoding UTF-8
2019-04-25 14:23:41,057 INFO o.a.j.s.SaveService: Using SaveService properties version 4.0
2019-04-25 14:23:41,065 INFO o.a.j.s.SaveService: Loading file: /home/vinaya/current_scenario/page-assemble.jmx
2019-04-25 14:23:41,134 INFO o.a.j.p.h.s.HTTPSamplerBase: Parser for text/html is org.apache.jmeter.protocol.http.parser.LagartoBasedHtmlParser
2019-04-25 14:23:41,134 INFO o.a.j.p.h.s.HTTPSamplerBase: Parser for application/xhtml+xml is org.apache.jmeter.protocol.http.parser.LagartoBasedHtmlParser
2019-04-25 14:23:41,134 INFO o.a.j.p.h.s.HTTPSamplerBase: Parser for application/xml is org.apache.jmeter.protocol.http.parser.LagartoBasedHtmlParser
2019-04-25 14:23:41,134 INFO o.a.j.p.h.s.HTTPSamplerBase: Parser for text/xml is org.apache.jmeter.protocol.http.parser.LagartoBasedHtmlParser
2019-04-25 14:23:41,134 INFO o.a.j.p.h.s.HTTPSamplerBase: Parser for text/vnd.wap.wml is org.apache.jmeter.protocol.http.parser.RegexpHTMLParser
2019-04-25 14:23:41,134 INFO o.a.j.p.h.s.HTTPSamplerBase: Parser for text/css is org.apache.jmeter.protocol.http.parser.CssParser
2019-04-25 14:23:41,164 INFO o.a.j.JMeter: Creating summariser <summary>
2019-04-25 14:23:41,167 INFO o.a.j.e.DistributedRunner: Configuring remote engine: 28.0.0.24
2019-04-25 14:23:41,168 INFO o.a.j.r.RmiUtils: Disabling SSL for RMI as server.rmi.ssl.disable is set to 'true'
2019-04-25 14:23:41,256 INFO o.a.j.e.DistributedRunner: Configuring remote engine: 28.0.0.25
2019-04-25 14:23:41,256 INFO o.a.j.r.RmiUtils: Disabling SSL for RMI as server.rmi.ssl.disable is set to 'true'
2019-04-25 14:23:41,269 INFO o.a.j.e.DistributedRunner: Starting remote engines
2019-04-25 14:23:41,270 INFO o.a.j.e.DistributedRunner: Starting the test @ Thu Apr 25 14:23:41 UTC 2019 (1556202221269)
2019-04-25 14:23:41,271 INFO o.a.j.e.ClientJMeterEngine: running clientengine run method
2019-04-25 14:23:41,276 INFO o.a.j.e.u.CompoundVariable: Note: Function class names must contain the string: '.functions.'
2019-04-25 14:23:41,276 INFO o.a.j.e.u.CompoundVariable: Note: Function class names must not contain the string: '.gui.'
2019-04-25 14:23:41,646 INFO o.a.j.r.RmiUtils: Disabling SSL for RMI as server.rmi.ssl.disable is set to 'true'
2019-04-25 14:23:41,646 INFO o.a.j.r.RmiUtils: Disabling SSL for RMI as server.rmi.ssl.disable is set to 'true'
2019-04-25 14:23:41,649 INFO o.a.j.s.SampleEvent: List of sample_variables: []
2019-04-25 14:23:41,653 INFO o.a.j.s.BatchSampleSender: Using batching (client settings) for this run. Thresholds: num=100, time=60000
2019-04-25 14:23:41,653 INFO o.a.j.s.DataStrippingSampleSender: Using DataStrippingSampleSender for this run
2019-04-25 14:23:41,653 INFO o.a.j.r.RmiUtils: Disabling SSL for RMI as server.rmi.ssl.disable is set to 'true'
2019-04-25 14:23:41,653 INFO o.a.j.r.RmiUtils: Disabling SSL for RMI as server.rmi.ssl.disable is set to 'true'
2019-04-25 14:23:41,653 INFO o.a.j.s.BatchSampleSender: Using batching (client settings) for this run. Thresholds: num=100, time=60000
2019-04-25 14:23:41,653 INFO o.a.j.s.DataStrippingSampleSender: Using DataStrippingSampleSender for this run
2019-04-25 14:23:41,654 INFO o.a.j.r.RmiUtils: Disabling SSL for RMI as server.rmi.ssl.disable is set to 'true'
2019-04-25 14:23:41,654 INFO o.a.j.r.RmiUtils: Disabling SSL for RMI as server.rmi.ssl.disable is set to 'true'
2019-04-25 14:23:41,987 INFO o.a.j.r.RmiUtils: Disabling SSL for RMI as server.rmi.ssl.disable is set to 'true'
2019-04-25 14:23:41,988 INFO o.a.j.r.RmiUtils: Disabling SSL for RMI as server.rmi.ssl.disable is set to 'true'
2019-04-25 14:23:42,078 INFO o.a.j.e.ClientJMeterEngine: sent test to 28.0.0.25 basedir='.'
2019-04-25 14:23:42,078 INFO o.a.j.e.ClientJMeterEngine: Sending properties {}
2019-04-25 14:23:42,082 INFO o.a.j.e.ClientJMeterEngine: sent run command to 28.0.0.25
2019-04-25 14:23:42,082 INFO o.a.j.e.ClientJMeterEngine: running clientengine run method
2019-04-25 14:23:42,083 INFO o.a.j.r.RmiUtils: Disabling SSL for RMI as server.rmi.ssl.disable is set to 'true'
2019-04-25 14:23:42,083 INFO o.a.j.r.RmiUtils: Disabling SSL for RMI as server.rmi.ssl.disable is set to 'true'
2019-04-25 14:23:42,083 INFO o.a.j.s.BatchSampleSender: Using batching (client settings) for this run. Thresholds: num=100, time=60000
2019-04-25 14:23:42,083 INFO o.a.j.s.DataStrippingSampleSender: Using DataStrippingSampleSender for this run
2019-04-25 14:23:42,083 INFO o.a.j.r.RmiUtils: Disabling SSL for RMI as server.rmi.ssl.disable is set to 'true'
2019-04-25 14:23:42,084 INFO o.a.j.r.RmiUtils: Disabling SSL for RMI as server.rmi.ssl.disable is set to 'true'
2019-04-25 14:23:42,084 INFO o.a.j.s.BatchSampleSender: Using batching (client settings) for this run. Thresholds: num=100, time=60000
2019-04-25 14:23:42,084 INFO o.a.j.s.DataStrippingSampleSender: Using DataStrippingSampleSender for this run
2019-04-25 14:23:42,084 INFO o.a.j.r.RmiUtils: Disabling SSL for RMI as server.rmi.ssl.disable is set to 'true'
2019-04-25 14:23:42,084 INFO o.a.j.r.RmiUtils: Disabling SSL for RMI as server.rmi.ssl.disable is set to 'true'
2019-04-25 14:23:42,098 INFO o.a.j.JMeter: Started remote host:  28.0.0.25 (1556202222098)
2019-04-25 14:23:42,104 INFO o.a.j.r.RmiUtils: Disabling SSL for RMI as server.rmi.ssl.disable is set to 'true'
2019-04-25 14:23:42,104 INFO o.a.j.r.RmiUtils: Disabling SSL for RMI as server.rmi.ssl.disable is set to 'true'
2019-04-25 14:23:42,131 INFO o.a.j.e.ClientJMeterEngine: sent test to 28.0.0.24 basedir='.'
2019-04-25 14:23:42,131 INFO o.a.j.e.ClientJMeterEngine: Sending properties {}
2019-04-25 14:23:42,134 INFO o.a.j.e.ClientJMeterEngine: sent run command to 28.0.0.24
2019-04-25 14:23:42,134 INFO o.a.j.e.DistributedRunner: Remote engines have been started
2019-04-25 14:23:42,138 INFO o.a.j.JMeter: Started remote host:  28.0.0.24 (1556202222138)
2019-04-25 14:23:42,680 INFO o.a.j.s.SampleResult: Note: Sample TimeStamps are START times
2019-04-25 14:23:42,681 INFO o.a.j.s.SampleResult: sampleresult.default.encoding is set to ISO-8859-1
2019-04-25 14:23:42,681 INFO o.a.j.s.SampleResult: sampleresult.useNanoTime=true
2019-04-25 14:23:42,681 INFO o.a.j.s.SampleResult: sampleresult.nanoThreadSleep=5000
2019-04-25 14:23:55,014 INFO o.a.j.JMeter: Finished remote host: 28.0.0.25 (1556202235014)
2019-04-25 14:23:55,450 INFO o.a.j.r.Summariser: summary =   1000 in 00:00:13 =   74.9/s Avg:  7533 Min:   244 Max: 11667 Err:   450 (45.00%)
2019-04-25 14:23:55,451 INFO o.a.j.JMeter: Finished remote host: 28.0.0.24 (1556202235451)
2019-04-25 14:24:00,453 INFO o.a.j.JMeter: Interrupting RMI Reaper
