2019-04-26 10:21:28,102 INFO o.a.j.u.JMeterUtils: Setting Locale to en_US
2019-04-26 10:21:28,117 INFO o.a.j.JMeter: Loading user properties from: /mnt/data/benchmark/apache-jmeter-4.0/bin/user.properties
2019-04-26 10:21:28,118 INFO o.a.j.JMeter: Loading system properties from: /mnt/data/benchmark/apache-jmeter-4.0/bin/system.properties
2019-04-26 10:21:28,124 INFO o.a.j.JMeter: Copyright (c) 1998-2018 The Apache Software Foundation
2019-04-26 10:21:28,124 INFO o.a.j.JMeter: Version 4.0 r1823414
2019-04-26 10:21:28,124 INFO o.a.j.JMeter: java.version=1.8.0_191
2019-04-26 10:21:28,124 INFO o.a.j.JMeter: java.vm.name=OpenJDK 64-Bit Server VM
2019-04-26 10:21:28,124 INFO o.a.j.JMeter: os.name=Linux
2019-04-26 10:21:28,125 INFO o.a.j.JMeter: os.arch=amd64
2019-04-26 10:21:28,125 INFO o.a.j.JMeter: os.version=4.15.0-1041-azure
2019-04-26 10:21:28,125 INFO o.a.j.JMeter: file.encoding=UTF-8
2019-04-26 10:21:28,125 INFO o.a.j.JMeter: Max memory     =1860698112
2019-04-26 10:21:28,125 INFO o.a.j.JMeter: Available Processors =2
2019-04-26 10:21:28,130 INFO o.a.j.JMeter: Default Locale=English (United States)
2019-04-26 10:21:28,130 INFO o.a.j.JMeter: JMeter  Locale=English (United States)
2019-04-26 10:21:28,130 INFO o.a.j.JMeter: JMeterHome=/mnt/data/benchmark/apache-jmeter-4.0
2019-04-26 10:21:28,130 INFO o.a.j.JMeter: user.dir  =/home/vinaya/sunbird-perf-tests/sunbird-platform
2019-04-26 10:21:28,131 INFO o.a.j.JMeter: PWD       =/home/vinaya/sunbird-perf-tests/sunbird-platform
2019-04-26 10:21:28,135 INFO o.a.j.JMeter: IP: 28.0.0.23 Name: jmeter-lms-1 FullName: 28.0.0.23
2019-04-26 10:21:28,139 INFO o.a.j.s.FileServer: Default base='/home/vinaya/sunbird-perf-tests/sunbird-platform'
2019-04-26 10:21:28,146 INFO o.a.j.s.FileServer: Set new base='/home/vinaya/current_scenario'
2019-04-26 10:21:28,297 INFO o.a.j.s.SaveService: Testplan (JMX) version: 2.2. Testlog (JTL) version: 2.2
2019-04-26 10:21:28,316 INFO o.a.j.s.SaveService: Using SaveService properties file encoding UTF-8
2019-04-26 10:21:28,321 INFO o.a.j.s.SaveService: Using SaveService properties version 4.0
2019-04-26 10:21:28,330 INFO o.a.j.s.SaveService: Loading file: /home/vinaya/current_scenario/system-settings.jmx
2019-04-26 10:21:28,408 INFO o.a.j.p.h.s.HTTPSamplerBase: Parser for text/html is org.apache.jmeter.protocol.http.parser.LagartoBasedHtmlParser
2019-04-26 10:21:28,408 INFO o.a.j.p.h.s.HTTPSamplerBase: Parser for application/xhtml+xml is org.apache.jmeter.protocol.http.parser.LagartoBasedHtmlParser
2019-04-26 10:21:28,408 INFO o.a.j.p.h.s.HTTPSamplerBase: Parser for application/xml is org.apache.jmeter.protocol.http.parser.LagartoBasedHtmlParser
2019-04-26 10:21:28,408 INFO o.a.j.p.h.s.HTTPSamplerBase: Parser for text/xml is org.apache.jmeter.protocol.http.parser.LagartoBasedHtmlParser
2019-04-26 10:21:28,408 INFO o.a.j.p.h.s.HTTPSamplerBase: Parser for text/vnd.wap.wml is org.apache.jmeter.protocol.http.parser.RegexpHTMLParser
2019-04-26 10:21:28,409 INFO o.a.j.p.h.s.HTTPSamplerBase: Parser for text/css is org.apache.jmeter.protocol.http.parser.CssParser
2019-04-26 10:21:28,437 INFO o.a.j.JMeter: Creating summariser <summary>
2019-04-26 10:21:28,441 INFO o.a.j.e.DistributedRunner: Configuring remote engine: 28.0.0.24
2019-04-26 10:21:28,443 INFO o.a.j.r.RmiUtils: Disabling SSL for RMI as server.rmi.ssl.disable is set to 'true'
2019-04-26 10:21:28,538 INFO o.a.j.e.DistributedRunner: Configuring remote engine: 28.0.0.25
2019-04-26 10:21:28,538 INFO o.a.j.r.RmiUtils: Disabling SSL for RMI as server.rmi.ssl.disable is set to 'true'
2019-04-26 10:21:28,549 INFO o.a.j.e.DistributedRunner: Starting remote engines
2019-04-26 10:21:28,552 INFO o.a.j.e.DistributedRunner: Starting the test @ Fri Apr 26 10:21:28 UTC 2019 (1556274088550)
2019-04-26 10:21:28,552 INFO o.a.j.e.ClientJMeterEngine: running clientengine run method
2019-04-26 10:21:28,557 INFO o.a.j.e.u.CompoundVariable: Note: Function class names must contain the string: '.functions.'
2019-04-26 10:21:28,557 INFO o.a.j.e.u.CompoundVariable: Note: Function class names must not contain the string: '.gui.'
2019-04-26 10:21:29,040 INFO o.a.j.r.RmiUtils: Disabling SSL for RMI as server.rmi.ssl.disable is set to 'true'
2019-04-26 10:21:29,040 INFO o.a.j.r.RmiUtils: Disabling SSL for RMI as server.rmi.ssl.disable is set to 'true'
2019-04-26 10:21:29,045 INFO o.a.j.s.SampleEvent: List of sample_variables: []
2019-04-26 10:21:29,050 INFO o.a.j.s.BatchSampleSender: Using batching (client settings) for this run. Thresholds: num=100, time=60000
2019-04-26 10:21:29,050 INFO o.a.j.s.DataStrippingSampleSender: Using DataStrippingSampleSender for this run
2019-04-26 10:21:29,050 INFO o.a.j.r.RmiUtils: Disabling SSL for RMI as server.rmi.ssl.disable is set to 'true'
2019-04-26 10:21:29,051 INFO o.a.j.r.RmiUtils: Disabling SSL for RMI as server.rmi.ssl.disable is set to 'true'
2019-04-26 10:21:29,051 INFO o.a.j.s.BatchSampleSender: Using batching (client settings) for this run. Thresholds: num=100, time=60000
2019-04-26 10:21:29,051 INFO o.a.j.s.DataStrippingSampleSender: Using DataStrippingSampleSender for this run
2019-04-26 10:21:29,053 INFO o.a.j.r.RmiUtils: Disabling SSL for RMI as server.rmi.ssl.disable is set to 'true'
2019-04-26 10:21:29,053 INFO o.a.j.r.RmiUtils: Disabling SSL for RMI as server.rmi.ssl.disable is set to 'true'
2019-04-26 10:21:29,389 INFO o.a.j.r.RmiUtils: Disabling SSL for RMI as server.rmi.ssl.disable is set to 'true'
2019-04-26 10:21:29,390 INFO o.a.j.r.RmiUtils: Disabling SSL for RMI as server.rmi.ssl.disable is set to 'true'
2019-04-26 10:21:29,463 INFO o.a.j.e.ClientJMeterEngine: sent test to 28.0.0.25 basedir='.'
2019-04-26 10:21:29,463 INFO o.a.j.e.ClientJMeterEngine: Sending properties {}
2019-04-26 10:21:29,469 INFO o.a.j.e.ClientJMeterEngine: sent run command to 28.0.0.25
2019-04-26 10:21:29,469 INFO o.a.j.e.ClientJMeterEngine: running clientengine run method
2019-04-26 10:21:29,469 INFO o.a.j.r.RmiUtils: Disabling SSL for RMI as server.rmi.ssl.disable is set to 'true'
2019-04-26 10:21:29,469 INFO o.a.j.r.RmiUtils: Disabling SSL for RMI as server.rmi.ssl.disable is set to 'true'
2019-04-26 10:21:29,470 INFO o.a.j.s.BatchSampleSender: Using batching (client settings) for this run. Thresholds: num=100, time=60000
2019-04-26 10:21:29,470 INFO o.a.j.s.DataStrippingSampleSender: Using DataStrippingSampleSender for this run
2019-04-26 10:21:29,470 INFO o.a.j.r.RmiUtils: Disabling SSL for RMI as server.rmi.ssl.disable is set to 'true'
2019-04-26 10:21:29,470 INFO o.a.j.r.RmiUtils: Disabling SSL for RMI as server.rmi.ssl.disable is set to 'true'
2019-04-26 10:21:29,470 INFO o.a.j.s.BatchSampleSender: Using batching (client settings) for this run. Thresholds: num=100, time=60000
2019-04-26 10:21:29,470 INFO o.a.j.s.DataStrippingSampleSender: Using DataStrippingSampleSender for this run
2019-04-26 10:21:29,470 INFO o.a.j.r.RmiUtils: Disabling SSL for RMI as server.rmi.ssl.disable is set to 'true'
2019-04-26 10:21:29,470 INFO o.a.j.r.RmiUtils: Disabling SSL for RMI as server.rmi.ssl.disable is set to 'true'
2019-04-26 10:21:29,482 INFO o.a.j.JMeter: Started remote host:  28.0.0.25 (1556274089482)
2019-04-26 10:21:29,487 INFO o.a.j.r.RmiUtils: Disabling SSL for RMI as server.rmi.ssl.disable is set to 'true'
2019-04-26 10:21:29,487 INFO o.a.j.r.RmiUtils: Disabling SSL for RMI as server.rmi.ssl.disable is set to 'true'
2019-04-26 10:21:29,517 INFO o.a.j.e.ClientJMeterEngine: sent test to 28.0.0.24 basedir='.'
2019-04-26 10:21:29,517 INFO o.a.j.e.ClientJMeterEngine: Sending properties {}
2019-04-26 10:21:29,519 INFO o.a.j.e.ClientJMeterEngine: sent run command to 28.0.0.24
2019-04-26 10:21:29,519 INFO o.a.j.e.DistributedRunner: Remote engines have been started
2019-04-26 10:21:29,523 INFO o.a.j.JMeter: Started remote host:  28.0.0.24 (1556274089523)
2019-04-26 10:21:29,720 INFO o.a.j.s.SampleResult: Note: Sample TimeStamps are START times
2019-04-26 10:21:29,720 INFO o.a.j.s.SampleResult: sampleresult.default.encoding is set to ISO-8859-1
2019-04-26 10:21:29,720 INFO o.a.j.s.SampleResult: sampleresult.useNanoTime=true
2019-04-26 10:21:29,720 INFO o.a.j.s.SampleResult: sampleresult.nanoThreadSleep=5000
2019-04-26 10:21:30,351 INFO o.a.j.r.Summariser: summary +      3 in 00:00:01 =    3.4/s Avg:   139 Min:   109 Max:   185 Err:     0 (0.00%) Active: 132 Started: 242 Finished: 110
2019-04-26 10:21:36,341 INFO o.a.j.JMeter: Finished remote host: 28.0.0.24 (1556274096341)
2019-04-26 10:21:36,485 INFO o.a.j.r.Summariser: summary +   1997 in 00:00:06 =  325.5/s Avg:  1172 Min:    67 Max:  3924 Err:     0 (0.00%) Active: 0 Started: 2000 Finished: 2000
2019-04-26 10:21:36,486 INFO o.a.j.r.Summariser: summary =   2000 in 00:00:07 =  285.4/s Avg:  1170 Min:    67 Max:  3924 Err:     0 (0.00%)
2019-04-26 10:21:36,487 INFO o.a.j.JMeter: Finished remote host: 28.0.0.25 (1556274096487)
2019-04-26 10:21:41,503 INFO o.a.j.JMeter: Interrupting RMI Reaper
