2019-05-09 12:08:01,966 INFO o.a.j.u.JMeterUtils: Setting Locale to en_US
2019-05-09 12:08:01,982 INFO o.a.j.JMeter: Loading user properties from: /mnt/data/benchmark/apache-jmeter-4.0/bin/user.properties
2019-05-09 12:08:01,982 INFO o.a.j.JMeter: Loading system properties from: /mnt/data/benchmark/apache-jmeter-4.0/bin/system.properties
2019-05-09 12:08:01,989 INFO o.a.j.JMeter: Copyright (c) 1998-2018 The Apache Software Foundation
2019-05-09 12:08:01,989 INFO o.a.j.JMeter: Version 4.0 r1823414
2019-05-09 12:08:01,989 INFO o.a.j.JMeter: java.version=1.8.0_191
2019-05-09 12:08:01,989 INFO o.a.j.JMeter: java.vm.name=OpenJDK 64-Bit Server VM
2019-05-09 12:08:01,989 INFO o.a.j.JMeter: os.name=Linux
2019-05-09 12:08:01,989 INFO o.a.j.JMeter: os.arch=amd64
2019-05-09 12:08:01,989 INFO o.a.j.JMeter: os.version=4.15.0-1041-azure
2019-05-09 12:08:01,990 INFO o.a.j.JMeter: file.encoding=UTF-8
2019-05-09 12:08:01,990 INFO o.a.j.JMeter: Max memory     =1860698112
2019-05-09 12:08:01,990 INFO o.a.j.JMeter: Available Processors =2
2019-05-09 12:08:01,995 INFO o.a.j.JMeter: Default Locale=English (United States)
2019-05-09 12:08:01,995 INFO o.a.j.JMeter: JMeter  Locale=English (United States)
2019-05-09 12:08:01,996 INFO o.a.j.JMeter: JMeterHome=/mnt/data/benchmark/apache-jmeter-4.0
2019-05-09 12:08:01,996 INFO o.a.j.JMeter: user.dir  =/home/rahul-tarento/sunbird-perf-tests/sunbird-platform
2019-05-09 12:08:01,996 INFO o.a.j.JMeter: PWD       =/home/rahul-tarento/sunbird-perf-tests/sunbird-platform
2019-05-09 12:08:02,169 INFO o.a.j.JMeter: IP: 28.0.0.23 Name: jmeter-lms-1 FullName: 28.0.0.23
2019-05-09 12:08:02,173 INFO o.a.j.s.FileServer: Default base='/home/rahul-tarento/sunbird-perf-tests/sunbird-platform'
2019-05-09 12:08:02,179 INFO o.a.j.s.FileServer: Set new base='/home/rahul-tarento/current_scenario'
2019-05-09 12:08:02,355 INFO o.a.j.s.SaveService: Testplan (JMX) version: 2.2. Testlog (JTL) version: 2.2
2019-05-09 12:08:02,382 INFO o.a.j.s.SaveService: Using SaveService properties file encoding UTF-8
2019-05-09 12:08:02,387 INFO o.a.j.s.SaveService: Using SaveService properties version 4.0
2019-05-09 12:08:02,398 INFO o.a.j.s.SaveService: Loading file: /home/rahul-tarento/current_scenario/page-assemble.jmx
2019-05-09 12:08:02,467 INFO o.a.j.p.h.s.HTTPSamplerBase: Parser for text/html is org.apache.jmeter.protocol.http.parser.LagartoBasedHtmlParser
2019-05-09 12:08:02,467 INFO o.a.j.p.h.s.HTTPSamplerBase: Parser for application/xhtml+xml is org.apache.jmeter.protocol.http.parser.LagartoBasedHtmlParser
2019-05-09 12:08:02,467 INFO o.a.j.p.h.s.HTTPSamplerBase: Parser for application/xml is org.apache.jmeter.protocol.http.parser.LagartoBasedHtmlParser
2019-05-09 12:08:02,467 INFO o.a.j.p.h.s.HTTPSamplerBase: Parser for text/xml is org.apache.jmeter.protocol.http.parser.LagartoBasedHtmlParser
2019-05-09 12:08:02,467 INFO o.a.j.p.h.s.HTTPSamplerBase: Parser for text/vnd.wap.wml is org.apache.jmeter.protocol.http.parser.RegexpHTMLParser
2019-05-09 12:08:02,468 INFO o.a.j.p.h.s.HTTPSamplerBase: Parser for text/css is org.apache.jmeter.protocol.http.parser.CssParser
2019-05-09 12:08:02,501 INFO o.a.j.JMeter: Creating summariser <summary>
2019-05-09 12:08:02,505 INFO o.a.j.e.DistributedRunner: Configuring remote engine: 28.0.0.24
2019-05-09 12:08:02,507 INFO o.a.j.r.RmiUtils: Disabling SSL for RMI as server.rmi.ssl.disable is set to 'true'
2019-05-09 12:08:02,612 INFO o.a.j.e.DistributedRunner: Configuring remote engine: 28.0.0.25
2019-05-09 12:08:02,612 INFO o.a.j.r.RmiUtils: Disabling SSL for RMI as server.rmi.ssl.disable is set to 'true'
2019-05-09 12:08:02,624 INFO o.a.j.e.DistributedRunner: Configuring remote engine: 28.0.0.27
2019-05-09 12:08:02,624 INFO o.a.j.r.RmiUtils: Disabling SSL for RMI as server.rmi.ssl.disable is set to 'true'
2019-05-09 12:08:02,633 INFO o.a.j.e.DistributedRunner: Configuring remote engine: 28.0.0.29
2019-05-09 12:08:02,633 INFO o.a.j.r.RmiUtils: Disabling SSL for RMI as server.rmi.ssl.disable is set to 'true'
2019-05-09 12:08:02,640 INFO o.a.j.e.DistributedRunner: Starting remote engines
2019-05-09 12:08:02,642 INFO o.a.j.e.DistributedRunner: Starting the test @ Thu May 09 12:08:02 UTC 2019 (1557403682641)
2019-05-09 12:08:02,642 INFO o.a.j.e.ClientJMeterEngine: running clientengine run method
2019-05-09 12:08:02,646 INFO o.a.j.e.u.CompoundVariable: Note: Function class names must contain the string: '.functions.'
2019-05-09 12:08:02,646 INFO o.a.j.e.u.CompoundVariable: Note: Function class names must not contain the string: '.gui.'
2019-05-09 12:08:03,094 INFO o.a.j.r.RmiUtils: Disabling SSL for RMI as server.rmi.ssl.disable is set to 'true'
2019-05-09 12:08:03,095 INFO o.a.j.r.RmiUtils: Disabling SSL for RMI as server.rmi.ssl.disable is set to 'true'
2019-05-09 12:08:03,098 INFO o.a.j.s.SampleEvent: List of sample_variables: []
2019-05-09 12:08:03,104 INFO o.a.j.s.BatchSampleSender: Using batching (client settings) for this run. Thresholds: num=100, time=60000
2019-05-09 12:08:03,104 INFO o.a.j.s.DataStrippingSampleSender: Using DataStrippingSampleSender for this run
2019-05-09 12:08:03,104 INFO o.a.j.r.RmiUtils: Disabling SSL for RMI as server.rmi.ssl.disable is set to 'true'
2019-05-09 12:08:03,104 INFO o.a.j.r.RmiUtils: Disabling SSL for RMI as server.rmi.ssl.disable is set to 'true'
2019-05-09 12:08:03,104 INFO o.a.j.s.BatchSampleSender: Using batching (client settings) for this run. Thresholds: num=100, time=60000
2019-05-09 12:08:03,105 INFO o.a.j.s.DataStrippingSampleSender: Using DataStrippingSampleSender for this run
2019-05-09 12:08:03,106 INFO o.a.j.r.RmiUtils: Disabling SSL for RMI as server.rmi.ssl.disable is set to 'true'
2019-05-09 12:08:03,106 INFO o.a.j.r.RmiUtils: Disabling SSL for RMI as server.rmi.ssl.disable is set to 'true'
2019-05-09 12:08:03,444 INFO o.a.j.r.RmiUtils: Disabling SSL for RMI as server.rmi.ssl.disable is set to 'true'
2019-05-09 12:08:03,445 INFO o.a.j.r.RmiUtils: Disabling SSL for RMI as server.rmi.ssl.disable is set to 'true'
2019-05-09 12:08:03,515 INFO o.a.j.e.ClientJMeterEngine: sent test to 28.0.0.25 basedir='.'
2019-05-09 12:08:03,515 INFO o.a.j.e.ClientJMeterEngine: Sending properties {}
2019-05-09 12:08:03,518 INFO o.a.j.e.ClientJMeterEngine: sent run command to 28.0.0.25
2019-05-09 12:08:03,518 INFO o.a.j.e.ClientJMeterEngine: running clientengine run method
2019-05-09 12:08:03,519 INFO o.a.j.r.RmiUtils: Disabling SSL for RMI as server.rmi.ssl.disable is set to 'true'
2019-05-09 12:08:03,519 INFO o.a.j.r.RmiUtils: Disabling SSL for RMI as server.rmi.ssl.disable is set to 'true'
2019-05-09 12:08:03,519 INFO o.a.j.s.BatchSampleSender: Using batching (client settings) for this run. Thresholds: num=100, time=60000
2019-05-09 12:08:03,519 INFO o.a.j.s.DataStrippingSampleSender: Using DataStrippingSampleSender for this run
2019-05-09 12:08:03,519 INFO o.a.j.r.RmiUtils: Disabling SSL for RMI as server.rmi.ssl.disable is set to 'true'
2019-05-09 12:08:03,519 INFO o.a.j.r.RmiUtils: Disabling SSL for RMI as server.rmi.ssl.disable is set to 'true'
2019-05-09 12:08:03,520 INFO o.a.j.s.BatchSampleSender: Using batching (client settings) for this run. Thresholds: num=100, time=60000
2019-05-09 12:08:03,520 INFO o.a.j.s.DataStrippingSampleSender: Using DataStrippingSampleSender for this run
2019-05-09 12:08:03,520 INFO o.a.j.r.RmiUtils: Disabling SSL for RMI as server.rmi.ssl.disable is set to 'true'
2019-05-09 12:08:03,520 INFO o.a.j.r.RmiUtils: Disabling SSL for RMI as server.rmi.ssl.disable is set to 'true'
2019-05-09 12:08:03,531 INFO o.a.j.JMeter: Started remote host:  28.0.0.25 (1557403683531)
2019-05-09 12:08:03,534 INFO o.a.j.r.RmiUtils: Disabling SSL for RMI as server.rmi.ssl.disable is set to 'true'
2019-05-09 12:08:03,534 INFO o.a.j.r.RmiUtils: Disabling SSL for RMI as server.rmi.ssl.disable is set to 'true'
2019-05-09 12:08:03,559 INFO o.a.j.e.ClientJMeterEngine: sent test to 28.0.0.24 basedir='.'
2019-05-09 12:08:03,559 INFO o.a.j.e.ClientJMeterEngine: Sending properties {}
2019-05-09 12:08:03,561 INFO o.a.j.e.ClientJMeterEngine: sent run command to 28.0.0.24
2019-05-09 12:08:03,561 INFO o.a.j.e.ClientJMeterEngine: running clientengine run method
2019-05-09 12:08:03,561 INFO o.a.j.r.RmiUtils: Disabling SSL for RMI as server.rmi.ssl.disable is set to 'true'
2019-05-09 12:08:03,561 INFO o.a.j.r.RmiUtils: Disabling SSL for RMI as server.rmi.ssl.disable is set to 'true'
2019-05-09 12:08:03,562 INFO o.a.j.s.BatchSampleSender: Using batching (client settings) for this run. Thresholds: num=100, time=60000
2019-05-09 12:08:03,562 INFO o.a.j.s.DataStrippingSampleSender: Using DataStrippingSampleSender for this run
2019-05-09 12:08:03,562 INFO o.a.j.r.RmiUtils: Disabling SSL for RMI as server.rmi.ssl.disable is set to 'true'
2019-05-09 12:08:03,562 INFO o.a.j.r.RmiUtils: Disabling SSL for RMI as server.rmi.ssl.disable is set to 'true'
2019-05-09 12:08:03,562 INFO o.a.j.s.BatchSampleSender: Using batching (client settings) for this run. Thresholds: num=100, time=60000
2019-05-09 12:08:03,562 INFO o.a.j.s.DataStrippingSampleSender: Using DataStrippingSampleSender for this run
2019-05-09 12:08:03,562 INFO o.a.j.r.RmiUtils: Disabling SSL for RMI as server.rmi.ssl.disable is set to 'true'
2019-05-09 12:08:03,562 INFO o.a.j.r.RmiUtils: Disabling SSL for RMI as server.rmi.ssl.disable is set to 'true'
2019-05-09 12:08:03,576 INFO o.a.j.JMeter: Started remote host:  28.0.0.24 (1557403683576)
2019-05-09 12:08:03,580 INFO o.a.j.r.RmiUtils: Disabling SSL for RMI as server.rmi.ssl.disable is set to 'true'
2019-05-09 12:08:03,580 INFO o.a.j.r.RmiUtils: Disabling SSL for RMI as server.rmi.ssl.disable is set to 'true'
2019-05-09 12:08:03,616 INFO o.a.j.s.SampleResult: Note: Sample TimeStamps are START times
2019-05-09 12:08:03,616 INFO o.a.j.s.SampleResult: sampleresult.default.encoding is set to ISO-8859-1
2019-05-09 12:08:03,616 INFO o.a.j.s.SampleResult: sampleresult.useNanoTime=true
2019-05-09 12:08:03,616 INFO o.a.j.s.SampleResult: sampleresult.nanoThreadSleep=5000
2019-05-09 12:08:03,632 INFO o.a.j.e.ClientJMeterEngine: sent test to 28.0.0.27 basedir='.'
2019-05-09 12:08:03,632 INFO o.a.j.e.ClientJMeterEngine: Sending properties {}
2019-05-09 12:08:03,634 INFO o.a.j.e.ClientJMeterEngine: sent run command to 28.0.0.27
2019-05-09 12:08:03,634 INFO o.a.j.e.ClientJMeterEngine: running clientengine run method
2019-05-09 12:08:03,634 INFO o.a.j.r.RmiUtils: Disabling SSL for RMI as server.rmi.ssl.disable is set to 'true'
2019-05-09 12:08:03,634 INFO o.a.j.r.RmiUtils: Disabling SSL for RMI as server.rmi.ssl.disable is set to 'true'
2019-05-09 12:08:03,635 INFO o.a.j.s.BatchSampleSender: Using batching (client settings) for this run. Thresholds: num=100, time=60000
2019-05-09 12:08:03,635 INFO o.a.j.s.DataStrippingSampleSender: Using DataStrippingSampleSender for this run
2019-05-09 12:08:03,635 INFO o.a.j.r.RmiUtils: Disabling SSL for RMI as server.rmi.ssl.disable is set to 'true'
2019-05-09 12:08:03,635 INFO o.a.j.r.RmiUtils: Disabling SSL for RMI as server.rmi.ssl.disable is set to 'true'
2019-05-09 12:08:03,635 INFO o.a.j.s.BatchSampleSender: Using batching (client settings) for this run. Thresholds: num=100, time=60000
2019-05-09 12:08:03,636 INFO o.a.j.s.DataStrippingSampleSender: Using DataStrippingSampleSender for this run
2019-05-09 12:08:03,636 INFO o.a.j.r.RmiUtils: Disabling SSL for RMI as server.rmi.ssl.disable is set to 'true'
2019-05-09 12:08:03,636 INFO o.a.j.r.RmiUtils: Disabling SSL for RMI as server.rmi.ssl.disable is set to 'true'
2019-05-09 12:08:03,639 INFO o.a.j.JMeter: Started remote host:  28.0.0.27 (1557403683639)
2019-05-09 12:08:03,647 INFO o.a.j.r.RmiUtils: Disabling SSL for RMI as server.rmi.ssl.disable is set to 'true'
2019-05-09 12:08:03,647 INFO o.a.j.r.RmiUtils: Disabling SSL for RMI as server.rmi.ssl.disable is set to 'true'
2019-05-09 12:08:03,666 INFO o.a.j.r.Summariser: summary +      1 in 00:00:00 =    8.1/s Avg:    30 Min:    30 Max:    30 Err:     0 (0.00%) Active: 35 Started: 7 Finished: 0
2019-05-09 12:08:03,687 INFO o.a.j.e.ClientJMeterEngine: sent test to 28.0.0.29 basedir='.'
2019-05-09 12:08:03,687 INFO o.a.j.e.ClientJMeterEngine: Sending properties {}
2019-05-09 12:08:03,690 INFO o.a.j.e.ClientJMeterEngine: sent run command to 28.0.0.29
2019-05-09 12:08:03,690 INFO o.a.j.e.DistributedRunner: Remote engines have been started
2019-05-09 12:08:03,696 INFO o.a.j.JMeter: Started remote host:  28.0.0.29 (1557403683696)
2019-05-09 12:08:30,405 INFO o.a.j.r.Summariser: summary +  11404 in 00:00:27 =  426.3/s Avg:   217 Min:    15 Max:  6999 Err:     0 (0.00%) Active: 100 Started: 72 Finished: 0
2019-05-09 12:08:30,406 INFO o.a.j.r.Summariser: summary =  11405 in 00:00:27 =  424.4/s Avg:   217 Min:    15 Max:  6999 Err:     0 (0.00%)
2019-05-09 12:09:00,027 INFO o.a.j.r.Summariser: summary +  11700 in 00:00:30 =  395.0/s Avg:   237 Min:    15 Max: 13255 Err:   102 (0.87%) Active: 100 Started: 72 Finished: 0
2019-05-09 12:09:00,028 INFO o.a.j.r.Summariser: summary =  23105 in 00:00:56 =  409.0/s Avg:   227 Min:    15 Max: 13255 Err:   102 (0.44%)
2019-05-09 12:09:30,039 INFO o.a.j.r.Summariser: summary +  11800 in 00:00:30 =  393.2/s Avg:   244 Min:    15 Max: 14874 Err:   154 (1.31%) Active: 100 Started: 72 Finished: 0
2019-05-09 12:09:30,040 INFO o.a.j.r.Summariser: summary =  34905 in 00:01:27 =  403.5/s Avg:   233 Min:    15 Max: 14874 Err:   256 (0.73%)
2019-05-09 12:10:00,022 INFO o.a.j.r.Summariser: summary +  11500 in 00:00:30 =  383.6/s Avg:   263 Min:    15 Max: 12869 Err:   188 (1.63%) Active: 99 Started: 72 Finished: 1
2019-05-09 12:10:00,022 INFO o.a.j.r.Summariser: summary =  46405 in 00:01:56 =  398.4/s Avg:   240 Min:    15 Max: 14874 Err:   444 (0.96%)
2019-05-09 12:10:30,200 INFO o.a.j.r.Summariser: summary +  11400 in 00:00:30 =  377.7/s Avg:   260 Min:    15 Max: 12593 Err:   186 (1.63%) Active: 98 Started: 72 Finished: 2
2019-05-09 12:10:30,201 INFO o.a.j.r.Summariser: summary =  57805 in 00:02:27 =  394.1/s Avg:   244 Min:    15 Max: 14874 Err:   630 (1.09%)
2019-05-09 12:11:00,035 INFO o.a.j.r.Summariser: summary +  10900 in 00:00:30 =  365.3/s Avg:   259 Min:    15 Max: 12777 Err:   168 (1.54%) Active: 92 Started: 72 Finished: 8
2019-05-09 12:11:00,036 INFO o.a.j.r.Summariser: summary =  68705 in 00:02:57 =  389.3/s Avg:   247 Min:    15 Max: 14874 Err:   798 (1.16%)
2019-05-09 12:11:30,000 INFO o.a.j.r.Summariser: summary +  10100 in 00:00:30 =  337.1/s Avg:   271 Min:    14 Max: 12762 Err:   189 (1.87%) Active: 85 Started: 72 Finished: 15
2019-05-09 12:11:30,001 INFO o.a.j.r.Summariser: summary =  78805 in 00:03:26 =  381.7/s Avg:   250 Min:    14 Max: 14874 Err:   987 (1.25%)
2019-05-09 12:12:00,318 INFO o.a.j.r.Summariser: summary +  10200 in 00:00:30 =  336.4/s Avg:   239 Min:    15 Max: 12712 Err:   146 (1.43%) Active: 61 Started: 72 Finished: 39
2019-05-09 12:12:00,319 INFO o.a.j.r.Summariser: summary =  89005 in 00:03:57 =  375.9/s Avg:   248 Min:    14 Max: 14874 Err:  1133 (1.27%)
2019-05-09 12:12:25,816 INFO o.a.j.JMeter: Finished remote host: 28.0.0.24 (1557403945816)
2019-05-09 12:12:30,020 INFO o.a.j.r.Summariser: summary +   9199 in 00:00:30 =  309.7/s Avg:   149 Min:    15 Max: 11042 Err:    15 (0.16%) Active: 15 Started: 72 Finished: 85
2019-05-09 12:12:30,021 INFO o.a.j.r.Summariser: summary =  98204 in 00:04:26 =  368.5/s Avg:   239 Min:    14 Max: 14874 Err:  1148 (1.17%)
2019-05-09 12:12:37,889 INFO o.a.j.JMeter: Finished remote host: 28.0.0.29 (1557403957889)
2019-05-09 12:12:41,189 INFO o.a.j.JMeter: Finished remote host: 28.0.0.27 (1557403961189)
2019-05-09 12:12:42,781 INFO o.a.j.r.Summariser: summary +   1796 in 00:00:13 =  140.8/s Avg:    59 Min:    15 Max:  1652 Err:     0 (0.00%) Active: 0 Started: 72 Finished: 100
2019-05-09 12:12:42,781 INFO o.a.j.r.Summariser: summary = 100000 in 00:04:39 =  358.1/s Avg:   236 Min:    14 Max: 14874 Err:  1148 (1.15%)
2019-05-09 12:12:42,782 INFO o.a.j.JMeter: Finished remote host: 28.0.0.25 (1557403962782)
2019-05-09 12:12:47,784 INFO o.a.j.JMeter: Interrupting RMI Reaper
