2019-05-08 11:13:55,523 INFO o.a.j.u.JMeterUtils: Setting Locale to en_US
2019-05-08 11:13:55,538 INFO o.a.j.JMeter: Loading user properties from: /mnt/data/benchmark/apache-jmeter-4.0/bin/user.properties
2019-05-08 11:13:55,538 INFO o.a.j.JMeter: Loading system properties from: /mnt/data/benchmark/apache-jmeter-4.0/bin/system.properties
2019-05-08 11:13:55,545 INFO o.a.j.JMeter: Copyright (c) 1998-2018 The Apache Software Foundation
2019-05-08 11:13:55,545 INFO o.a.j.JMeter: Version 4.0 r1823414
2019-05-08 11:13:55,545 INFO o.a.j.JMeter: java.version=1.8.0_191
2019-05-08 11:13:55,545 INFO o.a.j.JMeter: java.vm.name=OpenJDK 64-Bit Server VM
2019-05-08 11:13:55,545 INFO o.a.j.JMeter: os.name=Linux
2019-05-08 11:13:55,545 INFO o.a.j.JMeter: os.arch=amd64
2019-05-08 11:13:55,545 INFO o.a.j.JMeter: os.version=4.15.0-1041-azure
2019-05-08 11:13:55,545 INFO o.a.j.JMeter: file.encoding=UTF-8
2019-05-08 11:13:55,546 INFO o.a.j.JMeter: Max memory     =1860698112
2019-05-08 11:13:55,546 INFO o.a.j.JMeter: Available Processors =2
2019-05-08 11:13:55,551 INFO o.a.j.JMeter: Default Locale=English (United States)
2019-05-08 11:13:55,551 INFO o.a.j.JMeter: JMeter  Locale=English (United States)
2019-05-08 11:13:55,552 INFO o.a.j.JMeter: JMeterHome=/mnt/data/benchmark/apache-jmeter-4.0
2019-05-08 11:13:55,552 INFO o.a.j.JMeter: user.dir  =/home/vinaya/sunbird-perf-tests/sunbird-platform
2019-05-08 11:13:55,552 INFO o.a.j.JMeter: PWD       =/home/vinaya/sunbird-perf-tests/sunbird-platform
2019-05-08 11:13:55,555 INFO o.a.j.JMeter: IP: 28.0.0.23 Name: jmeter-lms-1 FullName: 28.0.0.23
2019-05-08 11:13:55,559 INFO o.a.j.s.FileServer: Default base='/home/vinaya/sunbird-perf-tests/sunbird-platform'
2019-05-08 11:13:55,566 INFO o.a.j.s.FileServer: Set new base='/home/vinaya/current_scenario'
2019-05-08 11:13:55,736 INFO o.a.j.s.SaveService: Testplan (JMX) version: 2.2. Testlog (JTL) version: 2.2
2019-05-08 11:13:55,756 INFO o.a.j.s.SaveService: Using SaveService properties file encoding UTF-8
2019-05-08 11:13:55,761 INFO o.a.j.s.SaveService: Using SaveService properties version 4.0
2019-05-08 11:13:55,770 INFO o.a.j.s.SaveService: Loading file: /home/vinaya/current_scenario/system-settings.jmx
2019-05-08 11:13:55,852 INFO o.a.j.p.h.s.HTTPSamplerBase: Parser for text/html is org.apache.jmeter.protocol.http.parser.LagartoBasedHtmlParser
2019-05-08 11:13:55,852 INFO o.a.j.p.h.s.HTTPSamplerBase: Parser for application/xhtml+xml is org.apache.jmeter.protocol.http.parser.LagartoBasedHtmlParser
2019-05-08 11:13:55,852 INFO o.a.j.p.h.s.HTTPSamplerBase: Parser for application/xml is org.apache.jmeter.protocol.http.parser.LagartoBasedHtmlParser
2019-05-08 11:13:55,852 INFO o.a.j.p.h.s.HTTPSamplerBase: Parser for text/xml is org.apache.jmeter.protocol.http.parser.LagartoBasedHtmlParser
2019-05-08 11:13:55,853 INFO o.a.j.p.h.s.HTTPSamplerBase: Parser for text/vnd.wap.wml is org.apache.jmeter.protocol.http.parser.RegexpHTMLParser
2019-05-08 11:13:55,853 INFO o.a.j.p.h.s.HTTPSamplerBase: Parser for text/css is org.apache.jmeter.protocol.http.parser.CssParser
2019-05-08 11:13:55,883 INFO o.a.j.JMeter: Creating summariser <summary>
2019-05-08 11:13:55,886 INFO o.a.j.e.DistributedRunner: Configuring remote engine: 28.0.0.24
2019-05-08 11:13:55,888 INFO o.a.j.r.RmiUtils: Disabling SSL for RMI as server.rmi.ssl.disable is set to 'true'
2019-05-08 11:13:55,979 INFO o.a.j.e.DistributedRunner: Configuring remote engine: 28.0.0.25
2019-05-08 11:13:55,979 INFO o.a.j.r.RmiUtils: Disabling SSL for RMI as server.rmi.ssl.disable is set to 'true'
2019-05-08 11:13:55,988 INFO o.a.j.e.DistributedRunner: Configuring remote engine: 28.0.0.27
2019-05-08 11:13:55,988 INFO o.a.j.r.RmiUtils: Disabling SSL for RMI as server.rmi.ssl.disable is set to 'true'
2019-05-08 11:13:55,998 INFO o.a.j.e.DistributedRunner: Configuring remote engine: 28.0.0.29
2019-05-08 11:13:55,998 INFO o.a.j.r.RmiUtils: Disabling SSL for RMI as server.rmi.ssl.disable is set to 'true'
2019-05-08 11:13:56,007 INFO o.a.j.e.DistributedRunner: Starting remote engines
2019-05-08 11:13:56,009 INFO o.a.j.e.DistributedRunner: Starting the test @ Wed May 08 11:13:56 UTC 2019 (1557314036007)
2019-05-08 11:13:56,009 INFO o.a.j.e.ClientJMeterEngine: running clientengine run method
2019-05-08 11:13:56,012 INFO o.a.j.e.u.CompoundVariable: Note: Function class names must contain the string: '.functions.'
2019-05-08 11:13:56,012 INFO o.a.j.e.u.CompoundVariable: Note: Function class names must not contain the string: '.gui.'
2019-05-08 11:13:56,407 INFO o.a.j.r.RmiUtils: Disabling SSL for RMI as server.rmi.ssl.disable is set to 'true'
2019-05-08 11:13:56,407 INFO o.a.j.r.RmiUtils: Disabling SSL for RMI as server.rmi.ssl.disable is set to 'true'
2019-05-08 11:13:56,411 INFO o.a.j.s.SampleEvent: List of sample_variables: []
2019-05-08 11:13:56,422 INFO o.a.j.s.BatchSampleSender: Using batching (client settings) for this run. Thresholds: num=100, time=60000
2019-05-08 11:13:56,422 INFO o.a.j.s.DataStrippingSampleSender: Using DataStrippingSampleSender for this run
2019-05-08 11:13:56,423 INFO o.a.j.r.RmiUtils: Disabling SSL for RMI as server.rmi.ssl.disable is set to 'true'
2019-05-08 11:13:56,423 INFO o.a.j.r.RmiUtils: Disabling SSL for RMI as server.rmi.ssl.disable is set to 'true'
2019-05-08 11:13:56,423 INFO o.a.j.s.BatchSampleSender: Using batching (client settings) for this run. Thresholds: num=100, time=60000
2019-05-08 11:13:56,424 INFO o.a.j.s.DataStrippingSampleSender: Using DataStrippingSampleSender for this run
2019-05-08 11:13:56,425 INFO o.a.j.r.RmiUtils: Disabling SSL for RMI as server.rmi.ssl.disable is set to 'true'
2019-05-08 11:13:56,425 INFO o.a.j.r.RmiUtils: Disabling SSL for RMI as server.rmi.ssl.disable is set to 'true'
2019-05-08 11:13:56,790 INFO o.a.j.r.RmiUtils: Disabling SSL for RMI as server.rmi.ssl.disable is set to 'true'
2019-05-08 11:13:56,790 INFO o.a.j.r.RmiUtils: Disabling SSL for RMI as server.rmi.ssl.disable is set to 'true'
2019-05-08 11:13:56,874 INFO o.a.j.e.ClientJMeterEngine: sent test to 28.0.0.25 basedir='.'
2019-05-08 11:13:56,874 INFO o.a.j.e.ClientJMeterEngine: Sending properties {}
2019-05-08 11:13:56,880 INFO o.a.j.e.ClientJMeterEngine: sent run command to 28.0.0.25
2019-05-08 11:13:56,880 INFO o.a.j.e.ClientJMeterEngine: running clientengine run method
2019-05-08 11:13:56,882 INFO o.a.j.r.RmiUtils: Disabling SSL for RMI as server.rmi.ssl.disable is set to 'true'
2019-05-08 11:13:56,882 INFO o.a.j.r.RmiUtils: Disabling SSL for RMI as server.rmi.ssl.disable is set to 'true'
2019-05-08 11:13:56,882 INFO o.a.j.s.BatchSampleSender: Using batching (client settings) for this run. Thresholds: num=100, time=60000
2019-05-08 11:13:56,883 INFO o.a.j.s.DataStrippingSampleSender: Using DataStrippingSampleSender for this run
2019-05-08 11:13:56,883 INFO o.a.j.r.RmiUtils: Disabling SSL for RMI as server.rmi.ssl.disable is set to 'true'
2019-05-08 11:13:56,883 INFO o.a.j.r.RmiUtils: Disabling SSL for RMI as server.rmi.ssl.disable is set to 'true'
2019-05-08 11:13:56,883 INFO o.a.j.s.BatchSampleSender: Using batching (client settings) for this run. Thresholds: num=100, time=60000
2019-05-08 11:13:56,883 INFO o.a.j.s.DataStrippingSampleSender: Using DataStrippingSampleSender for this run
2019-05-08 11:13:56,883 INFO o.a.j.r.RmiUtils: Disabling SSL for RMI as server.rmi.ssl.disable is set to 'true'
2019-05-08 11:13:56,883 INFO o.a.j.r.RmiUtils: Disabling SSL for RMI as server.rmi.ssl.disable is set to 'true'
2019-05-08 11:13:56,895 INFO o.a.j.JMeter: Started remote host:  28.0.0.25 (1557314036895)
2019-05-08 11:13:56,902 INFO o.a.j.r.RmiUtils: Disabling SSL for RMI as server.rmi.ssl.disable is set to 'true'
2019-05-08 11:13:56,902 INFO o.a.j.r.RmiUtils: Disabling SSL for RMI as server.rmi.ssl.disable is set to 'true'
2019-05-08 11:13:56,926 INFO o.a.j.e.ClientJMeterEngine: sent test to 28.0.0.24 basedir='.'
2019-05-08 11:13:56,926 INFO o.a.j.e.ClientJMeterEngine: Sending properties {}
2019-05-08 11:13:56,927 INFO o.a.j.e.ClientJMeterEngine: sent run command to 28.0.0.24
2019-05-08 11:13:56,927 INFO o.a.j.e.ClientJMeterEngine: running clientengine run method
2019-05-08 11:13:56,928 INFO o.a.j.r.RmiUtils: Disabling SSL for RMI as server.rmi.ssl.disable is set to 'true'
2019-05-08 11:13:56,928 INFO o.a.j.r.RmiUtils: Disabling SSL for RMI as server.rmi.ssl.disable is set to 'true'
2019-05-08 11:13:56,928 INFO o.a.j.s.BatchSampleSender: Using batching (client settings) for this run. Thresholds: num=100, time=60000
2019-05-08 11:13:56,928 INFO o.a.j.s.DataStrippingSampleSender: Using DataStrippingSampleSender for this run
2019-05-08 11:13:56,928 INFO o.a.j.r.RmiUtils: Disabling SSL for RMI as server.rmi.ssl.disable is set to 'true'
2019-05-08 11:13:56,928 INFO o.a.j.r.RmiUtils: Disabling SSL for RMI as server.rmi.ssl.disable is set to 'true'
2019-05-08 11:13:56,929 INFO o.a.j.s.BatchSampleSender: Using batching (client settings) for this run. Thresholds: num=100, time=60000
2019-05-08 11:13:56,929 INFO o.a.j.s.DataStrippingSampleSender: Using DataStrippingSampleSender for this run
2019-05-08 11:13:56,929 INFO o.a.j.r.RmiUtils: Disabling SSL for RMI as server.rmi.ssl.disable is set to 'true'
2019-05-08 11:13:56,929 INFO o.a.j.r.RmiUtils: Disabling SSL for RMI as server.rmi.ssl.disable is set to 'true'
2019-05-08 11:13:56,932 INFO o.a.j.JMeter: Started remote host:  28.0.0.24 (1557314036932)
2019-05-08 11:13:56,939 INFO o.a.j.r.RmiUtils: Disabling SSL for RMI as server.rmi.ssl.disable is set to 'true'
2019-05-08 11:13:56,939 INFO o.a.j.r.RmiUtils: Disabling SSL for RMI as server.rmi.ssl.disable is set to 'true'
2019-05-08 11:13:56,955 INFO o.a.j.e.ClientJMeterEngine: sent test to 28.0.0.27 basedir='.'
2019-05-08 11:13:56,955 INFO o.a.j.e.ClientJMeterEngine: Sending properties {}
2019-05-08 11:13:56,956 INFO o.a.j.e.ClientJMeterEngine: sent run command to 28.0.0.27
2019-05-08 11:13:56,957 INFO o.a.j.e.ClientJMeterEngine: running clientengine run method
2019-05-08 11:13:56,957 INFO o.a.j.r.RmiUtils: Disabling SSL for RMI as server.rmi.ssl.disable is set to 'true'
2019-05-08 11:13:56,957 INFO o.a.j.r.RmiUtils: Disabling SSL for RMI as server.rmi.ssl.disable is set to 'true'
2019-05-08 11:13:56,957 INFO o.a.j.s.BatchSampleSender: Using batching (client settings) for this run. Thresholds: num=100, time=60000
2019-05-08 11:13:56,957 INFO o.a.j.s.DataStrippingSampleSender: Using DataStrippingSampleSender for this run
2019-05-08 11:13:56,957 INFO o.a.j.r.RmiUtils: Disabling SSL for RMI as server.rmi.ssl.disable is set to 'true'
2019-05-08 11:13:56,957 INFO o.a.j.r.RmiUtils: Disabling SSL for RMI as server.rmi.ssl.disable is set to 'true'
2019-05-08 11:13:56,958 INFO o.a.j.s.BatchSampleSender: Using batching (client settings) for this run. Thresholds: num=100, time=60000
2019-05-08 11:13:56,958 INFO o.a.j.s.DataStrippingSampleSender: Using DataStrippingSampleSender for this run
2019-05-08 11:13:56,958 INFO o.a.j.r.RmiUtils: Disabling SSL for RMI as server.rmi.ssl.disable is set to 'true'
2019-05-08 11:13:56,958 INFO o.a.j.r.RmiUtils: Disabling SSL for RMI as server.rmi.ssl.disable is set to 'true'
2019-05-08 11:13:56,975 INFO o.a.j.JMeter: Started remote host:  28.0.0.27 (1557314036975)
2019-05-08 11:13:56,977 INFO o.a.j.r.RmiUtils: Disabling SSL for RMI as server.rmi.ssl.disable is set to 'true'
2019-05-08 11:13:56,977 INFO o.a.j.r.RmiUtils: Disabling SSL for RMI as server.rmi.ssl.disable is set to 'true'
2019-05-08 11:13:56,992 INFO o.a.j.e.ClientJMeterEngine: sent test to 28.0.0.29 basedir='.'
2019-05-08 11:13:56,992 INFO o.a.j.e.ClientJMeterEngine: Sending properties {}
2019-05-08 11:13:56,994 INFO o.a.j.e.ClientJMeterEngine: sent run command to 28.0.0.29
2019-05-08 11:13:56,994 INFO o.a.j.e.DistributedRunner: Remote engines have been started
2019-05-08 11:13:57,000 INFO o.a.j.JMeter: Started remote host:  28.0.0.29 (1557314037000)
2019-05-08 11:13:57,033 INFO o.a.j.s.SampleResult: Note: Sample TimeStamps are START times
2019-05-08 11:13:57,033 INFO o.a.j.s.SampleResult: sampleresult.default.encoding is set to ISO-8859-1
2019-05-08 11:13:57,033 INFO o.a.j.s.SampleResult: sampleresult.useNanoTime=true
2019-05-08 11:13:57,033 INFO o.a.j.s.SampleResult: sampleresult.nanoThreadSleep=5000
2019-05-08 11:14:00,071 INFO o.a.j.r.Summariser: summary +   2005 in 00:00:03 =  631.5/s Avg:   163 Min:     1 Max:  1909 Err:     0 (0.00%) Active: 360 Started: 360 Finished: 0
2019-05-08 11:14:30,022 INFO o.a.j.r.Summariser: summary +  67800 in 00:00:30 = 2263.6/s Avg:   260 Min:     1 Max:  5552 Err:     0 (0.00%) Active: 600 Started: 600 Finished: 0
2019-05-08 11:14:30,022 INFO o.a.j.r.Summariser: summary =  69805 in 00:00:33 = 2107.2/s Avg:   258 Min:     1 Max:  5552 Err:     0 (0.00%)
2019-05-08 11:15:00,007 INFO o.a.j.r.Summariser: summary + 100400 in 00:00:30 = 3348.3/s Avg:   175 Min:     1 Max:  2192 Err:     0 (0.00%) Active: 600 Started: 600 Finished: 0
2019-05-08 11:15:00,008 INFO o.a.j.r.Summariser: summary = 170205 in 00:01:03 = 2696.8/s Avg:   209 Min:     1 Max:  5552 Err:     0 (0.00%)
2019-05-08 11:15:30,010 INFO o.a.j.r.Summariser: summary + 133800 in 00:00:30 = 4459.6/s Avg:   137 Min:     1 Max:  4702 Err:     0 (0.00%) Active: 600 Started: 600 Finished: 0
2019-05-08 11:15:30,011 INFO o.a.j.r.Summariser: summary = 304005 in 00:01:33 = 3264.8/s Avg:   177 Min:     1 Max:  5552 Err:     0 (0.00%)
2019-05-08 11:16:00,001 INFO o.a.j.r.Summariser: summary + 146100 in 00:00:30 = 4871.5/s Avg:   121 Min:     1 Max:  4044 Err:     0 (0.00%) Active: 586 Started: 600 Finished: 14
2019-05-08 11:16:00,002 INFO o.a.j.r.Summariser: summary = 450105 in 00:02:03 = 3656.2/s Avg:   159 Min:     1 Max:  5552 Err:     0 (0.00%)
2019-05-08 11:16:30,041 INFO o.a.j.r.Summariser: summary + 135800 in 00:00:30 = 4520.8/s Avg:   101 Min:     1 Max:  4068 Err:     0 (0.00%) Active: 179 Started: 600 Finished: 421
2019-05-08 11:16:30,041 INFO o.a.j.r.Summariser: summary = 585905 in 00:02:33 = 3825.8/s Avg:   146 Min:     1 Max:  5552 Err:     0 (0.00%)
2019-05-08 11:16:37,946 INFO o.a.j.JMeter: Finished remote host: 28.0.0.25 (1557314197946)
2019-05-08 11:16:38,752 INFO o.a.j.JMeter: Finished remote host: 28.0.0.29 (1557314198752)
2019-05-08 11:16:38,938 INFO o.a.j.JMeter: Finished remote host: 28.0.0.27 (1557314198937)
2019-05-08 11:16:39,630 INFO o.a.j.r.Summariser: summary +  14095 in 00:00:10 = 1469.8/s Avg:    49 Min:     1 Max:  3250 Err:     0 (0.00%) Active: 0 Started: 600 Finished: 600
2019-05-08 11:16:39,631 INFO o.a.j.r.Summariser: summary = 600000 in 00:02:43 = 3686.9/s Avg:   143 Min:     1 Max:  5552 Err:     0 (0.00%)
2019-05-08 11:16:39,632 INFO o.a.j.JMeter: Finished remote host: 28.0.0.24 (1557314199632)
2019-05-08 11:16:44,634 INFO o.a.j.JMeter: Interrupting RMI Reaper
