2019-04-26 12:50:17,887 INFO o.a.j.u.JMeterUtils: Setting Locale to en_US
2019-04-26 12:50:17,902 INFO o.a.j.JMeter: Loading user properties from: /mnt/data/benchmark/apache-jmeter-4.0/bin/user.properties
2019-04-26 12:50:17,903 INFO o.a.j.JMeter: Loading system properties from: /mnt/data/benchmark/apache-jmeter-4.0/bin/system.properties
2019-04-26 12:50:17,909 INFO o.a.j.JMeter: Copyright (c) 1998-2018 The Apache Software Foundation
2019-04-26 12:50:17,909 INFO o.a.j.JMeter: Version 4.0 r1823414
2019-04-26 12:50:17,909 INFO o.a.j.JMeter: java.version=1.8.0_191
2019-04-26 12:50:17,909 INFO o.a.j.JMeter: java.vm.name=OpenJDK 64-Bit Server VM
2019-04-26 12:50:17,909 INFO o.a.j.JMeter: os.name=Linux
2019-04-26 12:50:17,909 INFO o.a.j.JMeter: os.arch=amd64
2019-04-26 12:50:17,909 INFO o.a.j.JMeter: os.version=4.15.0-1041-azure
2019-04-26 12:50:17,910 INFO o.a.j.JMeter: file.encoding=UTF-8
2019-04-26 12:50:17,910 INFO o.a.j.JMeter: Max memory     =1860698112
2019-04-26 12:50:17,910 INFO o.a.j.JMeter: Available Processors =2
2019-04-26 12:50:17,915 INFO o.a.j.JMeter: Default Locale=English (United States)
2019-04-26 12:50:17,915 INFO o.a.j.JMeter: JMeter  Locale=English (United States)
2019-04-26 12:50:17,915 INFO o.a.j.JMeter: JMeterHome=/mnt/data/benchmark/apache-jmeter-4.0
2019-04-26 12:50:17,916 INFO o.a.j.JMeter: user.dir  =/home/vinaya/sunbird-perf-tests/sunbird-platform
2019-04-26 12:50:17,916 INFO o.a.j.JMeter: PWD       =/home/vinaya/sunbird-perf-tests/sunbird-platform
2019-04-26 12:50:17,919 INFO o.a.j.JMeter: IP: 28.0.0.23 Name: jmeter-lms-1 FullName: 28.0.0.23
2019-04-26 12:50:17,923 INFO o.a.j.s.FileServer: Default base='/home/vinaya/sunbird-perf-tests/sunbird-platform'
2019-04-26 12:50:17,928 INFO o.a.j.s.FileServer: Set new base='/home/vinaya/current_scenario'
2019-04-26 12:50:18,081 INFO o.a.j.s.SaveService: Testplan (JMX) version: 2.2. Testlog (JTL) version: 2.2
2019-04-26 12:50:18,097 INFO o.a.j.s.SaveService: Using SaveService properties file encoding UTF-8
2019-04-26 12:50:18,101 INFO o.a.j.s.SaveService: Using SaveService properties version 4.0
2019-04-26 12:50:18,108 INFO o.a.j.s.SaveService: Loading file: /home/vinaya/current_scenario/org-search.jmx
2019-04-26 12:50:18,170 INFO o.a.j.p.h.s.HTTPSamplerBase: Parser for text/html is org.apache.jmeter.protocol.http.parser.LagartoBasedHtmlParser
2019-04-26 12:50:18,170 INFO o.a.j.p.h.s.HTTPSamplerBase: Parser for application/xhtml+xml is org.apache.jmeter.protocol.http.parser.LagartoBasedHtmlParser
2019-04-26 12:50:18,170 INFO o.a.j.p.h.s.HTTPSamplerBase: Parser for application/xml is org.apache.jmeter.protocol.http.parser.LagartoBasedHtmlParser
2019-04-26 12:50:18,170 INFO o.a.j.p.h.s.HTTPSamplerBase: Parser for text/xml is org.apache.jmeter.protocol.http.parser.LagartoBasedHtmlParser
2019-04-26 12:50:18,171 INFO o.a.j.p.h.s.HTTPSamplerBase: Parser for text/vnd.wap.wml is org.apache.jmeter.protocol.http.parser.RegexpHTMLParser
2019-04-26 12:50:18,171 INFO o.a.j.p.h.s.HTTPSamplerBase: Parser for text/css is org.apache.jmeter.protocol.http.parser.CssParser
2019-04-26 12:50:18,204 INFO o.a.j.JMeter: Creating summariser <summary>
2019-04-26 12:50:18,208 INFO o.a.j.e.DistributedRunner: Configuring remote engine: 28.0.0.24
2019-04-26 12:50:18,209 INFO o.a.j.r.RmiUtils: Disabling SSL for RMI as server.rmi.ssl.disable is set to 'true'
2019-04-26 12:50:18,310 INFO o.a.j.e.DistributedRunner: Configuring remote engine: 28.0.0.25
2019-04-26 12:50:18,310 INFO o.a.j.r.RmiUtils: Disabling SSL for RMI as server.rmi.ssl.disable is set to 'true'
2019-04-26 12:50:18,323 INFO o.a.j.e.DistributedRunner: Starting remote engines
2019-04-26 12:50:18,324 INFO o.a.j.e.DistributedRunner: Starting the test @ Fri Apr 26 12:50:18 UTC 2019 (1556283018323)
2019-04-26 12:50:18,324 INFO o.a.j.e.ClientJMeterEngine: running clientengine run method
2019-04-26 12:50:18,328 INFO o.a.j.e.u.CompoundVariable: Note: Function class names must contain the string: '.functions.'
2019-04-26 12:50:18,328 INFO o.a.j.e.u.CompoundVariable: Note: Function class names must not contain the string: '.gui.'
2019-04-26 12:50:18,768 INFO o.a.j.r.RmiUtils: Disabling SSL for RMI as server.rmi.ssl.disable is set to 'true'
2019-04-26 12:50:18,768 INFO o.a.j.r.RmiUtils: Disabling SSL for RMI as server.rmi.ssl.disable is set to 'true'
2019-04-26 12:50:18,771 INFO o.a.j.s.SampleEvent: List of sample_variables: []
2019-04-26 12:50:18,778 INFO o.a.j.s.BatchSampleSender: Using batching (client settings) for this run. Thresholds: num=100, time=60000
2019-04-26 12:50:18,778 INFO o.a.j.s.DataStrippingSampleSender: Using DataStrippingSampleSender for this run
2019-04-26 12:50:18,778 INFO o.a.j.r.RmiUtils: Disabling SSL for RMI as server.rmi.ssl.disable is set to 'true'
2019-04-26 12:50:18,779 INFO o.a.j.r.RmiUtils: Disabling SSL for RMI as server.rmi.ssl.disable is set to 'true'
2019-04-26 12:50:18,779 INFO o.a.j.s.BatchSampleSender: Using batching (client settings) for this run. Thresholds: num=100, time=60000
2019-04-26 12:50:18,779 INFO o.a.j.s.DataStrippingSampleSender: Using DataStrippingSampleSender for this run
2019-04-26 12:50:18,780 INFO o.a.j.r.RmiUtils: Disabling SSL for RMI as server.rmi.ssl.disable is set to 'true'
2019-04-26 12:50:18,780 INFO o.a.j.r.RmiUtils: Disabling SSL for RMI as server.rmi.ssl.disable is set to 'true'
2019-04-26 12:50:19,138 INFO o.a.j.r.RmiUtils: Disabling SSL for RMI as server.rmi.ssl.disable is set to 'true'
2019-04-26 12:50:19,139 INFO o.a.j.r.RmiUtils: Disabling SSL for RMI as server.rmi.ssl.disable is set to 'true'
2019-04-26 12:50:19,243 INFO o.a.j.e.ClientJMeterEngine: sent test to 28.0.0.25 basedir='.'
2019-04-26 12:50:19,243 INFO o.a.j.e.ClientJMeterEngine: Sending properties {}
2019-04-26 12:50:19,248 INFO o.a.j.e.ClientJMeterEngine: sent run command to 28.0.0.25
2019-04-26 12:50:19,248 INFO o.a.j.e.ClientJMeterEngine: running clientengine run method
2019-04-26 12:50:19,248 INFO o.a.j.r.RmiUtils: Disabling SSL for RMI as server.rmi.ssl.disable is set to 'true'
2019-04-26 12:50:19,248 INFO o.a.j.r.RmiUtils: Disabling SSL for RMI as server.rmi.ssl.disable is set to 'true'
2019-04-26 12:50:19,249 INFO o.a.j.s.BatchSampleSender: Using batching (client settings) for this run. Thresholds: num=100, time=60000
2019-04-26 12:50:19,249 INFO o.a.j.s.DataStrippingSampleSender: Using DataStrippingSampleSender for this run
2019-04-26 12:50:19,249 INFO o.a.j.r.RmiUtils: Disabling SSL for RMI as server.rmi.ssl.disable is set to 'true'
2019-04-26 12:50:19,249 INFO o.a.j.r.RmiUtils: Disabling SSL for RMI as server.rmi.ssl.disable is set to 'true'
2019-04-26 12:50:19,249 INFO o.a.j.s.BatchSampleSender: Using batching (client settings) for this run. Thresholds: num=100, time=60000
2019-04-26 12:50:19,249 INFO o.a.j.s.DataStrippingSampleSender: Using DataStrippingSampleSender for this run
2019-04-26 12:50:19,249 INFO o.a.j.r.RmiUtils: Disabling SSL for RMI as server.rmi.ssl.disable is set to 'true'
2019-04-26 12:50:19,249 INFO o.a.j.r.RmiUtils: Disabling SSL for RMI as server.rmi.ssl.disable is set to 'true'
2019-04-26 12:50:19,258 WARN o.a.j.r.ResultCollector: Error creating directories for /Users/anmolgupta/Documents
2019-04-26 12:50:19,263 INFO o.a.j.JMeter: Started remote host:  28.0.0.25 (1556283019263)
2019-04-26 12:50:19,269 INFO o.a.j.r.RmiUtils: Disabling SSL for RMI as server.rmi.ssl.disable is set to 'true'
2019-04-26 12:50:19,269 INFO o.a.j.r.RmiUtils: Disabling SSL for RMI as server.rmi.ssl.disable is set to 'true'
2019-04-26 12:50:19,295 INFO o.a.j.e.ClientJMeterEngine: sent test to 28.0.0.24 basedir='.'
2019-04-26 12:50:19,296 INFO o.a.j.e.ClientJMeterEngine: Sending properties {}
2019-04-26 12:50:19,299 INFO o.a.j.e.ClientJMeterEngine: sent run command to 28.0.0.24
2019-04-26 12:50:19,299 INFO o.a.j.e.DistributedRunner: Remote engines have been started
2019-04-26 12:50:19,303 WARN o.a.j.r.ResultCollector: Error creating directories for /Users/anmolgupta/Documents
2019-04-26 12:50:19,305 INFO o.a.j.JMeter: Started remote host:  28.0.0.24 (1556283019305)
2019-04-26 12:50:19,391 INFO o.a.j.s.SampleResult: Note: Sample TimeStamps are START times
2019-04-26 12:50:19,392 INFO o.a.j.s.SampleResult: sampleresult.default.encoding is set to ISO-8859-1
2019-04-26 12:50:19,392 INFO o.a.j.s.SampleResult: sampleresult.useNanoTime=true
2019-04-26 12:50:19,392 INFO o.a.j.s.SampleResult: sampleresult.nanoThreadSleep=5000
2019-04-26 12:50:19,423 INFO o.a.j.JMeter: Finished remote host: 28.0.0.25 (1556283019422)
2019-04-26 12:50:19,479 INFO o.a.j.r.Summariser: summary =     10 in 00:00:00 =   46.1/s Avg:    83 Min:    69 Max:   105 Err:     0 (0.00%)
2019-04-26 12:50:19,480 INFO o.a.j.JMeter: Finished remote host: 28.0.0.24 (1556283019480)
2019-04-26 12:50:24,482 INFO o.a.j.JMeter: Interrupting RMI Reaper
