Creating summariser <summary>
Created the tree successfully using /home/vinaya/current_scenario/system-settings.jmx
Configuring remote engine: 28.0.0.24
Configuring remote engine: 28.0.0.25
Configuring remote engine: 28.0.0.27
Configuring remote engine: 28.0.0.29
Starting remote engines
Starting the test @ Tue May 07 11:24:16 UTC 2019 (1557228256034)
Remote engines have been started
Waiting for possible Shutdown/StopTestNow/Heapdump message on port 4445
summary +   4505 in 00:00:13 =  347.2/s Avg:   414 Min:    13 Max:   720 Err:     0 (0.00%) Active: 200 Started: 200 Finished: 0
summary +  11200 in 00:00:30 =  372.2/s Avg:   536 Min:    13 Max:   917 Err:     0 (0.00%) Active: 200 Started: 200 Finished: 0
summary =  15705 in 00:00:43 =  364.7/s Avg:   501 Min:    13 Max:   917 Err:     0 (0.00%)
summary +  11200 in 00:00:30 =  371.5/s Avg:   533 Min:    11 Max:  1462 Err:     0 (0.00%) Active: 200 Started: 200 Finished: 0
summary =  26905 in 00:01:13 =  367.5/s Avg:   515 Min:    11 Max:  1462 Err:     0 (0.00%)
summary +  11100 in 00:00:30 =  372.3/s Avg:   536 Min:    11 Max:  1698 Err:     0 (0.00%) Active: 200 Started: 200 Finished: 0
summary =  38005 in 00:01:43 =  368.8/s Avg:   521 Min:    11 Max:  1698 Err:     0 (0.00%)
summary +  11300 in 00:00:30 =  371.3/s Avg:   534 Min:    11 Max:  1843 Err:     0 (0.00%) Active: 200 Started: 200 Finished: 0
summary =  49305 in 00:02:13 =  369.4/s Avg:   524 Min:    11 Max:  1843 Err:     0 (0.00%)
summary +  11200 in 00:00:30 =  376.7/s Avg:   531 Min:    11 Max:  1972 Err:     0 (0.00%) Active: 200 Started: 200 Finished: 0
summary =  60505 in 00:02:43 =  370.7/s Avg:   525 Min:    11 Max:  1972 Err:     0 (0.00%)
summary +  11300 in 00:00:30 =  378.0/s Avg:   523 Min:    11 Max:  2256 Err:     0 (0.00%) Active: 200 Started: 200 Finished: 0
summary =  71805 in 00:03:13 =  371.9/s Avg:   525 Min:    11 Max:  2256 Err:     0 (0.00%)
summary +  11400 in 00:00:30 =  374.8/s Avg:   536 Min:    11 Max:  2327 Err:     0 (0.00%) Active: 200 Started: 200 Finished: 0
summary =  83205 in 00:03:44 =  372.2/s Avg:   526 Min:    11 Max:  2327 Err:     0 (0.00%)
summary +  11100 in 00:00:29 =  376.6/s Avg:   530 Min:    11 Max:  2521 Err:     0 (0.00%) Active: 200 Started: 200 Finished: 0
summary =  94305 in 00:04:13 =  372.8/s Avg:   527 Min:    11 Max:  2521 Err:     0 (0.00%)
summary +  11200 in 00:00:30 =  371.3/s Avg:   536 Min:    12 Max:  2483 Err:     0 (0.00%) Active: 200 Started: 200 Finished: 0
summary = 105505 in 00:04:43 =  372.6/s Avg:   528 Min:    11 Max:  2521 Err:     0 (0.00%)
summary +  11100 in 00:00:30 =  372.1/s Avg:   536 Min:    10 Max:  2250 Err:     0 (0.00%) Active: 200 Started: 200 Finished: 0
summary = 116605 in 00:05:13 =  372.6/s Avg:   529 Min:    10 Max:  2521 Err:     0 (0.00%)
summary +  11500 in 00:00:30 =  378.2/s Avg:   534 Min:    10 Max:  2124 Err:     0 (0.00%) Active: 200 Started: 200 Finished: 0
summary = 128105 in 00:05:43 =  373.1/s Avg:   529 Min:    10 Max:  2521 Err:     0 (0.00%)
summary +  11100 in 00:00:30 =  371.9/s Avg:   533 Min:    11 Max:  2055 Err:     0 (0.00%) Active: 200 Started: 200 Finished: 0
summary = 139205 in 00:06:13 =  373.0/s Avg:   529 Min:    10 Max:  2521 Err:     0 (0.00%)
summary +  11300 in 00:00:30 =  376.9/s Avg:   532 Min:    10 Max:  2173 Err:     0 (0.00%) Active: 200 Started: 200 Finished: 0
summary = 150505 in 00:06:43 =  373.3/s Avg:   530 Min:    10 Max:  2521 Err:     0 (0.00%)
summary +  11200 in 00:00:30 =  373.6/s Avg:   536 Min:    10 Max:  1995 Err:     0 (0.00%) Active: 200 Started: 200 Finished: 0
summary = 161705 in 00:07:13 =  373.3/s Avg:   530 Min:    10 Max:  2521 Err:     0 (0.00%)
summary +  11300 in 00:00:30 =  378.0/s Avg:   534 Min:    11 Max:  1851 Err:     0 (0.00%) Active: 200 Started: 200 Finished: 0
summary = 173005 in 00:07:43 =  373.6/s Avg:   530 Min:    10 Max:  2521 Err:     0 (0.00%)
summary +  11200 in 00:00:30 =  373.7/s Avg:   528 Min:    11 Max:  1724 Err:     0 (0.00%) Active: 195 Started: 200 Finished: 5
summary = 184205 in 00:08:13 =  373.6/s Avg:   530 Min:    10 Max:  2521 Err:     0 (0.00%)
summary +  11300 in 00:00:30 =  376.6/s Avg:   446 Min:    11 Max:  1759 Err:     0 (0.00%) Active: 113 Started: 200 Finished: 87
summary = 195505 in 00:08:43 =  373.8/s Avg:   525 Min:    10 Max:  2521 Err:     0 (0.00%)
summary +   4495 in 00:00:13 =  349.6/s Avg:   217 Min:    10 Max:  1111 Err:     0 (0.00%) Active: 0 Started: 200 Finished: 200
summary = 200000 in 00:08:56 =  373.2/s Avg:   518 Min:    10 Max:  2521 Err:     0 (0.00%)
Tidying up remote @ Tue May 07 11:33:12 UTC 2019 (1557228792971)
... end of run
