2019-04-26 10:11:14,194 INFO o.a.j.u.JMeterUtils: Setting Locale to en_US
2019-04-26 10:11:14,209 INFO o.a.j.JMeter: Loading user properties from: /mnt/data/benchmark/apache-jmeter-4.0/bin/user.properties
2019-04-26 10:11:14,209 INFO o.a.j.JMeter: Loading system properties from: /mnt/data/benchmark/apache-jmeter-4.0/bin/system.properties
2019-04-26 10:11:14,216 INFO o.a.j.JMeter: Copyright (c) 1998-2018 The Apache Software Foundation
2019-04-26 10:11:14,216 INFO o.a.j.JMeter: Version 4.0 r1823414
2019-04-26 10:11:14,216 INFO o.a.j.JMeter: java.version=1.8.0_191
2019-04-26 10:11:14,216 INFO o.a.j.JMeter: java.vm.name=OpenJDK 64-Bit Server VM
2019-04-26 10:11:14,216 INFO o.a.j.JMeter: os.name=Linux
2019-04-26 10:11:14,216 INFO o.a.j.JMeter: os.arch=amd64
2019-04-26 10:11:14,216 INFO o.a.j.JMeter: os.version=4.15.0-1041-azure
2019-04-26 10:11:14,217 INFO o.a.j.JMeter: file.encoding=UTF-8
2019-04-26 10:11:14,217 INFO o.a.j.JMeter: Max memory     =1860698112
2019-04-26 10:11:14,217 INFO o.a.j.JMeter: Available Processors =2
2019-04-26 10:11:14,222 INFO o.a.j.JMeter: Default Locale=English (United States)
2019-04-26 10:11:14,223 INFO o.a.j.JMeter: JMeter  Locale=English (United States)
2019-04-26 10:11:14,223 INFO o.a.j.JMeter: JMeterHome=/mnt/data/benchmark/apache-jmeter-4.0
2019-04-26 10:11:14,223 INFO o.a.j.JMeter: user.dir  =/home/vinaya/sunbird-perf-tests/sunbird-platform
2019-04-26 10:11:14,223 INFO o.a.j.JMeter: PWD       =/home/vinaya/sunbird-perf-tests/sunbird-platform
2019-04-26 10:11:14,227 INFO o.a.j.JMeter: IP: 28.0.0.23 Name: jmeter-lms-1 FullName: 28.0.0.23
2019-04-26 10:11:14,231 INFO o.a.j.s.FileServer: Default base='/home/vinaya/sunbird-perf-tests/sunbird-platform'
2019-04-26 10:11:14,239 INFO o.a.j.s.FileServer: Set new base='/home/vinaya/current_scenario'
2019-04-26 10:11:14,401 INFO o.a.j.s.SaveService: Testplan (JMX) version: 2.2. Testlog (JTL) version: 2.2
2019-04-26 10:11:14,422 INFO o.a.j.s.SaveService: Using SaveService properties file encoding UTF-8
2019-04-26 10:11:14,427 INFO o.a.j.s.SaveService: Using SaveService properties version 4.0
2019-04-26 10:11:14,436 INFO o.a.j.s.SaveService: Loading file: /home/vinaya/current_scenario/system-settings.jmx
2019-04-26 10:11:14,516 INFO o.a.j.p.h.s.HTTPSamplerBase: Parser for text/html is org.apache.jmeter.protocol.http.parser.LagartoBasedHtmlParser
2019-04-26 10:11:14,517 INFO o.a.j.p.h.s.HTTPSamplerBase: Parser for application/xhtml+xml is org.apache.jmeter.protocol.http.parser.LagartoBasedHtmlParser
2019-04-26 10:11:14,517 INFO o.a.j.p.h.s.HTTPSamplerBase: Parser for application/xml is org.apache.jmeter.protocol.http.parser.LagartoBasedHtmlParser
2019-04-26 10:11:14,517 INFO o.a.j.p.h.s.HTTPSamplerBase: Parser for text/xml is org.apache.jmeter.protocol.http.parser.LagartoBasedHtmlParser
2019-04-26 10:11:14,517 INFO o.a.j.p.h.s.HTTPSamplerBase: Parser for text/vnd.wap.wml is org.apache.jmeter.protocol.http.parser.RegexpHTMLParser
2019-04-26 10:11:14,517 INFO o.a.j.p.h.s.HTTPSamplerBase: Parser for text/css is org.apache.jmeter.protocol.http.parser.CssParser
2019-04-26 10:11:14,549 INFO o.a.j.JMeter: Creating summariser <summary>
2019-04-26 10:11:14,553 INFO o.a.j.e.DistributedRunner: Configuring remote engine: 28.0.0.24
2019-04-26 10:11:14,555 INFO o.a.j.r.RmiUtils: Disabling SSL for RMI as server.rmi.ssl.disable is set to 'true'
2019-04-26 10:11:14,647 INFO o.a.j.e.DistributedRunner: Configuring remote engine: 28.0.0.25
2019-04-26 10:11:14,648 INFO o.a.j.r.RmiUtils: Disabling SSL for RMI as server.rmi.ssl.disable is set to 'true'
2019-04-26 10:11:14,657 INFO o.a.j.e.DistributedRunner: Starting remote engines
2019-04-26 10:11:14,658 INFO o.a.j.e.DistributedRunner: Starting the test @ Fri Apr 26 10:11:14 UTC 2019 (1556273474657)
2019-04-26 10:11:14,659 INFO o.a.j.e.ClientJMeterEngine: running clientengine run method
2019-04-26 10:11:14,663 INFO o.a.j.e.u.CompoundVariable: Note: Function class names must contain the string: '.functions.'
2019-04-26 10:11:14,663 INFO o.a.j.e.u.CompoundVariable: Note: Function class names must not contain the string: '.gui.'
2019-04-26 10:11:15,118 INFO o.a.j.r.RmiUtils: Disabling SSL for RMI as server.rmi.ssl.disable is set to 'true'
2019-04-26 10:11:15,119 INFO o.a.j.r.RmiUtils: Disabling SSL for RMI as server.rmi.ssl.disable is set to 'true'
2019-04-26 10:11:15,121 INFO o.a.j.s.SampleEvent: List of sample_variables: []
2019-04-26 10:11:15,127 INFO o.a.j.s.BatchSampleSender: Using batching (client settings) for this run. Thresholds: num=100, time=60000
2019-04-26 10:11:15,127 INFO o.a.j.s.DataStrippingSampleSender: Using DataStrippingSampleSender for this run
2019-04-26 10:11:15,128 INFO o.a.j.r.RmiUtils: Disabling SSL for RMI as server.rmi.ssl.disable is set to 'true'
2019-04-26 10:11:15,128 INFO o.a.j.r.RmiUtils: Disabling SSL for RMI as server.rmi.ssl.disable is set to 'true'
2019-04-26 10:11:15,128 INFO o.a.j.s.BatchSampleSender: Using batching (client settings) for this run. Thresholds: num=100, time=60000
2019-04-26 10:11:15,128 INFO o.a.j.s.DataStrippingSampleSender: Using DataStrippingSampleSender for this run
2019-04-26 10:11:15,129 INFO o.a.j.r.RmiUtils: Disabling SSL for RMI as server.rmi.ssl.disable is set to 'true'
2019-04-26 10:11:15,129 INFO o.a.j.r.RmiUtils: Disabling SSL for RMI as server.rmi.ssl.disable is set to 'true'
2019-04-26 10:11:15,483 INFO o.a.j.r.RmiUtils: Disabling SSL for RMI as server.rmi.ssl.disable is set to 'true'
2019-04-26 10:11:15,484 INFO o.a.j.r.RmiUtils: Disabling SSL for RMI as server.rmi.ssl.disable is set to 'true'
2019-04-26 10:11:15,548 INFO o.a.j.e.ClientJMeterEngine: sent test to 28.0.0.25 basedir='.'
2019-04-26 10:11:15,548 INFO o.a.j.e.ClientJMeterEngine: Sending properties {}
2019-04-26 10:11:15,552 INFO o.a.j.e.ClientJMeterEngine: sent run command to 28.0.0.25
2019-04-26 10:11:15,552 INFO o.a.j.e.ClientJMeterEngine: running clientengine run method
2019-04-26 10:11:15,552 INFO o.a.j.r.RmiUtils: Disabling SSL for RMI as server.rmi.ssl.disable is set to 'true'
2019-04-26 10:11:15,552 INFO o.a.j.r.RmiUtils: Disabling SSL for RMI as server.rmi.ssl.disable is set to 'true'
2019-04-26 10:11:15,553 INFO o.a.j.s.BatchSampleSender: Using batching (client settings) for this run. Thresholds: num=100, time=60000
2019-04-26 10:11:15,553 INFO o.a.j.s.DataStrippingSampleSender: Using DataStrippingSampleSender for this run
2019-04-26 10:11:15,553 INFO o.a.j.r.RmiUtils: Disabling SSL for RMI as server.rmi.ssl.disable is set to 'true'
2019-04-26 10:11:15,553 INFO o.a.j.r.RmiUtils: Disabling SSL for RMI as server.rmi.ssl.disable is set to 'true'
2019-04-26 10:11:15,553 INFO o.a.j.s.BatchSampleSender: Using batching (client settings) for this run. Thresholds: num=100, time=60000
2019-04-26 10:11:15,553 INFO o.a.j.s.DataStrippingSampleSender: Using DataStrippingSampleSender for this run
2019-04-26 10:11:15,553 INFO o.a.j.r.RmiUtils: Disabling SSL for RMI as server.rmi.ssl.disable is set to 'true'
2019-04-26 10:11:15,554 INFO o.a.j.r.RmiUtils: Disabling SSL for RMI as server.rmi.ssl.disable is set to 'true'
2019-04-26 10:11:15,566 INFO o.a.j.JMeter: Started remote host:  28.0.0.25 (1556273475566)
2019-04-26 10:11:15,568 INFO o.a.j.r.RmiUtils: Disabling SSL for RMI as server.rmi.ssl.disable is set to 'true'
2019-04-26 10:11:15,568 INFO o.a.j.r.RmiUtils: Disabling SSL for RMI as server.rmi.ssl.disable is set to 'true'
2019-04-26 10:11:15,591 INFO o.a.j.e.ClientJMeterEngine: sent test to 28.0.0.24 basedir='.'
2019-04-26 10:11:15,591 INFO o.a.j.e.ClientJMeterEngine: Sending properties {}
2019-04-26 10:11:15,593 INFO o.a.j.e.ClientJMeterEngine: sent run command to 28.0.0.24
2019-04-26 10:11:15,593 INFO o.a.j.e.DistributedRunner: Remote engines have been started
2019-04-26 10:11:15,599 INFO o.a.j.JMeter: Started remote host:  28.0.0.24 (1556273475599)
2019-04-26 10:11:16,120 INFO o.a.j.s.SampleResult: Note: Sample TimeStamps are START times
2019-04-26 10:11:16,120 INFO o.a.j.s.SampleResult: sampleresult.default.encoding is set to ISO-8859-1
2019-04-26 10:11:16,121 INFO o.a.j.s.SampleResult: sampleresult.useNanoTime=true
2019-04-26 10:11:16,121 INFO o.a.j.s.SampleResult: sampleresult.nanoThreadSleep=5000
2019-04-26 10:11:17,162 INFO o.a.j.JMeter: Finished remote host: 28.0.0.25 (1556273477162)
2019-04-26 10:11:17,184 INFO o.a.j.r.Summariser: summary =    250 in 00:00:02 =  154.6/s Avg:   487 Min:    65 Max:  1168 Err:     0 (0.00%)
2019-04-26 10:11:17,185 INFO o.a.j.JMeter: Finished remote host: 28.0.0.24 (1556273477185)
2019-04-26 10:11:22,189 INFO o.a.j.JMeter: Interrupting RMI Reaper
