Creating summariser <summary>
Created the tree successfully using /home/rahul-tarento/current_scenario/user-read-with-same-access-token.jmx
Configuring remote engine: 28.0.0.24
Configuring remote engine: 28.0.0.25
Configuring remote engine: 28.0.0.27
Configuring remote engine: 28.0.0.29
Starting remote engines
Starting the test @ Sat May 11 09:42:10 UTC 2019 (1557567730596)
Remote engines have been started
Waiting for possible Shutdown/StopTestNow/Heapdump message on port 4445
summary +  31105 in 00:00:19 = 1675.9/s Avg:   200 Min:     5 Max:  1013 Err:     0 (0.00%) Active: 400 Started: 399 Finished: 0
summary +  52000 in 00:00:30 = 1734.2/s Avg:   230 Min:     5 Max:  1438 Err:     0 (0.00%) Active: 400 Started: 399 Finished: 0
summary =  83105 in 00:00:49 = 1711.9/s Avg:   219 Min:     5 Max:  1438 Err:     0 (0.00%)
summary +  52200 in 00:00:30 = 1732.1/s Avg:   230 Min:     5 Max:   877 Err:     0 (0.00%) Active: 400 Started: 399 Finished: 0
summary = 135305 in 00:01:19 = 1719.6/s Avg:   223 Min:     5 Max:  1438 Err:     0 (0.00%)
summary +  52100 in 00:00:30 = 1742.1/s Avg:   228 Min:     5 Max:  1280 Err:     0 (0.00%) Active: 400 Started: 399 Finished: 0
summary = 187405 in 00:01:49 = 1725.8/s Avg:   225 Min:     5 Max:  1438 Err:     0 (0.00%)
summary +  53500 in 00:00:30 = 1785.8/s Avg:   224 Min:     5 Max:  1273 Err:     0 (0.00%) Active: 400 Started: 399 Finished: 0
summary = 240905 in 00:02:19 = 1738.8/s Avg:   225 Min:     5 Max:  1438 Err:     0 (0.00%)
summary +  51500 in 00:00:30 = 1717.0/s Avg:   232 Min:     5 Max:  1617 Err:     0 (0.00%) Active: 400 Started: 399 Finished: 0
summary = 292405 in 00:02:49 = 1734.9/s Avg:   226 Min:     5 Max:  1617 Err:     0 (0.00%)
summary +  52600 in 00:00:30 = 1748.6/s Avg:   228 Min:     4 Max:   999 Err:     1 (0.00%) Active: 400 Started: 399 Finished: 0
summary = 345005 in 00:03:19 = 1737.0/s Avg:   226 Min:     4 Max:  1617 Err:     1 (0.00%)
summary +  52400 in 00:00:30 = 1750.1/s Avg:   228 Min:     5 Max:   895 Err:     0 (0.00%) Active: 400 Started: 399 Finished: 0
summary = 397405 in 00:03:49 = 1738.7/s Avg:   226 Min:     4 Max:  1617 Err:     1 (0.00%)
summary +  52900 in 00:00:30 = 1763.0/s Avg:   226 Min:     5 Max:   976 Err:     1 (0.00%) Active: 400 Started: 399 Finished: 0
summary = 450305 in 00:04:19 = 1741.5/s Avg:   226 Min:     4 Max:  1617 Err:     2 (0.00%)
summary +  52600 in 00:00:30 = 1754.0/s Avg:   227 Min:     4 Max:  1218 Err:     1 (0.00%) Active: 400 Started: 399 Finished: 0
summary = 502905 in 00:04:49 = 1742.8/s Avg:   226 Min:     4 Max:  1617 Err:     3 (0.00%)
summary +  52500 in 00:00:30 = 1750.0/s Avg:   228 Min:     4 Max:  1158 Err:     0 (0.00%) Active: 400 Started: 399 Finished: 0
summary = 555405 in 00:05:19 = 1743.5/s Avg:   227 Min:     4 Max:  1617 Err:     3 (0.00%)
summary +  53400 in 00:00:30 = 1777.0/s Avg:   224 Min:     5 Max:   936 Err:     0 (0.00%) Active: 400 Started: 399 Finished: 0
summary = 608805 in 00:05:49 = 1746.4/s Avg:   226 Min:     4 Max:  1617 Err:     3 (0.00%)
summary +  52800 in 00:00:30 = 1761.6/s Avg:   227 Min:     5 Max:  1355 Err:     0 (0.00%) Active: 400 Started: 399 Finished: 0
summary = 661605 in 00:06:19 = 1747.6/s Avg:   226 Min:     4 Max:  1617 Err:     3 (0.00%)
summary +  53100 in 00:00:30 = 1770.1/s Avg:   225 Min:     5 Max:  1121 Err:     0 (0.00%) Active: 400 Started: 399 Finished: 0
summary = 714705 in 00:06:49 = 1749.2/s Avg:   226 Min:     4 Max:  1617 Err:     3 (0.00%)
summary +  54200 in 00:00:30 = 1809.1/s Avg:   221 Min:     5 Max:  1024 Err:     0 (0.00%) Active: 400 Started: 399 Finished: 0
summary = 768905 in 00:07:19 = 1753.3/s Avg:   226 Min:     4 Max:  1617 Err:     3 (0.00%)
summary +  54200 in 00:00:30 = 1805.6/s Avg:   221 Min:     5 Max:   660 Err:     0 (0.00%) Active: 400 Started: 399 Finished: 0
summary = 823105 in 00:07:49 = 1756.7/s Avg:   226 Min:     4 Max:  1617 Err:     3 (0.00%)
summary +  54100 in 00:00:30 = 1804.7/s Avg:   221 Min:     5 Max:  1201 Err:     0 (0.00%) Active: 400 Started: 399 Finished: 0
summary = 877205 in 00:08:19 = 1759.6/s Avg:   225 Min:     4 Max:  1617 Err:     3 (0.00%)
summary +  53600 in 00:00:30 = 1781.6/s Avg:   224 Min:     4 Max:  1198 Err:     2 (0.00%) Active: 400 Started: 399 Finished: 0
summary = 930805 in 00:08:49 = 1760.8/s Avg:   225 Min:     4 Max:  1617 Err:     5 (0.00%)
summary +  54900 in 00:00:30 = 1831.6/s Avg:   213 Min:     4 Max:   912 Err:     0 (0.00%) Active: 346 Started: 399 Finished: 54
summary = 985705 in 00:09:19 = 1764.6/s Avg:   224 Min:     4 Max:  1617 Err:     5 (0.00%)
summary +  14295 in 00:00:08 = 1799.5/s Avg:   139 Min:     4 Max:  1169 Err:     0 (0.00%) Active: 0 Started: 399 Finished: 400
summary = 1000000 in 00:09:27 = 1765.1/s Avg:   223 Min:     4 Max:  1617 Err:     5 (0.00%)
Tidying up remote @ Sat May 11 09:51:38 UTC 2019 (1557568298006)
... end of run
