Creating summariser <summary>
Created the tree successfully using /home/vinaya/current_scenario/org-search.jmx
Configuring remote engine: 28.0.0.24
Configuring remote engine: 28.0.0.25
Configuring remote engine: 28.0.0.27
Configuring remote engine: 28.0.0.29
Starting remote engines
Starting the test @ Tue Apr 30 06:22:37 UTC 2019 (1556605357242)
Remote engines have been started
Waiting for possible Shutdown/StopTestNow/Heapdump message on port 4445
summary +  24605 in 00:00:22 = 1112.9/s Avg:   171 Min:     7 Max:  1740 Err:    82 (0.33%) Active: 200 Started: 200 Finished: 0
summary +  17300 in 00:00:30 =  571.7/s Avg:   334 Min:     7 Max:  3291 Err:     0 (0.00%) Active: 200 Started: 200 Finished: 0
summary =  41905 in 00:00:52 =  800.2/s Avg:   238 Min:     7 Max:  3291 Err:    82 (0.20%)
summary +   7700 in 00:00:30 =  260.4/s Avg:   781 Min:     6 Max:  3291 Err:     0 (0.00%) Active: 200 Started: 200 Finished: 0
summary =  49605 in 00:01:22 =  605.4/s Avg:   322 Min:     6 Max:  3291 Err:    82 (0.17%)
summary +   6400 in 00:00:30 =  212.0/s Avg:   882 Min:     6 Max:  3157 Err:     0 (0.00%) Active: 200 Started: 200 Finished: 0
summary =  56005 in 00:01:52 =  499.5/s Avg:   386 Min:     6 Max:  3291 Err:    82 (0.15%)
summary +   6000 in 00:00:30 =  199.1/s Avg:  1049 Min:     7 Max:  5156 Err:     0 (0.00%) Active: 200 Started: 200 Finished: 0
summary =  62005 in 00:02:22 =  435.9/s Avg:   451 Min:     6 Max:  5156 Err:    82 (0.13%)
summary +  18900 in 00:00:30 =  627.9/s Avg:   315 Min:     6 Max:  5299 Err:     0 (0.00%) Active: 200 Started: 200 Finished: 0
summary =  80905 in 00:02:52 =  469.4/s Avg:   419 Min:     6 Max:  5299 Err:    82 (0.10%)
summary +   7500 in 00:00:30 =  249.7/s Avg:   801 Min:     7 Max:  6087 Err:     0 (0.00%) Active: 200 Started: 200 Finished: 0
summary =  88405 in 00:03:22 =  436.8/s Avg:   451 Min:     6 Max:  6087 Err:    82 (0.09%)
summary +   7400 in 00:00:30 =  245.6/s Avg:   832 Min:     6 Max:  6080 Err:     0 (0.00%) Active: 200 Started: 200 Finished: 0
summary =  95805 in 00:03:53 =  412.0/s Avg:   481 Min:     6 Max:  6087 Err:    82 (0.09%)
summary +   7200 in 00:00:30 =  242.6/s Avg:   822 Min:     7 Max:  3318 Err:     0 (0.00%) Active: 200 Started: 200 Finished: 0
summary = 103005 in 00:04:22 =  392.8/s Avg:   505 Min:     6 Max:  6087 Err:    82 (0.08%)
summary +  16800 in 00:00:30 =  557.9/s Avg:   356 Min:     6 Max:  5120 Err:     2 (0.01%) Active: 200 Started: 200 Finished: 0
summary = 119805 in 00:04:52 =  409.8/s Avg:   484 Min:     6 Max:  6087 Err:    84 (0.07%)
summary +   7600 in 00:00:30 =  250.9/s Avg:   793 Min:     6 Max:  5188 Err:     0 (0.00%) Active: 200 Started: 200 Finished: 0
summary = 127405 in 00:05:23 =  394.9/s Avg:   502 Min:     6 Max:  6087 Err:    84 (0.07%)
summary +   7200 in 00:00:30 =  242.0/s Avg:   830 Min:     6 Max:  5154 Err:     0 (0.00%) Active: 200 Started: 200 Finished: 0
summary = 134605 in 00:05:52 =  382.0/s Avg:   520 Min:     6 Max:  6087 Err:    84 (0.06%)
summary +   7200 in 00:00:30 =  242.3/s Avg:   819 Min:     7 Max:  5151 Err:     0 (0.00%) Active: 200 Started: 200 Finished: 0
summary = 141805 in 00:06:22 =  371.1/s Avg:   535 Min:     6 Max:  6087 Err:    84 (0.06%)
summary +  17300 in 00:00:30 =  578.1/s Avg:   349 Min:     7 Max:  5224 Err:     0 (0.00%) Active: 200 Started: 200 Finished: 0
summary = 159105 in 00:06:52 =  386.2/s Avg:   515 Min:     6 Max:  6087 Err:    84 (0.05%)
summary +   7700 in 00:00:31 =  249.5/s Avg:   789 Min:     6 Max:  7133 Err:    25 (0.32%) Active: 200 Started: 200 Finished: 0
summary = 166805 in 00:07:23 =  376.6/s Avg:   527 Min:     6 Max:  7133 Err:   109 (0.07%)
summary +   7100 in 00:00:30 =  239.8/s Avg:   828 Min:     6 Max:  5146 Err:     0 (0.00%) Active: 197 Started: 200 Finished: 3
summary = 173905 in 00:07:52 =  368.1/s Avg:   540 Min:     6 Max:  7133 Err:   109 (0.06%)
summary +   7200 in 00:00:29 =  244.6/s Avg:   792 Min:     7 Max:  5158 Err:     0 (0.00%) Active: 186 Started: 200 Finished: 14
summary = 181105 in 00:08:22 =  360.8/s Avg:   550 Min:     6 Max:  7133 Err:   109 (0.06%)
summary +  16800 in 00:00:30 =  555.6/s Avg:   274 Min:     7 Max:  5163 Err:    12 (0.07%) Active: 56 Started: 200 Finished: 144
summary = 197905 in 00:08:52 =  371.9/s Avg:   526 Min:     6 Max:  7133 Err:   121 (0.06%)
summary +   2095 in 00:00:12 =  173.8/s Avg:   197 Min:     7 Max:  4128 Err:     0 (0.00%) Active: 0 Started: 200 Finished: 200
summary = 200000 in 00:09:04 =  367.5/s Avg:   523 Min:     6 Max:  7133 Err:   121 (0.06%)
Tidying up remote @ Tue Apr 30 06:31:42 UTC 2019 (1556605902305)
... end of run
