Creating summariser <summary>
Created the tree successfully using /home/vinaya/current_scenario/user-read-with-same-access-token.jmx
Configuring remote engine: 28.0.0.24
Configuring remote engine: 28.0.0.25
Configuring remote engine: 28.0.0.27
Configuring remote engine: 28.0.0.29
Starting remote engines
Starting the test @ Tue May 07 15:14:43 UTC 2019 (1557242083761)
Remote engines have been started
Waiting for possible Shutdown/StopTestNow/Heapdump message on port 4445
summary +   5205 in 00:00:16 =  332.0/s Avg:   454 Min:    24 Max:   955 Err:     0 (0.00%) Active: 200 Started: 200 Finished: 0
summary +  11200 in 00:00:30 =  369.1/s Avg:   542 Min:    25 Max:  1805 Err:     0 (0.00%) Active: 200 Started: 200 Finished: 0
summary =  16405 in 00:00:46 =  356.4/s Avg:   514 Min:    24 Max:  1805 Err:     0 (0.00%)
summary +  11200 in 00:00:30 =  379.6/s Avg:   528 Min:    24 Max:  1511 Err:     2 (0.02%) Active: 200 Started: 200 Finished: 0
summary =  27605 in 00:01:16 =  365.5/s Avg:   520 Min:    24 Max:  1805 Err:     2 (0.01%)
summary +  10900 in 00:00:30 =  363.1/s Avg:   544 Min:    23 Max:  3624 Err:     1 (0.01%) Active: 200 Started: 200 Finished: 0
summary =  38505 in 00:01:46 =  364.8/s Avg:   527 Min:    23 Max:  3624 Err:     3 (0.01%)
summary +  10700 in 00:00:30 =  356.2/s Avg:   556 Min:    21 Max:  2183 Err:     0 (0.00%) Active: 200 Started: 200 Finished: 0
summary =  49205 in 00:02:16 =  362.9/s Avg:   533 Min:    21 Max:  3624 Err:     3 (0.01%)
summary +  10300 in 00:00:30 =  343.5/s Avg:   584 Min:    21 Max:  2729 Err:     0 (0.00%) Active: 200 Started: 200 Finished: 0
summary =  59505 in 00:02:46 =  359.4/s Avg:   542 Min:    21 Max:  3624 Err:     3 (0.01%)
summary +  10400 in 00:00:30 =  348.8/s Avg:   576 Min:    21 Max:  3519 Err:     0 (0.00%) Active: 200 Started: 200 Finished: 0
summary =  69905 in 00:03:15 =  357.8/s Avg:   547 Min:    21 Max:  3624 Err:     3 (0.00%)
summary +  10800 in 00:00:31 =  353.5/s Avg:   561 Min:    22 Max:  3331 Err:     0 (0.00%) Active: 200 Started: 200 Finished: 0
summary =  80705 in 00:03:46 =  357.2/s Avg:   549 Min:    21 Max:  3624 Err:     3 (0.00%)
summary +  10400 in 00:00:29 =  353.2/s Avg:   573 Min:    21 Max:  4560 Err:     0 (0.00%) Active: 200 Started: 200 Finished: 0
summary =  91105 in 00:04:15 =  356.7/s Avg:   551 Min:    21 Max:  4560 Err:     3 (0.00%)
summary +  10000 in 00:00:30 =  329.2/s Avg:   599 Min:    21 Max:  4612 Err:     0 (0.00%) Active: 200 Started: 200 Finished: 0
summary = 101105 in 00:04:46 =  353.8/s Avg:   556 Min:    21 Max:  4612 Err:     3 (0.00%)
summary +  10400 in 00:00:30 =  343.7/s Avg:   579 Min:    22 Max:  4640 Err:     0 (0.00%) Active: 200 Started: 200 Finished: 0
summary = 111505 in 00:05:16 =  352.8/s Avg:   558 Min:    21 Max:  4640 Err:     3 (0.00%)
summary +   9800 in 00:00:30 =  327.3/s Avg:   609 Min:    21 Max:  4530 Err:     0 (0.00%) Active: 200 Started: 200 Finished: 0
summary = 121305 in 00:05:46 =  350.6/s Avg:   562 Min:    21 Max:  4640 Err:     3 (0.00%)
summary +   9900 in 00:00:30 =  331.1/s Avg:   600 Min:    21 Max:  4953 Err:     0 (0.00%) Active: 200 Started: 200 Finished: 0
summary = 131205 in 00:06:16 =  349.1/s Avg:   565 Min:    21 Max:  4953 Err:     3 (0.00%)
summary +   9600 in 00:00:29 =  325.6/s Avg:   623 Min:    21 Max:  5481 Err:     0 (0.00%) Active: 200 Started: 200 Finished: 0
summary = 140805 in 00:06:45 =  347.4/s Avg:   569 Min:    21 Max:  5481 Err:     3 (0.00%)
summary +   9700 in 00:00:30 =  322.5/s Avg:   618 Min:    21 Max:  5141 Err:     0 (0.00%) Active: 200 Started: 200 Finished: 0
summary = 150505 in 00:07:15 =  345.7/s Avg:   572 Min:    21 Max:  5481 Err:     3 (0.00%)
summary +   9700 in 00:00:31 =  317.6/s Avg:   623 Min:    22 Max:  5114 Err:     0 (0.00%) Active: 200 Started: 200 Finished: 0
summary = 160205 in 00:07:46 =  343.8/s Avg:   575 Min:    21 Max:  5481 Err:     3 (0.00%)
summary +   9500 in 00:00:29 =  323.0/s Avg:   626 Min:    19 Max:  4776 Err:     0 (0.00%) Active: 200 Started: 200 Finished: 0
summary = 169705 in 00:08:15 =  342.6/s Avg:   578 Min:    19 Max:  5481 Err:     3 (0.00%)
summary +   9700 in 00:00:30 =  322.2/s Avg:   611 Min:    21 Max:  5184 Err:     1 (0.01%) Active: 199 Started: 200 Finished: 1
summary = 179405 in 00:08:45 =  341.4/s Avg:   580 Min:    19 Max:  5481 Err:     4 (0.00%)
summary +   9800 in 00:00:30 =  327.6/s Avg:   601 Min:    21 Max:  4757 Err:     0 (0.00%) Active: 175 Started: 200 Finished: 25
summary = 189205 in 00:09:15 =  340.7/s Avg:   581 Min:    19 Max:  5481 Err:     4 (0.00%)
summary +   9000 in 00:00:30 =  297.3/s Avg:   431 Min:    21 Max:  3184 Err:     0 (0.00%) Active: 50 Started: 200 Finished: 150
summary = 198205 in 00:09:46 =  338.4/s Avg:   574 Min:    19 Max:  5481 Err:     4 (0.00%)
summary +   1795 in 00:00:11 =  169.2/s Avg:   218 Min:    21 Max:  3102 Err:     0 (0.00%) Active: 0 Started: 200 Finished: 200
summary = 200000 in 00:09:56 =  335.4/s Avg:   571 Min:    19 Max:  5481 Err:     4 (0.00%)
Tidying up remote @ Tue May 07 15:24:40 UTC 2019 (1557242680951)
... end of run
