Creating summariser <summary>
Created the tree successfully using /home/rahul-tarento/current_scenario/page-assemble.jmx
Configuring remote engine: 28.0.0.24
Configuring remote engine: 28.0.0.25
Configuring remote engine: 28.0.0.27
Configuring remote engine: 28.0.0.29
Starting remote engines
Starting the test @ Thu May 09 12:08:02 UTC 2019 (1557403682641)
summary +      1 in 00:00:00 =    8.1/s Avg:    30 Min:    30 Max:    30 Err:     0 (0.00%) Active: 35 Started: 7 Finished: 0
Remote engines have been started
Waiting for possible Shutdown/StopTestNow/Heapdump message on port 4445
summary +  11404 in 00:00:27 =  426.3/s Avg:   217 Min:    15 Max:  6999 Err:     0 (0.00%) Active: 100 Started: 72 Finished: 0
summary =  11405 in 00:00:27 =  424.4/s Avg:   217 Min:    15 Max:  6999 Err:     0 (0.00%)
summary +  11700 in 00:00:30 =  395.0/s Avg:   237 Min:    15 Max: 13255 Err:   102 (0.87%) Active: 100 Started: 72 Finished: 0
summary =  23105 in 00:00:56 =  409.0/s Avg:   227 Min:    15 Max: 13255 Err:   102 (0.44%)
summary +  11800 in 00:00:30 =  393.2/s Avg:   244 Min:    15 Max: 14874 Err:   154 (1.31%) Active: 100 Started: 72 Finished: 0
summary =  34905 in 00:01:27 =  403.5/s Avg:   233 Min:    15 Max: 14874 Err:   256 (0.73%)
summary +  11500 in 00:00:30 =  383.6/s Avg:   263 Min:    15 Max: 12869 Err:   188 (1.63%) Active: 99 Started: 72 Finished: 1
summary =  46405 in 00:01:56 =  398.4/s Avg:   240 Min:    15 Max: 14874 Err:   444 (0.96%)
summary +  11400 in 00:00:30 =  377.7/s Avg:   260 Min:    15 Max: 12593 Err:   186 (1.63%) Active: 98 Started: 72 Finished: 2
summary =  57805 in 00:02:27 =  394.1/s Avg:   244 Min:    15 Max: 14874 Err:   630 (1.09%)
summary +  10900 in 00:00:30 =  365.3/s Avg:   259 Min:    15 Max: 12777 Err:   168 (1.54%) Active: 92 Started: 72 Finished: 8
summary =  68705 in 00:02:57 =  389.3/s Avg:   247 Min:    15 Max: 14874 Err:   798 (1.16%)
summary +  10100 in 00:00:30 =  337.1/s Avg:   271 Min:    14 Max: 12762 Err:   189 (1.87%) Active: 85 Started: 72 Finished: 15
summary =  78805 in 00:03:26 =  381.7/s Avg:   250 Min:    14 Max: 14874 Err:   987 (1.25%)
summary +  10200 in 00:00:30 =  336.4/s Avg:   239 Min:    15 Max: 12712 Err:   146 (1.43%) Active: 61 Started: 72 Finished: 39
summary =  89005 in 00:03:57 =  375.9/s Avg:   248 Min:    14 Max: 14874 Err:  1133 (1.27%)
summary +   9199 in 00:00:30 =  309.7/s Avg:   149 Min:    15 Max: 11042 Err:    15 (0.16%) Active: 15 Started: 72 Finished: 85
summary =  98204 in 00:04:26 =  368.5/s Avg:   239 Min:    14 Max: 14874 Err:  1148 (1.17%)
summary +   1796 in 00:00:13 =  140.8/s Avg:    59 Min:    15 Max:  1652 Err:     0 (0.00%) Active: 0 Started: 72 Finished: 100
summary = 100000 in 00:04:39 =  358.1/s Avg:   236 Min:    14 Max: 14874 Err:  1148 (1.15%)
Tidying up remote @ Thu May 09 12:12:42 UTC 2019 (1557403962783)
... end of run
