2019-04-25 14:12:20,068 INFO o.a.j.u.JMeterUtils: Setting Locale to en_US
2019-04-25 14:12:20,083 INFO o.a.j.JMeter: Loading user properties from: /mnt/data/benchmark/apache-jmeter-4.0/bin/user.properties
2019-04-25 14:12:20,083 INFO o.a.j.JMeter: Loading system properties from: /mnt/data/benchmark/apache-jmeter-4.0/bin/system.properties
2019-04-25 14:12:20,090 INFO o.a.j.JMeter: Copyright (c) 1998-2018 The Apache Software Foundation
2019-04-25 14:12:20,090 INFO o.a.j.JMeter: Version 4.0 r1823414
2019-04-25 14:12:20,090 INFO o.a.j.JMeter: java.version=1.8.0_03-Ubuntu
2019-04-25 14:12:20,090 INFO o.a.j.JMeter: java.vm.name=OpenJDK 64-Bit Server VM
2019-04-25 14:12:20,090 INFO o.a.j.JMeter: os.name=Linux
2019-04-25 14:12:20,090 INFO o.a.j.JMeter: os.arch=amd64
2019-04-25 14:12:20,090 INFO o.a.j.JMeter: os.version=4.15.0-1041-azure
2019-04-25 14:12:20,090 INFO o.a.j.JMeter: file.encoding=UTF-8
2019-04-25 14:12:20,090 INFO o.a.j.JMeter: Max memory     =1860698112
2019-04-25 14:12:20,091 INFO o.a.j.JMeter: Available Processors =2
2019-04-25 14:12:20,096 INFO o.a.j.JMeter: Default Locale=English (United States)
2019-04-25 14:12:20,096 INFO o.a.j.JMeter: JMeter  Locale=English (United States)
2019-04-25 14:12:20,096 INFO o.a.j.JMeter: JMeterHome=/mnt/data/benchmark/apache-jmeter-4.0
2019-04-25 14:12:20,096 INFO o.a.j.JMeter: user.dir  =/home/vinaya/sunbird-perf-tests/sunbird-platform
2019-04-25 14:12:20,097 INFO o.a.j.JMeter: PWD       =/home/vinaya/sunbird-perf-tests/sunbird-platform
2019-04-25 14:12:20,105 INFO o.a.j.JMeter: IP: 28.0.0.23 Name: jmeter-lms-1 FullName: 28.0.0.23
2019-04-25 14:12:20,108 INFO o.a.j.s.FileServer: Default base='/home/vinaya/sunbird-perf-tests/sunbird-platform'
2019-04-25 14:12:20,113 INFO o.a.j.s.FileServer: Set new base='/home/vinaya/current_scenario'
2019-04-25 14:12:20,271 INFO o.a.j.s.SaveService: Testplan (JMX) version: 2.2. Testlog (JTL) version: 2.2
2019-04-25 14:12:20,287 INFO o.a.j.s.SaveService: Using SaveService properties file encoding UTF-8
2019-04-25 14:12:20,292 INFO o.a.j.s.SaveService: Using SaveService properties version 4.0
2019-04-25 14:12:20,302 INFO o.a.j.s.SaveService: Loading file: /home/vinaya/current_scenario/page-assemble.jmx
2019-04-25 14:12:20,377 INFO o.a.j.p.h.s.HTTPSamplerBase: Parser for text/html is org.apache.jmeter.protocol.http.parser.LagartoBasedHtmlParser
2019-04-25 14:12:20,377 INFO o.a.j.p.h.s.HTTPSamplerBase: Parser for application/xhtml+xml is org.apache.jmeter.protocol.http.parser.LagartoBasedHtmlParser
2019-04-25 14:12:20,377 INFO o.a.j.p.h.s.HTTPSamplerBase: Parser for application/xml is org.apache.jmeter.protocol.http.parser.LagartoBasedHtmlParser
2019-04-25 14:12:20,377 INFO o.a.j.p.h.s.HTTPSamplerBase: Parser for text/xml is org.apache.jmeter.protocol.http.parser.LagartoBasedHtmlParser
2019-04-25 14:12:20,378 INFO o.a.j.p.h.s.HTTPSamplerBase: Parser for text/vnd.wap.wml is org.apache.jmeter.protocol.http.parser.RegexpHTMLParser
2019-04-25 14:12:20,378 INFO o.a.j.p.h.s.HTTPSamplerBase: Parser for text/css is org.apache.jmeter.protocol.http.parser.CssParser
2019-04-25 14:12:20,410 INFO o.a.j.JMeter: Creating summariser <summary>
2019-04-25 14:12:20,413 INFO o.a.j.e.DistributedRunner: Configuring remote engine: 28.0.0.24
2019-04-25 14:12:20,414 INFO o.a.j.r.RmiUtils: Disabling SSL for RMI as server.rmi.ssl.disable is set to 'true'
2019-04-25 14:12:20,510 INFO o.a.j.e.DistributedRunner: Configuring remote engine: 28.0.0.25
2019-04-25 14:12:20,510 INFO o.a.j.r.RmiUtils: Disabling SSL for RMI as server.rmi.ssl.disable is set to 'true'
2019-04-25 14:12:20,519 INFO o.a.j.e.DistributedRunner: Starting remote engines
2019-04-25 14:12:20,520 INFO o.a.j.e.DistributedRunner: Starting the test @ Thu Apr 25 14:12:20 UTC 2019 (1556201540519)
2019-04-25 14:12:20,520 INFO o.a.j.e.ClientJMeterEngine: running clientengine run method
2019-04-25 14:12:20,524 INFO o.a.j.e.u.CompoundVariable: Note: Function class names must contain the string: '.functions.'
2019-04-25 14:12:20,524 INFO o.a.j.e.u.CompoundVariable: Note: Function class names must not contain the string: '.gui.'
2019-04-25 14:12:20,913 INFO o.a.j.r.RmiUtils: Disabling SSL for RMI as server.rmi.ssl.disable is set to 'true'
2019-04-25 14:12:20,913 INFO o.a.j.r.RmiUtils: Disabling SSL for RMI as server.rmi.ssl.disable is set to 'true'
2019-04-25 14:12:20,916 INFO o.a.j.s.SampleEvent: List of sample_variables: []
2019-04-25 14:12:20,926 INFO o.a.j.s.BatchSampleSender: Using batching (client settings) for this run. Thresholds: num=100, time=60000
2019-04-25 14:12:20,926 INFO o.a.j.s.DataStrippingSampleSender: Using DataStrippingSampleSender for this run
2019-04-25 14:12:20,926 INFO o.a.j.r.RmiUtils: Disabling SSL for RMI as server.rmi.ssl.disable is set to 'true'
2019-04-25 14:12:20,926 INFO o.a.j.r.RmiUtils: Disabling SSL for RMI as server.rmi.ssl.disable is set to 'true'
2019-04-25 14:12:20,927 INFO o.a.j.s.BatchSampleSender: Using batching (client settings) for this run. Thresholds: num=100, time=60000
2019-04-25 14:12:20,927 INFO o.a.j.s.DataStrippingSampleSender: Using DataStrippingSampleSender for this run
2019-04-25 14:12:20,928 INFO o.a.j.r.RmiUtils: Disabling SSL for RMI as server.rmi.ssl.disable is set to 'true'
2019-04-25 14:12:20,928 INFO o.a.j.r.RmiUtils: Disabling SSL for RMI as server.rmi.ssl.disable is set to 'true'
2019-04-25 14:12:21,263 INFO o.a.j.r.RmiUtils: Disabling SSL for RMI as server.rmi.ssl.disable is set to 'true'
2019-04-25 14:12:21,263 INFO o.a.j.r.RmiUtils: Disabling SSL for RMI as server.rmi.ssl.disable is set to 'true'
2019-04-25 14:12:21,336 INFO o.a.j.e.ClientJMeterEngine: sent test to 28.0.0.25 basedir='.'
2019-04-25 14:12:21,336 INFO o.a.j.e.ClientJMeterEngine: Sending properties {}
2019-04-25 14:12:21,340 INFO o.a.j.e.ClientJMeterEngine: sent run command to 28.0.0.25
2019-04-25 14:12:21,340 INFO o.a.j.e.ClientJMeterEngine: running clientengine run method
2019-04-25 14:12:21,341 INFO o.a.j.r.RmiUtils: Disabling SSL for RMI as server.rmi.ssl.disable is set to 'true'
2019-04-25 14:12:21,341 INFO o.a.j.r.RmiUtils: Disabling SSL for RMI as server.rmi.ssl.disable is set to 'true'
2019-04-25 14:12:21,341 INFO o.a.j.s.BatchSampleSender: Using batching (client settings) for this run. Thresholds: num=100, time=60000
2019-04-25 14:12:21,341 INFO o.a.j.s.DataStrippingSampleSender: Using DataStrippingSampleSender for this run
2019-04-25 14:12:21,341 INFO o.a.j.r.RmiUtils: Disabling SSL for RMI as server.rmi.ssl.disable is set to 'true'
2019-04-25 14:12:21,341 INFO o.a.j.r.RmiUtils: Disabling SSL for RMI as server.rmi.ssl.disable is set to 'true'
2019-04-25 14:12:21,342 INFO o.a.j.s.BatchSampleSender: Using batching (client settings) for this run. Thresholds: num=100, time=60000
2019-04-25 14:12:21,342 INFO o.a.j.s.DataStrippingSampleSender: Using DataStrippingSampleSender for this run
2019-04-25 14:12:21,342 INFO o.a.j.r.RmiUtils: Disabling SSL for RMI as server.rmi.ssl.disable is set to 'true'
2019-04-25 14:12:21,342 INFO o.a.j.r.RmiUtils: Disabling SSL for RMI as server.rmi.ssl.disable is set to 'true'
2019-04-25 14:12:21,347 INFO o.a.j.JMeter: Started remote host:  28.0.0.25 (1556201541346)
2019-04-25 14:12:21,356 INFO o.a.j.r.RmiUtils: Disabling SSL for RMI as server.rmi.ssl.disable is set to 'true'
2019-04-25 14:12:21,356 INFO o.a.j.r.RmiUtils: Disabling SSL for RMI as server.rmi.ssl.disable is set to 'true'
2019-04-25 14:12:21,386 INFO o.a.j.e.ClientJMeterEngine: sent test to 28.0.0.24 basedir='.'
2019-04-25 14:12:21,386 INFO o.a.j.e.ClientJMeterEngine: Sending properties {}
2019-04-25 14:12:21,389 INFO o.a.j.e.ClientJMeterEngine: sent run command to 28.0.0.24
2019-04-25 14:12:21,389 INFO o.a.j.e.DistributedRunner: Remote engines have been started
2019-04-25 14:12:21,394 INFO o.a.j.JMeter: Started remote host:  28.0.0.24 (1556201541394)
2019-04-25 14:12:22,123 INFO o.a.j.s.SampleResult: Note: Sample TimeStamps are START times
2019-04-25 14:12:22,124 INFO o.a.j.s.SampleResult: sampleresult.default.encoding is set to ISO-8859-1
2019-04-25 14:12:22,124 INFO o.a.j.s.SampleResult: sampleresult.useNanoTime=true
2019-04-25 14:12:22,124 INFO o.a.j.s.SampleResult: sampleresult.nanoThreadSleep=5000
2019-04-25 14:12:23,187 INFO o.a.j.JMeter: Finished remote host: 28.0.0.25 (1556201543187)
2019-04-25 14:12:23,255 INFO o.a.j.r.Summariser: summary =     60 in 00:00:02 =   31.4/s Avg:  1230 Min:   647 Max:  1677 Err:     0 (0.00%)
2019-04-25 14:12:23,257 INFO o.a.j.JMeter: Finished remote host: 28.0.0.24 (1556201543256)
2019-04-25 14:12:28,259 INFO o.a.j.JMeter: Interrupting RMI Reaper
