Creating summariser <summary>
Created the tree successfully using /home/rahul-tarento/current_scenario/page-assemble.jmx
Configuring remote engine: 28.0.0.24
Configuring remote engine: 28.0.0.25
Configuring remote engine: 28.0.0.27
Configuring remote engine: 28.0.0.29
Starting remote engines
Starting the test @ Thu May 09 12:00:21 UTC 2019 (1557403221696)
Remote engines have been started
Waiting for possible Shutdown/StopTestNow/Heapdump message on port 4445
summary +   3005 in 00:00:08 =  397.4/s Avg:   119 Min:    16 Max:  3730 Err:     0 (0.00%) Active: 60 Started: 45 Finished: 0
summary +  12100 in 00:00:30 =  405.1/s Avg:   149 Min:    15 Max:  4437 Err:     0 (0.00%) Active: 60 Started: 45 Finished: 0
summary =  15105 in 00:00:37 =  403.6/s Avg:   143 Min:    15 Max:  4437 Err:     0 (0.00%)
summary +  12100 in 00:00:30 =  401.4/s Avg:   148 Min:    16 Max:  4408 Err:     0 (0.00%) Active: 60 Started: 45 Finished: 0
summary =  27205 in 00:01:08 =  402.6/s Avg:   145 Min:    15 Max:  4437 Err:     0 (0.00%)
summary +  12100 in 00:00:30 =  403.8/s Avg:   147 Min:    15 Max:  5088 Err:     0 (0.00%) Active: 60 Started: 45 Finished: 0
summary =  39305 in 00:01:38 =  403.0/s Avg:   146 Min:    15 Max:  5088 Err:     0 (0.00%)
summary +  11800 in 00:00:30 =  393.4/s Avg:   144 Min:    16 Max:  4139 Err:     0 (0.00%) Active: 47 Started: 45 Finished: 13
summary =  51105 in 00:02:08 =  400.7/s Avg:   145 Min:    15 Max:  5088 Err:     0 (0.00%)
summary +   8499 in 00:00:30 =  283.8/s Avg:   108 Min:    15 Max:  3504 Err:     0 (0.00%) Active: 5 Started: 45 Finished: 55
summary =  59604 in 00:02:37 =  378.5/s Avg:   140 Min:    15 Max:  5088 Err:     0 (0.00%)
summary +    396 in 00:00:02 =  176.8/s Avg:    54 Min:    15 Max:   766 Err:     0 (0.00%) Active: 0 Started: 45 Finished: 60
summary =  60000 in 00:02:40 =  375.7/s Avg:   139 Min:    15 Max:  5088 Err:     0 (0.00%)
Tidying up remote @ Thu May 09 12:03:02 UTC 2019 (1557403382289)
... end of run
