Creating summariser <summary>
Created the tree successfully using /home/vinaya/current_scenario/page-assemble.jmx
Configuring remote engine: 28.0.0.24
Configuring remote engine: 28.0.0.25
Configuring remote engine: 28.0.0.27
Configuring remote engine: 28.0.0.29
Starting remote engines
Starting the test @ Tue May 07 14:18:53 UTC 2019 (1557238733876)
Remote engines have been started
Waiting for possible Shutdown/StopTestNow/Heapdump message on port 4445
summary +      5 in 00:00:11 =    0.4/s Avg:  1199 Min:   495 Max:  2072 Err:     0 (0.00%) Active: 60 Started: 45 Finished: 0
summary +   1200 in 00:00:24 =   49.3/s Avg:  1353 Min:   118 Max:  5285 Err:     0 (0.00%) Active: 60 Started: 45 Finished: 0
summary =   1205 in 00:00:35 =   33.9/s Avg:  1352 Min:   118 Max:  5285 Err:     0 (0.00%)
summary +   1600 in 00:00:32 =   49.7/s Avg:  1198 Min:   126 Max:  5397 Err:     0 (0.00%) Active: 60 Started: 45 Finished: 0
summary =   2805 in 00:01:08 =   41.5/s Avg:  1264 Min:   118 Max:  5397 Err:     0 (0.00%)
summary +   1500 in 00:00:31 =   49.1/s Avg:  1184 Min:   100 Max:  7506 Err:     0 (0.00%) Active: 60 Started: 45 Finished: 0
summary =   4305 in 00:01:38 =   43.8/s Avg:  1236 Min:   100 Max:  7506 Err:     0 (0.00%)
summary +   1000 in 00:00:30 =   33.7/s Avg:  1619 Min:    81 Max:  7426 Err:     0 (0.00%) Active: 60 Started: 45 Finished: 0
summary =   5305 in 00:02:08 =   41.5/s Avg:  1308 Min:    81 Max:  7506 Err:     0 (0.00%)
summary +   1000 in 00:00:28 =   35.5/s Avg:  1831 Min:    85 Max:  9034 Err:     1 (0.10%) Active: 60 Started: 45 Finished: 0
summary =   6305 in 00:02:36 =   40.4/s Avg:  1391 Min:    81 Max:  9034 Err:     1 (0.02%)
summary +   1000 in 00:00:29 =   34.1/s Avg:  1678 Min:    92 Max:  7259 Err:     0 (0.00%) Active: 60 Started: 45 Finished: 0
summary =   7305 in 00:03:05 =   39.4/s Avg:  1431 Min:    81 Max:  9034 Err:     1 (0.01%)
summary +   1200 in 00:00:31 =   38.2/s Avg:  1642 Min:    79 Max:  7448 Err:     0 (0.00%) Active: 60 Started: 45 Finished: 0
summary =   8505 in 00:03:37 =   39.2/s Avg:  1460 Min:    79 Max:  9034 Err:     1 (0.01%)
summary +   1100 in 00:00:29 =   38.3/s Avg:  1727 Min:    83 Max:  8023 Err:     0 (0.00%) Active: 60 Started: 45 Finished: 0
summary =   9605 in 00:04:06 =   39.1/s Avg:  1491 Min:    79 Max:  9034 Err:     1 (0.01%)
summary +   1100 in 00:00:31 =   35.0/s Avg:  1578 Min:    83 Max:  6996 Err:     0 (0.00%) Active: 60 Started: 45 Finished: 0
summary =  10705 in 00:04:37 =   38.7/s Avg:  1500 Min:    79 Max:  9034 Err:     1 (0.01%)
summary +   1200 in 00:00:31 =   38.5/s Avg:  1615 Min:    77 Max:  7462 Err:     0 (0.00%) Active: 60 Started: 45 Finished: 0
summary =  11905 in 00:05:08 =   38.6/s Avg:  1511 Min:    77 Max:  9034 Err:     1 (0.01%)
summary +   1100 in 00:00:31 =   35.2/s Avg:  1601 Min:    82 Max:  6936 Err:     0 (0.00%) Active: 60 Started: 45 Finished: 0
summary =  13005 in 00:05:39 =   38.3/s Avg:  1519 Min:    77 Max:  9034 Err:     1 (0.01%)
summary +   2200 in 00:00:57 =   38.9/s Avg:  1584 Min:    74 Max:  7452 Err:     0 (0.00%) Active: 60 Started: 45 Finished: 0
summary =  15205 in 00:06:36 =   38.4/s Avg:  1528 Min:    74 Max:  9034 Err:     1 (0.01%)
summary +   1100 in 00:00:32 =   34.3/s Avg:  1654 Min:    92 Max:  7908 Err:     0 (0.00%) Active: 60 Started: 45 Finished: 0
summary =  16305 in 00:07:08 =   38.1/s Avg:  1537 Min:    74 Max:  9034 Err:     1 (0.01%)
summary +   2600 in 00:00:58 =   44.8/s Avg:  1455 Min:    82 Max:  7716 Err:    15 (0.58%) Active: 60 Started: 45 Finished: 0
summary =  18905 in 00:08:06 =   38.9/s Avg:  1526 Min:    74 Max:  9034 Err:    16 (0.08%)
summary +   1200 in 00:00:32 =   37.4/s Avg:  1393 Min:    91 Max:  5793 Err:     0 (0.00%) Active: 60 Started: 45 Finished: 0
summary =  20105 in 00:08:38 =   38.8/s Avg:  1518 Min:    74 Max:  9034 Err:    16 (0.08%)
summary +    800 in 00:00:29 =   27.3/s Avg:  2336 Min:   125 Max: 17457 Err:    54 (6.75%) Active: 60 Started: 45 Finished: 0
summary =  20905 in 00:09:07 =   38.2/s Avg:  1549 Min:    74 Max: 17457 Err:    70 (0.33%)
summary +    800 in 00:00:28 =   28.6/s Avg:  1985 Min:   107 Max:  6525 Err:     0 (0.00%) Active: 60 Started: 45 Finished: 0
summary =  21705 in 00:09:35 =   37.7/s Avg:  1565 Min:    74 Max: 17457 Err:    70 (0.32%)
summary +   1300 in 00:00:31 =   41.8/s Avg:  1470 Min:   115 Max:  9192 Err:     0 (0.00%) Active: 60 Started: 45 Finished: 0
summary =  23005 in 00:10:06 =   37.9/s Avg:  1560 Min:    74 Max: 17457 Err:    70 (0.30%)
summary +   1400 in 00:00:30 =   46.7/s Avg:  1289 Min:   113 Max:  8098 Err:     0 (0.00%) Active: 60 Started: 45 Finished: 0
summary =  24405 in 00:10:36 =   38.3/s Avg:  1544 Min:    74 Max: 17457 Err:    70 (0.29%)
summary +   1200 in 00:00:30 =   40.2/s Avg:  1457 Min:   104 Max:  8133 Err:     0 (0.00%) Active: 60 Started: 45 Finished: 0
summary =  25605 in 00:11:06 =   38.4/s Avg:  1540 Min:    74 Max: 17457 Err:    70 (0.27%)
summary +    800 in 00:00:33 =   24.0/s Avg:  2224 Min:    84 Max:  9103 Err:    41 (5.12%) Active: 60 Started: 45 Finished: 0
summary =  26405 in 00:11:40 =   37.7/s Avg:  1561 Min:    74 Max: 17457 Err:   111 (0.42%)
summary +    800 in 00:00:26 =   30.8/s Avg:  2131 Min:    90 Max:  9024 Err:     1 (0.12%) Active: 60 Started: 45 Finished: 0
summary =  27205 in 00:12:06 =   37.5/s Avg:  1578 Min:    74 Max: 17457 Err:   112 (0.41%)
summary +   1300 in 00:00:32 =   40.8/s Avg:  1576 Min:    97 Max:  7933 Err:     0 (0.00%) Active: 60 Started: 45 Finished: 0
summary =  28505 in 00:12:37 =   37.6/s Avg:  1578 Min:    74 Max: 17457 Err:   112 (0.39%)
summary +   1300 in 00:00:31 =   41.5/s Avg:  1426 Min:   105 Max:  8517 Err:     0 (0.00%) Active: 60 Started: 45 Finished: 0
summary =  29805 in 00:13:09 =   37.8/s Avg:  1571 Min:    74 Max: 17457 Err:   112 (0.38%)
summary +    800 in 00:00:30 =   27.0/s Avg:  2098 Min:    83 Max:  8185 Err:     0 (0.00%) Active: 60 Started: 45 Finished: 0
summary =  30605 in 00:13:38 =   37.4/s Avg:  1585 Min:    74 Max: 17457 Err:   112 (0.37%)
summary +    900 in 00:00:31 =   28.7/s Avg:  1963 Min:    78 Max:  6518 Err:     0 (0.00%) Active: 60 Started: 45 Finished: 0
summary =  31505 in 00:14:10 =   37.1/s Avg:  1596 Min:    74 Max: 17457 Err:   112 (0.36%)
summary +   1000 in 00:00:27 =   36.8/s Avg:  1837 Min:    88 Max:  9033 Err:     1 (0.10%) Active: 60 Started: 45 Finished: 0
summary =  32505 in 00:14:37 =   37.1/s Avg:  1603 Min:    74 Max: 17457 Err:   113 (0.35%)
summary +   1300 in 00:00:30 =   43.9/s Avg:  1406 Min:    70 Max:  9043 Err:     1 (0.08%) Active: 60 Started: 45 Finished: 0
summary =  33805 in 00:15:07 =   37.3/s Avg:  1595 Min:    70 Max: 17457 Err:   114 (0.34%)
summary +    900 in 00:00:29 =   30.6/s Avg:  1923 Min:    84 Max:  9173 Err:     7 (0.78%) Active: 60 Started: 45 Finished: 0
summary =  34705 in 00:15:36 =   37.1/s Avg:  1604 Min:    70 Max: 17457 Err:   121 (0.35%)
summary +    900 in 00:00:31 =   28.6/s Avg:  1971 Min:    89 Max:  9051 Err:     1 (0.11%) Active: 60 Started: 45 Finished: 0
summary =  35605 in 00:16:07 =   36.8/s Avg:  1613 Min:    70 Max: 17457 Err:   122 (0.34%)
summary +    900 in 00:00:30 =   30.0/s Avg:  1913 Min:    84 Max:  8357 Err:     0 (0.00%) Active: 60 Started: 45 Finished: 0
summary =  36505 in 00:16:38 =   36.6/s Avg:  1621 Min:    70 Max: 17457 Err:   122 (0.33%)
summary +   1300 in 00:00:31 =   42.5/s Avg:  1489 Min:    77 Max:  7943 Err:     0 (0.00%) Active: 60 Started: 45 Finished: 0
summary =  37805 in 00:17:08 =   36.8/s Avg:  1616 Min:    70 Max: 17457 Err:   122 (0.32%)
summary +   1000 in 00:00:29 =   34.4/s Avg:  1680 Min:    87 Max:  9126 Err:     1 (0.10%) Active: 60 Started: 45 Finished: 0
summary =  38805 in 00:17:37 =   36.7/s Avg:  1618 Min:    70 Max: 17457 Err:   123 (0.32%)
summary +    900 in 00:00:29 =   31.0/s Avg:  1954 Min:    83 Max:  7405 Err:     0 (0.00%) Active: 60 Started: 45 Finished: 0
summary =  39705 in 00:18:06 =   36.6/s Avg:  1625 Min:    70 Max: 17457 Err:   123 (0.31%)
summary +    900 in 00:00:31 =   29.1/s Avg:  1985 Min:    77 Max:  7709 Err:     0 (0.00%) Active: 60 Started: 45 Finished: 0
summary =  40605 in 00:18:37 =   36.3/s Avg:  1633 Min:    70 Max: 17457 Err:   123 (0.30%)
summary +   1300 in 00:00:31 =   42.0/s Avg:  1589 Min:    77 Max:  8588 Err:     0 (0.00%) Active: 60 Started: 45 Finished: 0
summary =  41905 in 00:19:08 =   36.5/s Avg:  1632 Min:    70 Max: 17457 Err:   123 (0.29%)
summary +   1000 in 00:00:31 =   32.4/s Avg:  1533 Min:    80 Max:  8054 Err:     0 (0.00%) Active: 60 Started: 45 Finished: 0
summary =  42905 in 00:19:39 =   36.4/s Avg:  1630 Min:    70 Max: 17457 Err:   123 (0.29%)
summary +    900 in 00:00:27 =   32.8/s Avg:  2005 Min:    85 Max:  9032 Err:     0 (0.00%) Active: 60 Started: 45 Finished: 0
summary =  43805 in 00:20:06 =   36.3/s Avg:  1637 Min:    70 Max: 17457 Err:   123 (0.28%)
summary +   1000 in 00:00:29 =   34.3/s Avg:  1896 Min:    92 Max:  9062 Err:     1 (0.10%) Active: 60 Started: 45 Finished: 0
summary =  44805 in 00:20:35 =   36.3/s Avg:  1643 Min:    70 Max: 17457 Err:   124 (0.28%)
summary +   1100 in 00:00:33 =   33.4/s Avg:  1728 Min:    81 Max:  9058 Err:     1 (0.09%) Active: 60 Started: 45 Finished: 0
summary =  45905 in 00:21:08 =   36.2/s Avg:  1645 Min:    70 Max: 17457 Err:   125 (0.27%)
summary +   1100 in 00:00:31 =   35.7/s Avg:  1473 Min:    74 Max:  9127 Err:     1 (0.09%) Active: 60 Started: 45 Finished: 0
summary =  47005 in 00:21:39 =   36.2/s Avg:  1641 Min:    70 Max: 17457 Err:   126 (0.27%)
summary +    900 in 00:00:27 =   33.5/s Avg:  1914 Min:    93 Max:  9073 Err:     1 (0.11%) Active: 60 Started: 45 Finished: 0
summary =  47905 in 00:22:06 =   36.1/s Avg:  1646 Min:    70 Max: 17457 Err:   127 (0.27%)
summary +   1100 in 00:00:33 =   32.9/s Avg:  1871 Min:    76 Max:  7409 Err:     0 (0.00%) Active: 60 Started: 45 Finished: 0
summary =  49005 in 00:22:39 =   36.0/s Avg:  1651 Min:    70 Max: 17457 Err:   127 (0.26%)
summary +    900 in 00:00:28 =   32.5/s Avg:  1833 Min:    80 Max:  7230 Err:     0 (0.00%) Active: 60 Started: 45 Finished: 0
summary =  49905 in 00:23:07 =   36.0/s Avg:  1655 Min:    70 Max: 17457 Err:   127 (0.25%)
summary +   1200 in 00:00:31 =   38.7/s Avg:  1488 Min:    82 Max:  7958 Err:     0 (0.00%) Active: 60 Started: 45 Finished: 0
summary =  51105 in 00:23:38 =   36.0/s Avg:  1651 Min:    70 Max: 17457 Err:   127 (0.25%)
summary +   1000 in 00:00:27 =   36.4/s Avg:  1794 Min:    76 Max:  9050 Err:     1 (0.10%) Active: 60 Started: 45 Finished: 0
summary =  52105 in 00:24:06 =   36.0/s Avg:  1653 Min:    70 Max: 17457 Err:   128 (0.25%)
summary +    900 in 00:00:31 =   29.2/s Avg:  1947 Min:    82 Max:  8960 Err:     0 (0.00%) Active: 60 Started: 45 Finished: 0
summary =  53005 in 00:24:36 =   35.9/s Avg:  1658 Min:    70 Max: 17457 Err:   128 (0.24%)
summary +   1000 in 00:00:29 =   34.4/s Avg:  1881 Min:    76 Max:  8208 Err:     0 (0.00%) Active: 60 Started: 45 Finished: 0
summary =  54005 in 00:25:05 =   35.9/s Avg:  1663 Min:    70 Max: 17457 Err:   128 (0.24%)
summary +   1300 in 00:00:35 =   37.4/s Avg:  1490 Min:    91 Max:  7660 Err:     0 (0.00%) Active: 58 Started: 45 Finished: 2
summary =  55305 in 00:25:40 =   35.9/s Avg:  1658 Min:    70 Max: 17457 Err:   128 (0.23%)
summary +    900 in 00:00:28 =   31.9/s Avg:  1740 Min:    83 Max:  8944 Err:     0 (0.00%) Active: 57 Started: 45 Finished: 3
summary =  56205 in 00:26:08 =   35.8/s Avg:  1660 Min:    70 Max: 17457 Err:   128 (0.23%)
summary +   1900 in 00:00:59 =   32.2/s Avg:  1746 Min:    76 Max:  8265 Err:     0 (0.00%) Active: 45 Started: 45 Finished: 15
summary =  58105 in 00:27:07 =   35.7/s Avg:  1663 Min:    70 Max: 17457 Err:   128 (0.22%)
summary +   1200 in 00:00:33 =   36.2/s Avg:  1052 Min:    73 Max:  6934 Err:     0 (0.00%) Active: 20 Started: 45 Finished: 40
summary =  59305 in 00:27:41 =   35.7/s Avg:  1650 Min:    70 Max: 17457 Err:   128 (0.22%)
summary +    695 in 00:00:15 =   45.8/s Avg:   563 Min:    74 Max:  4435 Err:     0 (0.00%) Active: 0 Started: 45 Finished: 60
summary =  60000 in 00:27:56 =   35.8/s Avg:  1638 Min:    70 Max: 17457 Err:   128 (0.21%)
Tidying up remote @ Tue May 07 14:46:50 UTC 2019 (1557240410524)
... end of run
