Creating summariser <summary>
Created the tree successfully using /home/rahul-tarento/current_scenario/system-settings.jmx
Configuring remote engine: 28.0.0.24
Configuring remote engine: 28.0.0.25
Configuring remote engine: 28.0.0.27
Configuring remote engine: 28.0.0.29
Starting remote engines
Starting the test @ Thu May 09 10:27:38 UTC 2019 (1557397658554)
Remote engines have been started
Waiting for possible Shutdown/StopTestNow/Heapdump message on port 4445
summary +  53105 in 00:00:21 = 2588.0/s Avg:    97 Min:     2 Max: 13833 Err:   128 (0.24%) Active: 400 Started: 400 Finished: 0
summary +  77300 in 00:00:30 = 2575.7/s Avg:   125 Min:     2 Max: 25825 Err:   553 (0.72%) Active: 388 Started: 400 Finished: 12
summary = 130405 in 00:00:51 = 2580.7/s Avg:   114 Min:     2 Max: 25825 Err:   681 (0.52%)
summary +  73500 in 00:00:30 = 2449.0/s Avg:   183 Min:     2 Max: 31037 Err:   733 (1.00%) Active: 363 Started: 400 Finished: 37
summary = 203905 in 00:01:21 = 2531.6/s Avg:   139 Min:     2 Max: 31037 Err:  1414 (0.69%)
summary +  70100 in 00:00:30 = 2338.4/s Avg:   130 Min:     2 Max: 27596 Err:   505 (0.72%) Active: 297 Started: 400 Finished: 103
summary = 274005 in 00:01:51 = 2479.2/s Avg:   136 Min:     2 Max: 31037 Err:  1919 (0.70%)
summary +  67000 in 00:00:30 = 2232.7/s Avg:   139 Min:     2 Max: 26263 Err:   618 (0.92%) Active: 197 Started: 400 Finished: 203
summary = 341005 in 00:02:21 = 2426.6/s Avg:   137 Min:     2 Max: 31037 Err:  2537 (0.74%)
summary +  53900 in 00:00:30 = 1797.9/s Avg:    84 Min:     2 Max: 13548 Err:   310 (0.58%) Active: 28 Started: 400 Finished: 372
summary = 394905 in 00:02:51 = 2316.0/s Avg:   130 Min:     2 Max: 31037 Err:  2847 (0.72%)
summary +   5095 in 00:00:12 =  415.2/s Avg:    18 Min:     2 Max:  2493 Err:     0 (0.00%) Active: 0 Started: 400 Finished: 400
summary = 400000 in 00:03:03 = 2188.4/s Avg:   128 Min:     2 Max: 31037 Err:  2847 (0.71%)
Tidying up remote @ Thu May 09 10:30:42 UTC 2019 (1557397842285)
... end of run
