2019-04-30 06:22:36,774 INFO o.a.j.u.JMeterUtils: Setting Locale to en_US
2019-04-30 06:22:36,788 INFO o.a.j.JMeter: Loading user properties from: /mnt/data/benchmark/apache-jmeter-4.0/bin/user.properties
2019-04-30 06:22:36,789 INFO o.a.j.JMeter: Loading system properties from: /mnt/data/benchmark/apache-jmeter-4.0/bin/system.properties
2019-04-30 06:22:36,795 INFO o.a.j.JMeter: Copyright (c) 1998-2018 The Apache Software Foundation
2019-04-30 06:22:36,795 INFO o.a.j.JMeter: Version 4.0 r1823414
2019-04-30 06:22:36,795 INFO o.a.j.JMeter: java.version=1.8.0_191
2019-04-30 06:22:36,795 INFO o.a.j.JMeter: java.vm.name=OpenJDK 64-Bit Server VM
2019-04-30 06:22:36,795 INFO o.a.j.JMeter: os.name=Linux
2019-04-30 06:22:36,796 INFO o.a.j.JMeter: os.arch=amd64
2019-04-30 06:22:36,796 INFO o.a.j.JMeter: os.version=4.15.0-1041-azure
2019-04-30 06:22:36,796 INFO o.a.j.JMeter: file.encoding=UTF-8
2019-04-30 06:22:36,796 INFO o.a.j.JMeter: Max memory     =1860698112
2019-04-30 06:22:36,796 INFO o.a.j.JMeter: Available Processors =2
2019-04-30 06:22:36,801 INFO o.a.j.JMeter: Default Locale=English (United States)
2019-04-30 06:22:36,802 INFO o.a.j.JMeter: JMeter  Locale=English (United States)
2019-04-30 06:22:36,802 INFO o.a.j.JMeter: JMeterHome=/mnt/data/benchmark/apache-jmeter-4.0
2019-04-30 06:22:36,802 INFO o.a.j.JMeter: user.dir  =/home/vinaya/sunbird-perf-tests/sunbird-platform
2019-04-30 06:22:36,802 INFO o.a.j.JMeter: PWD       =/home/vinaya/sunbird-perf-tests/sunbird-platform
2019-04-30 06:22:36,805 INFO o.a.j.JMeter: IP: 28.0.0.23 Name: jmeter-lms-1 FullName: 28.0.0.23
2019-04-30 06:22:36,808 INFO o.a.j.s.FileServer: Default base='/home/vinaya/sunbird-perf-tests/sunbird-platform'
2019-04-30 06:22:36,814 INFO o.a.j.s.FileServer: Set new base='/home/vinaya/current_scenario'
2019-04-30 06:22:36,964 INFO o.a.j.s.SaveService: Testplan (JMX) version: 2.2. Testlog (JTL) version: 2.2
2019-04-30 06:22:36,984 INFO o.a.j.s.SaveService: Using SaveService properties file encoding UTF-8
2019-04-30 06:22:36,990 INFO o.a.j.s.SaveService: Using SaveService properties version 4.0
2019-04-30 06:22:36,998 INFO o.a.j.s.SaveService: Loading file: /home/vinaya/current_scenario/org-search.jmx
2019-04-30 06:22:37,076 INFO o.a.j.p.h.s.HTTPSamplerBase: Parser for text/html is org.apache.jmeter.protocol.http.parser.LagartoBasedHtmlParser
2019-04-30 06:22:37,077 INFO o.a.j.p.h.s.HTTPSamplerBase: Parser for application/xhtml+xml is org.apache.jmeter.protocol.http.parser.LagartoBasedHtmlParser
2019-04-30 06:22:37,077 INFO o.a.j.p.h.s.HTTPSamplerBase: Parser for application/xml is org.apache.jmeter.protocol.http.parser.LagartoBasedHtmlParser
2019-04-30 06:22:37,077 INFO o.a.j.p.h.s.HTTPSamplerBase: Parser for text/xml is org.apache.jmeter.protocol.http.parser.LagartoBasedHtmlParser
2019-04-30 06:22:37,077 INFO o.a.j.p.h.s.HTTPSamplerBase: Parser for text/vnd.wap.wml is org.apache.jmeter.protocol.http.parser.RegexpHTMLParser
2019-04-30 06:22:37,077 INFO o.a.j.p.h.s.HTTPSamplerBase: Parser for text/css is org.apache.jmeter.protocol.http.parser.CssParser
2019-04-30 06:22:37,108 INFO o.a.j.JMeter: Creating summariser <summary>
2019-04-30 06:22:37,112 INFO o.a.j.e.DistributedRunner: Configuring remote engine: 28.0.0.24
2019-04-30 06:22:37,114 INFO o.a.j.r.RmiUtils: Disabling SSL for RMI as server.rmi.ssl.disable is set to 'true'
2019-04-30 06:22:37,215 INFO o.a.j.e.DistributedRunner: Configuring remote engine: 28.0.0.25
2019-04-30 06:22:37,216 INFO o.a.j.r.RmiUtils: Disabling SSL for RMI as server.rmi.ssl.disable is set to 'true'
2019-04-30 06:22:37,225 INFO o.a.j.e.DistributedRunner: Configuring remote engine: 28.0.0.27
2019-04-30 06:22:37,225 INFO o.a.j.r.RmiUtils: Disabling SSL for RMI as server.rmi.ssl.disable is set to 'true'
2019-04-30 06:22:37,233 INFO o.a.j.e.DistributedRunner: Configuring remote engine: 28.0.0.29
2019-04-30 06:22:37,234 INFO o.a.j.r.RmiUtils: Disabling SSL for RMI as server.rmi.ssl.disable is set to 'true'
2019-04-30 06:22:37,242 INFO o.a.j.e.DistributedRunner: Starting remote engines
2019-04-30 06:22:37,244 INFO o.a.j.e.DistributedRunner: Starting the test @ Tue Apr 30 06:22:37 UTC 2019 (1556605357242)
2019-04-30 06:22:37,244 INFO o.a.j.e.ClientJMeterEngine: running clientengine run method
2019-04-30 06:22:37,247 INFO o.a.j.e.u.CompoundVariable: Note: Function class names must contain the string: '.functions.'
2019-04-30 06:22:37,248 INFO o.a.j.e.u.CompoundVariable: Note: Function class names must not contain the string: '.gui.'
2019-04-30 06:22:37,643 INFO o.a.j.r.RmiUtils: Disabling SSL for RMI as server.rmi.ssl.disable is set to 'true'
2019-04-30 06:22:37,643 INFO o.a.j.r.RmiUtils: Disabling SSL for RMI as server.rmi.ssl.disable is set to 'true'
2019-04-30 06:22:37,645 INFO o.a.j.s.SampleEvent: List of sample_variables: []
2019-04-30 06:22:37,650 INFO o.a.j.s.BatchSampleSender: Using batching (client settings) for this run. Thresholds: num=100, time=60000
2019-04-30 06:22:37,650 INFO o.a.j.s.DataStrippingSampleSender: Using DataStrippingSampleSender for this run
2019-04-30 06:22:37,650 INFO o.a.j.r.RmiUtils: Disabling SSL for RMI as server.rmi.ssl.disable is set to 'true'
2019-04-30 06:22:37,651 INFO o.a.j.r.RmiUtils: Disabling SSL for RMI as server.rmi.ssl.disable is set to 'true'
2019-04-30 06:22:37,651 INFO o.a.j.s.BatchSampleSender: Using batching (client settings) for this run. Thresholds: num=100, time=60000
2019-04-30 06:22:37,651 INFO o.a.j.s.DataStrippingSampleSender: Using DataStrippingSampleSender for this run
2019-04-30 06:22:37,652 INFO o.a.j.r.RmiUtils: Disabling SSL for RMI as server.rmi.ssl.disable is set to 'true'
2019-04-30 06:22:37,652 INFO o.a.j.r.RmiUtils: Disabling SSL for RMI as server.rmi.ssl.disable is set to 'true'
2019-04-30 06:22:37,984 INFO o.a.j.r.RmiUtils: Disabling SSL for RMI as server.rmi.ssl.disable is set to 'true'
2019-04-30 06:22:37,985 INFO o.a.j.r.RmiUtils: Disabling SSL for RMI as server.rmi.ssl.disable is set to 'true'
2019-04-30 06:22:38,068 INFO o.a.j.e.ClientJMeterEngine: sent test to 28.0.0.25 basedir='.'
2019-04-30 06:22:38,068 INFO o.a.j.e.ClientJMeterEngine: Sending properties {}
2019-04-30 06:22:38,071 INFO o.a.j.e.ClientJMeterEngine: sent run command to 28.0.0.25
2019-04-30 06:22:38,072 INFO o.a.j.e.ClientJMeterEngine: running clientengine run method
2019-04-30 06:22:38,072 INFO o.a.j.r.RmiUtils: Disabling SSL for RMI as server.rmi.ssl.disable is set to 'true'
2019-04-30 06:22:38,072 INFO o.a.j.r.RmiUtils: Disabling SSL for RMI as server.rmi.ssl.disable is set to 'true'
2019-04-30 06:22:38,072 INFO o.a.j.s.BatchSampleSender: Using batching (client settings) for this run. Thresholds: num=100, time=60000
2019-04-30 06:22:38,073 INFO o.a.j.s.DataStrippingSampleSender: Using DataStrippingSampleSender for this run
2019-04-30 06:22:38,073 INFO o.a.j.r.RmiUtils: Disabling SSL for RMI as server.rmi.ssl.disable is set to 'true'
2019-04-30 06:22:38,073 INFO o.a.j.r.RmiUtils: Disabling SSL for RMI as server.rmi.ssl.disable is set to 'true'
2019-04-30 06:22:38,073 INFO o.a.j.s.BatchSampleSender: Using batching (client settings) for this run. Thresholds: num=100, time=60000
2019-04-30 06:22:38,073 INFO o.a.j.s.DataStrippingSampleSender: Using DataStrippingSampleSender for this run
2019-04-30 06:22:38,073 INFO o.a.j.r.RmiUtils: Disabling SSL for RMI as server.rmi.ssl.disable is set to 'true'
2019-04-30 06:22:38,073 INFO o.a.j.r.RmiUtils: Disabling SSL for RMI as server.rmi.ssl.disable is set to 'true'
2019-04-30 06:22:38,080 WARN o.a.j.r.ResultCollector: Error creating directories for /Users/anmolgupta/Documents
2019-04-30 06:22:38,085 INFO o.a.j.JMeter: Started remote host:  28.0.0.25 (1556605358085)
2019-04-30 06:22:38,092 INFO o.a.j.r.RmiUtils: Disabling SSL for RMI as server.rmi.ssl.disable is set to 'true'
2019-04-30 06:22:38,094 INFO o.a.j.r.RmiUtils: Disabling SSL for RMI as server.rmi.ssl.disable is set to 'true'
2019-04-30 06:22:38,117 INFO o.a.j.e.ClientJMeterEngine: sent test to 28.0.0.24 basedir='.'
2019-04-30 06:22:38,117 INFO o.a.j.e.ClientJMeterEngine: Sending properties {}
2019-04-30 06:22:38,118 INFO o.a.j.e.ClientJMeterEngine: sent run command to 28.0.0.24
2019-04-30 06:22:38,118 INFO o.a.j.e.ClientJMeterEngine: running clientengine run method
2019-04-30 06:22:38,119 INFO o.a.j.r.RmiUtils: Disabling SSL for RMI as server.rmi.ssl.disable is set to 'true'
2019-04-30 06:22:38,119 INFO o.a.j.r.RmiUtils: Disabling SSL for RMI as server.rmi.ssl.disable is set to 'true'
2019-04-30 06:22:38,119 WARN o.a.j.r.ResultCollector: Error creating directories for /Users/anmolgupta/Documents
2019-04-30 06:22:38,119 INFO o.a.j.s.BatchSampleSender: Using batching (client settings) for this run. Thresholds: num=100, time=60000
2019-04-30 06:22:38,119 INFO o.a.j.s.DataStrippingSampleSender: Using DataStrippingSampleSender for this run
2019-04-30 06:22:38,119 INFO o.a.j.r.RmiUtils: Disabling SSL for RMI as server.rmi.ssl.disable is set to 'true'
2019-04-30 06:22:38,119 INFO o.a.j.r.RmiUtils: Disabling SSL for RMI as server.rmi.ssl.disable is set to 'true'
2019-04-30 06:22:38,120 INFO o.a.j.s.BatchSampleSender: Using batching (client settings) for this run. Thresholds: num=100, time=60000
2019-04-30 06:22:38,120 INFO o.a.j.s.DataStrippingSampleSender: Using DataStrippingSampleSender for this run
2019-04-30 06:22:38,120 INFO o.a.j.r.RmiUtils: Disabling SSL for RMI as server.rmi.ssl.disable is set to 'true'
2019-04-30 06:22:38,120 INFO o.a.j.r.RmiUtils: Disabling SSL for RMI as server.rmi.ssl.disable is set to 'true'
2019-04-30 06:22:38,127 INFO o.a.j.JMeter: Started remote host:  28.0.0.24 (1556605358127)
2019-04-30 06:22:38,130 INFO o.a.j.r.RmiUtils: Disabling SSL for RMI as server.rmi.ssl.disable is set to 'true'
2019-04-30 06:22:38,130 INFO o.a.j.r.RmiUtils: Disabling SSL for RMI as server.rmi.ssl.disable is set to 'true'
2019-04-30 06:22:38,147 INFO o.a.j.e.ClientJMeterEngine: sent test to 28.0.0.27 basedir='.'
2019-04-30 06:22:38,147 INFO o.a.j.e.ClientJMeterEngine: Sending properties {}
2019-04-30 06:22:38,149 INFO o.a.j.e.ClientJMeterEngine: sent run command to 28.0.0.27
2019-04-30 06:22:38,149 INFO o.a.j.e.ClientJMeterEngine: running clientengine run method
2019-04-30 06:22:38,149 INFO o.a.j.r.RmiUtils: Disabling SSL for RMI as server.rmi.ssl.disable is set to 'true'
2019-04-30 06:22:38,149 INFO o.a.j.r.RmiUtils: Disabling SSL for RMI as server.rmi.ssl.disable is set to 'true'
2019-04-30 06:22:38,149 INFO o.a.j.s.BatchSampleSender: Using batching (client settings) for this run. Thresholds: num=100, time=60000
2019-04-30 06:22:38,150 INFO o.a.j.s.DataStrippingSampleSender: Using DataStrippingSampleSender for this run
2019-04-30 06:22:38,150 INFO o.a.j.r.RmiUtils: Disabling SSL for RMI as server.rmi.ssl.disable is set to 'true'
2019-04-30 06:22:38,150 INFO o.a.j.r.RmiUtils: Disabling SSL for RMI as server.rmi.ssl.disable is set to 'true'
2019-04-30 06:22:38,150 INFO o.a.j.s.BatchSampleSender: Using batching (client settings) for this run. Thresholds: num=100, time=60000
2019-04-30 06:22:38,150 INFO o.a.j.s.DataStrippingSampleSender: Using DataStrippingSampleSender for this run
2019-04-30 06:22:38,150 INFO o.a.j.r.RmiUtils: Disabling SSL for RMI as server.rmi.ssl.disable is set to 'true'
2019-04-30 06:22:38,150 INFO o.a.j.r.RmiUtils: Disabling SSL for RMI as server.rmi.ssl.disable is set to 'true'
2019-04-30 06:22:38,164 WARN o.a.j.r.ResultCollector: Error creating directories for /Users/anmolgupta/Documents
2019-04-30 06:22:38,165 INFO o.a.j.JMeter: Started remote host:  28.0.0.27 (1556605358165)
2019-04-30 06:22:38,168 INFO o.a.j.r.RmiUtils: Disabling SSL for RMI as server.rmi.ssl.disable is set to 'true'
2019-04-30 06:22:38,168 INFO o.a.j.r.RmiUtils: Disabling SSL for RMI as server.rmi.ssl.disable is set to 'true'
2019-04-30 06:22:38,187 INFO o.a.j.e.ClientJMeterEngine: sent test to 28.0.0.29 basedir='.'
2019-04-30 06:22:38,187 INFO o.a.j.e.ClientJMeterEngine: Sending properties {}
2019-04-30 06:22:38,189 INFO o.a.j.e.ClientJMeterEngine: sent run command to 28.0.0.29
2019-04-30 06:22:38,189 INFO o.a.j.e.DistributedRunner: Remote engines have been started
2019-04-30 06:22:38,191 WARN o.a.j.r.ResultCollector: Error creating directories for /Users/anmolgupta/Documents
2019-04-30 06:22:38,199 INFO o.a.j.JMeter: Started remote host:  28.0.0.29 (1556605358198)
2019-04-30 06:22:38,241 INFO o.a.j.s.SampleResult: Note: Sample TimeStamps are START times
2019-04-30 06:22:38,241 INFO o.a.j.s.SampleResult: sampleresult.default.encoding is set to ISO-8859-1
2019-04-30 06:22:38,241 INFO o.a.j.s.SampleResult: sampleresult.useNanoTime=true
2019-04-30 06:22:38,241 INFO o.a.j.s.SampleResult: sampleresult.nanoThreadSleep=5000
2019-04-30 06:23:00,193 INFO o.a.j.r.Summariser: summary +  24605 in 00:00:22 = 1112.9/s Avg:   171 Min:     7 Max:  1740 Err:    82 (0.33%) Active: 200 Started: 200 Finished: 0
2019-04-30 06:23:30,450 INFO o.a.j.r.Summariser: summary +  17300 in 00:00:30 =  571.7/s Avg:   334 Min:     7 Max:  3291 Err:     0 (0.00%) Active: 200 Started: 200 Finished: 0
2019-04-30 06:23:30,451 INFO o.a.j.r.Summariser: summary =  41905 in 00:00:52 =  800.2/s Avg:   238 Min:     7 Max:  3291 Err:    82 (0.20%)
2019-04-30 06:24:00,018 INFO o.a.j.r.Summariser: summary +   7700 in 00:00:30 =  260.4/s Avg:   781 Min:     6 Max:  3291 Err:     0 (0.00%) Active: 200 Started: 200 Finished: 0
2019-04-30 06:24:00,019 INFO o.a.j.r.Summariser: summary =  49605 in 00:01:22 =  605.4/s Avg:   322 Min:     6 Max:  3291 Err:    82 (0.17%)
2019-04-30 06:24:30,214 INFO o.a.j.r.Summariser: summary +   6400 in 00:00:30 =  212.0/s Avg:   882 Min:     6 Max:  3157 Err:     0 (0.00%) Active: 200 Started: 200 Finished: 0
2019-04-30 06:24:30,215 INFO o.a.j.r.Summariser: summary =  56005 in 00:01:52 =  499.5/s Avg:   386 Min:     6 Max:  3291 Err:    82 (0.15%)
2019-04-30 06:25:00,343 INFO o.a.j.r.Summariser: summary +   6000 in 00:00:30 =  199.1/s Avg:  1049 Min:     7 Max:  5156 Err:     0 (0.00%) Active: 200 Started: 200 Finished: 0
2019-04-30 06:25:00,343 INFO o.a.j.r.Summariser: summary =  62005 in 00:02:22 =  435.9/s Avg:   451 Min:     6 Max:  5156 Err:    82 (0.13%)
2019-04-30 06:25:30,443 INFO o.a.j.r.Summariser: summary +  18900 in 00:00:30 =  627.9/s Avg:   315 Min:     6 Max:  5299 Err:     0 (0.00%) Active: 200 Started: 200 Finished: 0
2019-04-30 06:25:30,443 INFO o.a.j.r.Summariser: summary =  80905 in 00:02:52 =  469.4/s Avg:   419 Min:     6 Max:  5299 Err:    82 (0.10%)
2019-04-30 06:26:00,486 INFO o.a.j.r.Summariser: summary +   7500 in 00:00:30 =  249.7/s Avg:   801 Min:     7 Max:  6087 Err:     0 (0.00%) Active: 200 Started: 200 Finished: 0
2019-04-30 06:26:00,486 INFO o.a.j.r.Summariser: summary =  88405 in 00:03:22 =  436.8/s Avg:   451 Min:     6 Max:  6087 Err:    82 (0.09%)
2019-04-30 06:26:30,620 INFO o.a.j.r.Summariser: summary +   7400 in 00:00:30 =  245.6/s Avg:   832 Min:     6 Max:  6080 Err:     0 (0.00%) Active: 200 Started: 200 Finished: 0
2019-04-30 06:26:30,620 INFO o.a.j.r.Summariser: summary =  95805 in 00:03:53 =  412.0/s Avg:   481 Min:     6 Max:  6087 Err:    82 (0.09%)
2019-04-30 06:27:00,299 INFO o.a.j.r.Summariser: summary +   7200 in 00:00:30 =  242.6/s Avg:   822 Min:     7 Max:  3318 Err:     0 (0.00%) Active: 200 Started: 200 Finished: 0
2019-04-30 06:27:00,299 INFO o.a.j.r.Summariser: summary = 103005 in 00:04:22 =  392.8/s Avg:   505 Min:     6 Max:  6087 Err:    82 (0.08%)
2019-04-30 06:27:30,413 INFO o.a.j.r.Summariser: summary +  16800 in 00:00:30 =  557.9/s Avg:   356 Min:     6 Max:  5120 Err:     2 (0.01%) Active: 200 Started: 200 Finished: 0
2019-04-30 06:27:30,413 INFO o.a.j.r.Summariser: summary = 119805 in 00:04:52 =  409.8/s Avg:   484 Min:     6 Max:  6087 Err:    84 (0.07%)
2019-04-30 06:28:00,710 INFO o.a.j.r.Summariser: summary +   7600 in 00:00:30 =  250.9/s Avg:   793 Min:     6 Max:  5188 Err:     0 (0.00%) Active: 200 Started: 200 Finished: 0
2019-04-30 06:28:00,710 INFO o.a.j.r.Summariser: summary = 127405 in 00:05:23 =  394.9/s Avg:   502 Min:     6 Max:  6087 Err:    84 (0.07%)
2019-04-30 06:28:30,465 INFO o.a.j.r.Summariser: summary +   7200 in 00:00:30 =  242.0/s Avg:   830 Min:     6 Max:  5154 Err:     0 (0.00%) Active: 200 Started: 200 Finished: 0
2019-04-30 06:28:30,465 INFO o.a.j.r.Summariser: summary = 134605 in 00:05:52 =  382.0/s Avg:   520 Min:     6 Max:  6087 Err:    84 (0.06%)
2019-04-30 06:29:00,178 INFO o.a.j.r.Summariser: summary +   7200 in 00:00:30 =  242.3/s Avg:   819 Min:     7 Max:  5151 Err:     0 (0.00%) Active: 200 Started: 200 Finished: 0
2019-04-30 06:29:00,179 INFO o.a.j.r.Summariser: summary = 141805 in 00:06:22 =  371.1/s Avg:   535 Min:     6 Max:  6087 Err:    84 (0.06%)
2019-04-30 06:29:30,103 INFO o.a.j.r.Summariser: summary +  17300 in 00:00:30 =  578.1/s Avg:   349 Min:     7 Max:  5224 Err:     0 (0.00%) Active: 200 Started: 200 Finished: 0
2019-04-30 06:29:30,103 INFO o.a.j.r.Summariser: summary = 159105 in 00:06:52 =  386.2/s Avg:   515 Min:     6 Max:  6087 Err:    84 (0.05%)
2019-04-30 06:30:00,963 INFO o.a.j.r.Summariser: summary +   7700 in 00:00:31 =  249.5/s Avg:   789 Min:     6 Max:  7133 Err:    25 (0.32%) Active: 200 Started: 200 Finished: 0
2019-04-30 06:30:00,963 INFO o.a.j.r.Summariser: summary = 166805 in 00:07:23 =  376.6/s Avg:   527 Min:     6 Max:  7133 Err:   109 (0.07%)
2019-04-30 06:30:30,574 INFO o.a.j.r.Summariser: summary +   7100 in 00:00:30 =  239.8/s Avg:   828 Min:     6 Max:  5146 Err:     0 (0.00%) Active: 197 Started: 200 Finished: 3
2019-04-30 06:30:30,574 INFO o.a.j.r.Summariser: summary = 173905 in 00:07:52 =  368.1/s Avg:   540 Min:     6 Max:  7133 Err:   109 (0.06%)
2019-04-30 06:31:00,010 INFO o.a.j.r.Summariser: summary +   7200 in 00:00:29 =  244.6/s Avg:   792 Min:     7 Max:  5158 Err:     0 (0.00%) Active: 186 Started: 200 Finished: 14
2019-04-30 06:31:00,010 INFO o.a.j.r.Summariser: summary = 181105 in 00:08:22 =  360.8/s Avg:   550 Min:     6 Max:  7133 Err:   109 (0.06%)
2019-04-30 06:31:30,246 INFO o.a.j.r.Summariser: summary +  16800 in 00:00:30 =  555.6/s Avg:   274 Min:     7 Max:  5163 Err:    12 (0.07%) Active: 56 Started: 200 Finished: 144
2019-04-30 06:31:30,246 INFO o.a.j.r.Summariser: summary = 197905 in 00:08:52 =  371.9/s Avg:   526 Min:     6 Max:  7133 Err:   121 (0.06%)
2019-04-30 06:31:40,037 INFO o.a.j.JMeter: Finished remote host: 28.0.0.25 (1556605900037)
2019-04-30 06:31:41,465 INFO o.a.j.JMeter: Finished remote host: 28.0.0.29 (1556605901465)
2019-04-30 06:31:42,246 INFO o.a.j.JMeter: Finished remote host: 28.0.0.27 (1556605902246)
2019-04-30 06:31:42,304 INFO o.a.j.r.Summariser: summary +   2095 in 00:00:12 =  173.8/s Avg:   197 Min:     7 Max:  4128 Err:     0 (0.00%) Active: 0 Started: 200 Finished: 200
2019-04-30 06:31:42,304 INFO o.a.j.r.Summariser: summary = 200000 in 00:09:04 =  367.5/s Avg:   523 Min:     6 Max:  7133 Err:   121 (0.06%)
2019-04-30 06:31:42,305 INFO o.a.j.JMeter: Finished remote host: 28.0.0.24 (1556605902305)
2019-04-30 06:31:47,306 INFO o.a.j.JMeter: Interrupting RMI Reaper
