Creating summariser <summary>
Created the tree successfully using /home/vinaya/current_scenario/system-settings.jmx
Configuring remote engine: 28.0.0.24
Configuring remote engine: 28.0.0.25
Configuring remote engine: 28.0.0.27
Configuring remote engine: 28.0.0.29
Starting remote engines
Starting the test @ Wed May 08 11:13:56 UTC 2019 (1557314036007)
Remote engines have been started
Waiting for possible Shutdown/StopTestNow/Heapdump message on port 4445
summary +   2005 in 00:00:03 =  631.5/s Avg:   163 Min:     1 Max:  1909 Err:     0 (0.00%) Active: 360 Started: 360 Finished: 0
summary +  67800 in 00:00:30 = 2263.6/s Avg:   260 Min:     1 Max:  5552 Err:     0 (0.00%) Active: 600 Started: 600 Finished: 0
summary =  69805 in 00:00:33 = 2107.2/s Avg:   258 Min:     1 Max:  5552 Err:     0 (0.00%)
summary + 100400 in 00:00:30 = 3348.3/s Avg:   175 Min:     1 Max:  2192 Err:     0 (0.00%) Active: 600 Started: 600 Finished: 0
summary = 170205 in 00:01:03 = 2696.8/s Avg:   209 Min:     1 Max:  5552 Err:     0 (0.00%)
summary + 133800 in 00:00:30 = 4459.6/s Avg:   137 Min:     1 Max:  4702 Err:     0 (0.00%) Active: 600 Started: 600 Finished: 0
summary = 304005 in 00:01:33 = 3264.8/s Avg:   177 Min:     1 Max:  5552 Err:     0 (0.00%)
summary + 146100 in 00:00:30 = 4871.5/s Avg:   121 Min:     1 Max:  4044 Err:     0 (0.00%) Active: 586 Started: 600 Finished: 14
summary = 450105 in 00:02:03 = 3656.2/s Avg:   159 Min:     1 Max:  5552 Err:     0 (0.00%)
summary + 135800 in 00:00:30 = 4520.8/s Avg:   101 Min:     1 Max:  4068 Err:     0 (0.00%) Active: 179 Started: 600 Finished: 421
summary = 585905 in 00:02:33 = 3825.8/s Avg:   146 Min:     1 Max:  5552 Err:     0 (0.00%)
summary +  14095 in 00:00:10 = 1469.8/s Avg:    49 Min:     1 Max:  3250 Err:     0 (0.00%) Active: 0 Started: 600 Finished: 600
summary = 600000 in 00:02:43 = 3686.9/s Avg:   143 Min:     1 Max:  5552 Err:     0 (0.00%)
Tidying up remote @ Wed May 08 11:16:39 UTC 2019 (1557314199632)
... end of run
