2019-05-09 10:20:10,381 INFO o.a.j.u.JMeterUtils: Setting Locale to en_US
2019-05-09 10:20:10,399 INFO o.a.j.JMeter: Loading user properties from: /mnt/data/benchmark/apache-jmeter-4.0/bin/user.properties
2019-05-09 10:20:10,399 INFO o.a.j.JMeter: Loading system properties from: /mnt/data/benchmark/apache-jmeter-4.0/bin/system.properties
2019-05-09 10:20:10,409 INFO o.a.j.JMeter: Copyright (c) 1998-2018 The Apache Software Foundation
2019-05-09 10:20:10,409 INFO o.a.j.JMeter: Version 4.0 r1823414
2019-05-09 10:20:10,409 INFO o.a.j.JMeter: java.version=1.8.0_191
2019-05-09 10:20:10,409 INFO o.a.j.JMeter: java.vm.name=OpenJDK 64-Bit Server VM
2019-05-09 10:20:10,409 INFO o.a.j.JMeter: os.name=Linux
2019-05-09 10:20:10,409 INFO o.a.j.JMeter: os.arch=amd64
2019-05-09 10:20:10,409 INFO o.a.j.JMeter: os.version=4.15.0-1041-azure
2019-05-09 10:20:10,409 INFO o.a.j.JMeter: file.encoding=UTF-8
2019-05-09 10:20:10,409 INFO o.a.j.JMeter: Max memory     =1860698112
2019-05-09 10:20:10,410 INFO o.a.j.JMeter: Available Processors =2
2019-05-09 10:20:10,416 INFO o.a.j.JMeter: Default Locale=English (United States)
2019-05-09 10:20:10,416 INFO o.a.j.JMeter: JMeter  Locale=English (United States)
2019-05-09 10:20:10,416 INFO o.a.j.JMeter: JMeterHome=/mnt/data/benchmark/apache-jmeter-4.0
2019-05-09 10:20:10,416 INFO o.a.j.JMeter: user.dir  =/home/rahul-tarento/sunbird-perf-tests/sunbird-platform
2019-05-09 10:20:10,417 INFO o.a.j.JMeter: PWD       =/home/rahul-tarento/sunbird-perf-tests/sunbird-platform
2019-05-09 10:20:10,423 INFO o.a.j.JMeter: IP: 28.0.0.23 Name: jmeter-lms-1 FullName: 28.0.0.23
2019-05-09 10:20:10,426 INFO o.a.j.s.FileServer: Default base='/home/rahul-tarento/sunbird-perf-tests/sunbird-platform'
2019-05-09 10:20:10,432 INFO o.a.j.s.FileServer: Set new base='/home/rahul-tarento/current_scenario'
2019-05-09 10:20:10,613 INFO o.a.j.s.SaveService: Testplan (JMX) version: 2.2. Testlog (JTL) version: 2.2
2019-05-09 10:20:10,642 INFO o.a.j.s.SaveService: Using SaveService properties file encoding UTF-8
2019-05-09 10:20:10,649 INFO o.a.j.s.SaveService: Using SaveService properties version 4.0
2019-05-09 10:20:10,657 INFO o.a.j.s.SaveService: Loading file: /home/rahul-tarento/current_scenario/system-settings.jmx
2019-05-09 10:20:10,719 INFO o.a.j.p.h.s.HTTPSamplerBase: Parser for text/html is org.apache.jmeter.protocol.http.parser.LagartoBasedHtmlParser
2019-05-09 10:20:10,719 INFO o.a.j.p.h.s.HTTPSamplerBase: Parser for application/xhtml+xml is org.apache.jmeter.protocol.http.parser.LagartoBasedHtmlParser
2019-05-09 10:20:10,719 INFO o.a.j.p.h.s.HTTPSamplerBase: Parser for application/xml is org.apache.jmeter.protocol.http.parser.LagartoBasedHtmlParser
2019-05-09 10:20:10,719 INFO o.a.j.p.h.s.HTTPSamplerBase: Parser for text/xml is org.apache.jmeter.protocol.http.parser.LagartoBasedHtmlParser
2019-05-09 10:20:10,719 INFO o.a.j.p.h.s.HTTPSamplerBase: Parser for text/vnd.wap.wml is org.apache.jmeter.protocol.http.parser.RegexpHTMLParser
2019-05-09 10:20:10,719 INFO o.a.j.p.h.s.HTTPSamplerBase: Parser for text/css is org.apache.jmeter.protocol.http.parser.CssParser
2019-05-09 10:20:10,748 INFO o.a.j.JMeter: Creating summariser <summary>
2019-05-09 10:20:10,752 INFO o.a.j.e.DistributedRunner: Configuring remote engine: 28.0.0.24
2019-05-09 10:20:10,754 INFO o.a.j.r.RmiUtils: Disabling SSL for RMI as server.rmi.ssl.disable is set to 'true'
2019-05-09 10:20:10,844 INFO o.a.j.e.DistributedRunner: Configuring remote engine: 28.0.0.25
2019-05-09 10:20:10,845 INFO o.a.j.r.RmiUtils: Disabling SSL for RMI as server.rmi.ssl.disable is set to 'true'
2019-05-09 10:20:10,854 INFO o.a.j.e.DistributedRunner: Configuring remote engine: 28.0.0.27
2019-05-09 10:20:10,855 INFO o.a.j.r.RmiUtils: Disabling SSL for RMI as server.rmi.ssl.disable is set to 'true'
2019-05-09 10:20:10,865 INFO o.a.j.e.DistributedRunner: Configuring remote engine: 28.0.0.29
2019-05-09 10:20:10,865 INFO o.a.j.r.RmiUtils: Disabling SSL for RMI as server.rmi.ssl.disable is set to 'true'
2019-05-09 10:20:10,873 INFO o.a.j.e.DistributedRunner: Starting remote engines
2019-05-09 10:20:10,875 INFO o.a.j.e.DistributedRunner: Starting the test @ Thu May 09 10:20:10 UTC 2019 (1557397210873)
2019-05-09 10:20:10,875 INFO o.a.j.e.ClientJMeterEngine: running clientengine run method
2019-05-09 10:20:10,879 INFO o.a.j.e.u.CompoundVariable: Note: Function class names must contain the string: '.functions.'
2019-05-09 10:20:10,879 INFO o.a.j.e.u.CompoundVariable: Note: Function class names must not contain the string: '.gui.'
2019-05-09 10:20:11,391 INFO o.a.j.r.RmiUtils: Disabling SSL for RMI as server.rmi.ssl.disable is set to 'true'
2019-05-09 10:20:11,392 INFO o.a.j.r.RmiUtils: Disabling SSL for RMI as server.rmi.ssl.disable is set to 'true'
2019-05-09 10:20:11,396 INFO o.a.j.s.SampleEvent: List of sample_variables: []
2019-05-09 10:20:11,402 INFO o.a.j.s.BatchSampleSender: Using batching (client settings) for this run. Thresholds: num=100, time=60000
2019-05-09 10:20:11,402 INFO o.a.j.s.DataStrippingSampleSender: Using DataStrippingSampleSender for this run
2019-05-09 10:20:11,402 INFO o.a.j.r.RmiUtils: Disabling SSL for RMI as server.rmi.ssl.disable is set to 'true'
2019-05-09 10:20:11,402 INFO o.a.j.r.RmiUtils: Disabling SSL for RMI as server.rmi.ssl.disable is set to 'true'
2019-05-09 10:20:11,402 INFO o.a.j.s.BatchSampleSender: Using batching (client settings) for this run. Thresholds: num=100, time=60000
2019-05-09 10:20:11,403 INFO o.a.j.s.DataStrippingSampleSender: Using DataStrippingSampleSender for this run
2019-05-09 10:20:11,404 INFO o.a.j.r.RmiUtils: Disabling SSL for RMI as server.rmi.ssl.disable is set to 'true'
2019-05-09 10:20:11,404 INFO o.a.j.r.RmiUtils: Disabling SSL for RMI as server.rmi.ssl.disable is set to 'true'
2019-05-09 10:20:11,777 INFO o.a.j.r.RmiUtils: Disabling SSL for RMI as server.rmi.ssl.disable is set to 'true'
2019-05-09 10:20:11,777 INFO o.a.j.r.RmiUtils: Disabling SSL for RMI as server.rmi.ssl.disable is set to 'true'
2019-05-09 10:20:11,874 INFO o.a.j.e.ClientJMeterEngine: sent test to 28.0.0.25 basedir='.'
2019-05-09 10:20:11,874 INFO o.a.j.e.ClientJMeterEngine: Sending properties {}
2019-05-09 10:20:11,880 INFO o.a.j.e.ClientJMeterEngine: sent run command to 28.0.0.25
2019-05-09 10:20:11,880 INFO o.a.j.e.ClientJMeterEngine: running clientengine run method
2019-05-09 10:20:11,881 INFO o.a.j.r.RmiUtils: Disabling SSL for RMI as server.rmi.ssl.disable is set to 'true'
2019-05-09 10:20:11,882 INFO o.a.j.r.RmiUtils: Disabling SSL for RMI as server.rmi.ssl.disable is set to 'true'
2019-05-09 10:20:11,882 INFO o.a.j.s.BatchSampleSender: Using batching (client settings) for this run. Thresholds: num=100, time=60000
2019-05-09 10:20:11,882 INFO o.a.j.s.DataStrippingSampleSender: Using DataStrippingSampleSender for this run
2019-05-09 10:20:11,883 INFO o.a.j.r.RmiUtils: Disabling SSL for RMI as server.rmi.ssl.disable is set to 'true'
2019-05-09 10:20:11,883 INFO o.a.j.r.RmiUtils: Disabling SSL for RMI as server.rmi.ssl.disable is set to 'true'
2019-05-09 10:20:11,883 INFO o.a.j.s.BatchSampleSender: Using batching (client settings) for this run. Thresholds: num=100, time=60000
2019-05-09 10:20:11,883 INFO o.a.j.s.DataStrippingSampleSender: Using DataStrippingSampleSender for this run
2019-05-09 10:20:11,883 INFO o.a.j.r.RmiUtils: Disabling SSL for RMI as server.rmi.ssl.disable is set to 'true'
2019-05-09 10:20:11,884 INFO o.a.j.r.RmiUtils: Disabling SSL for RMI as server.rmi.ssl.disable is set to 'true'
2019-05-09 10:20:11,900 INFO o.a.j.JMeter: Started remote host:  28.0.0.25 (1557397211900)
2019-05-09 10:20:11,905 INFO o.a.j.r.RmiUtils: Disabling SSL for RMI as server.rmi.ssl.disable is set to 'true'
2019-05-09 10:20:11,905 INFO o.a.j.r.RmiUtils: Disabling SSL for RMI as server.rmi.ssl.disable is set to 'true'
2019-05-09 10:20:11,926 INFO o.a.j.e.ClientJMeterEngine: sent test to 28.0.0.24 basedir='.'
2019-05-09 10:20:11,926 INFO o.a.j.e.ClientJMeterEngine: Sending properties {}
2019-05-09 10:20:11,928 INFO o.a.j.e.ClientJMeterEngine: sent run command to 28.0.0.24
2019-05-09 10:20:11,928 INFO o.a.j.e.ClientJMeterEngine: running clientengine run method
2019-05-09 10:20:11,929 INFO o.a.j.r.RmiUtils: Disabling SSL for RMI as server.rmi.ssl.disable is set to 'true'
2019-05-09 10:20:11,929 INFO o.a.j.r.RmiUtils: Disabling SSL for RMI as server.rmi.ssl.disable is set to 'true'
2019-05-09 10:20:11,929 INFO o.a.j.s.BatchSampleSender: Using batching (client settings) for this run. Thresholds: num=100, time=60000
2019-05-09 10:20:11,929 INFO o.a.j.s.DataStrippingSampleSender: Using DataStrippingSampleSender for this run
2019-05-09 10:20:11,929 INFO o.a.j.r.RmiUtils: Disabling SSL for RMI as server.rmi.ssl.disable is set to 'true'
2019-05-09 10:20:11,930 INFO o.a.j.r.RmiUtils: Disabling SSL for RMI as server.rmi.ssl.disable is set to 'true'
2019-05-09 10:20:11,930 INFO o.a.j.s.BatchSampleSender: Using batching (client settings) for this run. Thresholds: num=100, time=60000
2019-05-09 10:20:11,930 INFO o.a.j.s.DataStrippingSampleSender: Using DataStrippingSampleSender for this run
2019-05-09 10:20:11,930 INFO o.a.j.r.RmiUtils: Disabling SSL for RMI as server.rmi.ssl.disable is set to 'true'
2019-05-09 10:20:11,930 INFO o.a.j.r.RmiUtils: Disabling SSL for RMI as server.rmi.ssl.disable is set to 'true'
2019-05-09 10:20:11,940 INFO o.a.j.r.RmiUtils: Disabling SSL for RMI as server.rmi.ssl.disable is set to 'true'
2019-05-09 10:20:11,940 INFO o.a.j.r.RmiUtils: Disabling SSL for RMI as server.rmi.ssl.disable is set to 'true'
2019-05-09 10:20:11,942 INFO o.a.j.JMeter: Started remote host:  28.0.0.24 (1557397211942)
2019-05-09 10:20:11,961 INFO o.a.j.e.ClientJMeterEngine: sent test to 28.0.0.27 basedir='.'
2019-05-09 10:20:11,961 INFO o.a.j.e.ClientJMeterEngine: Sending properties {}
2019-05-09 10:20:11,963 INFO o.a.j.e.ClientJMeterEngine: sent run command to 28.0.0.27
2019-05-09 10:20:11,963 INFO o.a.j.e.ClientJMeterEngine: running clientengine run method
2019-05-09 10:20:11,963 INFO o.a.j.r.RmiUtils: Disabling SSL for RMI as server.rmi.ssl.disable is set to 'true'
2019-05-09 10:20:11,963 INFO o.a.j.r.RmiUtils: Disabling SSL for RMI as server.rmi.ssl.disable is set to 'true'
2019-05-09 10:20:11,963 INFO o.a.j.s.BatchSampleSender: Using batching (client settings) for this run. Thresholds: num=100, time=60000
2019-05-09 10:20:11,964 INFO o.a.j.s.DataStrippingSampleSender: Using DataStrippingSampleSender for this run
2019-05-09 10:20:11,964 INFO o.a.j.r.RmiUtils: Disabling SSL for RMI as server.rmi.ssl.disable is set to 'true'
2019-05-09 10:20:11,964 INFO o.a.j.r.RmiUtils: Disabling SSL for RMI as server.rmi.ssl.disable is set to 'true'
2019-05-09 10:20:11,964 INFO o.a.j.s.BatchSampleSender: Using batching (client settings) for this run. Thresholds: num=100, time=60000
2019-05-09 10:20:11,964 INFO o.a.j.s.DataStrippingSampleSender: Using DataStrippingSampleSender for this run
2019-05-09 10:20:11,964 INFO o.a.j.r.RmiUtils: Disabling SSL for RMI as server.rmi.ssl.disable is set to 'true'
2019-05-09 10:20:11,964 INFO o.a.j.r.RmiUtils: Disabling SSL for RMI as server.rmi.ssl.disable is set to 'true'
2019-05-09 10:20:11,975 INFO o.a.j.s.SampleResult: Note: Sample TimeStamps are START times
2019-05-09 10:20:11,975 INFO o.a.j.s.SampleResult: sampleresult.default.encoding is set to ISO-8859-1
2019-05-09 10:20:11,975 INFO o.a.j.s.SampleResult: sampleresult.useNanoTime=true
2019-05-09 10:20:11,975 INFO o.a.j.s.SampleResult: sampleresult.nanoThreadSleep=5000
2019-05-09 10:20:11,980 INFO o.a.j.JMeter: Started remote host:  28.0.0.27 (1557397211980)
2019-05-09 10:20:11,989 INFO o.a.j.r.RmiUtils: Disabling SSL for RMI as server.rmi.ssl.disable is set to 'true'
2019-05-09 10:20:11,989 INFO o.a.j.r.RmiUtils: Disabling SSL for RMI as server.rmi.ssl.disable is set to 'true'
2019-05-09 10:20:12,014 INFO o.a.j.e.ClientJMeterEngine: sent test to 28.0.0.29 basedir='.'
2019-05-09 10:20:12,015 INFO o.a.j.e.ClientJMeterEngine: Sending properties {}
2019-05-09 10:20:12,017 INFO o.a.j.e.ClientJMeterEngine: sent run command to 28.0.0.29
2019-05-09 10:20:12,017 INFO o.a.j.e.DistributedRunner: Remote engines have been started
2019-05-09 10:20:12,021 INFO o.a.j.JMeter: Started remote host:  28.0.0.29 (1557397212021)
2019-05-09 10:20:30,046 INFO o.a.j.r.Summariser: summary +  43405 in 00:00:18 = 2391.7/s Avg:    33 Min:     2 Max:  4023 Err:     0 (0.00%) Active: 99 Started: 99 Finished: 1
2019-05-09 10:20:56,333 INFO o.a.j.JMeter: Finished remote host: 28.0.0.27 (1557397256333)
2019-05-09 10:20:59,334 INFO o.a.j.JMeter: Finished remote host: 28.0.0.24 (1557397259334)
2019-05-09 10:21:00,830 INFO o.a.j.r.Summariser: summary +  56198 in 00:00:31 = 1825.6/s Avg:    31 Min:     2 Max:  5135 Err:     1 (0.00%) Active: 2 Started: 99 Finished: 98
2019-05-09 10:21:00,830 INFO o.a.j.r.Summariser: summary =  99603 in 00:00:49 = 2035.5/s Avg:    32 Min:     2 Max:  5135 Err:     1 (0.00%)
2019-05-09 10:21:00,881 INFO o.a.j.JMeter: Finished remote host: 28.0.0.25 (1557397260881)
2019-05-09 10:21:03,963 INFO o.a.j.r.Summariser: summary +    397 in 00:00:03 =  126.7/s Avg:    19 Min:     2 Max:   535 Err:     0 (0.00%) Active: 0 Started: 99 Finished: 100
2019-05-09 10:21:03,964 INFO o.a.j.r.Summariser: summary = 100000 in 00:00:52 = 1920.6/s Avg:    32 Min:     2 Max:  5135 Err:     1 (0.00%)
2019-05-09 10:21:03,965 INFO o.a.j.JMeter: Finished remote host: 28.0.0.29 (1557397263964)
2019-05-09 10:21:08,967 INFO o.a.j.JMeter: Interrupting RMI Reaper
