2019-05-10 15:05:44,903 INFO o.a.j.u.JMeterUtils: Setting Locale to en_US
2019-05-10 15:05:44,923 INFO o.a.j.JMeter: Loading user properties from: /mnt/data/benchmark/apache-jmeter-4.0/bin/user.properties
2019-05-10 15:05:44,923 INFO o.a.j.JMeter: Loading system properties from: /mnt/data/benchmark/apache-jmeter-4.0/bin/system.properties
2019-05-10 15:05:44,931 INFO o.a.j.JMeter: Copyright (c) 1998-2018 The Apache Software Foundation
2019-05-10 15:05:44,931 INFO o.a.j.JMeter: Version 4.0 r1823414
2019-05-10 15:05:44,932 INFO o.a.j.JMeter: java.version=1.8.0_191
2019-05-10 15:05:44,932 INFO o.a.j.JMeter: java.vm.name=OpenJDK 64-Bit Server VM
2019-05-10 15:05:44,932 INFO o.a.j.JMeter: os.name=Linux
2019-05-10 15:05:44,932 INFO o.a.j.JMeter: os.arch=amd64
2019-05-10 15:05:44,932 INFO o.a.j.JMeter: os.version=4.15.0-1041-azure
2019-05-10 15:05:44,932 INFO o.a.j.JMeter: file.encoding=UTF-8
2019-05-10 15:05:44,932 INFO o.a.j.JMeter: Max memory     =1860698112
2019-05-10 15:05:44,932 INFO o.a.j.JMeter: Available Processors =2
2019-05-10 15:05:44,939 INFO o.a.j.JMeter: Default Locale=English (United States)
2019-05-10 15:05:44,940 INFO o.a.j.JMeter: JMeter  Locale=English (United States)
2019-05-10 15:05:44,940 INFO o.a.j.JMeter: JMeterHome=/mnt/data/benchmark/apache-jmeter-4.0
2019-05-10 15:05:44,940 INFO o.a.j.JMeter: user.dir  =/home/rahul-tarento/sunbird-perf-tests/sunbird-platform
2019-05-10 15:05:44,940 INFO o.a.j.JMeter: PWD       =/home/rahul-tarento/sunbird-perf-tests/sunbird-platform
2019-05-10 15:05:45,293 INFO o.a.j.JMeter: IP: 28.0.0.23 Name: jmeter-lms-1 FullName: 28.0.0.23
2019-05-10 15:05:45,296 INFO o.a.j.s.FileServer: Default base='/home/rahul-tarento/sunbird-perf-tests/sunbird-platform'
2019-05-10 15:05:45,303 INFO o.a.j.s.FileServer: Set new base='/home/rahul-tarento/current_scenario'
2019-05-10 15:05:45,461 INFO o.a.j.s.SaveService: Testplan (JMX) version: 2.2. Testlog (JTL) version: 2.2
2019-05-10 15:05:45,480 INFO o.a.j.s.SaveService: Using SaveService properties file encoding UTF-8
2019-05-10 15:05:45,486 INFO o.a.j.s.SaveService: Using SaveService properties version 4.0
2019-05-10 15:05:45,494 INFO o.a.j.s.SaveService: Loading file: /home/rahul-tarento/current_scenario/org-search.jmx
2019-05-10 15:05:45,583 INFO o.a.j.p.h.s.HTTPSamplerBase: Parser for text/html is org.apache.jmeter.protocol.http.parser.LagartoBasedHtmlParser
2019-05-10 15:05:45,584 INFO o.a.j.p.h.s.HTTPSamplerBase: Parser for application/xhtml+xml is org.apache.jmeter.protocol.http.parser.LagartoBasedHtmlParser
2019-05-10 15:05:45,584 INFO o.a.j.p.h.s.HTTPSamplerBase: Parser for application/xml is org.apache.jmeter.protocol.http.parser.LagartoBasedHtmlParser
2019-05-10 15:05:45,584 INFO o.a.j.p.h.s.HTTPSamplerBase: Parser for text/xml is org.apache.jmeter.protocol.http.parser.LagartoBasedHtmlParser
2019-05-10 15:05:45,584 INFO o.a.j.p.h.s.HTTPSamplerBase: Parser for text/vnd.wap.wml is org.apache.jmeter.protocol.http.parser.RegexpHTMLParser
2019-05-10 15:05:45,584 INFO o.a.j.p.h.s.HTTPSamplerBase: Parser for text/css is org.apache.jmeter.protocol.http.parser.CssParser
2019-05-10 15:05:45,618 INFO o.a.j.JMeter: Creating summariser <summary>
2019-05-10 15:05:45,622 INFO o.a.j.e.DistributedRunner: Configuring remote engine: 28.0.0.24
2019-05-10 15:05:45,624 INFO o.a.j.r.RmiUtils: Disabling SSL for RMI as server.rmi.ssl.disable is set to 'true'
2019-05-10 15:05:45,719 INFO o.a.j.e.DistributedRunner: Configuring remote engine: 28.0.0.25
2019-05-10 15:05:45,720 INFO o.a.j.r.RmiUtils: Disabling SSL for RMI as server.rmi.ssl.disable is set to 'true'
2019-05-10 15:05:45,730 INFO o.a.j.e.DistributedRunner: Configuring remote engine: 28.0.0.27
2019-05-10 15:05:45,730 INFO o.a.j.r.RmiUtils: Disabling SSL for RMI as server.rmi.ssl.disable is set to 'true'
2019-05-10 15:05:45,740 INFO o.a.j.e.DistributedRunner: Configuring remote engine: 28.0.0.29
2019-05-10 15:05:45,740 INFO o.a.j.r.RmiUtils: Disabling SSL for RMI as server.rmi.ssl.disable is set to 'true'
2019-05-10 15:05:45,748 INFO o.a.j.e.DistributedRunner: Starting remote engines
2019-05-10 15:05:45,750 INFO o.a.j.e.DistributedRunner: Starting the test @ Fri May 10 15:05:45 UTC 2019 (1557500745749)
2019-05-10 15:05:45,751 INFO o.a.j.e.ClientJMeterEngine: running clientengine run method
2019-05-10 15:05:45,754 INFO o.a.j.e.u.CompoundVariable: Note: Function class names must contain the string: '.functions.'
2019-05-10 15:05:45,755 INFO o.a.j.e.u.CompoundVariable: Note: Function class names must not contain the string: '.gui.'
2019-05-10 15:05:46,246 INFO o.a.j.r.RmiUtils: Disabling SSL for RMI as server.rmi.ssl.disable is set to 'true'
2019-05-10 15:05:46,246 INFO o.a.j.r.RmiUtils: Disabling SSL for RMI as server.rmi.ssl.disable is set to 'true'
2019-05-10 15:05:46,251 INFO o.a.j.s.SampleEvent: List of sample_variables: []
2019-05-10 15:05:46,257 INFO o.a.j.s.BatchSampleSender: Using batching (client settings) for this run. Thresholds: num=100, time=60000
2019-05-10 15:05:46,257 INFO o.a.j.s.DataStrippingSampleSender: Using DataStrippingSampleSender for this run
2019-05-10 15:05:46,257 INFO o.a.j.r.RmiUtils: Disabling SSL for RMI as server.rmi.ssl.disable is set to 'true'
2019-05-10 15:05:46,257 INFO o.a.j.r.RmiUtils: Disabling SSL for RMI as server.rmi.ssl.disable is set to 'true'
2019-05-10 15:05:46,257 INFO o.a.j.s.BatchSampleSender: Using batching (client settings) for this run. Thresholds: num=100, time=60000
2019-05-10 15:05:46,257 INFO o.a.j.s.DataStrippingSampleSender: Using DataStrippingSampleSender for this run
2019-05-10 15:05:46,258 INFO o.a.j.r.RmiUtils: Disabling SSL for RMI as server.rmi.ssl.disable is set to 'true'
2019-05-10 15:05:46,259 INFO o.a.j.r.RmiUtils: Disabling SSL for RMI as server.rmi.ssl.disable is set to 'true'
2019-05-10 15:05:46,603 INFO o.a.j.r.RmiUtils: Disabling SSL for RMI as server.rmi.ssl.disable is set to 'true'
2019-05-10 15:05:46,605 INFO o.a.j.r.RmiUtils: Disabling SSL for RMI as server.rmi.ssl.disable is set to 'true'
2019-05-10 15:05:46,705 INFO o.a.j.e.ClientJMeterEngine: sent test to 28.0.0.25 basedir='.'
2019-05-10 15:05:46,705 INFO o.a.j.e.ClientJMeterEngine: Sending properties {}
2019-05-10 15:05:46,710 INFO o.a.j.e.ClientJMeterEngine: sent run command to 28.0.0.25
2019-05-10 15:05:46,710 INFO o.a.j.e.ClientJMeterEngine: running clientengine run method
2019-05-10 15:05:46,711 INFO o.a.j.r.RmiUtils: Disabling SSL for RMI as server.rmi.ssl.disable is set to 'true'
2019-05-10 15:05:46,711 INFO o.a.j.r.RmiUtils: Disabling SSL for RMI as server.rmi.ssl.disable is set to 'true'
2019-05-10 15:05:46,711 INFO o.a.j.s.BatchSampleSender: Using batching (client settings) for this run. Thresholds: num=100, time=60000
2019-05-10 15:05:46,711 INFO o.a.j.s.DataStrippingSampleSender: Using DataStrippingSampleSender for this run
2019-05-10 15:05:46,711 INFO o.a.j.r.RmiUtils: Disabling SSL for RMI as server.rmi.ssl.disable is set to 'true'
2019-05-10 15:05:46,712 INFO o.a.j.r.RmiUtils: Disabling SSL for RMI as server.rmi.ssl.disable is set to 'true'
2019-05-10 15:05:46,712 INFO o.a.j.s.BatchSampleSender: Using batching (client settings) for this run. Thresholds: num=100, time=60000
2019-05-10 15:05:46,712 INFO o.a.j.s.DataStrippingSampleSender: Using DataStrippingSampleSender for this run
2019-05-10 15:05:46,712 INFO o.a.j.r.RmiUtils: Disabling SSL for RMI as server.rmi.ssl.disable is set to 'true'
2019-05-10 15:05:46,712 INFO o.a.j.r.RmiUtils: Disabling SSL for RMI as server.rmi.ssl.disable is set to 'true'
2019-05-10 15:05:46,715 WARN o.a.j.r.ResultCollector: Error creating directories for /Users/anmolgupta/Documents
2019-05-10 15:05:46,725 INFO o.a.j.JMeter: Started remote host:  28.0.0.25 (1557500746725)
2019-05-10 15:05:46,726 INFO o.a.j.r.RmiUtils: Disabling SSL for RMI as server.rmi.ssl.disable is set to 'true'
2019-05-10 15:05:46,726 INFO o.a.j.r.RmiUtils: Disabling SSL for RMI as server.rmi.ssl.disable is set to 'true'
2019-05-10 15:05:46,750 INFO o.a.j.e.ClientJMeterEngine: sent test to 28.0.0.24 basedir='.'
2019-05-10 15:05:46,750 INFO o.a.j.e.ClientJMeterEngine: Sending properties {}
2019-05-10 15:05:46,752 INFO o.a.j.e.ClientJMeterEngine: sent run command to 28.0.0.24
2019-05-10 15:05:46,752 INFO o.a.j.e.ClientJMeterEngine: running clientengine run method
2019-05-10 15:05:46,752 INFO o.a.j.r.RmiUtils: Disabling SSL for RMI as server.rmi.ssl.disable is set to 'true'
2019-05-10 15:05:46,753 INFO o.a.j.r.RmiUtils: Disabling SSL for RMI as server.rmi.ssl.disable is set to 'true'
2019-05-10 15:05:46,753 INFO o.a.j.s.BatchSampleSender: Using batching (client settings) for this run. Thresholds: num=100, time=60000
2019-05-10 15:05:46,753 INFO o.a.j.s.DataStrippingSampleSender: Using DataStrippingSampleSender for this run
2019-05-10 15:05:46,753 INFO o.a.j.r.RmiUtils: Disabling SSL for RMI as server.rmi.ssl.disable is set to 'true'
2019-05-10 15:05:46,753 INFO o.a.j.r.RmiUtils: Disabling SSL for RMI as server.rmi.ssl.disable is set to 'true'
2019-05-10 15:05:46,753 INFO o.a.j.s.BatchSampleSender: Using batching (client settings) for this run. Thresholds: num=100, time=60000
2019-05-10 15:05:46,753 INFO o.a.j.s.DataStrippingSampleSender: Using DataStrippingSampleSender for this run
2019-05-10 15:05:46,753 INFO o.a.j.r.RmiUtils: Disabling SSL for RMI as server.rmi.ssl.disable is set to 'true'
2019-05-10 15:05:46,753 INFO o.a.j.r.RmiUtils: Disabling SSL for RMI as server.rmi.ssl.disable is set to 'true'
2019-05-10 15:05:46,771 WARN o.a.j.r.ResultCollector: Error creating directories for /Users/anmolgupta/Documents
2019-05-10 15:05:46,773 INFO o.a.j.JMeter: Started remote host:  28.0.0.24 (1557500746773)
2019-05-10 15:05:46,774 INFO o.a.j.r.RmiUtils: Disabling SSL for RMI as server.rmi.ssl.disable is set to 'true'
2019-05-10 15:05:46,774 INFO o.a.j.r.RmiUtils: Disabling SSL for RMI as server.rmi.ssl.disable is set to 'true'
2019-05-10 15:05:46,790 INFO o.a.j.e.ClientJMeterEngine: sent test to 28.0.0.27 basedir='.'
2019-05-10 15:05:46,790 INFO o.a.j.e.ClientJMeterEngine: Sending properties {}
2019-05-10 15:05:46,792 INFO o.a.j.e.ClientJMeterEngine: sent run command to 28.0.0.27
2019-05-10 15:05:46,792 INFO o.a.j.e.ClientJMeterEngine: running clientengine run method
2019-05-10 15:05:46,793 INFO o.a.j.r.RmiUtils: Disabling SSL for RMI as server.rmi.ssl.disable is set to 'true'
2019-05-10 15:05:46,793 INFO o.a.j.r.RmiUtils: Disabling SSL for RMI as server.rmi.ssl.disable is set to 'true'
2019-05-10 15:05:46,793 INFO o.a.j.s.BatchSampleSender: Using batching (client settings) for this run. Thresholds: num=100, time=60000
2019-05-10 15:05:46,793 INFO o.a.j.s.DataStrippingSampleSender: Using DataStrippingSampleSender for this run
2019-05-10 15:05:46,793 INFO o.a.j.r.RmiUtils: Disabling SSL for RMI as server.rmi.ssl.disable is set to 'true'
2019-05-10 15:05:46,793 INFO o.a.j.r.RmiUtils: Disabling SSL for RMI as server.rmi.ssl.disable is set to 'true'
2019-05-10 15:05:46,793 INFO o.a.j.s.BatchSampleSender: Using batching (client settings) for this run. Thresholds: num=100, time=60000
2019-05-10 15:05:46,794 INFO o.a.j.s.DataStrippingSampleSender: Using DataStrippingSampleSender for this run
2019-05-10 15:05:46,794 INFO o.a.j.r.RmiUtils: Disabling SSL for RMI as server.rmi.ssl.disable is set to 'true'
2019-05-10 15:05:46,794 INFO o.a.j.r.RmiUtils: Disabling SSL for RMI as server.rmi.ssl.disable is set to 'true'
2019-05-10 15:05:46,801 WARN o.a.j.r.ResultCollector: Error creating directories for /Users/anmolgupta/Documents
2019-05-10 15:05:46,805 INFO o.a.j.r.RmiUtils: Disabling SSL for RMI as server.rmi.ssl.disable is set to 'true'
2019-05-10 15:05:46,805 INFO o.a.j.r.RmiUtils: Disabling SSL for RMI as server.rmi.ssl.disable is set to 'true'
2019-05-10 15:05:46,805 INFO o.a.j.JMeter: Started remote host:  28.0.0.27 (1557500746805)
2019-05-10 15:05:46,835 INFO o.a.j.e.ClientJMeterEngine: sent test to 28.0.0.29 basedir='.'
2019-05-10 15:05:46,835 INFO o.a.j.e.ClientJMeterEngine: Sending properties {}
2019-05-10 15:05:46,837 INFO o.a.j.e.ClientJMeterEngine: sent run command to 28.0.0.29
2019-05-10 15:05:46,837 INFO o.a.j.e.DistributedRunner: Remote engines have been started
2019-05-10 15:05:46,841 WARN o.a.j.r.ResultCollector: Error creating directories for /Users/anmolgupta/Documents
2019-05-10 15:05:46,844 INFO o.a.j.JMeter: Started remote host:  28.0.0.29 (1557500746844)
2019-05-10 15:05:47,228 INFO o.a.j.s.SampleResult: Note: Sample TimeStamps are START times
2019-05-10 15:05:47,228 INFO o.a.j.s.SampleResult: sampleresult.default.encoding is set to ISO-8859-1
2019-05-10 15:05:47,228 INFO o.a.j.s.SampleResult: sampleresult.useNanoTime=true
2019-05-10 15:05:47,228 INFO o.a.j.s.SampleResult: sampleresult.nanoThreadSleep=5000
2019-05-10 15:06:00,022 INFO o.a.j.r.Summariser: summary +  10205 in 00:00:13 =  767.5/s Avg:   925 Min:    12 Max:  6775 Err:    26 (0.25%) Active: 800 Started: 800 Finished: 0
2019-05-10 15:06:30,058 INFO o.a.j.r.Summariser: summary +  54500 in 00:00:30 = 1814.5/s Avg:   449 Min:    11 Max:  7696 Err:     0 (0.00%) Active: 800 Started: 800 Finished: 0
2019-05-10 15:06:30,059 INFO o.a.j.r.Summariser: summary =  64705 in 00:00:43 = 1493.2/s Avg:   524 Min:    11 Max:  7696 Err:    26 (0.04%)
2019-05-10 15:07:00,003 INFO o.a.j.r.Summariser: summary +  68700 in 00:00:30 = 2294.2/s Avg:   348 Min:    17 Max:  2294 Err:     0 (0.00%) Active: 800 Started: 800 Finished: 0
2019-05-10 15:07:00,003 INFO o.a.j.r.Summariser: summary = 133405 in 00:01:13 = 1820.5/s Avg:   433 Min:    11 Max:  7696 Err:    26 (0.02%)
2019-05-10 15:07:30,045 INFO o.a.j.r.Summariser: summary +  77700 in 00:00:30 = 2586.3/s Avg:   308 Min:    14 Max:  2334 Err:     2 (0.00%) Active: 800 Started: 800 Finished: 0
2019-05-10 15:07:30,046 INFO o.a.j.r.Summariser: summary = 211105 in 00:01:43 = 2043.2/s Avg:   387 Min:    11 Max:  7696 Err:    28 (0.01%)
2019-05-10 15:08:00,000 INFO o.a.j.r.Summariser: summary +  80600 in 00:00:30 = 2690.7/s Avg:   297 Min:    10 Max:  3412 Err:     0 (0.00%) Active: 800 Started: 800 Finished: 0
2019-05-10 15:08:00,001 INFO o.a.j.r.Summariser: summary = 291705 in 00:02:13 = 2188.7/s Avg:   362 Min:    10 Max:  7696 Err:    28 (0.01%)
2019-05-10 15:08:30,035 INFO o.a.j.r.Summariser: summary +  80700 in 00:00:30 = 2686.9/s Avg:   297 Min:    12 Max:  4053 Err:     2 (0.00%) Active: 800 Started: 800 Finished: 0
2019-05-10 15:08:30,036 INFO o.a.j.r.Summariser: summary = 372405 in 00:02:43 = 2280.3/s Avg:   348 Min:    10 Max:  7696 Err:    30 (0.01%)
2019-05-10 15:09:00,071 INFO o.a.j.r.Summariser: summary +  81100 in 00:00:30 = 2700.2/s Avg:   295 Min:     8 Max:  3647 Err:     0 (0.00%) Active: 800 Started: 800 Finished: 0
2019-05-10 15:09:00,073 INFO o.a.j.r.Summariser: summary = 453505 in 00:03:13 = 2345.6/s Avg:   339 Min:     8 Max:  7696 Err:    30 (0.01%)
2019-05-10 15:09:30,019 INFO o.a.j.r.Summariser: summary +  80600 in 00:00:30 = 2691.3/s Avg:   296 Min:     9 Max:  3455 Err:     1 (0.00%) Active: 800 Started: 800 Finished: 0
2019-05-10 15:09:30,020 INFO o.a.j.r.Summariser: summary = 534105 in 00:03:43 = 2391.9/s Avg:   332 Min:     8 Max:  7696 Err:    31 (0.01%)
2019-05-10 15:10:00,013 INFO o.a.j.r.Summariser: summary +  80500 in 00:00:30 = 2683.9/s Avg:   298 Min:     8 Max:  3683 Err:     0 (0.00%) Active: 800 Started: 800 Finished: 0
2019-05-10 15:10:00,013 INFO o.a.j.r.Summariser: summary = 614605 in 00:04:13 = 2426.5/s Avg:   328 Min:     8 Max:  7696 Err:    31 (0.01%)
2019-05-10 15:10:30,001 INFO o.a.j.r.Summariser: summary +  80600 in 00:00:30 = 2687.7/s Avg:   297 Min:    10 Max:  7777 Err:     1 (0.00%) Active: 800 Started: 800 Finished: 0
2019-05-10 15:10:30,002 INFO o.a.j.r.Summariser: summary = 695205 in 00:04:43 = 2454.2/s Avg:   324 Min:     8 Max:  7777 Err:    32 (0.00%)
2019-05-10 15:11:00,064 INFO o.a.j.r.Summariser: summary +  81700 in 00:00:30 = 2717.6/s Avg:   294 Min:     9 Max:  3451 Err:     0 (0.00%) Active: 800 Started: 800 Finished: 0
2019-05-10 15:11:00,064 INFO o.a.j.r.Summariser: summary = 776905 in 00:05:13 = 2479.4/s Avg:   321 Min:     8 Max:  7777 Err:    32 (0.00%)
2019-05-10 15:11:30,036 INFO o.a.j.r.Summariser: summary +  80900 in 00:00:30 = 2699.3/s Avg:   296 Min:     8 Max:  3625 Err:     0 (0.00%) Active: 800 Started: 800 Finished: 0
2019-05-10 15:11:30,036 INFO o.a.j.r.Summariser: summary = 857805 in 00:05:43 = 2498.6/s Avg:   319 Min:     8 Max:  7777 Err:    32 (0.00%)
2019-05-10 15:12:00,003 INFO o.a.j.r.Summariser: summary +  80300 in 00:00:30 = 2679.5/s Avg:   298 Min:     9 Max:  3654 Err:     0 (0.00%) Active: 800 Started: 800 Finished: 0
2019-05-10 15:12:00,004 INFO o.a.j.r.Summariser: summary = 938105 in 00:06:13 = 2513.1/s Avg:   317 Min:     8 Max:  7777 Err:    32 (0.00%)
2019-05-10 15:12:30,026 INFO o.a.j.r.Summariser: summary +  80700 in 00:00:30 = 2687.9/s Avg:   297 Min:     8 Max:  3490 Err:     0 (0.00%) Active: 800 Started: 800 Finished: 0
2019-05-10 15:12:30,027 INFO o.a.j.r.Summariser: summary = 1018805 in 00:06:43 = 2526.2/s Avg:   315 Min:     8 Max:  7777 Err:    32 (0.00%)
2019-05-10 15:13:00,055 INFO o.a.j.r.Summariser: summary +  81900 in 00:00:30 = 2727.4/s Avg:   293 Min:     9 Max:  3495 Err:     0 (0.00%) Active: 800 Started: 800 Finished: 0
2019-05-10 15:13:00,056 INFO o.a.j.r.Summariser: summary = 1100705 in 00:07:13 = 2540.1/s Avg:   314 Min:     8 Max:  7777 Err:    32 (0.00%)
2019-05-10 15:13:30,000 INFO o.a.j.r.Summariser: summary +  80510 in 00:00:30 = 2688.6/s Avg:   297 Min:     9 Max:  3631 Err:     0 (0.00%) Active: 800 Started: 800 Finished: 0
2019-05-10 15:13:30,000 INFO o.a.j.r.Summariser: summary = 1181215 in 00:07:43 = 2549.7/s Avg:   312 Min:     8 Max:  7777 Err:    32 (0.00%)
2019-05-10 15:14:00,018 INFO o.a.j.r.Summariser: summary +  81290 in 00:00:30 = 2708.0/s Avg:   294 Min:     9 Max:  3534 Err:     3 (0.00%) Active: 800 Started: 800 Finished: 0
2019-05-10 15:14:00,019 INFO o.a.j.r.Summariser: summary = 1262505 in 00:08:13 = 2559.3/s Avg:   311 Min:     8 Max:  7777 Err:    35 (0.00%)
2019-05-10 15:14:30,022 INFO o.a.j.r.Summariser: summary +  80700 in 00:00:30 = 2689.7/s Avg:   297 Min:    10 Max:  3538 Err:     0 (0.00%) Active: 800 Started: 800 Finished: 0
2019-05-10 15:14:30,022 INFO o.a.j.r.Summariser: summary = 1343205 in 00:08:43 = 2566.8/s Avg:   310 Min:     8 Max:  7777 Err:    35 (0.00%)
2019-05-10 15:15:00,040 INFO o.a.j.r.Summariser: summary +  81200 in 00:00:30 = 2705.0/s Avg:   295 Min:     7 Max:  3614 Err:     2 (0.00%) Active: 800 Started: 800 Finished: 0
2019-05-10 15:15:00,040 INFO o.a.j.r.Summariser: summary = 1424405 in 00:09:13 = 2574.3/s Avg:   310 Min:     7 Max:  7777 Err:    37 (0.00%)
2019-05-10 15:15:30,015 INFO o.a.j.r.Summariser: summary +  80300 in 00:00:30 = 2678.8/s Avg:   298 Min:    10 Max:  3500 Err:     0 (0.00%) Active: 800 Started: 800 Finished: 0
2019-05-10 15:15:30,016 INFO o.a.j.r.Summariser: summary = 1504705 in 00:09:43 = 2579.7/s Avg:   309 Min:     7 Max:  7777 Err:    37 (0.00%)
2019-05-10 15:16:00,007 INFO o.a.j.r.Summariser: summary +  80700 in 00:00:30 = 2690.7/s Avg:   297 Min:     7 Max:  3718 Err:     2 (0.00%) Active: 800 Started: 800 Finished: 0
2019-05-10 15:16:00,008 INFO o.a.j.r.Summariser: summary = 1585405 in 00:10:13 = 2585.1/s Avg:   308 Min:     7 Max:  7777 Err:    39 (0.00%)
2019-05-10 15:16:30,060 INFO o.a.j.r.Summariser: summary +  80200 in 00:00:30 = 2668.6/s Avg:   298 Min:     9 Max:  2556 Err:     1 (0.00%) Active: 800 Started: 800 Finished: 0
2019-05-10 15:16:30,061 INFO o.a.j.r.Summariser: summary = 1665605 in 00:10:43 = 2589.0/s Avg:   308 Min:     7 Max:  7777 Err:    40 (0.00%)
2019-05-10 15:17:00,013 INFO o.a.j.r.Summariser: summary +  79900 in 00:00:30 = 2667.6/s Avg:   300 Min:     5 Max:  7675 Err:     0 (0.00%) Active: 800 Started: 800 Finished: 0
2019-05-10 15:17:00,014 INFO o.a.j.r.Summariser: summary = 1745505 in 00:11:13 = 2592.5/s Avg:   307 Min:     5 Max:  7777 Err:    40 (0.00%)
2019-05-10 15:17:30,002 INFO o.a.j.r.Summariser: summary +  79800 in 00:00:30 = 2660.9/s Avg:   300 Min:     9 Max:  4415 Err:     0 (0.00%) Active: 799 Started: 800 Finished: 1
2019-05-10 15:17:30,003 INFO o.a.j.r.Summariser: summary = 1825305 in 00:11:43 = 2595.4/s Avg:   307 Min:     5 Max:  7777 Err:    40 (0.00%)
2019-05-10 15:18:00,009 INFO o.a.j.r.Summariser: summary +  80500 in 00:00:30 = 2682.7/s Avg:   290 Min:     7 Max:  2288 Err:     0 (0.00%) Active: 725 Started: 800 Finished: 75
2019-05-10 15:18:00,010 INFO o.a.j.r.Summariser: summary = 1905805 in 00:12:13 = 2599.0/s Avg:   306 Min:     5 Max:  7777 Err:    40 (0.00%)
2019-05-10 15:18:30,003 INFO o.a.j.r.Summariser: summary +  79700 in 00:00:30 = 2657.4/s Avg:   212 Min:     4 Max:  3278 Err:     1 (0.00%) Active: 241 Started: 800 Finished: 559
2019-05-10 15:18:30,003 INFO o.a.j.r.Summariser: summary = 1985505 in 00:12:43 = 2601.3/s Avg:   303 Min:     4 Max:  7777 Err:    41 (0.00%)
2019-05-10 15:18:37,897 INFO o.a.j.JMeter: Finished remote host: 28.0.0.27 (1557501517897)
2019-05-10 15:18:40,499 INFO o.a.j.JMeter: Finished remote host: 28.0.0.24 (1557501520499)
2019-05-10 15:18:40,686 INFO o.a.j.JMeter: Finished remote host: 28.0.0.25 (1557501520685)
2019-05-10 15:18:41,355 INFO o.a.j.r.Summariser: summary +  14495 in 00:00:11 = 1276.6/s Avg:    67 Min:     3 Max:  1298 Err:     0 (0.00%) Active: 0 Started: 800 Finished: 800
2019-05-10 15:18:41,356 INFO o.a.j.r.Summariser: summary = 2000000 in 00:12:55 = 2581.9/s Avg:   301 Min:     3 Max:  7777 Err:    41 (0.00%)
2019-05-10 15:18:41,357 INFO o.a.j.JMeter: Finished remote host: 28.0.0.29 (1557501521357)
2019-05-10 15:18:46,359 INFO o.a.j.JMeter: Interrupting RMI Reaper
