Creating summariser <summary>
Created the tree successfully using /home/rahul-tarento/current_scenario/org-search.jmx
Configuring remote engine: 28.0.0.24
Configuring remote engine: 28.0.0.25
Configuring remote engine: 28.0.0.27
Configuring remote engine: 28.0.0.29
Starting remote engines
Starting the test @ Fri May 10 14:27:55 UTC 2019 (1557498475235)
Remote engines have been started
Waiting for possible Shutdown/StopTestNow/Heapdump message on port 4445
summary +   9805 in 00:00:04 = 2563.4/s Avg:   123 Min:     3 Max:  1053 Err:    16 (0.16%) Active: 400 Started: 400 Finished: 0
summary +  81100 in 00:00:30 = 2694.4/s Avg:   147 Min:     3 Max:  1089 Err:     0 (0.00%) Active: 400 Started: 400 Finished: 0
summary =  90905 in 00:00:34 = 2679.6/s Avg:   145 Min:     3 Max:  1089 Err:    16 (0.02%)
summary +  81800 in 00:00:30 = 2732.1/s Avg:   146 Min:     3 Max:  1868 Err:     0 (0.00%) Active: 400 Started: 400 Finished: 0
summary = 172705 in 00:01:04 = 2704.2/s Avg:   145 Min:     3 Max:  1868 Err:    16 (0.01%)
summary +  79100 in 00:00:30 = 2637.1/s Avg:   151 Min:     3 Max:  1469 Err:     0 (0.00%) Active: 400 Started: 400 Finished: 0
summary = 251805 in 00:01:34 = 2682.8/s Avg:   147 Min:     3 Max:  1868 Err:    16 (0.01%)
summary +  79900 in 00:00:30 = 2658.2/s Avg:   149 Min:     3 Max:  1486 Err:     2 (0.00%) Active: 400 Started: 400 Finished: 0
summary = 331705 in 00:02:04 = 2676.8/s Avg:   148 Min:     3 Max:  1868 Err:    18 (0.01%)
summary +  79300 in 00:00:30 = 2650.7/s Avg:   150 Min:     3 Max:  1003 Err:     1 (0.00%) Active: 400 Started: 400 Finished: 0
summary = 411005 in 00:02:34 = 2671.7/s Avg:   148 Min:     3 Max:  1868 Err:    19 (0.00%)
summary +  80300 in 00:00:30 = 2668.7/s Avg:   148 Min:     3 Max:  1037 Err:     1 (0.00%) Active: 400 Started: 400 Finished: 0
summary = 491305 in 00:03:04 = 2671.2/s Avg:   148 Min:     3 Max:  1868 Err:    20 (0.00%)
summary +  78500 in 00:00:30 = 2625.1/s Avg:   152 Min:     4 Max:  2792 Err:     0 (0.00%) Active: 400 Started: 400 Finished: 0
summary = 569805 in 00:03:34 = 2664.8/s Avg:   149 Min:     3 Max:  2792 Err:    20 (0.00%)
summary +  80700 in 00:00:30 = 2689.2/s Avg:   148 Min:     3 Max:  1470 Err:     1 (0.00%) Active: 400 Started: 400 Finished: 0
summary = 650505 in 00:04:04 = 2667.8/s Avg:   149 Min:     3 Max:  2792 Err:    21 (0.00%)
summary +  80100 in 00:00:30 = 2670.5/s Avg:   149 Min:     3 Max:  1281 Err:     0 (0.00%) Active: 400 Started: 400 Finished: 0
summary = 730605 in 00:04:34 = 2668.1/s Avg:   149 Min:     3 Max:  2792 Err:    21 (0.00%)
summary +  79400 in 00:00:30 = 2647.3/s Avg:   150 Min:     3 Max:  1445 Err:     0 (0.00%) Active: 400 Started: 400 Finished: 0
summary = 810005 in 00:05:04 = 2666.0/s Avg:   149 Min:     3 Max:  2792 Err:    21 (0.00%)
summary +  80800 in 00:00:30 = 2685.5/s Avg:   148 Min:     4 Max:  1411 Err:     2 (0.00%) Active: 400 Started: 400 Finished: 0
summary = 890805 in 00:05:34 = 2667.8/s Avg:   149 Min:     3 Max:  2792 Err:    23 (0.00%)
summary +  80900 in 00:00:30 = 2703.9/s Avg:   145 Min:     3 Max:  1805 Err:     0 (0.00%) Active: 343 Started: 400 Finished: 57
summary = 971705 in 00:06:04 = 2670.8/s Avg:   148 Min:     3 Max:  2792 Err:    23 (0.00%)
summary +  28295 in 00:00:11 = 2528.4/s Avg:    85 Min:     3 Max:   842 Err:     1 (0.00%) Active: 0 Started: 400 Finished: 400
summary = 1000000 in 00:06:15 = 2666.5/s Avg:   147 Min:     3 Max:  2792 Err:    24 (0.00%)
Tidying up remote @ Fri May 10 14:34:11 UTC 2019 (1557498851201)
... end of run
