2019-04-30 05:06:15,638 INFO o.a.j.u.JMeterUtils: Setting Locale to en_US
2019-04-30 05:06:15,652 INFO o.a.j.JMeter: Loading user properties from: /mnt/data/benchmark/apache-jmeter-4.0/bin/user.properties
2019-04-30 05:06:15,653 INFO o.a.j.JMeter: Loading system properties from: /mnt/data/benchmark/apache-jmeter-4.0/bin/system.properties
2019-04-30 05:06:15,659 INFO o.a.j.JMeter: Copyright (c) 1998-2018 The Apache Software Foundation
2019-04-30 05:06:15,659 INFO o.a.j.JMeter: Version 4.0 r1823414
2019-04-30 05:06:15,659 INFO o.a.j.JMeter: java.version=1.8.0_191
2019-04-30 05:06:15,659 INFO o.a.j.JMeter: java.vm.name=OpenJDK 64-Bit Server VM
2019-04-30 05:06:15,659 INFO o.a.j.JMeter: os.name=Linux
2019-04-30 05:06:15,660 INFO o.a.j.JMeter: os.arch=amd64
2019-04-30 05:06:15,660 INFO o.a.j.JMeter: os.version=4.15.0-1041-azure
2019-04-30 05:06:15,660 INFO o.a.j.JMeter: file.encoding=UTF-8
2019-04-30 05:06:15,660 INFO o.a.j.JMeter: Max memory     =1860698112
2019-04-30 05:06:15,660 INFO o.a.j.JMeter: Available Processors =2
2019-04-30 05:06:15,665 INFO o.a.j.JMeter: Default Locale=English (United States)
2019-04-30 05:06:15,666 INFO o.a.j.JMeter: JMeter  Locale=English (United States)
2019-04-30 05:06:15,666 INFO o.a.j.JMeter: JMeterHome=/mnt/data/benchmark/apache-jmeter-4.0
2019-04-30 05:06:15,666 INFO o.a.j.JMeter: user.dir  =/home/vinaya/sunbird-perf-tests/sunbird-platform
2019-04-30 05:06:15,666 INFO o.a.j.JMeter: PWD       =/home/vinaya/sunbird-perf-tests/sunbird-platform
2019-04-30 05:06:15,886 INFO o.a.j.JMeter: IP: 28.0.0.23 Name: jmeter-lms-1 FullName: 28.0.0.23
2019-04-30 05:06:15,889 INFO o.a.j.s.FileServer: Default base='/home/vinaya/sunbird-perf-tests/sunbird-platform'
2019-04-30 05:06:15,896 INFO o.a.j.s.FileServer: Set new base='/home/vinaya/current_scenario'
2019-04-30 05:06:16,050 INFO o.a.j.s.SaveService: Testplan (JMX) version: 2.2. Testlog (JTL) version: 2.2
2019-04-30 05:06:16,068 INFO o.a.j.s.SaveService: Using SaveService properties file encoding UTF-8
2019-04-30 05:06:16,073 INFO o.a.j.s.SaveService: Using SaveService properties version 4.0
2019-04-30 05:06:16,080 INFO o.a.j.s.SaveService: Loading file: /home/vinaya/current_scenario/page-assemble.jmx
2019-04-30 05:06:16,143 INFO o.a.j.p.h.s.HTTPSamplerBase: Parser for text/html is org.apache.jmeter.protocol.http.parser.LagartoBasedHtmlParser
2019-04-30 05:06:16,143 INFO o.a.j.p.h.s.HTTPSamplerBase: Parser for application/xhtml+xml is org.apache.jmeter.protocol.http.parser.LagartoBasedHtmlParser
2019-04-30 05:06:16,144 INFO o.a.j.p.h.s.HTTPSamplerBase: Parser for application/xml is org.apache.jmeter.protocol.http.parser.LagartoBasedHtmlParser
2019-04-30 05:06:16,144 INFO o.a.j.p.h.s.HTTPSamplerBase: Parser for text/xml is org.apache.jmeter.protocol.http.parser.LagartoBasedHtmlParser
2019-04-30 05:06:16,144 INFO o.a.j.p.h.s.HTTPSamplerBase: Parser for text/vnd.wap.wml is org.apache.jmeter.protocol.http.parser.RegexpHTMLParser
2019-04-30 05:06:16,144 INFO o.a.j.p.h.s.HTTPSamplerBase: Parser for text/css is org.apache.jmeter.protocol.http.parser.CssParser
2019-04-30 05:06:16,177 INFO o.a.j.JMeter: Creating summariser <summary>
2019-04-30 05:06:16,180 INFO o.a.j.e.DistributedRunner: Configuring remote engine: 28.0.0.24
2019-04-30 05:06:16,181 INFO o.a.j.r.RmiUtils: Disabling SSL for RMI as server.rmi.ssl.disable is set to 'true'
2019-04-30 05:06:16,274 INFO o.a.j.e.DistributedRunner: Configuring remote engine: 28.0.0.25
2019-04-30 05:06:16,274 INFO o.a.j.r.RmiUtils: Disabling SSL for RMI as server.rmi.ssl.disable is set to 'true'
2019-04-30 05:06:16,283 INFO o.a.j.e.DistributedRunner: Configuring remote engine: 28.0.0.27
2019-04-30 05:06:16,284 INFO o.a.j.r.RmiUtils: Disabling SSL for RMI as server.rmi.ssl.disable is set to 'true'
2019-04-30 05:06:16,296 INFO o.a.j.e.DistributedRunner: Configuring remote engine: 28.0.0.29
2019-04-30 05:06:16,296 INFO o.a.j.r.RmiUtils: Disabling SSL for RMI as server.rmi.ssl.disable is set to 'true'
2019-04-30 05:06:16,306 INFO o.a.j.e.DistributedRunner: Starting remote engines
2019-04-30 05:06:16,308 INFO o.a.j.e.DistributedRunner: Starting the test @ Tue Apr 30 05:06:16 UTC 2019 (1556600776306)
2019-04-30 05:06:16,308 INFO o.a.j.e.ClientJMeterEngine: running clientengine run method
2019-04-30 05:06:16,312 INFO o.a.j.e.u.CompoundVariable: Note: Function class names must contain the string: '.functions.'
2019-04-30 05:06:16,312 INFO o.a.j.e.u.CompoundVariable: Note: Function class names must not contain the string: '.gui.'
2019-04-30 05:06:16,753 INFO o.a.j.r.RmiUtils: Disabling SSL for RMI as server.rmi.ssl.disable is set to 'true'
2019-04-30 05:06:16,753 INFO o.a.j.r.RmiUtils: Disabling SSL for RMI as server.rmi.ssl.disable is set to 'true'
2019-04-30 05:06:16,756 INFO o.a.j.s.SampleEvent: List of sample_variables: []
2019-04-30 05:06:16,762 INFO o.a.j.s.BatchSampleSender: Using batching (client settings) for this run. Thresholds: num=100, time=60000
2019-04-30 05:06:16,762 INFO o.a.j.s.DataStrippingSampleSender: Using DataStrippingSampleSender for this run
2019-04-30 05:06:16,762 INFO o.a.j.r.RmiUtils: Disabling SSL for RMI as server.rmi.ssl.disable is set to 'true'
2019-04-30 05:06:16,762 INFO o.a.j.r.RmiUtils: Disabling SSL for RMI as server.rmi.ssl.disable is set to 'true'
2019-04-30 05:06:16,763 INFO o.a.j.s.BatchSampleSender: Using batching (client settings) for this run. Thresholds: num=100, time=60000
2019-04-30 05:06:16,763 INFO o.a.j.s.DataStrippingSampleSender: Using DataStrippingSampleSender for this run
2019-04-30 05:06:16,764 INFO o.a.j.r.RmiUtils: Disabling SSL for RMI as server.rmi.ssl.disable is set to 'true'
2019-04-30 05:06:16,764 INFO o.a.j.r.RmiUtils: Disabling SSL for RMI as server.rmi.ssl.disable is set to 'true'
2019-04-30 05:06:17,110 INFO o.a.j.r.RmiUtils: Disabling SSL for RMI as server.rmi.ssl.disable is set to 'true'
2019-04-30 05:06:17,110 INFO o.a.j.r.RmiUtils: Disabling SSL for RMI as server.rmi.ssl.disable is set to 'true'
2019-04-30 05:06:17,190 INFO o.a.j.e.ClientJMeterEngine: sent test to 28.0.0.25 basedir='.'
2019-04-30 05:06:17,190 INFO o.a.j.e.ClientJMeterEngine: Sending properties {}
2019-04-30 05:06:17,193 INFO o.a.j.e.ClientJMeterEngine: sent run command to 28.0.0.25
2019-04-30 05:06:17,193 INFO o.a.j.e.ClientJMeterEngine: running clientengine run method
2019-04-30 05:06:17,194 INFO o.a.j.r.RmiUtils: Disabling SSL for RMI as server.rmi.ssl.disable is set to 'true'
2019-04-30 05:06:17,194 INFO o.a.j.r.RmiUtils: Disabling SSL for RMI as server.rmi.ssl.disable is set to 'true'
2019-04-30 05:06:17,194 INFO o.a.j.s.BatchSampleSender: Using batching (client settings) for this run. Thresholds: num=100, time=60000
2019-04-30 05:06:17,194 INFO o.a.j.s.DataStrippingSampleSender: Using DataStrippingSampleSender for this run
2019-04-30 05:06:17,194 INFO o.a.j.r.RmiUtils: Disabling SSL for RMI as server.rmi.ssl.disable is set to 'true'
2019-04-30 05:06:17,194 INFO o.a.j.r.RmiUtils: Disabling SSL for RMI as server.rmi.ssl.disable is set to 'true'
2019-04-30 05:06:17,195 INFO o.a.j.s.BatchSampleSender: Using batching (client settings) for this run. Thresholds: num=100, time=60000
2019-04-30 05:06:17,195 INFO o.a.j.s.DataStrippingSampleSender: Using DataStrippingSampleSender for this run
2019-04-30 05:06:17,195 INFO o.a.j.r.RmiUtils: Disabling SSL for RMI as server.rmi.ssl.disable is set to 'true'
2019-04-30 05:06:17,195 INFO o.a.j.r.RmiUtils: Disabling SSL for RMI as server.rmi.ssl.disable is set to 'true'
2019-04-30 05:06:17,205 INFO o.a.j.JMeter: Started remote host:  28.0.0.25 (1556600777205)
2019-04-30 05:06:17,207 INFO o.a.j.r.RmiUtils: Disabling SSL for RMI as server.rmi.ssl.disable is set to 'true'
2019-04-30 05:06:17,207 INFO o.a.j.r.RmiUtils: Disabling SSL for RMI as server.rmi.ssl.disable is set to 'true'
2019-04-30 05:06:17,234 INFO o.a.j.e.ClientJMeterEngine: sent test to 28.0.0.24 basedir='.'
2019-04-30 05:06:17,234 INFO o.a.j.e.ClientJMeterEngine: Sending properties {}
2019-04-30 05:06:17,236 INFO o.a.j.e.ClientJMeterEngine: sent run command to 28.0.0.24
2019-04-30 05:06:17,236 INFO o.a.j.e.ClientJMeterEngine: running clientengine run method
2019-04-30 05:06:17,237 INFO o.a.j.r.RmiUtils: Disabling SSL for RMI as server.rmi.ssl.disable is set to 'true'
2019-04-30 05:06:17,237 INFO o.a.j.r.RmiUtils: Disabling SSL for RMI as server.rmi.ssl.disable is set to 'true'
2019-04-30 05:06:17,237 INFO o.a.j.s.BatchSampleSender: Using batching (client settings) for this run. Thresholds: num=100, time=60000
2019-04-30 05:06:17,237 INFO o.a.j.s.DataStrippingSampleSender: Using DataStrippingSampleSender for this run
2019-04-30 05:06:17,237 INFO o.a.j.r.RmiUtils: Disabling SSL for RMI as server.rmi.ssl.disable is set to 'true'
2019-04-30 05:06:17,237 INFO o.a.j.r.RmiUtils: Disabling SSL for RMI as server.rmi.ssl.disable is set to 'true'
2019-04-30 05:06:17,238 INFO o.a.j.s.BatchSampleSender: Using batching (client settings) for this run. Thresholds: num=100, time=60000
2019-04-30 05:06:17,238 INFO o.a.j.s.DataStrippingSampleSender: Using DataStrippingSampleSender for this run
2019-04-30 05:06:17,238 INFO o.a.j.r.RmiUtils: Disabling SSL for RMI as server.rmi.ssl.disable is set to 'true'
2019-04-30 05:06:17,238 INFO o.a.j.r.RmiUtils: Disabling SSL for RMI as server.rmi.ssl.disable is set to 'true'
2019-04-30 05:06:17,253 INFO o.a.j.JMeter: Started remote host:  28.0.0.24 (1556600777253)
2019-04-30 05:06:17,257 INFO o.a.j.r.RmiUtils: Disabling SSL for RMI as server.rmi.ssl.disable is set to 'true'
2019-04-30 05:06:17,257 INFO o.a.j.r.RmiUtils: Disabling SSL for RMI as server.rmi.ssl.disable is set to 'true'
2019-04-30 05:06:17,282 INFO o.a.j.e.ClientJMeterEngine: sent test to 28.0.0.27 basedir='.'
2019-04-30 05:06:17,282 INFO o.a.j.e.ClientJMeterEngine: Sending properties {}
2019-04-30 05:06:17,286 INFO o.a.j.e.ClientJMeterEngine: sent run command to 28.0.0.27
2019-04-30 05:06:17,286 INFO o.a.j.e.ClientJMeterEngine: running clientengine run method
2019-04-30 05:06:17,286 INFO o.a.j.r.RmiUtils: Disabling SSL for RMI as server.rmi.ssl.disable is set to 'true'
2019-04-30 05:06:17,286 INFO o.a.j.r.RmiUtils: Disabling SSL for RMI as server.rmi.ssl.disable is set to 'true'
2019-04-30 05:06:17,287 INFO o.a.j.s.BatchSampleSender: Using batching (client settings) for this run. Thresholds: num=100, time=60000
2019-04-30 05:06:17,287 INFO o.a.j.s.DataStrippingSampleSender: Using DataStrippingSampleSender for this run
2019-04-30 05:06:17,287 INFO o.a.j.r.RmiUtils: Disabling SSL for RMI as server.rmi.ssl.disable is set to 'true'
2019-04-30 05:06:17,287 INFO o.a.j.r.RmiUtils: Disabling SSL for RMI as server.rmi.ssl.disable is set to 'true'
2019-04-30 05:06:17,287 INFO o.a.j.s.BatchSampleSender: Using batching (client settings) for this run. Thresholds: num=100, time=60000
2019-04-30 05:06:17,287 INFO o.a.j.s.DataStrippingSampleSender: Using DataStrippingSampleSender for this run
2019-04-30 05:06:17,287 INFO o.a.j.r.RmiUtils: Disabling SSL for RMI as server.rmi.ssl.disable is set to 'true'
2019-04-30 05:06:17,287 INFO o.a.j.r.RmiUtils: Disabling SSL for RMI as server.rmi.ssl.disable is set to 'true'
2019-04-30 05:06:17,295 INFO o.a.j.JMeter: Started remote host:  28.0.0.27 (1556600777295)
2019-04-30 05:06:17,302 INFO o.a.j.r.RmiUtils: Disabling SSL for RMI as server.rmi.ssl.disable is set to 'true'
2019-04-30 05:06:17,302 INFO o.a.j.r.RmiUtils: Disabling SSL for RMI as server.rmi.ssl.disable is set to 'true'
2019-04-30 05:06:17,332 INFO o.a.j.e.ClientJMeterEngine: sent test to 28.0.0.29 basedir='.'
2019-04-30 05:06:17,332 INFO o.a.j.e.ClientJMeterEngine: Sending properties {}
2019-04-30 05:06:17,334 INFO o.a.j.e.ClientJMeterEngine: sent run command to 28.0.0.29
2019-04-30 05:06:17,334 INFO o.a.j.e.DistributedRunner: Remote engines have been started
2019-04-30 05:06:17,338 INFO o.a.j.JMeter: Started remote host:  28.0.0.29 (1556600777338)
2019-04-30 05:06:17,657 INFO o.a.j.s.SampleResult: Note: Sample TimeStamps are START times
2019-04-30 05:06:17,657 INFO o.a.j.s.SampleResult: sampleresult.default.encoding is set to ISO-8859-1
2019-04-30 05:06:17,657 INFO o.a.j.s.SampleResult: sampleresult.useNanoTime=true
2019-04-30 05:06:17,657 INFO o.a.j.s.SampleResult: sampleresult.nanoThreadSleep=5000
2019-04-30 05:06:33,457 INFO o.a.j.r.Summariser: summary +    405 in 00:00:16 =   24.9/s Avg:  1304 Min:    99 Max:  2764 Err:     0 (0.00%) Active: 60 Started: 45 Finished: 0
2019-04-30 05:07:00,002 INFO o.a.j.r.Summariser: summary +   1400 in 00:00:27 =   52.7/s Avg:  1230 Min:   107 Max:  2680 Err:     0 (0.00%) Active: 60 Started: 45 Finished: 0
2019-04-30 05:07:00,003 INFO o.a.j.r.Summariser: summary =   1805 in 00:00:43 =   42.2/s Avg:  1246 Min:    99 Max:  2764 Err:     0 (0.00%)
2019-04-30 05:07:35,842 INFO o.a.j.r.Summariser: summary +   1400 in 00:00:36 =   39.1/s Avg:  1365 Min:   107 Max:  2705 Err:     0 (0.00%) Active: 60 Started: 45 Finished: 0
2019-04-30 05:07:35,844 INFO o.a.j.r.Summariser: summary =   3205 in 00:01:19 =   40.8/s Avg:  1298 Min:    99 Max:  2764 Err:     0 (0.00%)
2019-04-30 05:08:02,436 INFO o.a.j.r.Summariser: summary +   1000 in 00:00:27 =   37.6/s Avg:  1519 Min:   100 Max:  4769 Err:     0 (0.00%) Active: 60 Started: 45 Finished: 0
2019-04-30 05:08:02,436 INFO o.a.j.r.Summariser: summary =   4205 in 00:01:45 =   40.0/s Avg:  1351 Min:    99 Max:  4769 Err:     0 (0.00%)
2019-04-30 05:08:31,447 INFO o.a.j.r.Summariser: summary +   1000 in 00:00:29 =   34.5/s Avg:  1769 Min:    87 Max:  4861 Err:     0 (0.00%) Active: 60 Started: 45 Finished: 0
2019-04-30 05:08:31,447 INFO o.a.j.r.Summariser: summary =   5205 in 00:02:14 =   38.8/s Avg:  1431 Min:    87 Max:  4861 Err:     0 (0.00%)
2019-04-30 05:09:00,618 INFO o.a.j.r.Summariser: summary +   1000 in 00:00:29 =   34.3/s Avg:  1790 Min:   103 Max:  5049 Err:     0 (0.00%) Active: 60 Started: 45 Finished: 0
2019-04-30 05:09:00,618 INFO o.a.j.r.Summariser: summary =   6205 in 00:02:43 =   38.0/s Avg:  1489 Min:    87 Max:  5049 Err:     0 (0.00%)
2019-04-30 05:09:31,124 INFO o.a.j.r.Summariser: summary +   1000 in 00:00:31 =   32.8/s Avg:  1743 Min:    90 Max:  5020 Err:     0 (0.00%) Active: 60 Started: 45 Finished: 0
2019-04-30 05:09:31,124 INFO o.a.j.r.Summariser: summary =   7205 in 00:03:14 =   37.2/s Avg:  1524 Min:    87 Max:  5049 Err:     0 (0.00%)
2019-04-30 05:10:31,471 INFO o.a.j.r.Summariser: summary +   2000 in 00:01:00 =   33.1/s Avg:  1751 Min:    93 Max:  4962 Err:     0 (0.00%) Active: 60 Started: 45 Finished: 0
2019-04-30 05:10:31,472 INFO o.a.j.r.Summariser: summary =   9205 in 00:04:14 =   36.2/s Avg:  1574 Min:    87 Max:  5049 Err:     0 (0.00%)
2019-04-30 05:11:04,440 INFO o.a.j.r.Summariser: summary +   1200 in 00:00:33 =   36.4/s Avg:  1759 Min:   100 Max:  4733 Err:     0 (0.00%) Active: 60 Started: 45 Finished: 0
2019-04-30 05:11:04,440 INFO o.a.j.r.Summariser: summary =  10405 in 00:04:47 =   36.2/s Avg:  1595 Min:    87 Max:  5049 Err:     0 (0.00%)
2019-04-30 05:11:32,125 INFO o.a.j.r.Summariser: summary +   1000 in 00:00:28 =   36.1/s Avg:  1781 Min:    91 Max:  4718 Err:     0 (0.00%) Active: 60 Started: 45 Finished: 0
2019-04-30 05:11:32,125 INFO o.a.j.r.Summariser: summary =  11405 in 00:05:15 =   36.2/s Avg:  1611 Min:    87 Max:  5049 Err:     0 (0.00%)
2019-04-30 05:12:03,031 INFO o.a.j.r.Summariser: summary +   1000 in 00:00:31 =   32.4/s Avg:  1761 Min:    91 Max:  4840 Err:     0 (0.00%) Active: 60 Started: 45 Finished: 0
2019-04-30 05:12:03,031 INFO o.a.j.r.Summariser: summary =  12405 in 00:05:46 =   35.9/s Avg:  1623 Min:    87 Max:  5049 Err:     0 (0.00%)
2019-04-30 05:12:30,857 INFO o.a.j.r.Summariser: summary +   1000 in 00:00:28 =   35.9/s Avg:  1794 Min:    96 Max:  4942 Err:     0 (0.00%) Active: 60 Started: 45 Finished: 0
2019-04-30 05:12:30,857 INFO o.a.j.r.Summariser: summary =  13405 in 00:06:14 =   35.9/s Avg:  1636 Min:    87 Max:  5049 Err:     0 (0.00%)
2019-04-30 05:13:00,625 INFO o.a.j.r.Summariser: summary +   1000 in 00:00:30 =   33.6/s Avg:  1755 Min:    87 Max:  5137 Err:     0 (0.00%) Active: 60 Started: 45 Finished: 0
2019-04-30 05:13:00,625 INFO o.a.j.r.Summariser: summary =  14405 in 00:06:43 =   35.7/s Avg:  1644 Min:    87 Max:  5137 Err:     0 (0.00%)
2019-04-30 05:13:30,968 INFO o.a.j.r.Summariser: summary +   1100 in 00:00:30 =   36.3/s Avg:  1708 Min:    86 Max:  4945 Err:     0 (0.00%) Active: 60 Started: 45 Finished: 0
2019-04-30 05:13:30,968 INFO o.a.j.r.Summariser: summary =  15505 in 00:07:14 =   35.7/s Avg:  1649 Min:    86 Max:  5137 Err:     0 (0.00%)
2019-04-30 05:14:02,209 INFO o.a.j.r.Summariser: summary +   1100 in 00:00:31 =   35.2/s Avg:  1696 Min:    86 Max:  4675 Err:     0 (0.00%) Active: 60 Started: 45 Finished: 0
2019-04-30 05:14:02,209 INFO o.a.j.r.Summariser: summary =  16605 in 00:07:45 =   35.7/s Avg:  1652 Min:    86 Max:  5137 Err:     0 (0.00%)
2019-04-30 05:14:32,379 INFO o.a.j.r.Summariser: summary +   1000 in 00:00:30 =   33.1/s Avg:  1740 Min:    87 Max:  4692 Err:     0 (0.00%) Active: 60 Started: 45 Finished: 0
2019-04-30 05:14:32,379 INFO o.a.j.r.Summariser: summary =  17605 in 00:08:15 =   35.6/s Avg:  1657 Min:    86 Max:  5137 Err:     0 (0.00%)
2019-04-30 05:15:00,705 INFO o.a.j.r.Summariser: summary +   1000 in 00:00:28 =   35.3/s Avg:  1747 Min:    93 Max:  4701 Err:     0 (0.00%) Active: 60 Started: 45 Finished: 0
2019-04-30 05:15:00,705 INFO o.a.j.r.Summariser: summary =  18605 in 00:08:44 =   35.5/s Avg:  1662 Min:    86 Max:  5137 Err:     0 (0.00%)
2019-04-30 05:15:31,150 INFO o.a.j.r.Summariser: summary +   1000 in 00:00:30 =   32.8/s Avg:  1725 Min:   109 Max:  4655 Err:     0 (0.00%) Active: 60 Started: 45 Finished: 0
2019-04-30 05:15:31,151 INFO o.a.j.r.Summariser: summary =  19605 in 00:09:14 =   35.4/s Avg:  1665 Min:    86 Max:  5137 Err:     0 (0.00%)
2019-04-30 05:16:02,931 INFO o.a.j.r.Summariser: summary +   1100 in 00:00:32 =   34.6/s Avg:  1722 Min:    89 Max:  4947 Err:     0 (0.00%) Active: 60 Started: 45 Finished: 0
2019-04-30 05:16:02,931 INFO o.a.j.r.Summariser: summary =  20705 in 00:09:46 =   35.3/s Avg:  1668 Min:    86 Max:  5137 Err:     0 (0.00%)
2019-04-30 05:16:30,105 INFO o.a.j.r.Summariser: summary +   1000 in 00:00:27 =   36.8/s Avg:  1742 Min:    96 Max:  4862 Err:     0 (0.00%) Active: 60 Started: 45 Finished: 0
2019-04-30 05:16:30,105 INFO o.a.j.r.Summariser: summary =  21705 in 00:10:13 =   35.4/s Avg:  1672 Min:    86 Max:  5137 Err:     0 (0.00%)
2019-04-30 05:17:00,605 INFO o.a.j.r.Summariser: summary +   1000 in 00:00:31 =   32.8/s Avg:  1693 Min:    95 Max:  4516 Err:     0 (0.00%) Active: 60 Started: 45 Finished: 0
2019-04-30 05:17:00,606 INFO o.a.j.r.Summariser: summary =  22705 in 00:10:43 =   35.3/s Avg:  1672 Min:    86 Max:  5137 Err:     0 (0.00%)
2019-04-30 05:17:35,769 INFO o.a.j.r.Summariser: summary +   1200 in 00:00:35 =   34.1/s Avg:  1793 Min:    83 Max:  4821 Err:     0 (0.00%) Active: 60 Started: 45 Finished: 0
2019-04-30 05:17:35,769 INFO o.a.j.r.Summariser: summary =  23905 in 00:11:19 =   35.2/s Avg:  1679 Min:    83 Max:  5137 Err:     0 (0.00%)
2019-04-30 05:18:00,226 INFO o.a.j.r.Summariser: summary +    800 in 00:00:24 =   32.7/s Avg:  1759 Min:   110 Max:  4836 Err:     0 (0.00%) Active: 60 Started: 45 Finished: 0
2019-04-30 05:18:00,227 INFO o.a.j.r.Summariser: summary =  24705 in 00:11:43 =   35.1/s Avg:  1681 Min:    83 Max:  5137 Err:     0 (0.00%)
2019-04-30 05:19:01,168 INFO o.a.j.r.Summariser: summary +   2100 in 00:01:01 =   34.5/s Avg:  1755 Min:    83 Max:  4967 Err:     0 (0.00%) Active: 60 Started: 45 Finished: 0
2019-04-30 05:19:01,168 INFO o.a.j.r.Summariser: summary =  26805 in 00:12:44 =   35.1/s Avg:  1687 Min:    83 Max:  5137 Err:     0 (0.00%)
2019-04-30 05:19:33,843 INFO o.a.j.r.Summariser: summary +   1100 in 00:00:33 =   33.7/s Avg:  1713 Min:    89 Max:  4911 Err:     0 (0.00%) Active: 60 Started: 45 Finished: 0
2019-04-30 05:19:33,843 INFO o.a.j.r.Summariser: summary =  27905 in 00:13:17 =   35.0/s Avg:  1688 Min:    83 Max:  5137 Err:     0 (0.00%)
2019-04-30 05:20:00,035 INFO o.a.j.r.Summariser: summary +   1000 in 00:00:26 =   38.2/s Avg:  1780 Min:    85 Max:  5512 Err:     0 (0.00%) Active: 60 Started: 45 Finished: 0
2019-04-30 05:20:00,035 INFO o.a.j.r.Summariser: summary =  28905 in 00:13:43 =   35.1/s Avg:  1691 Min:    83 Max:  5512 Err:     0 (0.00%)
2019-04-30 05:20:31,293 INFO o.a.j.r.Summariser: summary +   1000 in 00:00:31 =   32.0/s Avg:  1753 Min:    96 Max:  5078 Err:     0 (0.00%) Active: 60 Started: 45 Finished: 0
2019-04-30 05:20:31,293 INFO o.a.j.r.Summariser: summary =  29905 in 00:14:14 =   35.0/s Avg:  1693 Min:    83 Max:  5512 Err:     0 (0.00%)
2019-04-30 05:21:00,701 INFO o.a.j.r.Summariser: summary +   1100 in 00:00:29 =   37.4/s Avg:  1734 Min:    92 Max:  4786 Err:     0 (0.00%) Active: 60 Started: 45 Finished: 0
2019-04-30 05:21:00,701 INFO o.a.j.r.Summariser: summary =  31005 in 00:14:43 =   35.1/s Avg:  1695 Min:    83 Max:  5512 Err:     0 (0.00%)
2019-04-30 05:21:30,510 INFO o.a.j.r.Summariser: summary +    900 in 00:00:30 =   30.2/s Avg:  1798 Min:    95 Max:  4465 Err:     0 (0.00%) Active: 60 Started: 45 Finished: 0
2019-04-30 05:21:30,511 INFO o.a.j.r.Summariser: summary =  31905 in 00:15:13 =   34.9/s Avg:  1698 Min:    83 Max:  5512 Err:     0 (0.00%)
2019-04-30 05:22:05,070 INFO o.a.j.r.Summariser: summary +   1200 in 00:00:35 =   34.7/s Avg:  1718 Min:    92 Max:  4895 Err:     0 (0.00%) Active: 60 Started: 45 Finished: 0
2019-04-30 05:22:05,070 INFO o.a.j.r.Summariser: summary =  33105 in 00:15:48 =   34.9/s Avg:  1698 Min:    83 Max:  5512 Err:     0 (0.00%)
2019-04-30 05:22:32,296 INFO o.a.j.r.Summariser: summary +   1000 in 00:00:27 =   36.7/s Avg:  1726 Min:    94 Max:  4905 Err:     0 (0.00%) Active: 60 Started: 45 Finished: 0
2019-04-30 05:22:32,297 INFO o.a.j.r.Summariser: summary =  34105 in 00:16:15 =   35.0/s Avg:  1699 Min:    83 Max:  5512 Err:     0 (0.00%)
2019-04-30 05:23:00,362 INFO o.a.j.r.Summariser: summary +   1000 in 00:00:28 =   35.6/s Avg:  1699 Min:    91 Max:  4666 Err:     0 (0.00%) Active: 60 Started: 45 Finished: 0
2019-04-30 05:23:00,362 INFO o.a.j.r.Summariser: summary =  35105 in 00:16:43 =   35.0/s Avg:  1699 Min:    83 Max:  5512 Err:     0 (0.00%)
2019-04-30 05:23:35,327 INFO o.a.j.r.Summariser: summary +   1200 in 00:00:35 =   34.3/s Avg:  1699 Min:    89 Max:  4740 Err:     0 (0.00%) Active: 60 Started: 45 Finished: 0
2019-04-30 05:23:35,328 INFO o.a.j.r.Summariser: summary =  36305 in 00:17:18 =   35.0/s Avg:  1699 Min:    83 Max:  5512 Err:     0 (0.00%)
2019-04-30 05:24:01,949 INFO o.a.j.r.Summariser: summary +    900 in 00:00:27 =   33.8/s Avg:  1747 Min:    93 Max:  4909 Err:     0 (0.00%) Active: 60 Started: 45 Finished: 0
2019-04-30 05:24:01,950 INFO o.a.j.r.Summariser: summary =  37205 in 00:17:45 =   34.9/s Avg:  1700 Min:    83 Max:  5512 Err:     0 (0.00%)
2019-04-30 05:24:31,749 INFO o.a.j.r.Summariser: summary +   1100 in 00:00:30 =   36.9/s Avg:  1728 Min:    81 Max:  4713 Err:     0 (0.00%) Active: 60 Started: 45 Finished: 0
2019-04-30 05:24:31,749 INFO o.a.j.r.Summariser: summary =  38305 in 00:18:15 =   35.0/s Avg:  1701 Min:    81 Max:  5512 Err:     0 (0.00%)
2019-04-30 05:25:01,441 INFO o.a.j.r.Summariser: summary +   1000 in 00:00:30 =   33.7/s Avg:  1719 Min:    82 Max:  5351 Err:     4 (0.40%) Active: 60 Started: 45 Finished: 0
2019-04-30 05:25:01,441 INFO o.a.j.r.Summariser: summary =  39305 in 00:18:44 =   35.0/s Avg:  1702 Min:    81 Max:  5512 Err:     4 (0.01%)
2019-04-30 05:25:33,235 INFO o.a.j.r.Summariser: summary +   1100 in 00:00:32 =   34.6/s Avg:  1709 Min:    80 Max:  4679 Err:     0 (0.00%) Active: 60 Started: 45 Finished: 0
2019-04-30 05:25:33,235 INFO o.a.j.r.Summariser: summary =  40405 in 00:19:16 =   35.0/s Avg:  1702 Min:    80 Max:  5512 Err:     4 (0.01%)
2019-04-30 05:26:01,064 INFO o.a.j.r.Summariser: summary +   1000 in 00:00:28 =   35.9/s Avg:  1742 Min:    90 Max:  4878 Err:     0 (0.00%) Active: 60 Started: 45 Finished: 0
2019-04-30 05:26:01,065 INFO o.a.j.r.Summariser: summary =  41405 in 00:19:44 =   35.0/s Avg:  1703 Min:    80 Max:  5512 Err:     4 (0.01%)
2019-04-30 05:26:30,887 INFO o.a.j.r.Summariser: summary +   1000 in 00:00:30 =   33.5/s Avg:  1669 Min:    93 Max:  4419 Err:     0 (0.00%) Active: 60 Started: 45 Finished: 0
2019-04-30 05:26:30,888 INFO o.a.j.r.Summariser: summary =  42405 in 00:20:14 =   34.9/s Avg:  1702 Min:    80 Max:  5512 Err:     4 (0.01%)
2019-04-30 05:27:01,309 INFO o.a.j.r.Summariser: summary +   1100 in 00:00:30 =   36.2/s Avg:  1713 Min:    89 Max:  4948 Err:     0 (0.00%) Active: 60 Started: 45 Finished: 0
2019-04-30 05:27:01,310 INFO o.a.j.r.Summariser: summary =  43505 in 00:20:44 =   35.0/s Avg:  1702 Min:    80 Max:  5512 Err:     4 (0.01%)
2019-04-30 05:27:30,779 INFO o.a.j.r.Summariser: summary +   1100 in 00:00:29 =   37.3/s Avg:  1751 Min:    83 Max:  4745 Err:     0 (0.00%) Active: 60 Started: 45 Finished: 0
2019-04-30 05:27:30,779 INFO o.a.j.r.Summariser: summary =  44605 in 00:21:14 =   35.0/s Avg:  1703 Min:    80 Max:  5512 Err:     4 (0.01%)
2019-04-30 05:28:33,557 INFO o.a.j.r.Summariser: summary +    600 in 00:01:03 =    9.6/s Avg:  2730 Min:    88 Max: 11138 Err:     9 (1.50%) Active: 60 Started: 45 Finished: 0
2019-04-30 05:28:33,557 INFO o.a.j.r.Summariser: summary =  45205 in 00:22:16 =   33.8/s Avg:  1717 Min:    80 Max: 11138 Err:    13 (0.03%)
2019-04-30 05:29:31,657 INFO o.a.j.r.Summariser: summary +    500 in 00:00:58 =    8.6/s Avg:  7444 Min:  1529 Max: 13151 Err:   149 (29.80%) Active: 60 Started: 45 Finished: 0
2019-04-30 05:29:31,657 INFO o.a.j.r.Summariser: summary =  45705 in 00:23:14 =   32.8/s Avg:  1780 Min:    80 Max: 13151 Err:   162 (0.35%)
2019-04-30 05:30:31,959 INFO o.a.j.r.Summariser: summary +    380 in 00:01:00 =    6.3/s Avg:  9094 Min:  1193 Max: 11143 Err:   314 (82.63%) Active: 60 Started: 45 Finished: 0
2019-04-30 05:30:31,959 INFO o.a.j.r.Summariser: summary =  46085 in 00:24:15 =   31.7/s Avg:  1840 Min:    80 Max: 13151 Err:   476 (1.03%)
2019-04-30 05:31:05,156 INFO o.a.j.r.Summariser: summary +    395 in 00:00:33 =   11.9/s Avg:  7496 Min:  1635 Max: 11117 Err:   209 (52.91%) Active: 60 Started: 45 Finished: 0
2019-04-30 05:31:05,156 INFO o.a.j.r.Summariser: summary =  46480 in 00:24:48 =   31.2/s Avg:  1888 Min:    80 Max: 13151 Err:   685 (1.47%)
2019-04-30 05:31:34,251 INFO o.a.j.r.Summariser: summary +    600 in 00:00:29 =   20.6/s Avg:  4152 Min:   335 Max: 10127 Err:     7 (1.17%) Active: 60 Started: 45 Finished: 0
2019-04-30 05:31:34,251 INFO o.a.j.r.Summariser: summary =  47080 in 00:25:17 =   31.0/s Avg:  1917 Min:    80 Max: 13151 Err:   692 (1.47%)
2019-04-30 05:32:01,322 INFO o.a.j.r.Summariser: summary +    600 in 00:00:27 =   22.2/s Avg:  2576 Min:   272 Max:  6145 Err:     0 (0.00%) Active: 60 Started: 45 Finished: 0
2019-04-30 05:32:01,322 INFO o.a.j.r.Summariser: summary =  47680 in 00:25:44 =   30.9/s Avg:  1925 Min:    80 Max: 13151 Err:   692 (1.45%)
2019-04-30 05:32:33,148 INFO o.a.j.r.Summariser: summary +    700 in 00:00:32 =   22.0/s Avg:  2732 Min:   654 Max:  4743 Err:     4 (0.57%) Active: 60 Started: 45 Finished: 0
2019-04-30 05:32:33,149 INFO o.a.j.r.Summariser: summary =  48380 in 00:26:16 =   30.7/s Avg:  1937 Min:    80 Max: 13151 Err:   696 (1.44%)
2019-04-30 05:33:05,741 INFO o.a.j.r.Summariser: summary +    800 in 00:00:33 =   24.5/s Avg:  2517 Min:   582 Max:  7333 Err:     0 (0.00%) Active: 60 Started: 45 Finished: 0
2019-04-30 05:33:05,741 INFO o.a.j.r.Summariser: summary =  49180 in 00:26:49 =   30.6/s Avg:  1946 Min:    80 Max: 13151 Err:   696 (1.42%)
2019-04-30 05:33:30,201 INFO o.a.j.r.Summariser: summary +    800 in 00:00:24 =   32.7/s Avg:  1953 Min:   242 Max: 10610 Err:     3 (0.38%) Active: 60 Started: 45 Finished: 0
2019-04-30 05:33:30,201 INFO o.a.j.r.Summariser: summary =  49980 in 00:27:13 =   30.6/s Avg:  1946 Min:    80 Max: 13151 Err:   699 (1.40%)
2019-04-30 05:34:02,242 INFO o.a.j.r.Summariser: summary +   1500 in 00:00:32 =   46.8/s Avg:  1483 Min:   103 Max:  5674 Err:     0 (0.00%) Active: 60 Started: 45 Finished: 0
2019-04-30 05:34:02,242 INFO o.a.j.r.Summariser: summary =  51480 in 00:27:45 =   30.9/s Avg:  1933 Min:    80 Max: 13151 Err:   699 (1.36%)
2019-04-30 05:34:30,607 INFO o.a.j.r.Summariser: summary +   1100 in 00:00:28 =   38.8/s Avg:  1540 Min:    91 Max:  4898 Err:     0 (0.00%) Active: 60 Started: 45 Finished: 0
2019-04-30 05:34:30,607 INFO o.a.j.r.Summariser: summary =  52580 in 00:28:13 =   31.0/s Avg:  1925 Min:    80 Max: 13151 Err:   699 (1.33%)
2019-04-30 05:35:01,031 INFO o.a.j.r.Summariser: summary +   1000 in 00:00:30 =   32.9/s Avg:  1585 Min:    95 Max:  4539 Err:     0 (0.00%) Active: 60 Started: 45 Finished: 0
2019-04-30 05:35:01,031 INFO o.a.j.r.Summariser: summary =  53580 in 00:28:44 =   31.1/s Avg:  1918 Min:    80 Max: 13151 Err:   699 (1.30%)
2019-04-30 05:35:31,992 INFO o.a.j.r.Summariser: summary +   1200 in 00:00:31 =   38.8/s Avg:  1546 Min:    83 Max:  5319 Err:     0 (0.00%) Active: 60 Started: 45 Finished: 0
2019-04-30 05:35:31,993 INFO o.a.j.r.Summariser: summary =  54780 in 00:29:15 =   31.2/s Avg:  1910 Min:    80 Max: 13151 Err:   699 (1.28%)
2019-04-30 05:36:02,021 INFO o.a.j.r.Summariser: summary +   1200 in 00:00:30 =   40.0/s Avg:  1524 Min:    88 Max:  4667 Err:     0 (0.00%) Active: 60 Started: 45 Finished: 0
2019-04-30 05:36:02,022 INFO o.a.j.r.Summariser: summary =  55980 in 00:29:45 =   31.4/s Avg:  1902 Min:    80 Max: 13151 Err:   699 (1.25%)
2019-04-30 05:36:33,668 INFO o.a.j.r.Summariser: summary +   1200 in 00:00:32 =   37.9/s Avg:  1572 Min:    90 Max: 10081 Err:     1 (0.08%) Active: 58 Started: 45 Finished: 2
2019-04-30 05:36:33,669 INFO o.a.j.r.Summariser: summary =  57180 in 00:30:16 =   31.5/s Avg:  1895 Min:    80 Max: 13151 Err:   700 (1.22%)
2019-04-30 05:37:30,968 INFO o.a.j.r.Summariser: summary +   1900 in 00:00:57 =   33.2/s Avg:  1552 Min:    87 Max:  4510 Err:     0 (0.00%) Active: 35 Started: 45 Finished: 25
2019-04-30 05:37:30,969 INFO o.a.j.r.Summariser: summary =  59080 in 00:31:14 =   31.5/s Avg:  1884 Min:    80 Max: 13151 Err:   700 (1.18%)
2019-04-30 05:38:02,260 INFO o.a.j.r.Summariser: summary +    500 in 00:00:31 =   16.0/s Avg:  1515 Min:    80 Max:  4352 Err:     0 (0.00%) Active: 13 Started: 45 Finished: 47
2019-04-30 05:38:02,260 INFO o.a.j.r.Summariser: summary =  59580 in 00:31:45 =   31.3/s Avg:  1881 Min:    80 Max: 13151 Err:   700 (1.17%)
2019-04-30 05:38:03,527 INFO o.a.j.JMeter: Finished remote host: 28.0.0.24 (1556602683527)
2019-04-30 05:38:08,419 INFO o.a.j.JMeter: Finished remote host: 28.0.0.29 (1556602688419)
2019-04-30 05:38:09,943 INFO o.a.j.JMeter: Finished remote host: 28.0.0.27 (1556602689943)
2019-04-30 05:38:10,643 INFO o.a.j.r.Summariser: summary +    420 in 00:00:08 =   50.1/s Avg:  1033 Min:    74 Max:  4258 Err:     0 (0.00%) Active: 0 Started: 45 Finished: 60
2019-04-30 05:38:10,644 INFO o.a.j.r.Summariser: summary =  60000 in 00:31:53 =   31.4/s Avg:  1875 Min:    74 Max: 13151 Err:   700 (1.17%)
2019-04-30 05:38:10,645 INFO o.a.j.JMeter: Finished remote host: 28.0.0.25 (1556602690645)
2019-04-30 05:38:15,647 INFO o.a.j.JMeter: Interrupting RMI Reaper
