Creating summariser <summary>
Created the tree successfully using /home/rahul-tarento/current_scenario/page-assemble.jmx
Configuring remote engine: 28.0.0.24
Configuring remote engine: 28.0.0.25
Configuring remote engine: 28.0.0.27
Configuring remote engine: 28.0.0.29
Starting remote engines
Starting the test @ Thu May 09 11:48:48 UTC 2019 (1557402528914)
Remote engines have been started
Waiting for possible Shutdown/StopTestNow/Heapdump message on port 4445
summary +   3005 in 00:00:10 =  293.2/s Avg:   152 Min:    16 Max:  8765 Err:     0 (0.00%) Active: 60 Started: 60 Finished: 0
summary +  12400 in 00:00:30 =  414.0/s Avg:   150 Min:    16 Max:  9297 Err:     0 (0.00%) Active: 60 Started: 60 Finished: 0
summary =  15405 in 00:00:40 =  383.2/s Avg:   150 Min:    16 Max:  9297 Err:     0 (0.00%)
summary +  12600 in 00:00:30 =  415.5/s Avg:   144 Min:    15 Max:  4646 Err:     0 (0.00%) Active: 60 Started: 60 Finished: 0
summary =  28005 in 00:01:11 =  397.1/s Avg:   147 Min:    15 Max:  9297 Err:     0 (0.00%)
summary +  12700 in 00:00:30 =  427.3/s Avg:   138 Min:    16 Max:  4487 Err:     0 (0.00%) Active: 60 Started: 60 Finished: 0
summary =  40705 in 00:01:40 =  406.1/s Avg:   145 Min:    15 Max:  9297 Err:     0 (0.00%)
summary +  12200 in 00:00:30 =  406.1/s Avg:   134 Min:    15 Max:  4351 Err:     1 (0.01%) Active: 40 Started: 60 Finished: 20
summary =  52905 in 00:02:10 =  406.1/s Avg:   142 Min:    15 Max:  9297 Err:     1 (0.00%)
summary +   7095 in 00:00:25 =  287.0/s Avg:    92 Min:    14 Max:  3494 Err:     0 (0.00%) Active: 0 Started: 60 Finished: 60
summary =  60000 in 00:02:35 =  387.1/s Avg:   136 Min:    14 Max:  9297 Err:     1 (0.00%)
Tidying up remote @ Thu May 09 11:51:24 UTC 2019 (1557402684821)
... end of run
