2019-05-07 15:50:58,645 INFO o.a.j.u.JMeterUtils: Setting Locale to en_US
2019-05-07 15:50:58,659 INFO o.a.j.JMeter: Loading user properties from: /mnt/data/benchmark/apache-jmeter-4.0/bin/user.properties
2019-05-07 15:50:58,660 INFO o.a.j.JMeter: Loading system properties from: /mnt/data/benchmark/apache-jmeter-4.0/bin/system.properties
2019-05-07 15:50:58,666 INFO o.a.j.JMeter: Copyright (c) 1998-2018 The Apache Software Foundation
2019-05-07 15:50:58,666 INFO o.a.j.JMeter: Version 4.0 r1823414
2019-05-07 15:50:58,666 INFO o.a.j.JMeter: java.version=1.8.0_191
2019-05-07 15:50:58,667 INFO o.a.j.JMeter: java.vm.name=OpenJDK 64-Bit Server VM
2019-05-07 15:50:58,667 INFO o.a.j.JMeter: os.name=Linux
2019-05-07 15:50:58,667 INFO o.a.j.JMeter: os.arch=amd64
2019-05-07 15:50:58,667 INFO o.a.j.JMeter: os.version=4.15.0-1041-azure
2019-05-07 15:50:58,667 INFO o.a.j.JMeter: file.encoding=UTF-8
2019-05-07 15:50:58,667 INFO o.a.j.JMeter: Max memory     =1860698112
2019-05-07 15:50:58,667 INFO o.a.j.JMeter: Available Processors =2
2019-05-07 15:50:58,672 INFO o.a.j.JMeter: Default Locale=English (United States)
2019-05-07 15:50:58,673 INFO o.a.j.JMeter: JMeter  Locale=English (United States)
2019-05-07 15:50:58,673 INFO o.a.j.JMeter: JMeterHome=/mnt/data/benchmark/apache-jmeter-4.0
2019-05-07 15:50:58,673 INFO o.a.j.JMeter: user.dir  =/home/vinaya/sunbird-perf-tests/sunbird-platform
2019-05-07 15:50:58,673 INFO o.a.j.JMeter: PWD       =/home/vinaya/sunbird-perf-tests/sunbird-platform
2019-05-07 15:50:58,677 INFO o.a.j.JMeter: IP: 28.0.0.23 Name: jmeter-lms-1 FullName: 28.0.0.23
2019-05-07 15:50:58,682 INFO o.a.j.s.FileServer: Default base='/home/vinaya/sunbird-perf-tests/sunbird-platform'
2019-05-07 15:50:58,687 INFO o.a.j.s.FileServer: Set new base='/home/vinaya/current_scenario'
2019-05-07 15:50:58,833 INFO o.a.j.s.SaveService: Testplan (JMX) version: 2.2. Testlog (JTL) version: 2.2
2019-05-07 15:50:58,850 INFO o.a.j.s.SaveService: Using SaveService properties file encoding UTF-8
2019-05-07 15:50:58,855 INFO o.a.j.s.SaveService: Using SaveService properties version 4.0
2019-05-07 15:50:58,863 INFO o.a.j.s.SaveService: Loading file: /home/vinaya/current_scenario/system-settings.jmx
2019-05-07 15:50:58,934 INFO o.a.j.p.h.s.HTTPSamplerBase: Parser for text/html is org.apache.jmeter.protocol.http.parser.LagartoBasedHtmlParser
2019-05-07 15:50:58,934 INFO o.a.j.p.h.s.HTTPSamplerBase: Parser for application/xhtml+xml is org.apache.jmeter.protocol.http.parser.LagartoBasedHtmlParser
2019-05-07 15:50:58,934 INFO o.a.j.p.h.s.HTTPSamplerBase: Parser for application/xml is org.apache.jmeter.protocol.http.parser.LagartoBasedHtmlParser
2019-05-07 15:50:58,934 INFO o.a.j.p.h.s.HTTPSamplerBase: Parser for text/xml is org.apache.jmeter.protocol.http.parser.LagartoBasedHtmlParser
2019-05-07 15:50:58,934 INFO o.a.j.p.h.s.HTTPSamplerBase: Parser for text/vnd.wap.wml is org.apache.jmeter.protocol.http.parser.RegexpHTMLParser
2019-05-07 15:50:58,934 INFO o.a.j.p.h.s.HTTPSamplerBase: Parser for text/css is org.apache.jmeter.protocol.http.parser.CssParser
2019-05-07 15:50:58,966 INFO o.a.j.JMeter: Creating summariser <summary>
2019-05-07 15:50:58,972 INFO o.a.j.e.DistributedRunner: Configuring remote engine: 28.0.0.24
2019-05-07 15:50:58,974 INFO o.a.j.r.RmiUtils: Disabling SSL for RMI as server.rmi.ssl.disable is set to 'true'
2019-05-07 15:50:59,073 INFO o.a.j.e.DistributedRunner: Configuring remote engine: 28.0.0.25
2019-05-07 15:50:59,074 INFO o.a.j.r.RmiUtils: Disabling SSL for RMI as server.rmi.ssl.disable is set to 'true'
2019-05-07 15:50:59,083 INFO o.a.j.e.DistributedRunner: Configuring remote engine: 28.0.0.27
2019-05-07 15:50:59,083 INFO o.a.j.r.RmiUtils: Disabling SSL for RMI as server.rmi.ssl.disable is set to 'true'
2019-05-07 15:50:59,092 INFO o.a.j.e.DistributedRunner: Configuring remote engine: 28.0.0.29
2019-05-07 15:50:59,092 INFO o.a.j.r.RmiUtils: Disabling SSL for RMI as server.rmi.ssl.disable is set to 'true'
2019-05-07 15:50:59,100 INFO o.a.j.e.DistributedRunner: Starting remote engines
2019-05-07 15:50:59,101 INFO o.a.j.e.DistributedRunner: Starting the test @ Tue May 07 15:50:59 UTC 2019 (1557244259100)
2019-05-07 15:50:59,101 INFO o.a.j.e.ClientJMeterEngine: running clientengine run method
2019-05-07 15:50:59,105 INFO o.a.j.e.u.CompoundVariable: Note: Function class names must contain the string: '.functions.'
2019-05-07 15:50:59,105 INFO o.a.j.e.u.CompoundVariable: Note: Function class names must not contain the string: '.gui.'
2019-05-07 15:50:59,521 INFO o.a.j.r.RmiUtils: Disabling SSL for RMI as server.rmi.ssl.disable is set to 'true'
2019-05-07 15:50:59,521 INFO o.a.j.r.RmiUtils: Disabling SSL for RMI as server.rmi.ssl.disable is set to 'true'
2019-05-07 15:50:59,523 INFO o.a.j.s.SampleEvent: List of sample_variables: []
2019-05-07 15:50:59,528 INFO o.a.j.s.BatchSampleSender: Using batching (client settings) for this run. Thresholds: num=100, time=60000
2019-05-07 15:50:59,528 INFO o.a.j.s.DataStrippingSampleSender: Using DataStrippingSampleSender for this run
2019-05-07 15:50:59,528 INFO o.a.j.r.RmiUtils: Disabling SSL for RMI as server.rmi.ssl.disable is set to 'true'
2019-05-07 15:50:59,528 INFO o.a.j.r.RmiUtils: Disabling SSL for RMI as server.rmi.ssl.disable is set to 'true'
2019-05-07 15:50:59,529 INFO o.a.j.s.BatchSampleSender: Using batching (client settings) for this run. Thresholds: num=100, time=60000
2019-05-07 15:50:59,529 INFO o.a.j.s.DataStrippingSampleSender: Using DataStrippingSampleSender for this run
2019-05-07 15:50:59,530 INFO o.a.j.r.RmiUtils: Disabling SSL for RMI as server.rmi.ssl.disable is set to 'true'
2019-05-07 15:50:59,530 INFO o.a.j.r.RmiUtils: Disabling SSL for RMI as server.rmi.ssl.disable is set to 'true'
2019-05-07 15:50:59,864 INFO o.a.j.r.RmiUtils: Disabling SSL for RMI as server.rmi.ssl.disable is set to 'true'
2019-05-07 15:50:59,865 INFO o.a.j.r.RmiUtils: Disabling SSL for RMI as server.rmi.ssl.disable is set to 'true'
2019-05-07 15:50:59,943 INFO o.a.j.e.ClientJMeterEngine: sent test to 28.0.0.25 basedir='.'
2019-05-07 15:50:59,943 INFO o.a.j.e.ClientJMeterEngine: Sending properties {}
2019-05-07 15:50:59,947 INFO o.a.j.e.ClientJMeterEngine: sent run command to 28.0.0.25
2019-05-07 15:50:59,947 INFO o.a.j.e.ClientJMeterEngine: running clientengine run method
2019-05-07 15:50:59,948 INFO o.a.j.r.RmiUtils: Disabling SSL for RMI as server.rmi.ssl.disable is set to 'true'
2019-05-07 15:50:59,948 INFO o.a.j.r.RmiUtils: Disabling SSL for RMI as server.rmi.ssl.disable is set to 'true'
2019-05-07 15:50:59,948 INFO o.a.j.s.BatchSampleSender: Using batching (client settings) for this run. Thresholds: num=100, time=60000
2019-05-07 15:50:59,948 INFO o.a.j.s.DataStrippingSampleSender: Using DataStrippingSampleSender for this run
2019-05-07 15:50:59,948 INFO o.a.j.r.RmiUtils: Disabling SSL for RMI as server.rmi.ssl.disable is set to 'true'
2019-05-07 15:50:59,948 INFO o.a.j.r.RmiUtils: Disabling SSL for RMI as server.rmi.ssl.disable is set to 'true'
2019-05-07 15:50:59,948 INFO o.a.j.s.BatchSampleSender: Using batching (client settings) for this run. Thresholds: num=100, time=60000
2019-05-07 15:50:59,949 INFO o.a.j.s.DataStrippingSampleSender: Using DataStrippingSampleSender for this run
2019-05-07 15:50:59,949 INFO o.a.j.r.RmiUtils: Disabling SSL for RMI as server.rmi.ssl.disable is set to 'true'
2019-05-07 15:50:59,949 INFO o.a.j.r.RmiUtils: Disabling SSL for RMI as server.rmi.ssl.disable is set to 'true'
2019-05-07 15:50:59,955 INFO o.a.j.JMeter: Started remote host:  28.0.0.25 (1557244259955)
2019-05-07 15:50:59,964 INFO o.a.j.r.RmiUtils: Disabling SSL for RMI as server.rmi.ssl.disable is set to 'true'
2019-05-07 15:50:59,964 INFO o.a.j.r.RmiUtils: Disabling SSL for RMI as server.rmi.ssl.disable is set to 'true'
2019-05-07 15:50:59,987 INFO o.a.j.e.ClientJMeterEngine: sent test to 28.0.0.24 basedir='.'
2019-05-07 15:50:59,987 INFO o.a.j.e.ClientJMeterEngine: Sending properties {}
2019-05-07 15:50:59,989 INFO o.a.j.e.ClientJMeterEngine: sent run command to 28.0.0.24
2019-05-07 15:50:59,989 INFO o.a.j.e.ClientJMeterEngine: running clientengine run method
2019-05-07 15:50:59,990 INFO o.a.j.r.RmiUtils: Disabling SSL for RMI as server.rmi.ssl.disable is set to 'true'
2019-05-07 15:50:59,990 INFO o.a.j.r.RmiUtils: Disabling SSL for RMI as server.rmi.ssl.disable is set to 'true'
2019-05-07 15:50:59,990 INFO o.a.j.s.BatchSampleSender: Using batching (client settings) for this run. Thresholds: num=100, time=60000
2019-05-07 15:50:59,990 INFO o.a.j.s.DataStrippingSampleSender: Using DataStrippingSampleSender for this run
2019-05-07 15:50:59,990 INFO o.a.j.r.RmiUtils: Disabling SSL for RMI as server.rmi.ssl.disable is set to 'true'
2019-05-07 15:50:59,990 INFO o.a.j.r.RmiUtils: Disabling SSL for RMI as server.rmi.ssl.disable is set to 'true'
2019-05-07 15:50:59,990 INFO o.a.j.s.BatchSampleSender: Using batching (client settings) for this run. Thresholds: num=100, time=60000
2019-05-07 15:50:59,990 INFO o.a.j.s.DataStrippingSampleSender: Using DataStrippingSampleSender for this run
2019-05-07 15:50:59,990 INFO o.a.j.r.RmiUtils: Disabling SSL for RMI as server.rmi.ssl.disable is set to 'true'
2019-05-07 15:50:59,991 INFO o.a.j.r.RmiUtils: Disabling SSL for RMI as server.rmi.ssl.disable is set to 'true'
2019-05-07 15:51:00,000 INFO o.a.j.JMeter: Started remote host:  28.0.0.24 (1557244260000)
2019-05-07 15:51:00,002 INFO o.a.j.r.RmiUtils: Disabling SSL for RMI as server.rmi.ssl.disable is set to 'true'
2019-05-07 15:51:00,002 INFO o.a.j.r.RmiUtils: Disabling SSL for RMI as server.rmi.ssl.disable is set to 'true'
2019-05-07 15:51:00,022 INFO o.a.j.e.ClientJMeterEngine: sent test to 28.0.0.27 basedir='.'
2019-05-07 15:51:00,022 INFO o.a.j.e.ClientJMeterEngine: Sending properties {}
2019-05-07 15:51:00,024 INFO o.a.j.e.ClientJMeterEngine: sent run command to 28.0.0.27
2019-05-07 15:51:00,024 INFO o.a.j.e.ClientJMeterEngine: running clientengine run method
2019-05-07 15:51:00,024 INFO o.a.j.r.RmiUtils: Disabling SSL for RMI as server.rmi.ssl.disable is set to 'true'
2019-05-07 15:51:00,025 INFO o.a.j.r.RmiUtils: Disabling SSL for RMI as server.rmi.ssl.disable is set to 'true'
2019-05-07 15:51:00,025 INFO o.a.j.s.BatchSampleSender: Using batching (client settings) for this run. Thresholds: num=100, time=60000
2019-05-07 15:51:00,025 INFO o.a.j.s.DataStrippingSampleSender: Using DataStrippingSampleSender for this run
2019-05-07 15:51:00,025 INFO o.a.j.r.RmiUtils: Disabling SSL for RMI as server.rmi.ssl.disable is set to 'true'
2019-05-07 15:51:00,025 INFO o.a.j.r.RmiUtils: Disabling SSL for RMI as server.rmi.ssl.disable is set to 'true'
2019-05-07 15:51:00,025 INFO o.a.j.s.BatchSampleSender: Using batching (client settings) for this run. Thresholds: num=100, time=60000
2019-05-07 15:51:00,025 INFO o.a.j.s.DataStrippingSampleSender: Using DataStrippingSampleSender for this run
2019-05-07 15:51:00,025 INFO o.a.j.r.RmiUtils: Disabling SSL for RMI as server.rmi.ssl.disable is set to 'true'
2019-05-07 15:51:00,025 INFO o.a.j.r.RmiUtils: Disabling SSL for RMI as server.rmi.ssl.disable is set to 'true'
2019-05-07 15:51:00,029 INFO o.a.j.JMeter: Started remote host:  28.0.0.27 (1557244260028)
2019-05-07 15:51:00,043 INFO o.a.j.r.RmiUtils: Disabling SSL for RMI as server.rmi.ssl.disable is set to 'true'
2019-05-07 15:51:00,043 INFO o.a.j.r.RmiUtils: Disabling SSL for RMI as server.rmi.ssl.disable is set to 'true'
2019-05-07 15:51:00,060 INFO o.a.j.e.ClientJMeterEngine: sent test to 28.0.0.29 basedir='.'
2019-05-07 15:51:00,060 INFO o.a.j.e.ClientJMeterEngine: Sending properties {}
2019-05-07 15:51:00,062 INFO o.a.j.e.ClientJMeterEngine: sent run command to 28.0.0.29
2019-05-07 15:51:00,063 INFO o.a.j.e.DistributedRunner: Remote engines have been started
2019-05-07 15:51:00,066 INFO o.a.j.JMeter: Started remote host:  28.0.0.29 (1557244260066)
2019-05-07 15:51:00,081 INFO o.a.j.s.SampleResult: Note: Sample TimeStamps are START times
2019-05-07 15:51:00,081 INFO o.a.j.s.SampleResult: sampleresult.default.encoding is set to ISO-8859-1
2019-05-07 15:51:00,081 INFO o.a.j.s.SampleResult: sampleresult.useNanoTime=true
2019-05-07 15:51:00,081 INFO o.a.j.s.SampleResult: sampleresult.nanoThreadSleep=5000
2019-05-07 15:51:00,110 INFO o.a.j.r.Summariser: summary +      1 in 00:00:00 =    6.5/s Avg:    11 Min:    11 Max:    11 Err:     0 (0.00%) Active: 1 Started: 1 Finished: 0
2019-05-07 15:51:30,138 INFO o.a.j.r.Summariser: summary +  48604 in 00:00:30 = 1618.6/s Avg:   220 Min:     5 Max:  2383 Err:     1 (0.00%) Active: 400 Started: 400 Finished: 0
2019-05-07 15:51:30,139 INFO o.a.j.r.Summariser: summary =  48605 in 00:00:30 = 1610.3/s Avg:   220 Min:     5 Max:  2383 Err:     1 (0.00%)
2019-05-07 15:52:00,110 INFO o.a.j.r.Summariser: summary +  18700 in 00:00:30 =  623.9/s Avg:   633 Min:     4 Max:  1684 Err:     0 (0.00%) Active: 400 Started: 400 Finished: 0
2019-05-07 15:52:00,110 INFO o.a.j.r.Summariser: summary =  67305 in 00:01:00 = 1118.9/s Avg:   335 Min:     4 Max:  2383 Err:     1 (0.00%)
2019-05-07 15:52:30,039 INFO o.a.j.r.Summariser: summary +  11700 in 00:00:30 =  390.9/s Avg:  1018 Min:     4 Max:  3053 Err:     0 (0.00%) Active: 400 Started: 400 Finished: 0
2019-05-07 15:52:30,040 INFO o.a.j.r.Summariser: summary =  79005 in 00:01:30 =  877.0/s Avg:   436 Min:     4 Max:  3053 Err:     1 (0.00%)
2019-05-07 15:53:00,075 INFO o.a.j.r.Summariser: summary +  11700 in 00:00:30 =  389.5/s Avg:  1023 Min:     4 Max:  3062 Err:     0 (0.00%) Active: 400 Started: 400 Finished: 0
2019-05-07 15:53:00,076 INFO o.a.j.r.Summariser: summary =  90705 in 00:02:00 =  755.1/s Avg:   512 Min:     4 Max:  3062 Err:     1 (0.00%)
2019-05-07 15:53:30,021 INFO o.a.j.r.Summariser: summary +  12400 in 00:00:30 =  414.1/s Avg:   977 Min:     5 Max:  3038 Err:     0 (0.00%) Active: 400 Started: 400 Finished: 0
2019-05-07 15:53:30,022 INFO o.a.j.r.Summariser: summary = 103105 in 00:02:30 =  687.1/s Avg:   568 Min:     4 Max:  3062 Err:     1 (0.00%)
2019-05-07 15:54:00,430 INFO o.a.j.r.Summariser: summary +  18700 in 00:00:30 =  615.0/s Avg:   628 Min:     4 Max:  3250 Err:     0 (0.00%) Active: 400 Started: 400 Finished: 0
2019-05-07 15:54:00,431 INFO o.a.j.r.Summariser: summary = 121805 in 00:03:00 =  674.9/s Avg:   577 Min:     4 Max:  3250 Err:     1 (0.00%)
2019-05-07 15:54:30,374 INFO o.a.j.r.Summariser: summary +  11700 in 00:00:30 =  390.7/s Avg:  1017 Min:     3 Max:  3252 Err:     0 (0.00%) Active: 400 Started: 400 Finished: 0
2019-05-07 15:54:30,375 INFO o.a.j.r.Summariser: summary = 133505 in 00:03:30 =  634.5/s Avg:   616 Min:     3 Max:  3252 Err:     1 (0.00%)
2019-05-07 15:55:00,074 INFO o.a.j.r.Summariser: summary +  11700 in 00:00:30 =  394.0/s Avg:  1024 Min:     3 Max:  3109 Err:     0 (0.00%) Active: 400 Started: 400 Finished: 0
2019-05-07 15:55:00,074 INFO o.a.j.r.Summariser: summary = 145205 in 00:04:00 =  604.7/s Avg:   649 Min:     3 Max:  3252 Err:     1 (0.00%)
2019-05-07 15:55:30,221 INFO o.a.j.r.Summariser: summary +  11900 in 00:00:30 =  394.7/s Avg:  1005 Min:     3 Max:  3287 Err:     0 (0.00%) Active: 400 Started: 400 Finished: 0
2019-05-07 15:55:30,222 INFO o.a.j.r.Summariser: summary = 157105 in 00:04:30 =  581.3/s Avg:   676 Min:     3 Max:  3287 Err:     1 (0.00%)
2019-05-07 15:56:00,019 INFO o.a.j.r.Summariser: summary +  19800 in 00:00:30 =  664.5/s Avg:   617 Min:     3 Max:  3288 Err:     1 (0.01%) Active: 400 Started: 400 Finished: 0
2019-05-07 15:56:00,020 INFO o.a.j.r.Summariser: summary = 176905 in 00:05:00 =  589.6/s Avg:   669 Min:     3 Max:  3288 Err:     2 (0.00%)
2019-05-07 15:56:30,090 INFO o.a.j.r.Summariser: summary +  12200 in 00:00:30 =  405.7/s Avg:   980 Min:     5 Max:  3094 Err:     0 (0.00%) Active: 400 Started: 400 Finished: 0
2019-05-07 15:56:30,091 INFO o.a.j.r.Summariser: summary = 189105 in 00:05:30 =  572.8/s Avg:   689 Min:     3 Max:  3288 Err:     2 (0.00%)
2019-05-07 15:57:00,242 INFO o.a.j.r.Summariser: summary +  12000 in 00:00:30 =  398.0/s Avg:  1004 Min:     5 Max:  3068 Err:     0 (0.00%) Active: 400 Started: 400 Finished: 0
2019-05-07 15:57:00,242 INFO o.a.j.r.Summariser: summary = 201105 in 00:06:00 =  558.2/s Avg:   708 Min:     3 Max:  3288 Err:     2 (0.00%)
2019-05-07 15:57:30,403 INFO o.a.j.r.Summariser: summary +  12000 in 00:00:30 =  397.9/s Avg:  1007 Min:     4 Max:  3066 Err:     0 (0.00%) Active: 400 Started: 400 Finished: 0
2019-05-07 15:57:30,403 INFO o.a.j.r.Summariser: summary = 213105 in 00:06:30 =  545.8/s Avg:   725 Min:     3 Max:  3288 Err:     2 (0.00%)
2019-05-07 15:58:00,087 INFO o.a.j.r.Summariser: summary +  18000 in 00:00:30 =  606.4/s Avg:   640 Min:     3 Max:  3291 Err:     0 (0.00%) Active: 400 Started: 400 Finished: 0
2019-05-07 15:58:00,087 INFO o.a.j.r.Summariser: summary = 231105 in 00:07:00 =  550.1/s Avg:   718 Min:     3 Max:  3291 Err:     2 (0.00%)
2019-05-07 15:58:30,302 INFO o.a.j.r.Summariser: summary +  12600 in 00:00:30 =  417.0/s Avg:   970 Min:     3 Max:  3262 Err:     1 (0.01%) Active: 400 Started: 400 Finished: 0
2019-05-07 15:58:30,302 INFO o.a.j.r.Summariser: summary = 243705 in 00:07:30 =  541.1/s Avg:   731 Min:     3 Max:  3291 Err:     3 (0.00%)
2019-05-07 15:59:00,552 INFO o.a.j.r.Summariser: summary +  12000 in 00:00:30 =  396.7/s Avg:  1002 Min:     3 Max:  3289 Err:     0 (0.00%) Active: 400 Started: 400 Finished: 0
2019-05-07 15:59:00,552 INFO o.a.j.r.Summariser: summary = 255705 in 00:08:01 =  532.1/s Avg:   744 Min:     3 Max:  3291 Err:     3 (0.00%)
2019-05-07 15:59:30,011 INFO o.a.j.r.Summariser: summary +  11800 in 00:00:29 =  400.5/s Avg:  1007 Min:     3 Max:  7280 Err:     0 (0.00%) Active: 400 Started: 400 Finished: 0
2019-05-07 15:59:30,012 INFO o.a.j.r.Summariser: summary = 267505 in 00:08:30 =  524.5/s Avg:   755 Min:     3 Max:  7280 Err:     3 (0.00%)
2019-05-07 16:00:00,468 INFO o.a.j.r.Summariser: summary +  18600 in 00:00:30 =  610.7/s Avg:   659 Min:     4 Max:  7275 Err:     0 (0.00%) Active: 400 Started: 400 Finished: 0
2019-05-07 16:00:00,468 INFO o.a.j.r.Summariser: summary = 286105 in 00:09:01 =  529.3/s Avg:   749 Min:     3 Max:  7280 Err:     3 (0.00%)
2019-05-07 16:00:30,198 INFO o.a.j.r.Summariser: summary +  12800 in 00:00:30 =  430.6/s Avg:   932 Min:     4 Max:  7155 Err:     0 (0.00%) Active: 400 Started: 400 Finished: 0
2019-05-07 16:00:30,198 INFO o.a.j.r.Summariser: summary = 298905 in 00:09:30 =  524.2/s Avg:   757 Min:     3 Max:  7280 Err:     3 (0.00%)
2019-05-07 16:01:00,231 INFO o.a.j.r.Summariser: summary +  12000 in 00:00:30 =  399.6/s Avg:  1000 Min:     4 Max:  3090 Err:     0 (0.00%) Active: 400 Started: 400 Finished: 0
2019-05-07 16:01:00,231 INFO o.a.j.r.Summariser: summary = 310905 in 00:10:00 =  517.9/s Avg:   766 Min:     3 Max:  7280 Err:     3 (0.00%)
2019-05-07 16:01:30,757 INFO o.a.j.r.Summariser: summary +  12000 in 00:00:31 =  393.1/s Avg:  1014 Min:     5 Max:  3117 Err:     1 (0.01%) Active: 400 Started: 400 Finished: 0
2019-05-07 16:01:30,757 INFO o.a.j.r.Summariser: summary = 322905 in 00:10:31 =  511.9/s Avg:   776 Min:     3 Max:  7280 Err:     4 (0.00%)
2019-05-07 16:02:00,065 INFO o.a.j.r.Summariser: summary +  17500 in 00:00:29 =  597.1/s Avg:   668 Min:     3 Max:  3144 Err:     1 (0.01%) Active: 397 Started: 400 Finished: 3
2019-05-07 16:02:00,065 INFO o.a.j.r.Summariser: summary = 340405 in 00:11:00 =  515.7/s Avg:   770 Min:     3 Max:  7280 Err:     5 (0.00%)
2019-05-07 16:02:30,073 INFO o.a.j.r.Summariser: summary +  12800 in 00:00:30 =  426.6/s Avg:   897 Min:     3 Max:  3261 Err:     0 (0.00%) Active: 392 Started: 400 Finished: 8
2019-05-07 16:02:30,073 INFO o.a.j.r.Summariser: summary = 353205 in 00:11:30 =  511.8/s Avg:   775 Min:     3 Max:  7280 Err:     5 (0.00%)
2019-05-07 16:03:00,230 INFO o.a.j.r.Summariser: summary +  12200 in 00:00:30 =  404.5/s Avg:   960 Min:     3 Max:  3270 Err:     0 (0.00%) Active: 367 Started: 400 Finished: 33
2019-05-07 16:03:00,231 INFO o.a.j.r.Summariser: summary = 365405 in 00:12:00 =  507.3/s Avg:   781 Min:     3 Max:  7280 Err:     5 (0.00%)
2019-05-07 16:03:30,057 INFO o.a.j.r.Summariser: summary +  11700 in 00:00:30 =  392.3/s Avg:   903 Min:     3 Max:  3264 Err:     0 (0.00%) Active: 332 Started: 400 Finished: 68
2019-05-07 16:03:30,058 INFO o.a.j.r.Summariser: summary = 377105 in 00:12:30 =  502.7/s Avg:   785 Min:     3 Max:  7280 Err:     5 (0.00%)
2019-05-07 16:04:00,322 INFO o.a.j.r.Summariser: summary +  17500 in 00:00:30 =  578.2/s Avg:   460 Min:     3 Max:  3195 Err:     0 (0.00%) Active: 136 Started: 400 Finished: 264
2019-05-07 16:04:00,322 INFO o.a.j.r.Summariser: summary = 394605 in 00:13:00 =  505.7/s Avg:   770 Min:     3 Max:  7280 Err:     5 (0.00%)
2019-05-07 16:04:13,155 INFO o.a.j.JMeter: Finished remote host: 28.0.0.29 (1557245053155)
2019-05-07 16:04:13,822 INFO o.a.j.JMeter: Finished remote host: 28.0.0.27 (1557245053822)
2019-05-07 16:04:13,856 INFO o.a.j.JMeter: Finished remote host: 28.0.0.25 (1557245053856)
2019-05-07 16:04:13,934 INFO o.a.j.r.Summariser: summary +   5395 in 00:00:14 =  396.4/s Avg:   228 Min:     3 Max:  3143 Err:     0 (0.00%) Active: 0 Started: 400 Finished: 400
2019-05-07 16:04:13,934 INFO o.a.j.r.Summariser: summary = 400000 in 00:13:14 =  503.8/s Avg:   763 Min:     3 Max:  7280 Err:     5 (0.00%)
2019-05-07 16:04:13,935 INFO o.a.j.JMeter: Finished remote host: 28.0.0.24 (1557245053935)
2019-05-07 16:04:18,937 INFO o.a.j.JMeter: Interrupting RMI Reaper
