2019-04-30 05:57:05,789 INFO o.a.j.u.JMeterUtils: Setting Locale to en_US
2019-04-30 05:57:05,805 INFO o.a.j.JMeter: Loading user properties from: /mnt/data/benchmark/apache-jmeter-4.0/bin/user.properties
2019-04-30 05:57:05,806 INFO o.a.j.JMeter: Loading system properties from: /mnt/data/benchmark/apache-jmeter-4.0/bin/system.properties
2019-04-30 05:57:05,813 INFO o.a.j.JMeter: Copyright (c) 1998-2018 The Apache Software Foundation
2019-04-30 05:57:05,813 INFO o.a.j.JMeter: Version 4.0 r1823414
2019-04-30 05:57:05,813 INFO o.a.j.JMeter: java.version=1.8.0_191
2019-04-30 05:57:05,813 INFO o.a.j.JMeter: java.vm.name=OpenJDK 64-Bit Server VM
2019-04-30 05:57:05,813 INFO o.a.j.JMeter: os.name=Linux
2019-04-30 05:57:05,814 INFO o.a.j.JMeter: os.arch=amd64
2019-04-30 05:57:05,814 INFO o.a.j.JMeter: os.version=4.15.0-1041-azure
2019-04-30 05:57:05,814 INFO o.a.j.JMeter: file.encoding=UTF-8
2019-04-30 05:57:05,814 INFO o.a.j.JMeter: Max memory     =1860698112
2019-04-30 05:57:05,814 INFO o.a.j.JMeter: Available Processors =2
2019-04-30 05:57:05,819 INFO o.a.j.JMeter: Default Locale=English (United States)
2019-04-30 05:57:05,820 INFO o.a.j.JMeter: JMeter  Locale=English (United States)
2019-04-30 05:57:05,820 INFO o.a.j.JMeter: JMeterHome=/mnt/data/benchmark/apache-jmeter-4.0
2019-04-30 05:57:05,820 INFO o.a.j.JMeter: user.dir  =/home/vinaya/sunbird-perf-tests/sunbird-platform
2019-04-30 05:57:05,820 INFO o.a.j.JMeter: PWD       =/home/vinaya/sunbird-perf-tests/sunbird-platform
2019-04-30 05:57:05,824 INFO o.a.j.JMeter: IP: 28.0.0.23 Name: jmeter-lms-1 FullName: 28.0.0.23
2019-04-30 05:57:05,828 INFO o.a.j.s.FileServer: Default base='/home/vinaya/sunbird-perf-tests/sunbird-platform'
2019-04-30 05:57:05,836 INFO o.a.j.s.FileServer: Set new base='/home/vinaya/current_scenario'
2019-04-30 05:57:05,986 INFO o.a.j.s.SaveService: Testplan (JMX) version: 2.2. Testlog (JTL) version: 2.2
2019-04-30 05:57:06,006 INFO o.a.j.s.SaveService: Using SaveService properties file encoding UTF-8
2019-04-30 05:57:06,011 INFO o.a.j.s.SaveService: Using SaveService properties version 4.0
2019-04-30 05:57:06,019 INFO o.a.j.s.SaveService: Loading file: /home/vinaya/current_scenario/system-settings.jmx
2019-04-30 05:57:06,096 INFO o.a.j.p.h.s.HTTPSamplerBase: Parser for text/html is org.apache.jmeter.protocol.http.parser.LagartoBasedHtmlParser
2019-04-30 05:57:06,096 INFO o.a.j.p.h.s.HTTPSamplerBase: Parser for application/xhtml+xml is org.apache.jmeter.protocol.http.parser.LagartoBasedHtmlParser
2019-04-30 05:57:06,096 INFO o.a.j.p.h.s.HTTPSamplerBase: Parser for application/xml is org.apache.jmeter.protocol.http.parser.LagartoBasedHtmlParser
2019-04-30 05:57:06,096 INFO o.a.j.p.h.s.HTTPSamplerBase: Parser for text/xml is org.apache.jmeter.protocol.http.parser.LagartoBasedHtmlParser
2019-04-30 05:57:06,096 INFO o.a.j.p.h.s.HTTPSamplerBase: Parser for text/vnd.wap.wml is org.apache.jmeter.protocol.http.parser.RegexpHTMLParser
2019-04-30 05:57:06,096 INFO o.a.j.p.h.s.HTTPSamplerBase: Parser for text/css is org.apache.jmeter.protocol.http.parser.CssParser
2019-04-30 05:57:06,123 INFO o.a.j.JMeter: Creating summariser <summary>
2019-04-30 05:57:06,126 INFO o.a.j.e.DistributedRunner: Configuring remote engine: 28.0.0.24
2019-04-30 05:57:06,127 INFO o.a.j.r.RmiUtils: Disabling SSL for RMI as server.rmi.ssl.disable is set to 'true'
2019-04-30 05:57:06,215 INFO o.a.j.e.DistributedRunner: Configuring remote engine: 28.0.0.25
2019-04-30 05:57:06,216 INFO o.a.j.r.RmiUtils: Disabling SSL for RMI as server.rmi.ssl.disable is set to 'true'
2019-04-30 05:57:06,226 INFO o.a.j.e.DistributedRunner: Configuring remote engine: 28.0.0.27
2019-04-30 05:57:06,226 INFO o.a.j.r.RmiUtils: Disabling SSL for RMI as server.rmi.ssl.disable is set to 'true'
2019-04-30 05:57:06,235 INFO o.a.j.e.DistributedRunner: Configuring remote engine: 28.0.0.29
2019-04-30 05:57:06,235 INFO o.a.j.r.RmiUtils: Disabling SSL for RMI as server.rmi.ssl.disable is set to 'true'
2019-04-30 05:57:06,242 INFO o.a.j.e.DistributedRunner: Starting remote engines
2019-04-30 05:57:06,243 INFO o.a.j.e.DistributedRunner: Starting the test @ Tue Apr 30 05:57:06 UTC 2019 (1556603826242)
2019-04-30 05:57:06,244 INFO o.a.j.e.ClientJMeterEngine: running clientengine run method
2019-04-30 05:57:06,247 INFO o.a.j.e.u.CompoundVariable: Note: Function class names must contain the string: '.functions.'
2019-04-30 05:57:06,247 INFO o.a.j.e.u.CompoundVariable: Note: Function class names must not contain the string: '.gui.'
2019-04-30 05:57:06,722 INFO o.a.j.r.RmiUtils: Disabling SSL for RMI as server.rmi.ssl.disable is set to 'true'
2019-04-30 05:57:06,722 INFO o.a.j.r.RmiUtils: Disabling SSL for RMI as server.rmi.ssl.disable is set to 'true'
2019-04-30 05:57:06,725 INFO o.a.j.s.SampleEvent: List of sample_variables: []
2019-04-30 05:57:06,730 INFO o.a.j.s.BatchSampleSender: Using batching (client settings) for this run. Thresholds: num=100, time=60000
2019-04-30 05:57:06,730 INFO o.a.j.s.DataStrippingSampleSender: Using DataStrippingSampleSender for this run
2019-04-30 05:57:06,730 INFO o.a.j.r.RmiUtils: Disabling SSL for RMI as server.rmi.ssl.disable is set to 'true'
2019-04-30 05:57:06,731 INFO o.a.j.r.RmiUtils: Disabling SSL for RMI as server.rmi.ssl.disable is set to 'true'
2019-04-30 05:57:06,731 INFO o.a.j.s.BatchSampleSender: Using batching (client settings) for this run. Thresholds: num=100, time=60000
2019-04-30 05:57:06,731 INFO o.a.j.s.DataStrippingSampleSender: Using DataStrippingSampleSender for this run
2019-04-30 05:57:06,732 INFO o.a.j.r.RmiUtils: Disabling SSL for RMI as server.rmi.ssl.disable is set to 'true'
2019-04-30 05:57:06,732 INFO o.a.j.r.RmiUtils: Disabling SSL for RMI as server.rmi.ssl.disable is set to 'true'
2019-04-30 05:57:07,084 INFO o.a.j.r.RmiUtils: Disabling SSL for RMI as server.rmi.ssl.disable is set to 'true'
2019-04-30 05:57:07,085 INFO o.a.j.r.RmiUtils: Disabling SSL for RMI as server.rmi.ssl.disable is set to 'true'
2019-04-30 05:57:07,181 INFO o.a.j.e.ClientJMeterEngine: sent test to 28.0.0.25 basedir='.'
2019-04-30 05:57:07,181 INFO o.a.j.e.ClientJMeterEngine: Sending properties {}
2019-04-30 05:57:07,186 INFO o.a.j.e.ClientJMeterEngine: sent run command to 28.0.0.25
2019-04-30 05:57:07,186 INFO o.a.j.e.ClientJMeterEngine: running clientengine run method
2019-04-30 05:57:07,187 INFO o.a.j.r.RmiUtils: Disabling SSL for RMI as server.rmi.ssl.disable is set to 'true'
2019-04-30 05:57:07,187 INFO o.a.j.r.RmiUtils: Disabling SSL for RMI as server.rmi.ssl.disable is set to 'true'
2019-04-30 05:57:07,187 INFO o.a.j.s.BatchSampleSender: Using batching (client settings) for this run. Thresholds: num=100, time=60000
2019-04-30 05:57:07,187 INFO o.a.j.s.DataStrippingSampleSender: Using DataStrippingSampleSender for this run
2019-04-30 05:57:07,187 INFO o.a.j.r.RmiUtils: Disabling SSL for RMI as server.rmi.ssl.disable is set to 'true'
2019-04-30 05:57:07,188 INFO o.a.j.r.RmiUtils: Disabling SSL for RMI as server.rmi.ssl.disable is set to 'true'
2019-04-30 05:57:07,188 INFO o.a.j.s.BatchSampleSender: Using batching (client settings) for this run. Thresholds: num=100, time=60000
2019-04-30 05:57:07,188 INFO o.a.j.s.DataStrippingSampleSender: Using DataStrippingSampleSender for this run
2019-04-30 05:57:07,188 INFO o.a.j.r.RmiUtils: Disabling SSL for RMI as server.rmi.ssl.disable is set to 'true'
2019-04-30 05:57:07,188 INFO o.a.j.r.RmiUtils: Disabling SSL for RMI as server.rmi.ssl.disable is set to 'true'
2019-04-30 05:57:07,200 INFO o.a.j.JMeter: Started remote host:  28.0.0.25 (1556603827199)
2019-04-30 05:57:07,201 INFO o.a.j.r.RmiUtils: Disabling SSL for RMI as server.rmi.ssl.disable is set to 'true'
2019-04-30 05:57:07,201 INFO o.a.j.r.RmiUtils: Disabling SSL for RMI as server.rmi.ssl.disable is set to 'true'
2019-04-30 05:57:07,222 INFO o.a.j.e.ClientJMeterEngine: sent test to 28.0.0.24 basedir='.'
2019-04-30 05:57:07,222 INFO o.a.j.e.ClientJMeterEngine: Sending properties {}
2019-04-30 05:57:07,224 INFO o.a.j.e.ClientJMeterEngine: sent run command to 28.0.0.24
2019-04-30 05:57:07,224 INFO o.a.j.e.ClientJMeterEngine: running clientengine run method
2019-04-30 05:57:07,225 INFO o.a.j.r.RmiUtils: Disabling SSL for RMI as server.rmi.ssl.disable is set to 'true'
2019-04-30 05:57:07,225 INFO o.a.j.r.RmiUtils: Disabling SSL for RMI as server.rmi.ssl.disable is set to 'true'
2019-04-30 05:57:07,225 INFO o.a.j.s.BatchSampleSender: Using batching (client settings) for this run. Thresholds: num=100, time=60000
2019-04-30 05:57:07,225 INFO o.a.j.s.DataStrippingSampleSender: Using DataStrippingSampleSender for this run
2019-04-30 05:57:07,225 INFO o.a.j.r.RmiUtils: Disabling SSL for RMI as server.rmi.ssl.disable is set to 'true'
2019-04-30 05:57:07,225 INFO o.a.j.r.RmiUtils: Disabling SSL for RMI as server.rmi.ssl.disable is set to 'true'
2019-04-30 05:57:07,225 INFO o.a.j.s.BatchSampleSender: Using batching (client settings) for this run. Thresholds: num=100, time=60000
2019-04-30 05:57:07,225 INFO o.a.j.s.DataStrippingSampleSender: Using DataStrippingSampleSender for this run
2019-04-30 05:57:07,225 INFO o.a.j.r.RmiUtils: Disabling SSL for RMI as server.rmi.ssl.disable is set to 'true'
2019-04-30 05:57:07,226 INFO o.a.j.r.RmiUtils: Disabling SSL for RMI as server.rmi.ssl.disable is set to 'true'
2019-04-30 05:57:07,232 INFO o.a.j.JMeter: Started remote host:  28.0.0.24 (1556603827232)
2019-04-30 05:57:07,244 INFO o.a.j.r.RmiUtils: Disabling SSL for RMI as server.rmi.ssl.disable is set to 'true'
2019-04-30 05:57:07,244 INFO o.a.j.r.RmiUtils: Disabling SSL for RMI as server.rmi.ssl.disable is set to 'true'
2019-04-30 05:57:07,261 INFO o.a.j.e.ClientJMeterEngine: sent test to 28.0.0.27 basedir='.'
2019-04-30 05:57:07,261 INFO o.a.j.e.ClientJMeterEngine: Sending properties {}
2019-04-30 05:57:07,264 INFO o.a.j.e.ClientJMeterEngine: sent run command to 28.0.0.27
2019-04-30 05:57:07,264 INFO o.a.j.e.ClientJMeterEngine: running clientengine run method
2019-04-30 05:57:07,264 INFO o.a.j.r.RmiUtils: Disabling SSL for RMI as server.rmi.ssl.disable is set to 'true'
2019-04-30 05:57:07,264 INFO o.a.j.r.RmiUtils: Disabling SSL for RMI as server.rmi.ssl.disable is set to 'true'
2019-04-30 05:57:07,265 INFO o.a.j.s.BatchSampleSender: Using batching (client settings) for this run. Thresholds: num=100, time=60000
2019-04-30 05:57:07,265 INFO o.a.j.s.DataStrippingSampleSender: Using DataStrippingSampleSender for this run
2019-04-30 05:57:07,265 INFO o.a.j.r.RmiUtils: Disabling SSL for RMI as server.rmi.ssl.disable is set to 'true'
2019-04-30 05:57:07,265 INFO o.a.j.r.RmiUtils: Disabling SSL for RMI as server.rmi.ssl.disable is set to 'true'
2019-04-30 05:57:07,265 INFO o.a.j.s.BatchSampleSender: Using batching (client settings) for this run. Thresholds: num=100, time=60000
2019-04-30 05:57:07,265 INFO o.a.j.s.DataStrippingSampleSender: Using DataStrippingSampleSender for this run
2019-04-30 05:57:07,265 INFO o.a.j.r.RmiUtils: Disabling SSL for RMI as server.rmi.ssl.disable is set to 'true'
2019-04-30 05:57:07,265 INFO o.a.j.r.RmiUtils: Disabling SSL for RMI as server.rmi.ssl.disable is set to 'true'
2019-04-30 05:57:07,281 INFO o.a.j.r.RmiUtils: Disabling SSL for RMI as server.rmi.ssl.disable is set to 'true'
2019-04-30 05:57:07,281 INFO o.a.j.r.RmiUtils: Disabling SSL for RMI as server.rmi.ssl.disable is set to 'true'
2019-04-30 05:57:07,283 INFO o.a.j.JMeter: Started remote host:  28.0.0.27 (1556603827283)
2019-04-30 05:57:07,302 INFO o.a.j.e.ClientJMeterEngine: sent test to 28.0.0.29 basedir='.'
2019-04-30 05:57:07,302 INFO o.a.j.e.ClientJMeterEngine: Sending properties {}
2019-04-30 05:57:07,304 INFO o.a.j.e.ClientJMeterEngine: sent run command to 28.0.0.29
2019-04-30 05:57:07,304 INFO o.a.j.e.DistributedRunner: Remote engines have been started
2019-04-30 05:57:07,310 INFO o.a.j.JMeter: Started remote host:  28.0.0.29 (1556603827310)
2019-04-30 05:57:07,431 INFO o.a.j.s.SampleResult: Note: Sample TimeStamps are START times
2019-04-30 05:57:07,431 INFO o.a.j.s.SampleResult: sampleresult.default.encoding is set to ISO-8859-1
2019-04-30 05:57:07,431 INFO o.a.j.s.SampleResult: sampleresult.useNanoTime=true
2019-04-30 05:57:07,431 INFO o.a.j.s.SampleResult: sampleresult.nanoThreadSleep=5000
2019-04-30 05:57:30,424 INFO o.a.j.r.Summariser: summary +   9805 in 00:00:23 =  422.1/s Avg:   393 Min:    11 Max:  2336 Err:     0 (0.00%) Active: 200 Started: 200 Finished: 0
2019-04-30 05:58:00,024 INFO o.a.j.r.Summariser: summary +  20400 in 00:00:30 =  689.1/s Avg:   298 Min:     3 Max:  2683 Err: 10203 (50.01%) Active: 200 Started: 200 Finished: 0
2019-04-30 05:58:00,025 INFO o.a.j.r.Summariser: summary =  30205 in 00:00:53 =  571.8/s Avg:   329 Min:     3 Max:  2683 Err: 10203 (33.78%)
2019-04-30 05:58:30,082 INFO o.a.j.r.Summariser: summary +  48000 in 00:00:30 = 1596.9/s Avg:   124 Min:     2 Max:  2181 Err: 48000 (100.00%) Active: 200 Started: 200 Finished: 0
2019-04-30 05:58:30,083 INFO o.a.j.r.Summariser: summary =  78205 in 00:01:23 =  943.5/s Avg:   203 Min:     2 Max:  2683 Err: 58203 (74.42%)
2019-04-30 05:59:00,629 INFO o.a.j.r.Summariser: summary +  25900 in 00:00:31 =  847.9/s Avg:   220 Min:     2 Max:  2256 Err: 25900 (100.00%) Active: 200 Started: 200 Finished: 0
2019-04-30 05:59:00,629 INFO o.a.j.r.Summariser: summary = 104105 in 00:01:53 =  917.8/s Avg:   207 Min:     2 Max:  2683 Err: 84103 (80.79%)
2019-04-30 05:59:30,054 INFO o.a.j.r.Summariser: summary +   9000 in 00:00:29 =  305.9/s Avg:   669 Min:     2 Max:  4145 Err:  9000 (100.00%) Active: 200 Started: 200 Finished: 0
2019-04-30 05:59:30,054 INFO o.a.j.r.Summariser: summary = 113105 in 00:02:23 =  791.7/s Avg:   244 Min:     2 Max:  4145 Err: 93103 (82.32%)
2019-04-30 06:00:00,239 INFO o.a.j.r.Summariser: summary +  22800 in 00:00:30 =  755.3/s Avg:   272 Min:     2 Max:  4163 Err: 22800 (100.00%) Active: 200 Started: 200 Finished: 0
2019-04-30 06:00:00,240 INFO o.a.j.r.Summariser: summary = 135905 in 00:02:53 =  785.4/s Avg:   249 Min:     2 Max:  4163 Err: 115903 (85.28%)
2019-04-30 06:00:30,278 INFO o.a.j.r.Summariser: summary +  13300 in 00:00:30 =  442.8/s Avg:   444 Min:     4 Max:  2486 Err:   166 (1.25%) Active: 199 Started: 200 Finished: 1
2019-04-30 06:00:30,279 INFO o.a.j.r.Summariser: summary = 149205 in 00:03:23 =  734.7/s Avg:   266 Min:     2 Max:  4163 Err: 116069 (77.79%)
2019-04-30 06:01:00,137 INFO o.a.j.r.Summariser: summary +  12900 in 00:00:30 =  432.0/s Avg:   459 Min:    10 Max:  4858 Err:     0 (0.00%) Active: 199 Started: 200 Finished: 1
2019-04-30 06:01:00,139 INFO o.a.j.r.Summariser: summary = 162105 in 00:03:53 =  695.9/s Avg:   282 Min:     2 Max:  4858 Err: 116069 (71.60%)
2019-04-30 06:01:30,055 INFO o.a.j.r.Summariser: summary +  12900 in 00:00:30 =  431.2/s Avg:   458 Min:    10 Max:  3052 Err:     0 (0.00%) Active: 189 Started: 200 Finished: 11
2019-04-30 06:01:30,056 INFO o.a.j.r.Summariser: summary = 175005 in 00:04:23 =  665.8/s Avg:   295 Min:     2 Max:  4858 Err: 116069 (66.32%)
2019-04-30 06:02:00,276 INFO o.a.j.r.Summariser: summary +   9200 in 00:00:30 =  304.4/s Avg:   576 Min:    10 Max:  3174 Err:     0 (0.00%) Active: 170 Started: 200 Finished: 30
2019-04-30 06:02:00,276 INFO o.a.j.r.Summariser: summary = 184205 in 00:04:53 =  628.5/s Avg:   309 Min:     2 Max:  4858 Err: 116069 (63.01%)
2019-04-30 06:02:30,213 INFO o.a.j.r.Summariser: summary +   8600 in 00:00:30 =  287.3/s Avg:   550 Min:    10 Max:  5303 Err:     0 (0.00%) Active: 113 Started: 200 Finished: 87
2019-04-30 06:02:30,213 INFO o.a.j.r.Summariser: summary = 192805 in 00:05:23 =  596.9/s Avg:   319 Min:     2 Max:  5303 Err: 116069 (60.20%)
2019-04-30 06:02:56,622 INFO o.a.j.JMeter: Finished remote host: 28.0.0.29 (1556604176622)
2019-04-30 06:02:56,756 INFO o.a.j.JMeter: Finished remote host: 28.0.0.25 (1556604176756)
2019-04-30 06:02:56,872 INFO o.a.j.JMeter: Finished remote host: 28.0.0.24 (1556604176872)
2019-04-30 06:02:58,738 INFO o.a.j.r.Summariser: summary +   7195 in 00:00:29 =  252.2/s Avg:   246 Min:    10 Max:  1498 Err:     0 (0.00%) Active: 0 Started: 200 Finished: 200
2019-04-30 06:02:58,738 INFO o.a.j.r.Summariser: summary = 200000 in 00:05:52 =  568.9/s Avg:   317 Min:     2 Max:  5303 Err: 116069 (58.03%)
2019-04-30 06:02:58,739 INFO o.a.j.JMeter: Finished remote host: 28.0.0.27 (1556604178739)
2019-04-30 06:03:03,741 INFO o.a.j.JMeter: Interrupting RMI Reaper
