2019-05-07 11:24:15,396 INFO o.a.j.u.JMeterUtils: Setting Locale to en_US
2019-05-07 11:24:15,412 INFO o.a.j.JMeter: Loading user properties from: /mnt/data/benchmark/apache-jmeter-4.0/bin/user.properties
2019-05-07 11:24:15,412 INFO o.a.j.JMeter: Loading system properties from: /mnt/data/benchmark/apache-jmeter-4.0/bin/system.properties
2019-05-07 11:24:15,419 INFO o.a.j.JMeter: Copyright (c) 1998-2018 The Apache Software Foundation
2019-05-07 11:24:15,419 INFO o.a.j.JMeter: Version 4.0 r1823414
2019-05-07 11:24:15,419 INFO o.a.j.JMeter: java.version=1.8.0_191
2019-05-07 11:24:15,419 INFO o.a.j.JMeter: java.vm.name=OpenJDK 64-Bit Server VM
2019-05-07 11:24:15,419 INFO o.a.j.JMeter: os.name=Linux
2019-05-07 11:24:15,419 INFO o.a.j.JMeter: os.arch=amd64
2019-05-07 11:24:15,419 INFO o.a.j.JMeter: os.version=4.15.0-1041-azure
2019-05-07 11:24:15,420 INFO o.a.j.JMeter: file.encoding=UTF-8
2019-05-07 11:24:15,420 INFO o.a.j.JMeter: Max memory     =1860698112
2019-05-07 11:24:15,420 INFO o.a.j.JMeter: Available Processors =2
2019-05-07 11:24:15,427 INFO o.a.j.JMeter: Default Locale=English (United States)
2019-05-07 11:24:15,428 INFO o.a.j.JMeter: JMeter  Locale=English (United States)
2019-05-07 11:24:15,428 INFO o.a.j.JMeter: JMeterHome=/mnt/data/benchmark/apache-jmeter-4.0
2019-05-07 11:24:15,428 INFO o.a.j.JMeter: user.dir  =/home/vinaya/sunbird-perf-tests/sunbird-platform
2019-05-07 11:24:15,428 INFO o.a.j.JMeter: PWD       =/home/vinaya/sunbird-perf-tests/sunbird-platform
2019-05-07 11:24:15,589 INFO o.a.j.JMeter: IP: 28.0.0.23 Name: jmeter-lms-1 FullName: 28.0.0.23
2019-05-07 11:24:15,592 INFO o.a.j.s.FileServer: Default base='/home/vinaya/sunbird-perf-tests/sunbird-platform'
2019-05-07 11:24:15,598 INFO o.a.j.s.FileServer: Set new base='/home/vinaya/current_scenario'
2019-05-07 11:24:15,764 INFO o.a.j.s.SaveService: Testplan (JMX) version: 2.2. Testlog (JTL) version: 2.2
2019-05-07 11:24:15,788 INFO o.a.j.s.SaveService: Using SaveService properties file encoding UTF-8
2019-05-07 11:24:15,793 INFO o.a.j.s.SaveService: Using SaveService properties version 4.0
2019-05-07 11:24:15,804 INFO o.a.j.s.SaveService: Loading file: /home/vinaya/current_scenario/system-settings.jmx
2019-05-07 11:24:15,876 INFO o.a.j.p.h.s.HTTPSamplerBase: Parser for text/html is org.apache.jmeter.protocol.http.parser.LagartoBasedHtmlParser
2019-05-07 11:24:15,876 INFO o.a.j.p.h.s.HTTPSamplerBase: Parser for application/xhtml+xml is org.apache.jmeter.protocol.http.parser.LagartoBasedHtmlParser
2019-05-07 11:24:15,876 INFO o.a.j.p.h.s.HTTPSamplerBase: Parser for application/xml is org.apache.jmeter.protocol.http.parser.LagartoBasedHtmlParser
2019-05-07 11:24:15,876 INFO o.a.j.p.h.s.HTTPSamplerBase: Parser for text/xml is org.apache.jmeter.protocol.http.parser.LagartoBasedHtmlParser
2019-05-07 11:24:15,876 INFO o.a.j.p.h.s.HTTPSamplerBase: Parser for text/vnd.wap.wml is org.apache.jmeter.protocol.http.parser.RegexpHTMLParser
2019-05-07 11:24:15,876 INFO o.a.j.p.h.s.HTTPSamplerBase: Parser for text/css is org.apache.jmeter.protocol.http.parser.CssParser
2019-05-07 11:24:15,905 INFO o.a.j.JMeter: Creating summariser <summary>
2019-05-07 11:24:15,908 INFO o.a.j.e.DistributedRunner: Configuring remote engine: 28.0.0.24
2019-05-07 11:24:15,910 INFO o.a.j.r.RmiUtils: Disabling SSL for RMI as server.rmi.ssl.disable is set to 'true'
2019-05-07 11:24:16,003 INFO o.a.j.e.DistributedRunner: Configuring remote engine: 28.0.0.25
2019-05-07 11:24:16,004 INFO o.a.j.r.RmiUtils: Disabling SSL for RMI as server.rmi.ssl.disable is set to 'true'
2019-05-07 11:24:16,014 INFO o.a.j.e.DistributedRunner: Configuring remote engine: 28.0.0.27
2019-05-07 11:24:16,015 INFO o.a.j.r.RmiUtils: Disabling SSL for RMI as server.rmi.ssl.disable is set to 'true'
2019-05-07 11:24:16,024 INFO o.a.j.e.DistributedRunner: Configuring remote engine: 28.0.0.29
2019-05-07 11:24:16,024 INFO o.a.j.r.RmiUtils: Disabling SSL for RMI as server.rmi.ssl.disable is set to 'true'
2019-05-07 11:24:16,034 INFO o.a.j.e.DistributedRunner: Starting remote engines
2019-05-07 11:24:16,036 INFO o.a.j.e.DistributedRunner: Starting the test @ Tue May 07 11:24:16 UTC 2019 (1557228256034)
2019-05-07 11:24:16,036 INFO o.a.j.e.ClientJMeterEngine: running clientengine run method
2019-05-07 11:24:16,039 INFO o.a.j.e.u.CompoundVariable: Note: Function class names must contain the string: '.functions.'
2019-05-07 11:24:16,040 INFO o.a.j.e.u.CompoundVariable: Note: Function class names must not contain the string: '.gui.'
2019-05-07 11:24:16,527 INFO o.a.j.r.RmiUtils: Disabling SSL for RMI as server.rmi.ssl.disable is set to 'true'
2019-05-07 11:24:16,528 INFO o.a.j.r.RmiUtils: Disabling SSL for RMI as server.rmi.ssl.disable is set to 'true'
2019-05-07 11:24:16,537 INFO o.a.j.s.SampleEvent: List of sample_variables: []
2019-05-07 11:24:16,542 INFO o.a.j.s.BatchSampleSender: Using batching (client settings) for this run. Thresholds: num=100, time=60000
2019-05-07 11:24:16,543 INFO o.a.j.s.DataStrippingSampleSender: Using DataStrippingSampleSender for this run
2019-05-07 11:24:16,543 INFO o.a.j.r.RmiUtils: Disabling SSL for RMI as server.rmi.ssl.disable is set to 'true'
2019-05-07 11:24:16,543 INFO o.a.j.r.RmiUtils: Disabling SSL for RMI as server.rmi.ssl.disable is set to 'true'
2019-05-07 11:24:16,544 INFO o.a.j.s.BatchSampleSender: Using batching (client settings) for this run. Thresholds: num=100, time=60000
2019-05-07 11:24:16,545 INFO o.a.j.s.DataStrippingSampleSender: Using DataStrippingSampleSender for this run
2019-05-07 11:24:16,546 INFO o.a.j.r.RmiUtils: Disabling SSL for RMI as server.rmi.ssl.disable is set to 'true'
2019-05-07 11:24:16,546 INFO o.a.j.r.RmiUtils: Disabling SSL for RMI as server.rmi.ssl.disable is set to 'true'
2019-05-07 11:24:16,912 INFO o.a.j.r.RmiUtils: Disabling SSL for RMI as server.rmi.ssl.disable is set to 'true'
2019-05-07 11:24:16,914 INFO o.a.j.r.RmiUtils: Disabling SSL for RMI as server.rmi.ssl.disable is set to 'true'
2019-05-07 11:24:17,020 INFO o.a.j.e.ClientJMeterEngine: sent test to 28.0.0.25 basedir='.'
2019-05-07 11:24:17,020 INFO o.a.j.e.ClientJMeterEngine: Sending properties {}
2019-05-07 11:24:17,024 INFO o.a.j.e.ClientJMeterEngine: sent run command to 28.0.0.25
2019-05-07 11:24:17,024 INFO o.a.j.e.ClientJMeterEngine: running clientengine run method
2019-05-07 11:24:17,025 INFO o.a.j.r.RmiUtils: Disabling SSL for RMI as server.rmi.ssl.disable is set to 'true'
2019-05-07 11:24:17,025 INFO o.a.j.r.RmiUtils: Disabling SSL for RMI as server.rmi.ssl.disable is set to 'true'
2019-05-07 11:24:17,025 INFO o.a.j.s.BatchSampleSender: Using batching (client settings) for this run. Thresholds: num=100, time=60000
2019-05-07 11:24:17,026 INFO o.a.j.s.DataStrippingSampleSender: Using DataStrippingSampleSender for this run
2019-05-07 11:24:17,026 INFO o.a.j.r.RmiUtils: Disabling SSL for RMI as server.rmi.ssl.disable is set to 'true'
2019-05-07 11:24:17,026 INFO o.a.j.r.RmiUtils: Disabling SSL for RMI as server.rmi.ssl.disable is set to 'true'
2019-05-07 11:24:17,026 INFO o.a.j.s.BatchSampleSender: Using batching (client settings) for this run. Thresholds: num=100, time=60000
2019-05-07 11:24:17,026 INFO o.a.j.s.DataStrippingSampleSender: Using DataStrippingSampleSender for this run
2019-05-07 11:24:17,026 INFO o.a.j.r.RmiUtils: Disabling SSL for RMI as server.rmi.ssl.disable is set to 'true'
2019-05-07 11:24:17,026 INFO o.a.j.r.RmiUtils: Disabling SSL for RMI as server.rmi.ssl.disable is set to 'true'
2019-05-07 11:24:17,036 INFO o.a.j.r.RmiUtils: Disabling SSL for RMI as server.rmi.ssl.disable is set to 'true'
2019-05-07 11:24:17,037 INFO o.a.j.r.RmiUtils: Disabling SSL for RMI as server.rmi.ssl.disable is set to 'true'
2019-05-07 11:24:17,044 INFO o.a.j.JMeter: Started remote host:  28.0.0.25 (1557228257044)
2019-05-07 11:24:17,056 INFO o.a.j.e.ClientJMeterEngine: sent test to 28.0.0.24 basedir='.'
2019-05-07 11:24:17,056 INFO o.a.j.e.ClientJMeterEngine: Sending properties {}
2019-05-07 11:24:17,059 INFO o.a.j.e.ClientJMeterEngine: sent run command to 28.0.0.24
2019-05-07 11:24:17,059 INFO o.a.j.e.ClientJMeterEngine: running clientengine run method
2019-05-07 11:24:17,060 INFO o.a.j.r.RmiUtils: Disabling SSL for RMI as server.rmi.ssl.disable is set to 'true'
2019-05-07 11:24:17,060 INFO o.a.j.r.RmiUtils: Disabling SSL for RMI as server.rmi.ssl.disable is set to 'true'
2019-05-07 11:24:17,060 INFO o.a.j.s.BatchSampleSender: Using batching (client settings) for this run. Thresholds: num=100, time=60000
2019-05-07 11:24:17,060 INFO o.a.j.s.DataStrippingSampleSender: Using DataStrippingSampleSender for this run
2019-05-07 11:24:17,060 INFO o.a.j.r.RmiUtils: Disabling SSL for RMI as server.rmi.ssl.disable is set to 'true'
2019-05-07 11:24:17,060 INFO o.a.j.r.RmiUtils: Disabling SSL for RMI as server.rmi.ssl.disable is set to 'true'
2019-05-07 11:24:17,061 INFO o.a.j.s.BatchSampleSender: Using batching (client settings) for this run. Thresholds: num=100, time=60000
2019-05-07 11:24:17,061 INFO o.a.j.s.DataStrippingSampleSender: Using DataStrippingSampleSender for this run
2019-05-07 11:24:17,061 INFO o.a.j.r.RmiUtils: Disabling SSL for RMI as server.rmi.ssl.disable is set to 'true'
2019-05-07 11:24:17,061 INFO o.a.j.r.RmiUtils: Disabling SSL for RMI as server.rmi.ssl.disable is set to 'true'
2019-05-07 11:24:17,070 INFO o.a.j.r.RmiUtils: Disabling SSL for RMI as server.rmi.ssl.disable is set to 'true'
2019-05-07 11:24:17,070 INFO o.a.j.r.RmiUtils: Disabling SSL for RMI as server.rmi.ssl.disable is set to 'true'
2019-05-07 11:24:17,072 INFO o.a.j.JMeter: Started remote host:  28.0.0.24 (1557228257072)
2019-05-07 11:24:17,093 INFO o.a.j.e.ClientJMeterEngine: sent test to 28.0.0.27 basedir='.'
2019-05-07 11:24:17,093 INFO o.a.j.e.ClientJMeterEngine: Sending properties {}
2019-05-07 11:24:17,096 INFO o.a.j.e.ClientJMeterEngine: sent run command to 28.0.0.27
2019-05-07 11:24:17,096 INFO o.a.j.e.ClientJMeterEngine: running clientengine run method
2019-05-07 11:24:17,096 INFO o.a.j.r.RmiUtils: Disabling SSL for RMI as server.rmi.ssl.disable is set to 'true'
2019-05-07 11:24:17,096 INFO o.a.j.r.RmiUtils: Disabling SSL for RMI as server.rmi.ssl.disable is set to 'true'
2019-05-07 11:24:17,096 INFO o.a.j.s.BatchSampleSender: Using batching (client settings) for this run. Thresholds: num=100, time=60000
2019-05-07 11:24:17,096 INFO o.a.j.s.DataStrippingSampleSender: Using DataStrippingSampleSender for this run
2019-05-07 11:24:17,096 INFO o.a.j.r.RmiUtils: Disabling SSL for RMI as server.rmi.ssl.disable is set to 'true'
2019-05-07 11:24:17,096 INFO o.a.j.r.RmiUtils: Disabling SSL for RMI as server.rmi.ssl.disable is set to 'true'
2019-05-07 11:24:17,097 INFO o.a.j.s.BatchSampleSender: Using batching (client settings) for this run. Thresholds: num=100, time=60000
2019-05-07 11:24:17,097 INFO o.a.j.s.DataStrippingSampleSender: Using DataStrippingSampleSender for this run
2019-05-07 11:24:17,097 INFO o.a.j.r.RmiUtils: Disabling SSL for RMI as server.rmi.ssl.disable is set to 'true'
2019-05-07 11:24:17,097 INFO o.a.j.r.RmiUtils: Disabling SSL for RMI as server.rmi.ssl.disable is set to 'true'
2019-05-07 11:24:17,111 INFO o.a.j.r.RmiUtils: Disabling SSL for RMI as server.rmi.ssl.disable is set to 'true'
2019-05-07 11:24:17,111 INFO o.a.j.r.RmiUtils: Disabling SSL for RMI as server.rmi.ssl.disable is set to 'true'
2019-05-07 11:24:17,115 INFO o.a.j.JMeter: Started remote host:  28.0.0.27 (1557228257115)
2019-05-07 11:24:17,150 INFO o.a.j.e.ClientJMeterEngine: sent test to 28.0.0.29 basedir='.'
2019-05-07 11:24:17,150 INFO o.a.j.e.ClientJMeterEngine: Sending properties {}
2019-05-07 11:24:17,153 INFO o.a.j.e.ClientJMeterEngine: sent run command to 28.0.0.29
2019-05-07 11:24:17,153 INFO o.a.j.e.DistributedRunner: Remote engines have been started
2019-05-07 11:24:17,159 INFO o.a.j.JMeter: Started remote host:  28.0.0.29 (1557228257159)
2019-05-07 11:24:17,210 INFO o.a.j.s.SampleResult: Note: Sample TimeStamps are START times
2019-05-07 11:24:17,210 INFO o.a.j.s.SampleResult: sampleresult.default.encoding is set to ISO-8859-1
2019-05-07 11:24:17,211 INFO o.a.j.s.SampleResult: sampleresult.useNanoTime=true
2019-05-07 11:24:17,211 INFO o.a.j.s.SampleResult: sampleresult.nanoThreadSleep=5000
2019-05-07 11:24:30,018 INFO o.a.j.r.Summariser: summary +   4505 in 00:00:13 =  347.2/s Avg:   414 Min:    13 Max:   720 Err:     0 (0.00%) Active: 200 Started: 200 Finished: 0
2019-05-07 11:25:00,111 INFO o.a.j.r.Summariser: summary +  11200 in 00:00:30 =  372.2/s Avg:   536 Min:    13 Max:   917 Err:     0 (0.00%) Active: 200 Started: 200 Finished: 0
2019-05-07 11:25:00,111 INFO o.a.j.r.Summariser: summary =  15705 in 00:00:43 =  364.7/s Avg:   501 Min:    13 Max:   917 Err:     0 (0.00%)
2019-05-07 11:25:30,261 INFO o.a.j.r.Summariser: summary +  11200 in 00:00:30 =  371.5/s Avg:   533 Min:    11 Max:  1462 Err:     0 (0.00%) Active: 200 Started: 200 Finished: 0
2019-05-07 11:25:30,262 INFO o.a.j.r.Summariser: summary =  26905 in 00:01:13 =  367.5/s Avg:   515 Min:    11 Max:  1462 Err:     0 (0.00%)
2019-05-07 11:26:00,080 INFO o.a.j.r.Summariser: summary +  11100 in 00:00:30 =  372.3/s Avg:   536 Min:    11 Max:  1698 Err:     0 (0.00%) Active: 200 Started: 200 Finished: 0
2019-05-07 11:26:00,081 INFO o.a.j.r.Summariser: summary =  38005 in 00:01:43 =  368.8/s Avg:   521 Min:    11 Max:  1698 Err:     0 (0.00%)
2019-05-07 11:26:30,512 INFO o.a.j.r.Summariser: summary +  11300 in 00:00:30 =  371.3/s Avg:   534 Min:    11 Max:  1843 Err:     0 (0.00%) Active: 200 Started: 200 Finished: 0
2019-05-07 11:26:30,512 INFO o.a.j.r.Summariser: summary =  49305 in 00:02:13 =  369.4/s Avg:   524 Min:    11 Max:  1843 Err:     0 (0.00%)
2019-05-07 11:27:00,247 INFO o.a.j.r.Summariser: summary +  11200 in 00:00:30 =  376.7/s Avg:   531 Min:    11 Max:  1972 Err:     0 (0.00%) Active: 200 Started: 200 Finished: 0
2019-05-07 11:27:00,247 INFO o.a.j.r.Summariser: summary =  60505 in 00:02:43 =  370.7/s Avg:   525 Min:    11 Max:  1972 Err:     0 (0.00%)
2019-05-07 11:27:30,145 INFO o.a.j.r.Summariser: summary +  11300 in 00:00:30 =  378.0/s Avg:   523 Min:    11 Max:  2256 Err:     0 (0.00%) Active: 200 Started: 200 Finished: 0
2019-05-07 11:27:30,145 INFO o.a.j.r.Summariser: summary =  71805 in 00:03:13 =  371.9/s Avg:   525 Min:    11 Max:  2256 Err:     0 (0.00%)
2019-05-07 11:28:00,563 INFO o.a.j.r.Summariser: summary +  11400 in 00:00:30 =  374.8/s Avg:   536 Min:    11 Max:  2327 Err:     0 (0.00%) Active: 200 Started: 200 Finished: 0
2019-05-07 11:28:00,563 INFO o.a.j.r.Summariser: summary =  83205 in 00:03:44 =  372.2/s Avg:   526 Min:    11 Max:  2327 Err:     0 (0.00%)
2019-05-07 11:28:30,035 INFO o.a.j.r.Summariser: summary +  11100 in 00:00:29 =  376.6/s Avg:   530 Min:    11 Max:  2521 Err:     0 (0.00%) Active: 200 Started: 200 Finished: 0
2019-05-07 11:28:30,035 INFO o.a.j.r.Summariser: summary =  94305 in 00:04:13 =  372.8/s Avg:   527 Min:    11 Max:  2521 Err:     0 (0.00%)
2019-05-07 11:29:00,197 INFO o.a.j.r.Summariser: summary +  11200 in 00:00:30 =  371.3/s Avg:   536 Min:    12 Max:  2483 Err:     0 (0.00%) Active: 200 Started: 200 Finished: 0
2019-05-07 11:29:00,197 INFO o.a.j.r.Summariser: summary = 105505 in 00:04:43 =  372.6/s Avg:   528 Min:    11 Max:  2521 Err:     0 (0.00%)
2019-05-07 11:29:30,027 INFO o.a.j.r.Summariser: summary +  11100 in 00:00:30 =  372.1/s Avg:   536 Min:    10 Max:  2250 Err:     0 (0.00%) Active: 200 Started: 200 Finished: 0
2019-05-07 11:29:30,028 INFO o.a.j.r.Summariser: summary = 116605 in 00:05:13 =  372.6/s Avg:   529 Min:    10 Max:  2521 Err:     0 (0.00%)
2019-05-07 11:30:00,435 INFO o.a.j.r.Summariser: summary +  11500 in 00:00:30 =  378.2/s Avg:   534 Min:    10 Max:  2124 Err:     0 (0.00%) Active: 200 Started: 200 Finished: 0
2019-05-07 11:30:00,435 INFO o.a.j.r.Summariser: summary = 128105 in 00:05:43 =  373.1/s Avg:   529 Min:    10 Max:  2521 Err:     0 (0.00%)
2019-05-07 11:30:30,278 INFO o.a.j.r.Summariser: summary +  11100 in 00:00:30 =  371.9/s Avg:   533 Min:    11 Max:  2055 Err:     0 (0.00%) Active: 200 Started: 200 Finished: 0
2019-05-07 11:30:30,278 INFO o.a.j.r.Summariser: summary = 139205 in 00:06:13 =  373.0/s Avg:   529 Min:    10 Max:  2521 Err:     0 (0.00%)
2019-05-07 11:31:00,260 INFO o.a.j.r.Summariser: summary +  11300 in 00:00:30 =  376.9/s Avg:   532 Min:    10 Max:  2173 Err:     0 (0.00%) Active: 200 Started: 200 Finished: 0
2019-05-07 11:31:00,260 INFO o.a.j.r.Summariser: summary = 150505 in 00:06:43 =  373.3/s Avg:   530 Min:    10 Max:  2521 Err:     0 (0.00%)
2019-05-07 11:31:30,239 INFO o.a.j.r.Summariser: summary +  11200 in 00:00:30 =  373.6/s Avg:   536 Min:    10 Max:  1995 Err:     0 (0.00%) Active: 200 Started: 200 Finished: 0
2019-05-07 11:31:30,239 INFO o.a.j.r.Summariser: summary = 161705 in 00:07:13 =  373.3/s Avg:   530 Min:    10 Max:  2521 Err:     0 (0.00%)
2019-05-07 11:32:00,136 INFO o.a.j.r.Summariser: summary +  11300 in 00:00:30 =  378.0/s Avg:   534 Min:    11 Max:  1851 Err:     0 (0.00%) Active: 200 Started: 200 Finished: 0
2019-05-07 11:32:00,136 INFO o.a.j.r.Summariser: summary = 173005 in 00:07:43 =  373.6/s Avg:   530 Min:    10 Max:  2521 Err:     0 (0.00%)
2019-05-07 11:32:30,108 INFO o.a.j.r.Summariser: summary +  11200 in 00:00:30 =  373.7/s Avg:   528 Min:    11 Max:  1724 Err:     0 (0.00%) Active: 195 Started: 200 Finished: 5
2019-05-07 11:32:30,108 INFO o.a.j.r.Summariser: summary = 184205 in 00:08:13 =  373.6/s Avg:   530 Min:    10 Max:  2521 Err:     0 (0.00%)
2019-05-07 11:33:00,113 INFO o.a.j.r.Summariser: summary +  11300 in 00:00:30 =  376.6/s Avg:   446 Min:    11 Max:  1759 Err:     0 (0.00%) Active: 113 Started: 200 Finished: 87
2019-05-07 11:33:00,114 INFO o.a.j.r.Summariser: summary = 195505 in 00:08:43 =  373.8/s Avg:   525 Min:    10 Max:  2521 Err:     0 (0.00%)
2019-05-07 11:33:11,706 INFO o.a.j.JMeter: Finished remote host: 28.0.0.24 (1557228791706)
2019-05-07 11:33:11,724 INFO o.a.j.JMeter: Finished remote host: 28.0.0.29 (1557228791724)
2019-05-07 11:33:11,932 INFO o.a.j.JMeter: Finished remote host: 28.0.0.25 (1557228791932)
2019-05-07 11:33:12,970 INFO o.a.j.r.Summariser: summary +   4495 in 00:00:13 =  349.6/s Avg:   217 Min:    10 Max:  1111 Err:     0 (0.00%) Active: 0 Started: 200 Finished: 200
2019-05-07 11:33:12,970 INFO o.a.j.r.Summariser: summary = 200000 in 00:08:56 =  373.2/s Avg:   518 Min:    10 Max:  2521 Err:     0 (0.00%)
2019-05-07 11:33:12,971 INFO o.a.j.JMeter: Finished remote host: 28.0.0.27 (1557228792971)
2019-05-07 11:33:17,973 INFO o.a.j.JMeter: Interrupting RMI Reaper
