2019-05-03 12:36:41,150 INFO o.a.j.u.JMeterUtils: Setting Locale to en_US
2019-05-03 12:36:41,165 INFO o.a.j.JMeter: Loading user properties from: /mnt/data/benchmark/apache-jmeter-4.0/bin/user.properties
2019-05-03 12:36:41,166 INFO o.a.j.JMeter: Loading system properties from: /mnt/data/benchmark/apache-jmeter-4.0/bin/system.properties
2019-05-03 12:36:41,172 INFO o.a.j.JMeter: Copyright (c) 1998-2018 The Apache Software Foundation
2019-05-03 12:36:41,172 INFO o.a.j.JMeter: Version 4.0 r1823414
2019-05-03 12:36:41,172 INFO o.a.j.JMeter: java.version=1.8.0_191
2019-05-03 12:36:41,173 INFO o.a.j.JMeter: java.vm.name=OpenJDK 64-Bit Server VM
2019-05-03 12:36:41,173 INFO o.a.j.JMeter: os.name=Linux
2019-05-03 12:36:41,173 INFO o.a.j.JMeter: os.arch=amd64
2019-05-03 12:36:41,173 INFO o.a.j.JMeter: os.version=4.15.0-1041-azure
2019-05-03 12:36:41,173 INFO o.a.j.JMeter: file.encoding=UTF-8
2019-05-03 12:36:41,173 INFO o.a.j.JMeter: Max memory     =1860698112
2019-05-03 12:36:41,173 INFO o.a.j.JMeter: Available Processors =2
2019-05-03 12:36:41,179 INFO o.a.j.JMeter: Default Locale=English (United States)
2019-05-03 12:36:41,179 INFO o.a.j.JMeter: JMeter  Locale=English (United States)
2019-05-03 12:36:41,179 INFO o.a.j.JMeter: JMeterHome=/mnt/data/benchmark/apache-jmeter-4.0
2019-05-03 12:36:41,179 INFO o.a.j.JMeter: user.dir  =/home/vinaya/sunbird-perf-tests/sunbird-platform
2019-05-03 12:36:41,179 INFO o.a.j.JMeter: PWD       =/home/vinaya/sunbird-perf-tests/sunbird-platform
2019-05-03 12:36:41,182 INFO o.a.j.JMeter: IP: 28.0.0.23 Name: jmeter-lms-1 FullName: 28.0.0.23
2019-05-03 12:36:41,186 INFO o.a.j.s.FileServer: Default base='/home/vinaya/sunbird-perf-tests/sunbird-platform'
2019-05-03 12:36:41,192 INFO o.a.j.s.FileServer: Set new base='/home/vinaya/current_scenario'
2019-05-03 12:36:41,351 INFO o.a.j.s.SaveService: Testplan (JMX) version: 2.2. Testlog (JTL) version: 2.2
2019-05-03 12:36:41,371 INFO o.a.j.s.SaveService: Using SaveService properties file encoding UTF-8
2019-05-03 12:36:41,378 INFO o.a.j.s.SaveService: Using SaveService properties version 4.0
2019-05-03 12:36:41,387 INFO o.a.j.s.SaveService: Loading file: /home/vinaya/current_scenario/system-settings.jmx
2019-05-03 12:36:41,459 INFO o.a.j.p.h.s.HTTPSamplerBase: Parser for text/html is org.apache.jmeter.protocol.http.parser.LagartoBasedHtmlParser
2019-05-03 12:36:41,459 INFO o.a.j.p.h.s.HTTPSamplerBase: Parser for application/xhtml+xml is org.apache.jmeter.protocol.http.parser.LagartoBasedHtmlParser
2019-05-03 12:36:41,459 INFO o.a.j.p.h.s.HTTPSamplerBase: Parser for application/xml is org.apache.jmeter.protocol.http.parser.LagartoBasedHtmlParser
2019-05-03 12:36:41,459 INFO o.a.j.p.h.s.HTTPSamplerBase: Parser for text/xml is org.apache.jmeter.protocol.http.parser.LagartoBasedHtmlParser
2019-05-03 12:36:41,459 INFO o.a.j.p.h.s.HTTPSamplerBase: Parser for text/vnd.wap.wml is org.apache.jmeter.protocol.http.parser.RegexpHTMLParser
2019-05-03 12:36:41,459 INFO o.a.j.p.h.s.HTTPSamplerBase: Parser for text/css is org.apache.jmeter.protocol.http.parser.CssParser
2019-05-03 12:36:41,490 INFO o.a.j.JMeter: Creating summariser <summary>
2019-05-03 12:36:41,494 INFO o.a.j.e.DistributedRunner: Configuring remote engine: 28.0.0.24
2019-05-03 12:36:41,496 INFO o.a.j.r.RmiUtils: Disabling SSL for RMI as server.rmi.ssl.disable is set to 'true'
2019-05-03 12:36:41,582 INFO o.a.j.e.DistributedRunner: Configuring remote engine: 28.0.0.25
2019-05-03 12:36:41,583 INFO o.a.j.r.RmiUtils: Disabling SSL for RMI as server.rmi.ssl.disable is set to 'true'
2019-05-03 12:36:41,592 INFO o.a.j.e.DistributedRunner: Configuring remote engine: 28.0.0.27
2019-05-03 12:36:41,592 INFO o.a.j.r.RmiUtils: Disabling SSL for RMI as server.rmi.ssl.disable is set to 'true'
2019-05-03 12:36:41,601 INFO o.a.j.e.DistributedRunner: Configuring remote engine: 28.0.0.29
2019-05-03 12:36:41,602 INFO o.a.j.r.RmiUtils: Disabling SSL for RMI as server.rmi.ssl.disable is set to 'true'
2019-05-03 12:36:41,612 INFO o.a.j.e.DistributedRunner: Starting remote engines
2019-05-03 12:36:41,614 INFO o.a.j.e.DistributedRunner: Starting the test @ Fri May 03 12:36:41 UTC 2019 (1556887001612)
2019-05-03 12:36:41,614 INFO o.a.j.e.ClientJMeterEngine: running clientengine run method
2019-05-03 12:36:41,617 INFO o.a.j.e.u.CompoundVariable: Note: Function class names must contain the string: '.functions.'
2019-05-03 12:36:41,617 INFO o.a.j.e.u.CompoundVariable: Note: Function class names must not contain the string: '.gui.'
2019-05-03 12:36:42,105 INFO o.a.j.r.RmiUtils: Disabling SSL for RMI as server.rmi.ssl.disable is set to 'true'
2019-05-03 12:36:42,105 INFO o.a.j.r.RmiUtils: Disabling SSL for RMI as server.rmi.ssl.disable is set to 'true'
2019-05-03 12:36:42,109 INFO o.a.j.s.SampleEvent: List of sample_variables: []
2019-05-03 12:36:42,114 INFO o.a.j.s.BatchSampleSender: Using batching (client settings) for this run. Thresholds: num=100, time=60000
2019-05-03 12:36:42,114 INFO o.a.j.s.DataStrippingSampleSender: Using DataStrippingSampleSender for this run
2019-05-03 12:36:42,114 INFO o.a.j.r.RmiUtils: Disabling SSL for RMI as server.rmi.ssl.disable is set to 'true'
2019-05-03 12:36:42,114 INFO o.a.j.r.RmiUtils: Disabling SSL for RMI as server.rmi.ssl.disable is set to 'true'
2019-05-03 12:36:42,115 INFO o.a.j.s.BatchSampleSender: Using batching (client settings) for this run. Thresholds: num=100, time=60000
2019-05-03 12:36:42,115 INFO o.a.j.s.DataStrippingSampleSender: Using DataStrippingSampleSender for this run
2019-05-03 12:36:42,116 INFO o.a.j.r.RmiUtils: Disabling SSL for RMI as server.rmi.ssl.disable is set to 'true'
2019-05-03 12:36:42,116 INFO o.a.j.r.RmiUtils: Disabling SSL for RMI as server.rmi.ssl.disable is set to 'true'
2019-05-03 12:36:42,412 INFO o.a.j.r.RmiUtils: Disabling SSL for RMI as server.rmi.ssl.disable is set to 'true'
2019-05-03 12:36:42,412 INFO o.a.j.r.RmiUtils: Disabling SSL for RMI as server.rmi.ssl.disable is set to 'true'
2019-05-03 12:36:42,499 INFO o.a.j.e.ClientJMeterEngine: sent test to 28.0.0.25 basedir='.'
2019-05-03 12:36:42,499 INFO o.a.j.e.ClientJMeterEngine: Sending properties {}
2019-05-03 12:36:42,504 INFO o.a.j.e.ClientJMeterEngine: sent run command to 28.0.0.25
2019-05-03 12:36:42,504 INFO o.a.j.e.ClientJMeterEngine: running clientengine run method
2019-05-03 12:36:42,505 INFO o.a.j.r.RmiUtils: Disabling SSL for RMI as server.rmi.ssl.disable is set to 'true'
2019-05-03 12:36:42,506 INFO o.a.j.r.RmiUtils: Disabling SSL for RMI as server.rmi.ssl.disable is set to 'true'
2019-05-03 12:36:42,506 INFO o.a.j.s.BatchSampleSender: Using batching (client settings) for this run. Thresholds: num=100, time=60000
2019-05-03 12:36:42,506 INFO o.a.j.s.DataStrippingSampleSender: Using DataStrippingSampleSender for this run
2019-05-03 12:36:42,506 INFO o.a.j.r.RmiUtils: Disabling SSL for RMI as server.rmi.ssl.disable is set to 'true'
2019-05-03 12:36:42,506 INFO o.a.j.r.RmiUtils: Disabling SSL for RMI as server.rmi.ssl.disable is set to 'true'
2019-05-03 12:36:42,506 INFO o.a.j.s.BatchSampleSender: Using batching (client settings) for this run. Thresholds: num=100, time=60000
2019-05-03 12:36:42,506 INFO o.a.j.s.DataStrippingSampleSender: Using DataStrippingSampleSender for this run
2019-05-03 12:36:42,506 INFO o.a.j.r.RmiUtils: Disabling SSL for RMI as server.rmi.ssl.disable is set to 'true'
2019-05-03 12:36:42,506 INFO o.a.j.r.RmiUtils: Disabling SSL for RMI as server.rmi.ssl.disable is set to 'true'
2019-05-03 12:36:42,515 INFO o.a.j.JMeter: Started remote host:  28.0.0.25 (1556887002515)
2019-05-03 12:36:42,525 INFO o.a.j.r.RmiUtils: Disabling SSL for RMI as server.rmi.ssl.disable is set to 'true'
2019-05-03 12:36:42,525 INFO o.a.j.r.RmiUtils: Disabling SSL for RMI as server.rmi.ssl.disable is set to 'true'
2019-05-03 12:36:42,554 INFO o.a.j.e.ClientJMeterEngine: sent test to 28.0.0.24 basedir='.'
2019-05-03 12:36:42,554 INFO o.a.j.e.ClientJMeterEngine: Sending properties {}
2019-05-03 12:36:42,557 INFO o.a.j.e.ClientJMeterEngine: sent run command to 28.0.0.24
2019-05-03 12:36:42,557 INFO o.a.j.e.ClientJMeterEngine: running clientengine run method
2019-05-03 12:36:42,557 INFO o.a.j.r.RmiUtils: Disabling SSL for RMI as server.rmi.ssl.disable is set to 'true'
2019-05-03 12:36:42,557 INFO o.a.j.r.RmiUtils: Disabling SSL for RMI as server.rmi.ssl.disable is set to 'true'
2019-05-03 12:36:42,558 INFO o.a.j.s.BatchSampleSender: Using batching (client settings) for this run. Thresholds: num=100, time=60000
2019-05-03 12:36:42,558 INFO o.a.j.s.DataStrippingSampleSender: Using DataStrippingSampleSender for this run
2019-05-03 12:36:42,558 INFO o.a.j.r.RmiUtils: Disabling SSL for RMI as server.rmi.ssl.disable is set to 'true'
2019-05-03 12:36:42,558 INFO o.a.j.r.RmiUtils: Disabling SSL for RMI as server.rmi.ssl.disable is set to 'true'
2019-05-03 12:36:42,558 INFO o.a.j.s.BatchSampleSender: Using batching (client settings) for this run. Thresholds: num=100, time=60000
2019-05-03 12:36:42,558 INFO o.a.j.s.DataStrippingSampleSender: Using DataStrippingSampleSender for this run
2019-05-03 12:36:42,558 INFO o.a.j.r.RmiUtils: Disabling SSL for RMI as server.rmi.ssl.disable is set to 'true'
2019-05-03 12:36:42,558 INFO o.a.j.r.RmiUtils: Disabling SSL for RMI as server.rmi.ssl.disable is set to 'true'
2019-05-03 12:36:42,568 INFO o.a.j.r.RmiUtils: Disabling SSL for RMI as server.rmi.ssl.disable is set to 'true'
2019-05-03 12:36:42,568 INFO o.a.j.r.RmiUtils: Disabling SSL for RMI as server.rmi.ssl.disable is set to 'true'
2019-05-03 12:36:42,569 INFO o.a.j.JMeter: Started remote host:  28.0.0.24 (1556887002569)
2019-05-03 12:36:42,593 INFO o.a.j.e.ClientJMeterEngine: sent test to 28.0.0.27 basedir='.'
2019-05-03 12:36:42,593 INFO o.a.j.e.ClientJMeterEngine: Sending properties {}
2019-05-03 12:36:42,595 INFO o.a.j.e.ClientJMeterEngine: sent run command to 28.0.0.27
2019-05-03 12:36:42,595 INFO o.a.j.e.ClientJMeterEngine: running clientengine run method
2019-05-03 12:36:42,596 INFO o.a.j.r.RmiUtils: Disabling SSL for RMI as server.rmi.ssl.disable is set to 'true'
2019-05-03 12:36:42,596 INFO o.a.j.r.RmiUtils: Disabling SSL for RMI as server.rmi.ssl.disable is set to 'true'
2019-05-03 12:36:42,596 INFO o.a.j.s.BatchSampleSender: Using batching (client settings) for this run. Thresholds: num=100, time=60000
2019-05-03 12:36:42,596 INFO o.a.j.s.DataStrippingSampleSender: Using DataStrippingSampleSender for this run
2019-05-03 12:36:42,596 INFO o.a.j.r.RmiUtils: Disabling SSL for RMI as server.rmi.ssl.disable is set to 'true'
2019-05-03 12:36:42,596 INFO o.a.j.r.RmiUtils: Disabling SSL for RMI as server.rmi.ssl.disable is set to 'true'
2019-05-03 12:36:42,596 INFO o.a.j.s.BatchSampleSender: Using batching (client settings) for this run. Thresholds: num=100, time=60000
2019-05-03 12:36:42,597 INFO o.a.j.s.DataStrippingSampleSender: Using DataStrippingSampleSender for this run
2019-05-03 12:36:42,597 INFO o.a.j.r.RmiUtils: Disabling SSL for RMI as server.rmi.ssl.disable is set to 'true'
2019-05-03 12:36:42,597 INFO o.a.j.r.RmiUtils: Disabling SSL for RMI as server.rmi.ssl.disable is set to 'true'
2019-05-03 12:36:42,604 INFO o.a.j.JMeter: Started remote host:  28.0.0.27 (1556887002604)
2019-05-03 12:36:42,614 INFO o.a.j.r.RmiUtils: Disabling SSL for RMI as server.rmi.ssl.disable is set to 'true'
2019-05-03 12:36:42,614 INFO o.a.j.r.RmiUtils: Disabling SSL for RMI as server.rmi.ssl.disable is set to 'true'
2019-05-03 12:36:42,637 INFO o.a.j.e.ClientJMeterEngine: sent test to 28.0.0.29 basedir='.'
2019-05-03 12:36:42,637 INFO o.a.j.e.ClientJMeterEngine: Sending properties {}
2019-05-03 12:36:42,640 INFO o.a.j.e.ClientJMeterEngine: sent run command to 28.0.0.29
2019-05-03 12:36:42,640 INFO o.a.j.e.DistributedRunner: Remote engines have been started
2019-05-03 12:36:42,645 INFO o.a.j.JMeter: Started remote host:  28.0.0.29 (1556887002645)
2019-05-03 12:36:42,654 INFO o.a.j.s.SampleResult: Note: Sample TimeStamps are START times
2019-05-03 12:36:42,654 INFO o.a.j.s.SampleResult: sampleresult.default.encoding is set to ISO-8859-1
2019-05-03 12:36:42,654 INFO o.a.j.s.SampleResult: sampleresult.useNanoTime=true
2019-05-03 12:36:42,654 INFO o.a.j.s.SampleResult: sampleresult.nanoThreadSleep=5000
2019-05-03 12:37:00,044 INFO o.a.j.r.Summariser: summary +  74905 in 00:00:18 = 4273.4/s Avg:    32 Min:     1 Max:   223 Err: 74905 (100.00%) Active: 200 Started: 200 Finished: 0
2019-05-03 12:37:27,399 INFO o.a.j.JMeter: Finished remote host: 28.0.0.24 (1556887047399)
2019-05-03 12:37:27,416 INFO o.a.j.JMeter: Finished remote host: 28.0.0.27 (1556887047416)
2019-05-03 12:37:27,417 INFO o.a.j.JMeter: Finished remote host: 28.0.0.29 (1556887047417)
2019-05-03 12:37:27,743 INFO o.a.j.r.Summariser: summary + 125095 in 00:00:28 = 4515.9/s Avg:    36 Min:     0 Max:   237 Err: 125095 (100.00%) Active: 0 Started: 200 Finished: 200
2019-05-03 12:37:27,744 INFO o.a.j.r.Summariser: summary = 200000 in 00:00:45 = 4421.8/s Avg:    35 Min:     0 Max:   237 Err: 200000 (100.00%)
2019-05-03 12:37:27,745 INFO o.a.j.JMeter: Finished remote host: 28.0.0.25 (1556887047745)
2019-05-03 12:37:32,747 INFO o.a.j.JMeter: Interrupting RMI Reaper
