Creating summariser <summary>
Created the tree successfully using /home/vinaya/current_scenario/org-search.jmx
Configuring remote engine: 28.0.0.24
Configuring remote engine: 28.0.0.25
Configuring remote engine: 28.0.0.27
Configuring remote engine: 28.0.0.29
Starting remote engines
Starting the test @ Fri May 03 10:20:45 UTC 2019 (1556878845938)
Remote engines have been started
Waiting for possible Shutdown/StopTestNow/Heapdump message on port 4445
summary +  20505 in 00:00:13 = 1548.8/s Avg:   123 Min:     0 Max:  1074 Err:    45 (0.22%) Active: 200 Started: 185 Finished: 0
summary +  36700 in 00:00:31 = 1192.4/s Avg:   158 Min:     0 Max:  2033 Err:     7 (0.02%) Active: 200 Started: 185 Finished: 0
summary =  57205 in 00:00:44 = 1299.6/s Avg:   145 Min:     0 Max:  2033 Err:    52 (0.09%)
summary +   5800 in 00:00:29 =  198.5/s Avg:  1016 Min:     6 Max:  1244 Err:    33 (0.57%) Active: 200 Started: 185 Finished: 0
summary =  63005 in 00:01:13 =  860.3/s Avg:   225 Min:     0 Max:  2033 Err:    85 (0.13%)
summary +   5900 in 00:00:30 =  195.7/s Avg:  1015 Min:     6 Max:  1163 Err:    13 (0.22%) Active: 200 Started: 185 Finished: 0
summary =  68905 in 00:01:43 =  666.6/s Avg:   293 Min:     0 Max:  2033 Err:    98 (0.14%)
summary +   5900 in 00:00:30 =  195.9/s Avg:  1018 Min:     0 Max:  3033 Err:     9 (0.15%) Active: 200 Started: 185 Finished: 0
summary =  74805 in 00:02:13 =  560.4/s Avg:   350 Min:     0 Max:  3033 Err:   107 (0.14%)
summary +  37200 in 00:00:30 = 1249.8/s Avg:   163 Min:     0 Max:  3268 Err:   127 (0.34%) Active: 200 Started: 185 Finished: 0
summary = 112005 in 00:02:43 =  686.1/s Avg:   288 Min:     0 Max:  3268 Err:   234 (0.21%)
summary +   6400 in 00:00:31 =  206.7/s Avg:   940 Min:     0 Max:  3092 Err:    22 (0.34%) Active: 200 Started: 185 Finished: 0
summary = 118405 in 00:03:14 =  609.7/s Avg:   323 Min:     0 Max:  3268 Err:   256 (0.22%)
summary +   6100 in 00:00:29 =  208.9/s Avg:   970 Min:     0 Max:  1244 Err:    55 (0.90%) Active: 200 Started: 185 Finished: 0
summary = 124505 in 00:03:43 =  557.3/s Avg:   355 Min:     0 Max:  3268 Err:   311 (0.25%)
summary +   6100 in 00:00:30 =  204.6/s Avg:   977 Min:     6 Max:  1129 Err:    10 (0.16%) Active: 200 Started: 185 Finished: 0
summary = 130605 in 00:04:13 =  515.8/s Avg:   384 Min:     0 Max:  3268 Err:   321 (0.25%)
summary +  36300 in 00:00:31 = 1182.4/s Avg:   170 Min:     0 Max:  3315 Err:   134 (0.37%) Active: 200 Started: 185 Finished: 0
summary = 166905 in 00:04:44 =  587.8/s Avg:   337 Min:     0 Max:  3315 Err:   455 (0.27%)
summary +   6300 in 00:00:29 =  214.1/s Avg:   916 Min:     1 Max:  3142 Err:    63 (1.00%) Active: 200 Started: 185 Finished: 0
summary = 173205 in 00:05:13 =  552.7/s Avg:   358 Min:     0 Max:  3315 Err:   518 (0.30%)
summary +   6200 in 00:00:30 =  207.7/s Avg:   969 Min:     0 Max:  7161 Err:    38 (0.61%) Active: 197 Started: 185 Finished: 3
summary = 179405 in 00:05:43 =  522.7/s Avg:   379 Min:     0 Max:  7161 Err:   556 (0.31%)
summary +   6000 in 00:00:30 =  197.9/s Avg:   962 Min:     5 Max:  3248 Err:    19 (0.32%) Active: 188 Started: 185 Finished: 12
summary = 185405 in 00:06:14 =  496.4/s Avg:   398 Min:     0 Max:  7161 Err:   575 (0.31%)
summary +  14595 in 00:00:17 =  835.8/s Avg:   194 Min:     5 Max:  3187 Err:     0 (0.00%) Active: 0 Started: 185 Finished: 200
summary = 200000 in 00:06:31 =  511.5/s Avg:   383 Min:     0 Max:  7161 Err:   575 (0.29%)
Tidying up remote @ Fri May 03 10:27:17 UTC 2019 (1556879237846)
... end of run
