2019-04-26 10:13:10,329 INFO o.a.j.u.JMeterUtils: Setting Locale to en_US
2019-04-26 10:13:10,344 INFO o.a.j.JMeter: Loading user properties from: /mnt/data/benchmark/apache-jmeter-4.0/bin/user.properties
2019-04-26 10:13:10,344 INFO o.a.j.JMeter: Loading system properties from: /mnt/data/benchmark/apache-jmeter-4.0/bin/system.properties
2019-04-26 10:13:10,351 INFO o.a.j.JMeter: Copyright (c) 1998-2018 The Apache Software Foundation
2019-04-26 10:13:10,351 INFO o.a.j.JMeter: Version 4.0 r1823414
2019-04-26 10:13:10,351 INFO o.a.j.JMeter: java.version=1.8.0_191
2019-04-26 10:13:10,351 INFO o.a.j.JMeter: java.vm.name=OpenJDK 64-Bit Server VM
2019-04-26 10:13:10,351 INFO o.a.j.JMeter: os.name=Linux
2019-04-26 10:13:10,351 INFO o.a.j.JMeter: os.arch=amd64
2019-04-26 10:13:10,351 INFO o.a.j.JMeter: os.version=4.15.0-1041-azure
2019-04-26 10:13:10,351 INFO o.a.j.JMeter: file.encoding=UTF-8
2019-04-26 10:13:10,351 INFO o.a.j.JMeter: Max memory     =1860698112
2019-04-26 10:13:10,352 INFO o.a.j.JMeter: Available Processors =2
2019-04-26 10:13:10,356 INFO o.a.j.JMeter: Default Locale=English (United States)
2019-04-26 10:13:10,357 INFO o.a.j.JMeter: JMeter  Locale=English (United States)
2019-04-26 10:13:10,357 INFO o.a.j.JMeter: JMeterHome=/mnt/data/benchmark/apache-jmeter-4.0
2019-04-26 10:13:10,357 INFO o.a.j.JMeter: user.dir  =/home/vinaya/sunbird-perf-tests/sunbird-platform
2019-04-26 10:13:10,357 INFO o.a.j.JMeter: PWD       =/home/vinaya/sunbird-perf-tests/sunbird-platform
2019-04-26 10:13:10,360 INFO o.a.j.JMeter: IP: 28.0.0.23 Name: jmeter-lms-1 FullName: 28.0.0.23
2019-04-26 10:13:10,365 INFO o.a.j.s.FileServer: Default base='/home/vinaya/sunbird-perf-tests/sunbird-platform'
2019-04-26 10:13:10,371 INFO o.a.j.s.FileServer: Set new base='/home/vinaya/current_scenario'
2019-04-26 10:13:10,523 INFO o.a.j.s.SaveService: Testplan (JMX) version: 2.2. Testlog (JTL) version: 2.2
2019-04-26 10:13:10,543 INFO o.a.j.s.SaveService: Using SaveService properties file encoding UTF-8
2019-04-26 10:13:10,548 INFO o.a.j.s.SaveService: Using SaveService properties version 4.0
2019-04-26 10:13:10,556 INFO o.a.j.s.SaveService: Loading file: /home/vinaya/current_scenario/system-settings.jmx
2019-04-26 10:13:10,626 INFO o.a.j.p.h.s.HTTPSamplerBase: Parser for text/html is org.apache.jmeter.protocol.http.parser.LagartoBasedHtmlParser
2019-04-26 10:13:10,626 INFO o.a.j.p.h.s.HTTPSamplerBase: Parser for application/xhtml+xml is org.apache.jmeter.protocol.http.parser.LagartoBasedHtmlParser
2019-04-26 10:13:10,626 INFO o.a.j.p.h.s.HTTPSamplerBase: Parser for application/xml is org.apache.jmeter.protocol.http.parser.LagartoBasedHtmlParser
2019-04-26 10:13:10,627 INFO o.a.j.p.h.s.HTTPSamplerBase: Parser for text/xml is org.apache.jmeter.protocol.http.parser.LagartoBasedHtmlParser
2019-04-26 10:13:10,627 INFO o.a.j.p.h.s.HTTPSamplerBase: Parser for text/vnd.wap.wml is org.apache.jmeter.protocol.http.parser.RegexpHTMLParser
2019-04-26 10:13:10,627 INFO o.a.j.p.h.s.HTTPSamplerBase: Parser for text/css is org.apache.jmeter.protocol.http.parser.CssParser
2019-04-26 10:13:10,663 INFO o.a.j.JMeter: Creating summariser <summary>
2019-04-26 10:13:10,666 INFO o.a.j.e.DistributedRunner: Configuring remote engine: 28.0.0.24
2019-04-26 10:13:10,668 INFO o.a.j.r.RmiUtils: Disabling SSL for RMI as server.rmi.ssl.disable is set to 'true'
2019-04-26 10:13:10,753 INFO o.a.j.e.DistributedRunner: Configuring remote engine: 28.0.0.25
2019-04-26 10:13:10,753 INFO o.a.j.r.RmiUtils: Disabling SSL for RMI as server.rmi.ssl.disable is set to 'true'
2019-04-26 10:13:10,766 INFO o.a.j.e.DistributedRunner: Starting remote engines
2019-04-26 10:13:10,768 INFO o.a.j.e.DistributedRunner: Starting the test @ Fri Apr 26 10:13:10 UTC 2019 (1556273590766)
2019-04-26 10:13:10,768 INFO o.a.j.e.ClientJMeterEngine: running clientengine run method
2019-04-26 10:13:10,771 INFO o.a.j.e.u.CompoundVariable: Note: Function class names must contain the string: '.functions.'
2019-04-26 10:13:10,771 INFO o.a.j.e.u.CompoundVariable: Note: Function class names must not contain the string: '.gui.'
2019-04-26 10:13:11,210 INFO o.a.j.r.RmiUtils: Disabling SSL for RMI as server.rmi.ssl.disable is set to 'true'
2019-04-26 10:13:11,210 INFO o.a.j.r.RmiUtils: Disabling SSL for RMI as server.rmi.ssl.disable is set to 'true'
2019-04-26 10:13:11,212 INFO o.a.j.s.SampleEvent: List of sample_variables: []
2019-04-26 10:13:11,218 INFO o.a.j.s.BatchSampleSender: Using batching (client settings) for this run. Thresholds: num=100, time=60000
2019-04-26 10:13:11,218 INFO o.a.j.s.DataStrippingSampleSender: Using DataStrippingSampleSender for this run
2019-04-26 10:13:11,218 INFO o.a.j.r.RmiUtils: Disabling SSL for RMI as server.rmi.ssl.disable is set to 'true'
2019-04-26 10:13:11,219 INFO o.a.j.r.RmiUtils: Disabling SSL for RMI as server.rmi.ssl.disable is set to 'true'
2019-04-26 10:13:11,219 INFO o.a.j.s.BatchSampleSender: Using batching (client settings) for this run. Thresholds: num=100, time=60000
2019-04-26 10:13:11,219 INFO o.a.j.s.DataStrippingSampleSender: Using DataStrippingSampleSender for this run
2019-04-26 10:13:11,220 INFO o.a.j.r.RmiUtils: Disabling SSL for RMI as server.rmi.ssl.disable is set to 'true'
2019-04-26 10:13:11,220 INFO o.a.j.r.RmiUtils: Disabling SSL for RMI as server.rmi.ssl.disable is set to 'true'
2019-04-26 10:13:11,580 INFO o.a.j.r.RmiUtils: Disabling SSL for RMI as server.rmi.ssl.disable is set to 'true'
2019-04-26 10:13:11,582 INFO o.a.j.r.RmiUtils: Disabling SSL for RMI as server.rmi.ssl.disable is set to 'true'
2019-04-26 10:13:11,685 INFO o.a.j.e.ClientJMeterEngine: sent test to 28.0.0.25 basedir='.'
2019-04-26 10:13:11,685 INFO o.a.j.e.ClientJMeterEngine: Sending properties {}
2019-04-26 10:13:11,689 INFO o.a.j.e.ClientJMeterEngine: sent run command to 28.0.0.25
2019-04-26 10:13:11,690 INFO o.a.j.e.ClientJMeterEngine: running clientengine run method
2019-04-26 10:13:11,690 INFO o.a.j.r.RmiUtils: Disabling SSL for RMI as server.rmi.ssl.disable is set to 'true'
2019-04-26 10:13:11,690 INFO o.a.j.r.RmiUtils: Disabling SSL for RMI as server.rmi.ssl.disable is set to 'true'
2019-04-26 10:13:11,690 INFO o.a.j.s.BatchSampleSender: Using batching (client settings) for this run. Thresholds: num=100, time=60000
2019-04-26 10:13:11,691 INFO o.a.j.s.DataStrippingSampleSender: Using DataStrippingSampleSender for this run
2019-04-26 10:13:11,691 INFO o.a.j.r.RmiUtils: Disabling SSL for RMI as server.rmi.ssl.disable is set to 'true'
2019-04-26 10:13:11,691 INFO o.a.j.r.RmiUtils: Disabling SSL for RMI as server.rmi.ssl.disable is set to 'true'
2019-04-26 10:13:11,691 INFO o.a.j.s.BatchSampleSender: Using batching (client settings) for this run. Thresholds: num=100, time=60000
2019-04-26 10:13:11,691 INFO o.a.j.s.DataStrippingSampleSender: Using DataStrippingSampleSender for this run
2019-04-26 10:13:11,691 INFO o.a.j.r.RmiUtils: Disabling SSL for RMI as server.rmi.ssl.disable is set to 'true'
2019-04-26 10:13:11,691 INFO o.a.j.r.RmiUtils: Disabling SSL for RMI as server.rmi.ssl.disable is set to 'true'
2019-04-26 10:13:11,705 INFO o.a.j.r.RmiUtils: Disabling SSL for RMI as server.rmi.ssl.disable is set to 'true'
2019-04-26 10:13:11,705 INFO o.a.j.r.RmiUtils: Disabling SSL for RMI as server.rmi.ssl.disable is set to 'true'
2019-04-26 10:13:11,705 INFO o.a.j.JMeter: Started remote host:  28.0.0.25 (1556273591705)
2019-04-26 10:13:11,733 INFO o.a.j.e.ClientJMeterEngine: sent test to 28.0.0.24 basedir='.'
2019-04-26 10:13:11,733 INFO o.a.j.e.ClientJMeterEngine: Sending properties {}
2019-04-26 10:13:11,735 INFO o.a.j.e.ClientJMeterEngine: sent run command to 28.0.0.24
2019-04-26 10:13:11,735 INFO o.a.j.e.DistributedRunner: Remote engines have been started
2019-04-26 10:13:11,741 INFO o.a.j.JMeter: Started remote host:  28.0.0.24 (1556273591741)
2019-04-26 10:13:12,175 INFO o.a.j.s.SampleResult: Note: Sample TimeStamps are START times
2019-04-26 10:13:12,175 INFO o.a.j.s.SampleResult: sampleresult.default.encoding is set to ISO-8859-1
2019-04-26 10:13:12,175 INFO o.a.j.s.SampleResult: sampleresult.useNanoTime=true
2019-04-26 10:13:12,176 INFO o.a.j.s.SampleResult: sampleresult.nanoThreadSleep=5000
2019-04-26 10:13:14,234 INFO o.a.j.JMeter: Finished remote host: 28.0.0.25 (1556273594234)
2019-04-26 10:13:14,246 INFO o.a.j.r.Summariser: summary =    500 in 00:00:03 =  196.4/s Avg:  1140 Min:    68 Max:  2314 Err:     0 (0.00%)
2019-04-26 10:13:14,247 INFO o.a.j.JMeter: Finished remote host: 28.0.0.24 (1556273594247)
2019-04-26 10:13:19,250 INFO o.a.j.JMeter: Interrupting RMI Reaper
