Creating summariser <summary>
Created the tree successfully using /home/vinaya/current_scenario/user-read-with-same-access-token.jmx
Configuring remote engine: 28.0.0.24
Configuring remote engine: 28.0.0.25
Configuring remote engine: 28.0.0.27
Configuring remote engine: 28.0.0.29
Starting remote engines
Starting the test @ Tue May 07 14:57:24 UTC 2019 (1557241044558)
Remote engines have been started
Waiting for possible Shutdown/StopTestNow/Heapdump message on port 4445
summary +    805 in 00:00:06 =  140.8/s Avg:   206 Min:    32 Max:   647 Err:     0 (0.00%) Active: 100 Started: 99 Finished: 0
summary +   9200 in 00:00:29 =  317.4/s Avg:   316 Min:    23 Max:  1063 Err:     0 (0.00%) Active: 100 Started: 99 Finished: 0
summary =  10005 in 00:00:35 =  288.3/s Avg:   308 Min:    23 Max:  1063 Err:     0 (0.00%)
summary +  10400 in 00:00:30 =  348.2/s Avg:   288 Min:    22 Max:  1295 Err:     0 (0.00%) Active: 100 Started: 99 Finished: 0
summary =  20405 in 00:01:05 =  316.0/s Avg:   297 Min:    22 Max:  1295 Err:     0 (0.00%)
summary +  10400 in 00:00:30 =  346.0/s Avg:   288 Min:    21 Max:  1515 Err:     0 (0.00%) Active: 100 Started: 99 Finished: 0
summary =  30805 in 00:01:35 =  325.5/s Avg:   294 Min:    21 Max:  1515 Err:     0 (0.00%)
summary +  10100 in 00:00:30 =  333.9/s Avg:   298 Min:    21 Max:  1640 Err:     0 (0.00%) Active: 100 Started: 99 Finished: 0
summary =  40905 in 00:02:05 =  327.6/s Avg:   295 Min:    21 Max:  1640 Err:     0 (0.00%)
summary +   9400 in 00:00:30 =  311.6/s Avg:   320 Min:    21 Max:  1506 Err:     0 (0.00%) Active: 100 Started: 99 Finished: 0
summary =  50305 in 00:02:35 =  324.5/s Avg:   300 Min:    21 Max:  1640 Err:     0 (0.00%)
summary +   9700 in 00:00:30 =  320.6/s Avg:   307 Min:    20 Max:  3646 Err:     0 (0.00%) Active: 100 Started: 99 Finished: 0
summary =  60005 in 00:03:05 =  323.8/s Avg:   301 Min:    20 Max:  3646 Err:     0 (0.00%)
summary +  10700 in 00:00:29 =  364.6/s Avg:   283 Min:    22 Max:  3697 Err:     0 (0.00%) Active: 100 Started: 99 Finished: 0
summary =  70705 in 00:03:35 =  329.4/s Avg:   298 Min:    20 Max:  3697 Err:     0 (0.00%)
summary +  10400 in 00:00:30 =  347.4/s Avg:   279 Min:    21 Max:  3553 Err:     0 (0.00%) Active: 100 Started: 99 Finished: 0
summary =  81105 in 00:04:05 =  331.6/s Avg:   296 Min:    20 Max:  3697 Err:     0 (0.00%)
summary +   9900 in 00:00:30 =  328.7/s Avg:   303 Min:    20 Max:  3854 Err:     2 (0.02%) Active: 96 Started: 99 Finished: 4
summary =  91005 in 00:04:35 =  331.3/s Avg:   297 Min:    20 Max:  3854 Err:     2 (0.00%)
summary +   8200 in 00:00:31 =  263.9/s Avg:   270 Min:     5 Max:  3440 Err:     1 (0.01%) Active: 17 Started: 99 Finished: 83
summary =  99205 in 00:05:06 =  324.4/s Avg:   294 Min:     5 Max:  3854 Err:     3 (0.00%)
summary +    795 in 00:00:04 =  183.0/s Avg:   114 Min:    20 Max:  3115 Err:     0 (0.00%) Active: 0 Started: 99 Finished: 100
summary = 100000 in 00:05:10 =  322.5/s Avg:   293 Min:     5 Max:  3854 Err:     3 (0.00%)
Tidying up remote @ Tue May 07 15:02:35 UTC 2019 (1557241355558)
... end of run
