2019-05-07 11:02:03,004 INFO o.a.j.u.JMeterUtils: Setting Locale to en_US
2019-05-07 11:02:03,018 INFO o.a.j.JMeter: Loading user properties from: /mnt/data/benchmark/apache-jmeter-4.0/bin/user.properties
2019-05-07 11:02:03,019 INFO o.a.j.JMeter: Loading system properties from: /mnt/data/benchmark/apache-jmeter-4.0/bin/system.properties
2019-05-07 11:02:03,025 INFO o.a.j.JMeter: Copyright (c) 1998-2018 The Apache Software Foundation
2019-05-07 11:02:03,025 INFO o.a.j.JMeter: Version 4.0 r1823414
2019-05-07 11:02:03,025 INFO o.a.j.JMeter: java.version=1.8.0_191
2019-05-07 11:02:03,025 INFO o.a.j.JMeter: java.vm.name=OpenJDK 64-Bit Server VM
2019-05-07 11:02:03,026 INFO o.a.j.JMeter: os.name=Linux
2019-05-07 11:02:03,026 INFO o.a.j.JMeter: os.arch=amd64
2019-05-07 11:02:03,026 INFO o.a.j.JMeter: os.version=4.15.0-1041-azure
2019-05-07 11:02:03,026 INFO o.a.j.JMeter: file.encoding=UTF-8
2019-05-07 11:02:03,026 INFO o.a.j.JMeter: Max memory     =1860698112
2019-05-07 11:02:03,026 INFO o.a.j.JMeter: Available Processors =2
2019-05-07 11:02:03,031 INFO o.a.j.JMeter: Default Locale=English (United States)
2019-05-07 11:02:03,031 INFO o.a.j.JMeter: JMeter  Locale=English (United States)
2019-05-07 11:02:03,031 INFO o.a.j.JMeter: JMeterHome=/mnt/data/benchmark/apache-jmeter-4.0
2019-05-07 11:02:03,032 INFO o.a.j.JMeter: user.dir  =/home/vinaya/sunbird-perf-tests/sunbird-platform
2019-05-07 11:02:03,032 INFO o.a.j.JMeter: PWD       =/home/vinaya/sunbird-perf-tests/sunbird-platform
2019-05-07 11:02:03,035 INFO o.a.j.JMeter: IP: 28.0.0.23 Name: jmeter-lms-1 FullName: 28.0.0.23
2019-05-07 11:02:03,040 INFO o.a.j.s.FileServer: Default base='/home/vinaya/sunbird-perf-tests/sunbird-platform'
2019-05-07 11:02:03,050 INFO o.a.j.s.FileServer: Set new base='/home/vinaya/current_scenario'
2019-05-07 11:02:03,196 INFO o.a.j.s.SaveService: Testplan (JMX) version: 2.2. Testlog (JTL) version: 2.2
2019-05-07 11:02:03,215 INFO o.a.j.s.SaveService: Using SaveService properties file encoding UTF-8
2019-05-07 11:02:03,220 INFO o.a.j.s.SaveService: Using SaveService properties version 4.0
2019-05-07 11:02:03,228 INFO o.a.j.s.SaveService: Loading file: /home/vinaya/current_scenario/system-settings.jmx
2019-05-07 11:02:03,307 INFO o.a.j.p.h.s.HTTPSamplerBase: Parser for text/html is org.apache.jmeter.protocol.http.parser.LagartoBasedHtmlParser
2019-05-07 11:02:03,307 INFO o.a.j.p.h.s.HTTPSamplerBase: Parser for application/xhtml+xml is org.apache.jmeter.protocol.http.parser.LagartoBasedHtmlParser
2019-05-07 11:02:03,307 INFO o.a.j.p.h.s.HTTPSamplerBase: Parser for application/xml is org.apache.jmeter.protocol.http.parser.LagartoBasedHtmlParser
2019-05-07 11:02:03,307 INFO o.a.j.p.h.s.HTTPSamplerBase: Parser for text/xml is org.apache.jmeter.protocol.http.parser.LagartoBasedHtmlParser
2019-05-07 11:02:03,307 INFO o.a.j.p.h.s.HTTPSamplerBase: Parser for text/vnd.wap.wml is org.apache.jmeter.protocol.http.parser.RegexpHTMLParser
2019-05-07 11:02:03,307 INFO o.a.j.p.h.s.HTTPSamplerBase: Parser for text/css is org.apache.jmeter.protocol.http.parser.CssParser
2019-05-07 11:02:03,337 INFO o.a.j.JMeter: Creating summariser <summary>
2019-05-07 11:02:03,341 INFO o.a.j.e.DistributedRunner: Configuring remote engine: 28.0.0.24
2019-05-07 11:02:03,343 INFO o.a.j.r.RmiUtils: Disabling SSL for RMI as server.rmi.ssl.disable is set to 'true'
2019-05-07 11:02:03,432 INFO o.a.j.e.DistributedRunner: Configuring remote engine: 28.0.0.25
2019-05-07 11:02:03,433 INFO o.a.j.r.RmiUtils: Disabling SSL for RMI as server.rmi.ssl.disable is set to 'true'
2019-05-07 11:02:03,444 INFO o.a.j.e.DistributedRunner: Configuring remote engine: 28.0.0.27
2019-05-07 11:02:03,444 INFO o.a.j.r.RmiUtils: Disabling SSL for RMI as server.rmi.ssl.disable is set to 'true'
2019-05-07 11:02:03,454 INFO o.a.j.e.DistributedRunner: Configuring remote engine: 28.0.0.29
2019-05-07 11:02:03,454 INFO o.a.j.r.RmiUtils: Disabling SSL for RMI as server.rmi.ssl.disable is set to 'true'
2019-05-07 11:02:03,462 INFO o.a.j.e.DistributedRunner: Starting remote engines
2019-05-07 11:02:03,464 INFO o.a.j.e.DistributedRunner: Starting the test @ Tue May 07 11:02:03 UTC 2019 (1557226923463)
2019-05-07 11:02:03,464 INFO o.a.j.e.ClientJMeterEngine: running clientengine run method
2019-05-07 11:02:03,468 INFO o.a.j.e.u.CompoundVariable: Note: Function class names must contain the string: '.functions.'
2019-05-07 11:02:03,468 INFO o.a.j.e.u.CompoundVariable: Note: Function class names must not contain the string: '.gui.'
2019-05-07 11:02:03,872 INFO o.a.j.r.RmiUtils: Disabling SSL for RMI as server.rmi.ssl.disable is set to 'true'
2019-05-07 11:02:03,873 INFO o.a.j.r.RmiUtils: Disabling SSL for RMI as server.rmi.ssl.disable is set to 'true'
2019-05-07 11:02:03,876 INFO o.a.j.s.SampleEvent: List of sample_variables: []
2019-05-07 11:02:03,886 INFO o.a.j.s.BatchSampleSender: Using batching (client settings) for this run. Thresholds: num=100, time=60000
2019-05-07 11:02:03,886 INFO o.a.j.s.DataStrippingSampleSender: Using DataStrippingSampleSender for this run
2019-05-07 11:02:03,886 INFO o.a.j.r.RmiUtils: Disabling SSL for RMI as server.rmi.ssl.disable is set to 'true'
2019-05-07 11:02:03,886 INFO o.a.j.r.RmiUtils: Disabling SSL for RMI as server.rmi.ssl.disable is set to 'true'
2019-05-07 11:02:03,887 INFO o.a.j.s.BatchSampleSender: Using batching (client settings) for this run. Thresholds: num=100, time=60000
2019-05-07 11:02:03,889 INFO o.a.j.s.DataStrippingSampleSender: Using DataStrippingSampleSender for this run
2019-05-07 11:02:03,889 INFO o.a.j.r.RmiUtils: Disabling SSL for RMI as server.rmi.ssl.disable is set to 'true'
2019-05-07 11:02:03,889 INFO o.a.j.r.RmiUtils: Disabling SSL for RMI as server.rmi.ssl.disable is set to 'true'
2019-05-07 11:02:04,226 INFO o.a.j.r.RmiUtils: Disabling SSL for RMI as server.rmi.ssl.disable is set to 'true'
2019-05-07 11:02:04,226 INFO o.a.j.r.RmiUtils: Disabling SSL for RMI as server.rmi.ssl.disable is set to 'true'
2019-05-07 11:02:04,297 INFO o.a.j.e.ClientJMeterEngine: sent test to 28.0.0.25 basedir='.'
2019-05-07 11:02:04,298 INFO o.a.j.e.ClientJMeterEngine: Sending properties {}
2019-05-07 11:02:04,306 INFO o.a.j.e.ClientJMeterEngine: sent run command to 28.0.0.25
2019-05-07 11:02:04,306 INFO o.a.j.e.ClientJMeterEngine: running clientengine run method
2019-05-07 11:02:04,307 INFO o.a.j.r.RmiUtils: Disabling SSL for RMI as server.rmi.ssl.disable is set to 'true'
2019-05-07 11:02:04,307 INFO o.a.j.r.RmiUtils: Disabling SSL for RMI as server.rmi.ssl.disable is set to 'true'
2019-05-07 11:02:04,307 INFO o.a.j.s.BatchSampleSender: Using batching (client settings) for this run. Thresholds: num=100, time=60000
2019-05-07 11:02:04,307 INFO o.a.j.s.DataStrippingSampleSender: Using DataStrippingSampleSender for this run
2019-05-07 11:02:04,307 INFO o.a.j.r.RmiUtils: Disabling SSL for RMI as server.rmi.ssl.disable is set to 'true'
2019-05-07 11:02:04,307 INFO o.a.j.r.RmiUtils: Disabling SSL for RMI as server.rmi.ssl.disable is set to 'true'
2019-05-07 11:02:04,308 INFO o.a.j.s.BatchSampleSender: Using batching (client settings) for this run. Thresholds: num=100, time=60000
2019-05-07 11:02:04,308 INFO o.a.j.s.DataStrippingSampleSender: Using DataStrippingSampleSender for this run
2019-05-07 11:02:04,308 INFO o.a.j.r.RmiUtils: Disabling SSL for RMI as server.rmi.ssl.disable is set to 'true'
2019-05-07 11:02:04,308 INFO o.a.j.r.RmiUtils: Disabling SSL for RMI as server.rmi.ssl.disable is set to 'true'
2019-05-07 11:02:04,313 INFO o.a.j.JMeter: Started remote host:  28.0.0.25 (1557226924313)
2019-05-07 11:02:04,321 INFO o.a.j.r.RmiUtils: Disabling SSL for RMI as server.rmi.ssl.disable is set to 'true'
2019-05-07 11:02:04,321 INFO o.a.j.r.RmiUtils: Disabling SSL for RMI as server.rmi.ssl.disable is set to 'true'
2019-05-07 11:02:04,354 INFO o.a.j.e.ClientJMeterEngine: sent test to 28.0.0.24 basedir='.'
2019-05-07 11:02:04,354 INFO o.a.j.e.ClientJMeterEngine: Sending properties {}
2019-05-07 11:02:04,358 INFO o.a.j.e.ClientJMeterEngine: sent run command to 28.0.0.24
2019-05-07 11:02:04,358 INFO o.a.j.e.ClientJMeterEngine: running clientengine run method
2019-05-07 11:02:04,359 INFO o.a.j.r.RmiUtils: Disabling SSL for RMI as server.rmi.ssl.disable is set to 'true'
2019-05-07 11:02:04,359 INFO o.a.j.r.RmiUtils: Disabling SSL for RMI as server.rmi.ssl.disable is set to 'true'
2019-05-07 11:02:04,359 INFO o.a.j.s.BatchSampleSender: Using batching (client settings) for this run. Thresholds: num=100, time=60000
2019-05-07 11:02:04,359 INFO o.a.j.s.DataStrippingSampleSender: Using DataStrippingSampleSender for this run
2019-05-07 11:02:04,359 INFO o.a.j.r.RmiUtils: Disabling SSL for RMI as server.rmi.ssl.disable is set to 'true'
2019-05-07 11:02:04,359 INFO o.a.j.r.RmiUtils: Disabling SSL for RMI as server.rmi.ssl.disable is set to 'true'
2019-05-07 11:02:04,360 INFO o.a.j.s.BatchSampleSender: Using batching (client settings) for this run. Thresholds: num=100, time=60000
2019-05-07 11:02:04,360 INFO o.a.j.s.DataStrippingSampleSender: Using DataStrippingSampleSender for this run
2019-05-07 11:02:04,362 INFO o.a.j.r.RmiUtils: Disabling SSL for RMI as server.rmi.ssl.disable is set to 'true'
2019-05-07 11:02:04,362 INFO o.a.j.r.RmiUtils: Disabling SSL for RMI as server.rmi.ssl.disable is set to 'true'
2019-05-07 11:02:04,377 INFO o.a.j.JMeter: Started remote host:  28.0.0.24 (1557226924377)
2019-05-07 11:02:04,381 INFO o.a.j.r.RmiUtils: Disabling SSL for RMI as server.rmi.ssl.disable is set to 'true'
2019-05-07 11:02:04,381 INFO o.a.j.r.RmiUtils: Disabling SSL for RMI as server.rmi.ssl.disable is set to 'true'
2019-05-07 11:02:04,401 INFO o.a.j.e.ClientJMeterEngine: sent test to 28.0.0.27 basedir='.'
2019-05-07 11:02:04,401 INFO o.a.j.e.ClientJMeterEngine: Sending properties {}
2019-05-07 11:02:04,404 INFO o.a.j.e.ClientJMeterEngine: sent run command to 28.0.0.27
2019-05-07 11:02:04,404 INFO o.a.j.e.ClientJMeterEngine: running clientengine run method
2019-05-07 11:02:04,404 INFO o.a.j.r.RmiUtils: Disabling SSL for RMI as server.rmi.ssl.disable is set to 'true'
2019-05-07 11:02:04,404 INFO o.a.j.r.RmiUtils: Disabling SSL for RMI as server.rmi.ssl.disable is set to 'true'
2019-05-07 11:02:04,404 INFO o.a.j.s.BatchSampleSender: Using batching (client settings) for this run. Thresholds: num=100, time=60000
2019-05-07 11:02:04,404 INFO o.a.j.s.DataStrippingSampleSender: Using DataStrippingSampleSender for this run
2019-05-07 11:02:04,404 INFO o.a.j.r.RmiUtils: Disabling SSL for RMI as server.rmi.ssl.disable is set to 'true'
2019-05-07 11:02:04,405 INFO o.a.j.r.RmiUtils: Disabling SSL for RMI as server.rmi.ssl.disable is set to 'true'
2019-05-07 11:02:04,405 INFO o.a.j.s.BatchSampleSender: Using batching (client settings) for this run. Thresholds: num=100, time=60000
2019-05-07 11:02:04,405 INFO o.a.j.s.DataStrippingSampleSender: Using DataStrippingSampleSender for this run
2019-05-07 11:02:04,405 INFO o.a.j.r.RmiUtils: Disabling SSL for RMI as server.rmi.ssl.disable is set to 'true'
2019-05-07 11:02:04,405 INFO o.a.j.r.RmiUtils: Disabling SSL for RMI as server.rmi.ssl.disable is set to 'true'
2019-05-07 11:02:04,408 INFO o.a.j.JMeter: Started remote host:  28.0.0.27 (1557226924408)
2019-05-07 11:02:04,419 INFO o.a.j.r.RmiUtils: Disabling SSL for RMI as server.rmi.ssl.disable is set to 'true'
2019-05-07 11:02:04,419 INFO o.a.j.r.RmiUtils: Disabling SSL for RMI as server.rmi.ssl.disable is set to 'true'
2019-05-07 11:02:04,439 INFO o.a.j.e.ClientJMeterEngine: sent test to 28.0.0.29 basedir='.'
2019-05-07 11:02:04,439 INFO o.a.j.e.ClientJMeterEngine: Sending properties {}
2019-05-07 11:02:04,443 INFO o.a.j.e.ClientJMeterEngine: sent run command to 28.0.0.29
2019-05-07 11:02:04,443 INFO o.a.j.e.DistributedRunner: Remote engines have been started
2019-05-07 11:02:04,449 INFO o.a.j.JMeter: Started remote host:  28.0.0.29 (1557226924448)
2019-05-07 11:02:04,491 INFO o.a.j.s.SampleResult: Note: Sample TimeStamps are START times
2019-05-07 11:02:04,492 INFO o.a.j.s.SampleResult: sampleresult.default.encoding is set to ISO-8859-1
2019-05-07 11:02:04,492 INFO o.a.j.s.SampleResult: sampleresult.useNanoTime=true
2019-05-07 11:02:04,492 INFO o.a.j.s.SampleResult: sampleresult.nanoThreadSleep=5000
2019-05-07 11:02:04,513 INFO o.a.j.r.Summariser: summary +      1 in 00:00:00 =    5.0/s Avg:    17 Min:    17 Max:    17 Err:     0 (0.00%) Active: 2 Started: 2 Finished: 0
2019-05-07 11:02:30,213 INFO o.a.j.r.Summariser: summary +   9204 in 00:00:26 =  358.1/s Avg:   242 Min:    10 Max:   890 Err:     0 (0.00%) Active: 100 Started: 100 Finished: 0
2019-05-07 11:02:30,213 INFO o.a.j.r.Summariser: summary =   9205 in 00:00:26 =  355.4/s Avg:   242 Min:    10 Max:   890 Err:     0 (0.00%)
2019-05-07 11:03:00,363 INFO o.a.j.r.Summariser: summary +  11200 in 00:00:30 =  371.5/s Avg:   267 Min:    11 Max:   941 Err:     0 (0.00%) Active: 100 Started: 100 Finished: 0
2019-05-07 11:03:00,366 INFO o.a.j.r.Summariser: summary =  20405 in 00:00:56 =  364.0/s Avg:   256 Min:    10 Max:   941 Err:     0 (0.00%)
2019-05-07 11:03:30,150 INFO o.a.j.r.Summariser: summary +  11300 in 00:00:30 =  379.3/s Avg:   267 Min:    10 Max:   865 Err:     0 (0.00%) Active: 100 Started: 100 Finished: 0
2019-05-07 11:03:30,150 INFO o.a.j.r.Summariser: summary =  31705 in 00:01:26 =  369.4/s Avg:   260 Min:    10 Max:   941 Err:     0 (0.00%)
2019-05-07 11:04:00,108 INFO o.a.j.r.Summariser: summary +  11100 in 00:00:30 =  370.5/s Avg:   268 Min:     9 Max:   906 Err:     0 (0.00%) Active: 100 Started: 100 Finished: 0
2019-05-07 11:04:00,109 INFO o.a.j.r.Summariser: summary =  42805 in 00:01:56 =  369.7/s Avg:   262 Min:     9 Max:   941 Err:     0 (0.00%)
2019-05-07 11:04:30,014 INFO o.a.j.r.Summariser: summary +  11100 in 00:00:30 =  371.2/s Avg:   265 Min:    10 Max:   931 Err:     0 (0.00%) Active: 100 Started: 100 Finished: 0
2019-05-07 11:04:30,014 INFO o.a.j.r.Summariser: summary =  53905 in 00:02:26 =  370.0/s Avg:   263 Min:     9 Max:   941 Err:     0 (0.00%)
2019-05-07 11:05:00,399 INFO o.a.j.r.Summariser: summary +  11500 in 00:00:30 =  378.5/s Avg:   262 Min:    11 Max:  1057 Err:     0 (0.00%) Active: 100 Started: 100 Finished: 0
2019-05-07 11:05:00,400 INFO o.a.j.r.Summariser: summary =  65405 in 00:02:56 =  371.4/s Avg:   262 Min:     9 Max:  1057 Err:     0 (0.00%)
2019-05-07 11:05:30,118 INFO o.a.j.r.Summariser: summary +  11400 in 00:00:30 =  383.6/s Avg:   264 Min:    10 Max:  1057 Err:     0 (0.00%) Active: 100 Started: 100 Finished: 0
2019-05-07 11:05:30,119 INFO o.a.j.r.Summariser: summary =  76805 in 00:03:26 =  373.2/s Avg:   263 Min:     9 Max:  1057 Err:     0 (0.00%)
2019-05-07 11:06:00,065 INFO o.a.j.r.Summariser: summary +   9800 in 00:00:30 =  327.2/s Avg:   300 Min:    11 Max:  1457 Err:     0 (0.00%) Active: 99 Started: 100 Finished: 1
2019-05-07 11:06:00,066 INFO o.a.j.r.Summariser: summary =  86605 in 00:03:56 =  367.4/s Avg:   267 Min:     9 Max:  1457 Err:     0 (0.00%)
2019-05-07 11:06:30,020 INFO o.a.j.r.Summariser: summary +  11200 in 00:00:30 =  373.9/s Avg:   250 Min:    11 Max:  1016 Err:     0 (0.00%) Active: 56 Started: 100 Finished: 44
2019-05-07 11:06:30,021 INFO o.a.j.r.Summariser: summary =  97805 in 00:04:26 =  368.1/s Avg:   265 Min:     9 Max:  1457 Err:     0 (0.00%)
2019-05-07 11:06:34,753 INFO o.a.j.JMeter: Finished remote host: 28.0.0.25 (1557227194752)
2019-05-07 11:06:35,276 INFO o.a.j.JMeter: Finished remote host: 28.0.0.27 (1557227195276)
2019-05-07 11:06:35,660 INFO o.a.j.JMeter: Finished remote host: 28.0.0.24 (1557227195660)
2019-05-07 11:06:35,793 INFO o.a.j.r.Summariser: summary +   2195 in 00:00:06 =  380.3/s Avg:   112 Min:    10 Max:   637 Err:     0 (0.00%) Active: 0 Started: 100 Finished: 100
2019-05-07 11:06:35,793 INFO o.a.j.r.Summariser: summary = 100000 in 00:04:31 =  368.3/s Avg:   262 Min:     9 Max:  1457 Err:     0 (0.00%)
2019-05-07 11:06:35,793 INFO o.a.j.JMeter: Finished remote host: 28.0.0.29 (1557227195793)
2019-05-07 11:06:40,795 INFO o.a.j.JMeter: Interrupting RMI Reaper
