2019-04-25 14:09:59,623 INFO o.a.j.u.JMeterUtils: Setting Locale to en_US
2019-04-25 14:09:59,638 INFO o.a.j.JMeter: Loading user properties from: /mnt/data/benchmark/apache-jmeter-4.0/bin/user.properties
2019-04-25 14:09:59,638 INFO o.a.j.JMeter: Loading system properties from: /mnt/data/benchmark/apache-jmeter-4.0/bin/system.properties
2019-04-25 14:09:59,644 INFO o.a.j.JMeter: Copyright (c) 1998-2018 The Apache Software Foundation
2019-04-25 14:09:59,644 INFO o.a.j.JMeter: Version 4.0 r1823414
2019-04-25 14:09:59,645 INFO o.a.j.JMeter: java.version=1.8.0_03-Ubuntu
2019-04-25 14:09:59,645 INFO o.a.j.JMeter: java.vm.name=OpenJDK 64-Bit Server VM
2019-04-25 14:09:59,645 INFO o.a.j.JMeter: os.name=Linux
2019-04-25 14:09:59,645 INFO o.a.j.JMeter: os.arch=amd64
2019-04-25 14:09:59,645 INFO o.a.j.JMeter: os.version=4.15.0-1041-azure
2019-04-25 14:09:59,645 INFO o.a.j.JMeter: file.encoding=UTF-8
2019-04-25 14:09:59,645 INFO o.a.j.JMeter: Max memory     =1860698112
2019-04-25 14:09:59,645 INFO o.a.j.JMeter: Available Processors =2
2019-04-25 14:09:59,651 INFO o.a.j.JMeter: Default Locale=English (United States)
2019-04-25 14:09:59,651 INFO o.a.j.JMeter: JMeter  Locale=English (United States)
2019-04-25 14:09:59,651 INFO o.a.j.JMeter: JMeterHome=/mnt/data/benchmark/apache-jmeter-4.0
2019-04-25 14:09:59,651 INFO o.a.j.JMeter: user.dir  =/home/vinaya/sunbird-perf-tests/sunbird-platform
2019-04-25 14:09:59,652 INFO o.a.j.JMeter: PWD       =/home/vinaya/sunbird-perf-tests/sunbird-platform
2019-04-25 14:09:59,655 INFO o.a.j.JMeter: IP: 28.0.0.23 Name: jmeter-lms-1 FullName: 28.0.0.23
2019-04-25 14:09:59,658 INFO o.a.j.s.FileServer: Default base='/home/vinaya/sunbird-perf-tests/sunbird-platform'
2019-04-25 14:09:59,664 INFO o.a.j.s.FileServer: Set new base='/home/vinaya/current_scenario'
2019-04-25 14:09:59,828 INFO o.a.j.s.SaveService: Testplan (JMX) version: 2.2. Testlog (JTL) version: 2.2
2019-04-25 14:09:59,851 INFO o.a.j.s.SaveService: Using SaveService properties file encoding UTF-8
2019-04-25 14:09:59,856 INFO o.a.j.s.SaveService: Using SaveService properties version 4.0
2019-04-25 14:09:59,864 INFO o.a.j.s.SaveService: Loading file: /home/vinaya/current_scenario/page-assemble.jmx
2019-04-25 14:09:59,934 INFO o.a.j.p.h.s.HTTPSamplerBase: Parser for text/html is org.apache.jmeter.protocol.http.parser.LagartoBasedHtmlParser
2019-04-25 14:09:59,934 INFO o.a.j.p.h.s.HTTPSamplerBase: Parser for application/xhtml+xml is org.apache.jmeter.protocol.http.parser.LagartoBasedHtmlParser
2019-04-25 14:09:59,934 INFO o.a.j.p.h.s.HTTPSamplerBase: Parser for application/xml is org.apache.jmeter.protocol.http.parser.LagartoBasedHtmlParser
2019-04-25 14:09:59,935 INFO o.a.j.p.h.s.HTTPSamplerBase: Parser for text/xml is org.apache.jmeter.protocol.http.parser.LagartoBasedHtmlParser
2019-04-25 14:09:59,935 INFO o.a.j.p.h.s.HTTPSamplerBase: Parser for text/vnd.wap.wml is org.apache.jmeter.protocol.http.parser.RegexpHTMLParser
2019-04-25 14:09:59,935 INFO o.a.j.p.h.s.HTTPSamplerBase: Parser for text/css is org.apache.jmeter.protocol.http.parser.CssParser
2019-04-25 14:09:59,973 INFO o.a.j.JMeter: Creating summariser <summary>
2019-04-25 14:09:59,976 INFO o.a.j.e.DistributedRunner: Configuring remote engine: 28.0.0.24
2019-04-25 14:09:59,977 INFO o.a.j.r.RmiUtils: Disabling SSL for RMI as server.rmi.ssl.disable is set to 'true'
2019-04-25 14:10:00,075 INFO o.a.j.e.DistributedRunner: Configuring remote engine: 28.0.0.25
2019-04-25 14:10:00,075 INFO o.a.j.r.RmiUtils: Disabling SSL for RMI as server.rmi.ssl.disable is set to 'true'
2019-04-25 14:10:00,088 INFO o.a.j.e.DistributedRunner: Starting remote engines
2019-04-25 14:10:00,089 INFO o.a.j.e.DistributedRunner: Starting the test @ Thu Apr 25 14:10:00 UTC 2019 (1556201400088)
2019-04-25 14:10:00,089 INFO o.a.j.e.ClientJMeterEngine: running clientengine run method
2019-04-25 14:10:00,092 INFO o.a.j.e.u.CompoundVariable: Note: Function class names must contain the string: '.functions.'
2019-04-25 14:10:00,092 INFO o.a.j.e.u.CompoundVariable: Note: Function class names must not contain the string: '.gui.'
2019-04-25 14:10:00,491 INFO o.a.j.r.RmiUtils: Disabling SSL for RMI as server.rmi.ssl.disable is set to 'true'
2019-04-25 14:10:00,491 INFO o.a.j.r.RmiUtils: Disabling SSL for RMI as server.rmi.ssl.disable is set to 'true'
2019-04-25 14:10:00,494 INFO o.a.j.s.SampleEvent: List of sample_variables: []
2019-04-25 14:10:00,502 INFO o.a.j.s.BatchSampleSender: Using batching (client settings) for this run. Thresholds: num=100, time=60000
2019-04-25 14:10:00,502 INFO o.a.j.s.DataStrippingSampleSender: Using DataStrippingSampleSender for this run
2019-04-25 14:10:00,502 INFO o.a.j.r.RmiUtils: Disabling SSL for RMI as server.rmi.ssl.disable is set to 'true'
2019-04-25 14:10:00,502 INFO o.a.j.r.RmiUtils: Disabling SSL for RMI as server.rmi.ssl.disable is set to 'true'
2019-04-25 14:10:00,503 INFO o.a.j.s.BatchSampleSender: Using batching (client settings) for this run. Thresholds: num=100, time=60000
2019-04-25 14:10:00,503 INFO o.a.j.s.DataStrippingSampleSender: Using DataStrippingSampleSender for this run
2019-04-25 14:10:00,504 INFO o.a.j.r.RmiUtils: Disabling SSL for RMI as server.rmi.ssl.disable is set to 'true'
2019-04-25 14:10:00,504 INFO o.a.j.r.RmiUtils: Disabling SSL for RMI as server.rmi.ssl.disable is set to 'true'
2019-04-25 14:10:00,869 INFO o.a.j.r.RmiUtils: Disabling SSL for RMI as server.rmi.ssl.disable is set to 'true'
2019-04-25 14:10:00,869 INFO o.a.j.r.RmiUtils: Disabling SSL for RMI as server.rmi.ssl.disable is set to 'true'
2019-04-25 14:10:00,946 INFO o.a.j.e.ClientJMeterEngine: sent test to 28.0.0.25 basedir='.'
2019-04-25 14:10:00,947 INFO o.a.j.e.ClientJMeterEngine: Sending properties {}
2019-04-25 14:10:00,950 INFO o.a.j.e.ClientJMeterEngine: sent run command to 28.0.0.25
2019-04-25 14:10:00,950 INFO o.a.j.e.ClientJMeterEngine: running clientengine run method
2019-04-25 14:10:00,950 INFO o.a.j.r.RmiUtils: Disabling SSL for RMI as server.rmi.ssl.disable is set to 'true'
2019-04-25 14:10:00,950 INFO o.a.j.r.RmiUtils: Disabling SSL for RMI as server.rmi.ssl.disable is set to 'true'
2019-04-25 14:10:00,951 INFO o.a.j.s.BatchSampleSender: Using batching (client settings) for this run. Thresholds: num=100, time=60000
2019-04-25 14:10:00,951 INFO o.a.j.s.DataStrippingSampleSender: Using DataStrippingSampleSender for this run
2019-04-25 14:10:00,951 INFO o.a.j.r.RmiUtils: Disabling SSL for RMI as server.rmi.ssl.disable is set to 'true'
2019-04-25 14:10:00,951 INFO o.a.j.r.RmiUtils: Disabling SSL for RMI as server.rmi.ssl.disable is set to 'true'
2019-04-25 14:10:00,951 INFO o.a.j.s.BatchSampleSender: Using batching (client settings) for this run. Thresholds: num=100, time=60000
2019-04-25 14:10:00,951 INFO o.a.j.s.DataStrippingSampleSender: Using DataStrippingSampleSender for this run
2019-04-25 14:10:00,951 INFO o.a.j.r.RmiUtils: Disabling SSL for RMI as server.rmi.ssl.disable is set to 'true'
2019-04-25 14:10:00,952 INFO o.a.j.r.RmiUtils: Disabling SSL for RMI as server.rmi.ssl.disable is set to 'true'
2019-04-25 14:10:00,960 INFO o.a.j.JMeter: Started remote host:  28.0.0.25 (1556201400960)
2019-04-25 14:10:00,970 INFO o.a.j.r.RmiUtils: Disabling SSL for RMI as server.rmi.ssl.disable is set to 'true'
2019-04-25 14:10:00,970 INFO o.a.j.r.RmiUtils: Disabling SSL for RMI as server.rmi.ssl.disable is set to 'true'
2019-04-25 14:10:01,000 INFO o.a.j.e.ClientJMeterEngine: sent test to 28.0.0.24 basedir='.'
2019-04-25 14:10:01,000 INFO o.a.j.e.ClientJMeterEngine: Sending properties {}
2019-04-25 14:10:01,002 INFO o.a.j.e.ClientJMeterEngine: sent run command to 28.0.0.24
2019-04-25 14:10:01,002 INFO o.a.j.e.DistributedRunner: Remote engines have been started
2019-04-25 14:10:01,009 INFO o.a.j.JMeter: Started remote host:  28.0.0.24 (1556201401008)
2019-04-25 14:10:02,392 INFO o.a.j.s.SampleResult: Note: Sample TimeStamps are START times
2019-04-25 14:10:02,392 INFO o.a.j.s.SampleResult: sampleresult.default.encoding is set to ISO-8859-1
2019-04-25 14:10:02,392 INFO o.a.j.s.SampleResult: sampleresult.useNanoTime=true
2019-04-25 14:10:02,392 INFO o.a.j.s.SampleResult: sampleresult.nanoThreadSleep=5000
2019-04-25 14:10:02,406 INFO o.a.j.r.Summariser: summary +      1 in 00:00:01 =    0.7/s Avg:  1351 Min:  1351 Max:  1351 Err:     0 (0.00%) Active: 30 Started: 30 Finished: 0
2019-04-25 14:10:02,894 INFO o.a.j.JMeter: Finished remote host: 28.0.0.25 (1556201402894)
2019-04-25 14:10:02,959 INFO o.a.j.r.Summariser: summary +     29 in 00:00:01 =   52.4/s Avg:  1669 Min:  1462 Max:  1803 Err:     0 (0.00%) Active: 0 Started: 30 Finished: 30
2019-04-25 14:10:02,959 INFO o.a.j.r.Summariser: summary =     30 in 00:00:02 =   15.0/s Avg:  1659 Min:  1351 Max:  1803 Err:     0 (0.00%)
2019-04-25 14:10:02,960 INFO o.a.j.JMeter: Finished remote host: 28.0.0.24 (1556201402960)
2019-04-25 14:10:07,962 INFO o.a.j.JMeter: Interrupting RMI Reaper
